state	min	max	median	shifts	jumps	jumpvar	SE	root	lnL	lnLp	qlnL.p	qlnL.h
10000	0.000	0.000	0.000	0	0	0.000	0.026	-0.030	104.03	-1107.73	-0.00	0.00
20000	0.000	0.000	0.000	0	0	0.000	0.011	-0.024	105.53	-1107.73	0.00	0.00
30000	0.000	0.000	0.000	0	0	0.000	0.000	-0.088	108.71	-1107.73	0.00	0.00
40000	0.000	0.000	0.000	0	0	0.000	0.004	0.025	109.78	-1107.73	-0.00	0.00
50000	0.000	0.000	0.000	0	0	0.000	0.005	-0.025	109.32	-1107.73	-0.00	0.00
60000	0.000	0.000	0.000	0	0	0.000	0.001	0.049	109.56	-1107.73	0.00	0.00
70000	0.000	0.000	0.000	0	0	0.000	0.002	0.062	108.45	-1107.73	-0.00	0.00
80000	0.000	0.000	0.000	0	0	0.000	0.001	-0.036	110.28	-1107.73	-0.00	0.00
90000	0.000	0.000	0.000	0	0	0.000	0.018	0.084	104.08	-1107.73	0.00	0.00
100000	0.000	0.000	0.000	0	0	0.000	0.019	0.018	107.11	-1107.73	0.00	0.00
110000	0.000	0.000	0.000	0	0	0.000	0.006	-0.036	109.47	-1107.73	0.00	0.36
120000	0.000	0.000	0.000	0	0	0.000	0.008	0.036	107.33	-1107.73	0.00	0.00
130000	0.000	0.000	0.000	0	0	0.000	0.002	0.066	106.57	-1107.73	-0.00	0.00
140000	0.000	0.000	0.000	0	0	0.000	0.004	-0.040	109.47	-1107.73	0.00	0.00
150000	0.000	0.000	0.000	0	0	0.000	0.003	-0.027	110.11	-1107.73	0.00	0.00
160000	0.000	0.000	0.000	0	0	0.000	0.007	0.023	108.48	-1107.73	0.00	0.00
170000	0.000	0.000	0.000	0	0	0.000	0.007	-0.033	109.43	-1107.73	-0.00	0.00
180000	0.000	0.000	0.000	0	0	0.000	0.001	-0.064	108.65	-1107.73	0.00	0.23
190000	0.000	0.000	0.000	0	0	0.000	0.004	-0.032	107.96	-1107.73	0.00	0.00
200000	0.000	0.000	0.000	0	0	0.000	0.003	-0.091	108.13	-1107.73	-0.00	0.00
210000	0.000	0.000	0.000	0	0	0.000	0.003	0.005	109.52	-1107.73	0.00	-0.07
220000	0.000	0.000	0.000	0	0	0.000	0.002	-0.100	108.03	-1107.73	0.00	0.00
230000	0.000	0.000	0.000	0	0	0.000	0.005	0.007	109.28	-1107.73	-0.00	0.14
240000	0.000	0.000	0.000	0	0	0.000	0.025	0.050	105.51	-1107.73	-0.00	0.00
250000	0.000	0.000	0.000	0	0	0.000	0.002	-0.095	106.11	-1107.73	0.00	0.00
260000	0.000	0.000	0.000	0	0	0.000	0.019	0.001	107.31	-1107.73	0.00	0.00
270000	0.000	0.000	0.000	0	0	0.000	0.001	-0.018	110.05	-1107.73	0.00	0.00
280000	0.000	0.000	0.000	0	0	0.000	0.001	-0.059	109.66	-1107.73	0.00	0.00
290000	0.000	0.000	0.000	0	0	0.000	0.024	0.035	106.11	-1107.73	0.00	0.00
300000	0.000	0.000	0.000	0	0	0.000	0.009	0.030	108.33	-1107.73	-0.00	0.00
310000	0.000	0.000	0.000	0	0	0.000	0.002	-0.007	110.10	-1107.73	0.00	0.00
320000	0.000	0.000	0.000	0	0	0.000	0.000	-0.028	110.42	-1107.73	0.00	-0.32
330000	0.000	0.000	0.000	0	0	0.000	0.004	0.007	109.19	-1107.73	0.00	0.00
340000	0.000	0.000	0.000	0	0	0.000	0.001	-0.047	108.78	-1107.73	-0.00	0.00
350000	0.000	0.000	0.000	0	0	0.000	0.019	-0.015	107.70	-1107.73	-0.00	0.00
360000	0.000	0.000	0.000	0	0	0.000	0.000	-0.054	109.92	-1107.73	0.00	0.00
370000	0.000	0.000	0.000	0	0	0.000	0.013	0.000	108.56	-1107.73	-0.00	0.00
380000	0.000	0.000	0.000	0	0	0.000	0.023	0.049	106.14	-1107.73	0.00	0.00
390000	0.000	0.000	0.000	0	0	0.000	0.006	-0.030	108.87	-1107.73	-0.00	0.00
400000	0.000	0.000	0.000	0	0	0.000	0.024	-0.009	104.96	-1107.73	-0.00	0.00
410000	0.000	0.000	0.000	0	0	0.000	0.004	-0.002	109.57	-1107.73	-0.00	0.00
420000	0.000	0.000	0.000	0	0	0.000	0.011	-0.032	108.79	-1107.73	0.00	0.00
430000	0.000	0.000	0.000	0	0	0.000	0.000	0.005	110.24	-1107.73	-0.00	0.00
440000	0.000	0.000	0.000	0	0	0.000	0.009	0.015	108.89	-1107.73	-0.00	0.00
450000	0.000	0.000	0.000	0	0	0.000	0.012	0.048	107.47	-1107.73	-0.00	0.00
460000	0.000	0.000	0.000	0	0	0.000	0.012	-0.012	108.85	-1107.73	-0.00	0.00
470000	0.000	0.000	0.000	0	0	0.000	0.012	-0.010	108.71	-1107.73	0.00	0.00
480000	0.000	0.000	0.000	0	0	0.000	0.003	0.016	110.02	-1107.73	0.00	0.00
490000	0.000	0.000	0.000	0	0	0.000	0.006	0.016	109.60	-1107.73	0.00	0.00
500000	0.000	0.000	0.000	0	0	0.000	0.015	-0.055	107.66	-1107.73	-0.00	0.02
510000	0.000	0.000	0.000	0	0	0.000	0.007	-0.008	109.22	-1107.73	-0.00	0.00
520000	0.000	0.000	0.000	0	0	0.000	0.001	0.035	109.93	-1107.73	-0.00	0.00
530000	0.000	0.000	0.000	0	0	0.000	0.021	-0.078	104.21	-1107.73	0.00	0.00
540000	0.000	0.000	0.000	0	0	0.000	0.003	-0.142	104.44	-1107.73	0.00	0.00
550000	0.000	0.000	0.000	0	0	0.000	0.007	-0.032	108.21	-1107.73	0.00	0.00
560000	0.000	0.000	0.000	0	0	0.000	0.010	0.068	107.52	-1107.73	0.00	0.46
570000	0.000	0.000	0.000	0	0	0.000	0.018	-0.059	105.90	-1107.73	0.00	0.00
580000	0.000	0.000	0.000	0	0	0.000	0.005	-0.019	109.72	-1107.73	-0.00	0.00
590000	0.000	0.000	0.000	0	0	0.000	0.008	-0.016	107.96	-1107.73	-0.00	0.00
600000	0.000	0.000	0.000	0	0	0.000	0.007	-0.065	108.07	-1107.73	0.00	0.00
610000	0.000	0.000	0.000	0	0	0.000	0.005	-0.010	107.97	-1107.73	-0.00	0.00
620000	0.000	0.000	0.000	0	0	0.000	0.004	0.013	109.37	-1107.73	-0.00	0.00
630000	0.000	0.000	0.000	0	0	0.000	0.002	-0.016	110.37	-1107.73	-0.00	0.00
640000	0.000	0.000	0.000	0	0	0.000	0.007	0.032	109.06	-1107.73	-0.00	0.00
650000	0.000	0.000	0.000	0	0	0.000	0.001	0.007	110.09	-1107.73	0.00	0.00
660000	0.000	0.000	0.000	0	0	0.000	0.008	-0.042	108.52	-1107.73	0.00	0.00
670000	0.000	0.000	0.000	0	0	0.000	0.006	-0.067	108.60	-1107.73	0.00	0.39
680000	0.000	0.000	0.000	0	0	0.000	0.015	0.036	107.40	-1107.73	-0.00	0.00
690000	0.000	0.000	0.000	0	0	0.000	0.001	-0.073	107.84	-1107.73	-0.00	0.00
700000	0.000	0.000	0.000	0	0	0.000	0.003	-0.064	109.18	-1107.73	-0.00	0.00
710000	0.000	0.000	0.000	0	0	0.000	0.000	0.029	109.97	-1107.73	0.00	-0.40
720000	0.000	0.000	0.000	0	0	0.000	0.002	0.030	109.79	-1107.73	-0.00	0.00
730000	0.000	0.000	0.000	0	0	0.000	0.002	-0.046	105.98	-1107.73	-0.00	0.00
740000	0.000	0.000	0.000	0	0	0.000	0.003	-0.012	110.10	-1107.73	0.00	0.00
750000	0.000	0.000	0.000	0	0	0.000	0.003	-0.030	108.91	-1107.73	-0.00	0.00
760000	0.000	0.000	0.000	0	0	0.000	0.004	-0.131	105.77	-1107.73	-0.00	0.00
770000	0.000	0.000	0.000	0	0	0.000	0.008	-0.024	108.77	-1107.73	-0.00	0.00
780000	0.000	0.000	0.000	0	0	0.000	0.008	0.093	106.17	-1107.73	-0.00	0.00
790000	0.000	0.000	0.000	0	0	0.000	0.001	0.007	110.45	-1107.73	0.00	0.00
800000	0.000	0.000	0.000	0	0	0.000	0.009	0.013	105.14	-1107.73	-0.00	0.00
810000	0.000	0.000	0.000	0	0	0.000	0.002	0.010	109.98	-1107.73	-0.00	0.00
820000	0.000	0.000	0.000	0	0	0.000	0.004	0.021	109.78	-1107.73	0.00	0.00
830000	0.000	0.000	0.000	0	0	0.000	0.006	0.060	108.42	-1107.73	-0.00	0.00
840000	0.000	0.000	0.000	0	0	0.000	0.008	-0.073	108.18	-1107.73	-0.00	0.00
850000	0.000	0.000	0.000	0	0	0.000	0.004	-0.026	109.57	-1107.73	-0.00	0.00
860000	0.000	0.000	0.000	0	0	0.000	0.025	-0.032	106.55	-1107.73	-0.00	0.00
870000	0.000	0.000	0.000	0	0	0.000	0.023	0.004	105.91	-1107.73	0.00	0.00
880000	0.000	0.000	0.000	0	0	0.000	0.001	-0.080	108.86	-1107.73	-0.00	0.00
890000	0.000	0.000	0.000	0	0	0.000	0.001	-0.069	106.30	-1107.73	-0.00	0.00
900000	0.000	0.000	0.000	0	0	0.000	0.003	-0.027	110.04	-1107.73	-0.00	0.00
910000	0.000	0.000	0.000	0	0	0.000	0.002	-0.068	108.52	-1107.73	-0.00	0.00
920000	0.000	0.000	0.000	0	0	0.000	0.001	-0.036	109.63	-1107.73	0.00	0.30
930000	0.000	0.000	0.000	0	0	0.000	0.011	0.048	107.06	-1107.73	-0.00	0.00
940000	0.000	0.000	0.000	0	0	0.000	0.001	-0.073	109.03	-1107.73	0.00	0.00
950000	0.000	0.000	0.000	0	0	0.000	0.011	0.076	106.56	-1107.73	0.00	0.00
960000	0.000	0.000	0.000	0	0	0.000	0.001	-0.008	110.45	-1107.73	0.00	0.00
970000	0.000	0.000	0.000	0	0	0.000	0.006	-0.017	109.62	-1107.73	-0.00	0.00
980000	0.000	0.000	0.000	0	0	0.000	0.006	-0.051	108.41	-1107.73	0.00	0.01
990000	0.000	0.000	0.000	0	0	0.000	0.000	-0.036	109.47	-1107.73	0.00	0.00
1000000	0.000	0.000	0.000	0	0	0.000	0.001	0.010	109.73	-1107.73	-0.00	0.00
1010000	0.000	0.000	0.000	0	0	0.000	0.001	-0.023	110.24	-1107.73	-0.00	0.00
1020000	0.000	0.000	0.000	0	0	0.000	0.010	0.001	108.99	-1107.73	0.00	0.00
1030000	0.000	0.000	0.000	0	0	0.000	0.004	0.077	108.16	-1107.73	0.00	0.00
1040000	0.000	0.000	0.000	0	0	0.000	0.001	-0.018	110.47	-1107.73	-0.00	0.00
1050000	0.000	0.000	0.000	0	0	0.000	0.001	-0.088	108.69	-1107.73	0.00	0.00
1060000	0.000	0.000	0.000	0	0	0.000	0.001	0.026	110.17	-1107.73	-0.00	0.00
1070000	0.000	0.000	0.000	0	0	0.000	0.003	-0.036	109.69	-1107.73	0.00	-0.11
1080000	0.000	0.000	0.000	0	0	0.000	0.009	-0.033	109.07	-1107.73	0.00	0.00
1090000	0.000	0.000	0.000	0	0	0.000	0.006	-0.002	108.61	-1107.73	0.00	0.00
1100000	0.000	0.000	0.000	0	0	0.000	0.008	-0.001	108.41	-1107.73	-0.00	0.00
1110000	0.000	0.000	0.000	0	0	0.000	0.000	0.018	110.09	-1107.73	0.00	0.00
1120000	0.000	0.000	0.000	0	0	0.000	0.012	0.021	107.03	-1107.73	0.00	0.00
1130000	0.000	0.000	0.000	0	0	0.000	0.007	-0.005	109.36	-1107.73	0.00	0.00
1140000	0.000	0.000	0.000	0	0	0.000	0.007	0.110	103.64	-1107.73	-0.00	0.00
1150000	0.000	0.000	0.000	0	0	0.000	0.001	0.014	110.30	-1107.73	0.00	-0.50
1160000	0.000	0.000	0.000	0	0	0.000	0.009	-0.084	107.33	-1107.73	0.00	0.00
1170000	0.000	0.000	0.000	0	0	0.000	0.008	-0.007	109.01	-1107.73	0.00	0.00
1180000	0.000	0.000	0.000	0	0	0.000	0.000	-0.016	109.64	-1107.73	0.00	0.00
1190000	0.000	0.000	0.000	0	0	0.000	0.015	0.023	108.00	-1107.73	-0.00	0.00
1200000	0.000	0.000	0.000	0	0	0.000	0.005	-0.032	109.65	-1107.73	0.00	0.00
1210000	0.000	0.000	0.000	0	0	0.000	0.012	-0.017	108.71	-1107.73	-0.00	0.00
1220000	0.000	0.000	0.000	0	0	0.000	0.008	0.011	108.67	-1107.73	0.00	0.00
1230000	0.000	0.000	0.000	0	0	0.000	0.010	0.003	107.76	-1107.73	0.00	0.00
1240000	0.000	0.000	0.000	0	0	0.000	0.003	0.085	107.38	-1107.73	-0.00	0.00
1250000	0.000	0.000	0.000	0	0	0.000	0.002	-0.003	108.96	-1107.73	-0.00	0.00
1260000	0.000	0.000	0.000	0	0	0.000	0.001	-0.003	110.10	-1107.73	0.00	0.00
1270000	0.000	0.000	0.000	0	0	0.000	0.014	-0.031	108.33	-1107.73	-0.00	0.00
1280000	0.000	0.000	0.000	0	0	0.000	0.001	0.048	109.50	-1107.73	0.00	0.00
1290000	0.000	0.000	0.000	0	0	0.000	0.004	0.022	109.45	-1107.73	0.00	0.00
1300000	0.000	0.000	0.000	0	0	0.000	0.001	-0.025	108.65	-1107.73	0.00	0.00
1310000	0.000	0.000	0.000	0	0	0.000	0.004	-0.059	109.17	-1107.73	-0.00	0.00
1320000	0.000	0.000	0.000	0	0	0.000	0.007	-0.032	109.29	-1107.73	0.00	0.26
1330000	0.000	0.000	0.000	0	0	0.000	0.003	-0.030	110.08	-1107.73	-0.00	0.00
1340000	0.000	0.000	0.000	0	0	0.000	0.011	0.027	108.07	-1107.73	-0.00	0.00
1350000	0.000	0.000	0.000	0	0	0.000	0.000	0.009	110.41	-1107.73	0.00	0.00
1360000	0.000	0.000	0.000	0	0	0.000	0.005	0.026	104.99	-1107.73	-0.00	0.00
1370000	0.000	0.000	0.000	0	0	0.000	0.004	0.019	109.31	-1107.73	-0.00	0.00
1380000	0.000	0.000	0.000	0	0	0.000	0.002	0.032	109.80	-1107.73	0.00	0.00
1390000	0.000	0.000	0.000	0	0	0.000	0.001	-0.049	109.00	-1107.73	-0.00	0.00
1400000	0.000	0.000	0.000	0	0	0.000	0.008	-0.039	108.84	-1107.73	-0.00	0.00
1410000	0.000	0.000	0.000	0	0	0.000	0.001	-0.013	110.52	-1107.73	-0.00	0.00
1420000	0.000	0.000	0.000	0	0	0.000	0.009	-0.075	107.74	-1107.73	-0.00	0.00
1430000	0.000	0.000	0.000	0	0	0.000	0.021	0.051	105.72	-1107.73	-0.00	0.00
1440000	0.000	0.000	0.000	0	0	0.000	0.019	-0.003	107.14	-1107.73	0.00	0.00
1450000	0.000	0.000	0.000	0	0	0.000	0.001	-0.026	110.38	-1107.73	0.00	0.00
1460000	0.000	0.000	0.000	0	0	0.000	0.022	-0.046	106.01	-1107.73	0.00	0.31
1470000	0.000	0.000	0.000	0	0	0.000	0.026	-0.001	106.67	-1107.73	0.00	0.00
1480000	0.000	0.000	0.000	0	0	0.000	0.005	-0.017	106.34	-1107.73	-0.00	0.00
1490000	0.000	0.000	0.000	0	0	0.000	0.002	0.045	108.69	-1107.73	0.00	-0.27
1500000	0.000	0.000	0.000	0	0	0.000	0.002	0.017	110.15	-1107.73	0.00	0.00
1510000	0.000	0.000	0.000	0	0	0.000	0.020	0.052	106.28	-1107.73	-0.00	0.00
1520000	0.000	0.000	0.000	0	0	0.000	0.004	0.028	109.48	-1107.73	-0.00	0.00
1530000	0.000	0.000	0.000	0	0	0.000	0.007	0.036	107.93	-1107.73	-0.00	0.00
1540000	0.000	0.000	0.000	0	0	0.000	0.003	-0.016	110.24	-1107.73	-0.00	0.00
1550000	0.000	0.000	0.000	0	0	0.000	0.008	0.067	107.20	-1107.73	-0.00	0.00
1560000	0.000	0.000	0.000	0	0	0.000	0.002	-0.010	108.62	-1107.73	0.00	0.00
1570000	0.000	0.000	0.000	0	0	0.000	0.014	0.019	108.13	-1107.73	0.00	0.00
1580000	0.000	0.000	0.000	0	0	0.000	0.002	-0.010	110.01	-1107.73	-0.00	0.00
1590000	0.000	0.000	0.000	0	0	0.000	0.001	-0.135	104.10	-1107.73	0.00	0.00
1600000	0.000	0.000	0.000	0	0	0.000	0.001	0.012	110.35	-1107.73	-0.00	0.00
1610000	0.000	0.000	0.000	0	0	0.000	0.010	0.065	107.10	-1107.73	0.00	0.00
1620000	0.000	0.000	0.000	0	0	0.000	0.002	0.011	108.88	-1107.73	-0.00	0.00
1630000	0.000	0.000	0.000	0	0	0.000	0.011	-0.002	108.56	-1107.73	0.00	0.00
1640000	0.000	0.000	0.000	0	0	0.000	0.002	0.025	109.30	-1107.73	-0.00	0.00
1650000	0.000	0.000	0.000	0	0	0.000	0.005	-0.107	106.62	-1107.73	0.00	0.00
1660000	0.000	0.000	0.000	0	0	0.000	0.039	0.038	103.09	-1107.73	-0.00	0.00
1670000	0.000	0.000	0.000	0	0	0.000	0.006	-0.099	107.29	-1107.73	0.00	0.00
1680000	0.000	0.000	0.000	0	0	0.000	0.000	0.011	110.28	-1107.73	0.00	0.00
1690000	0.000	0.000	0.000	0	0	0.000	0.007	0.024	108.65	-1107.73	0.00	0.00
1700000	0.000	0.000	0.000	0	0	0.000	0.001	-0.055	107.55	-1107.73	-0.00	0.00
1710000	0.000	0.000	0.000	0	0	0.000	0.001	-0.023	110.32	-1107.73	-0.00	0.00
1720000	0.000	0.000	0.000	0	0	0.000	0.003	-0.041	109.29	-1107.73	-0.00	0.00
1730000	0.000	0.000	0.000	0	0	0.000	0.016	-0.008	108.21	-1107.73	-0.00	0.00
1740000	0.000	0.000	0.000	0	0	0.000	0.004	0.092	107.37	-1107.73	-0.00	0.00
1750000	0.000	0.000	0.000	0	0	0.000	0.020	0.010	104.81	-1107.73	-0.00	0.00
1760000	0.000	0.000	0.000	0	0	0.000	0.009	-0.086	107.14	-1107.73	0.00	0.00
1770000	0.000	0.000	0.000	0	0	0.000	0.000	-0.072	109.27	-1107.73	-0.00	0.06
1780000	0.000	0.000	0.000	0	0	0.000	0.009	-0.044	107.09	-1107.73	0.00	0.00
1790000	0.000	0.000	0.000	0	0	0.000	0.016	0.007	107.81	-1107.73	-0.00	0.00
1800000	0.000	0.000	0.000	0	0	0.000	0.006	-0.003	109.69	-1107.73	-0.00	0.00
1810000	0.000	0.000	0.000	0	0	0.000	0.001	-0.019	110.16	-1107.73	-0.00	0.00
1820000	0.000	0.000	0.000	0	0	0.000	0.016	-0.039	107.94	-1107.73	0.00	0.00
1830000	0.000	0.000	0.000	0	0	0.000	0.003	-0.040	109.39	-1107.73	-0.00	0.00
1840000	0.000	0.000	0.000	0	0	0.000	0.010	-0.052	108.21	-1107.73	0.00	-0.07
1850000	0.000	0.000	0.000	0	0	0.000	0.016	-0.078	106.67	-1107.73	-0.00	0.00
1860000	0.000	0.000	0.000	0	0	0.000	0.004	-0.021	109.52	-1107.73	0.00	0.00
1870000	0.000	0.000	0.000	0	0	0.000	0.011	0.094	103.94	-1107.73	0.00	0.12
1880000	0.000	0.000	0.000	0	0	0.000	0.004	0.003	108.97	-1107.73	0.00	0.00
1890000	0.000	0.000	0.000	0	0	0.000	0.015	-0.098	105.40	-1107.73	0.00	0.00
1900000	0.000	0.000	0.000	0	0	0.000	0.010	0.013	108.70	-1107.73	-0.00	0.00
1910000	0.000	0.000	0.000	0	0	0.000	0.010	0.022	107.98	-1107.73	-0.00	0.00
1920000	0.000	0.000	0.000	0	0	0.000	0.022	-0.004	106.58	-1107.73	-0.00	0.00
1930000	0.000	0.000	0.000	0	0	0.000	0.000	0.030	110.13	-1107.73	-0.00	0.00
1940000	0.000	0.000	0.000	0	0	0.000	0.004	0.024	109.30	-1107.73	0.00	0.00
1950000	0.000	0.000	0.000	0	0	0.000	0.002	-0.010	110.40	-1107.73	0.00	-0.12
1960000	0.000	0.000	0.000	0	0	0.000	0.017	0.022	107.67	-1107.73	0.00	0.00
1970000	0.000	0.000	0.000	0	0	0.000	0.002	-0.068	109.15	-1107.73	0.00	0.00
1980000	0.000	0.000	0.000	0	0	0.000	0.003	-0.058	109.54	-1107.73	-0.00	0.00
1990000	0.000	0.000	0.000	0	0	0.000	0.003	0.065	108.34	-1107.73	0.00	0.00
2000000	0.000	0.000	0.000	0	0	0.000	0.001	-0.046	108.14	-1107.73	-0.00	0.00
2010000	0.000	0.000	0.000	0	0	0.000	0.012	0.031	108.13	-1107.73	0.00	0.00
2020000	0.000	0.000	0.000	0	0	0.000	0.006	-0.029	108.95	-1107.73	-0.00	0.00
2030000	0.000	0.000	0.000	0	0	0.000	0.013	0.020	107.63	-1107.73	-0.00	0.00
2040000	0.000	0.000	0.000	0	0	0.000	0.001	0.033	108.46	-1107.73	-0.00	0.00
2050000	0.000	0.000	0.000	0	0	0.000	0.002	0.011	109.27	-1107.73	0.00	0.00
2060000	0.000	0.000	0.000	0	0	0.000	0.006	0.089	107.07	-1107.73	0.00	0.00
2070000	0.000	0.000	0.000	0	0	0.000	0.006	0.059	108.27	-1107.73	-0.00	0.00
2080000	0.000	0.000	0.000	0	0	0.000	0.002	-0.023	109.49	-1107.73	0.00	0.00
2090000	0.000	0.000	0.000	0	0	0.000	0.003	-0.021	109.89	-1107.73	-0.00	0.00
2100000	0.000	0.000	0.000	0	0	0.000	0.001	-0.027	110.20	-1107.73	0.00	0.00
2110000	0.000	0.000	0.000	0	0	0.000	0.004	-0.054	109.37	-1107.73	0.00	0.00
2120000	0.000	0.000	0.000	0	0	0.000	0.008	-0.009	109.37	-1107.73	0.00	0.00
2130000	0.000	0.000	0.000	0	0	0.000	0.033	-0.021	105.01	-1107.73	0.00	0.00
2140000	0.000	0.000	0.000	0	0	0.000	0.017	-0.028	107.24	-1107.73	0.00	0.00
2150000	0.000	0.000	0.000	0	0	0.000	0.007	-0.043	109.07	-1107.73	0.00	0.00
2160000	0.000	0.000	0.000	0	0	0.000	0.001	0.063	108.03	-1107.73	-0.00	0.00
2170000	0.000	0.000	0.000	0	0	0.000	0.008	-0.093	107.36	-1107.73	-0.00	0.00
2180000	0.000	0.000	0.000	0	0	0.000	0.006	0.029	109.25	-1107.73	0.00	-0.36
2190000	0.000	0.000	0.000	0	0	0.000	0.004	-0.029	109.91	-1107.73	-0.00	0.00
2200000	0.000	0.000	0.000	0	0	0.000	0.010	0.023	108.72	-1107.73	-0.00	0.00
2210000	0.000	0.000	0.000	0	0	0.000	0.014	-0.067	107.43	-1107.73	0.00	0.00
2220000	0.000	0.000	0.000	0	0	0.000	0.016	-0.044	105.74	-1107.73	-0.00	0.00
2230000	0.000	0.000	0.000	0	0	0.000	0.005	-0.031	109.64	-1107.73	-0.00	0.00
2240000	0.000	0.000	0.000	0	0	0.000	0.016	-0.053	107.62	-1107.73	0.00	0.00
2250000	0.000	0.000	0.000	0	0	0.000	0.011	-0.062	107.58	-1107.73	0.00	0.00
2260000	0.000	0.000	0.000	0	0	0.000	0.006	0.058	108.31	-1107.73	0.00	0.00
2270000	0.000	0.000	0.000	0	0	0.000	0.005	0.030	109.17	-1107.73	-0.00	0.00
2280000	0.000	0.000	0.000	0	0	0.000	0.001	0.063	109.14	-1107.73	0.00	0.00
2290000	0.000	0.000	0.000	0	0	0.000	0.004	0.048	107.30	-1107.73	0.00	0.00
2300000	0.000	0.000	0.000	0	0	0.000	0.004	-0.018	109.10	-1107.73	0.00	0.00
2310000	0.000	0.000	0.000	0	0	0.000	0.005	-0.087	108.13	-1107.73	-0.00	0.00
2320000	0.000	0.000	0.000	0	0	0.000	0.011	-0.015	108.90	-1107.73	0.00	0.00
2330000	0.000	0.000	0.000	0	0	0.000	0.013	0.039	107.89	-1107.73	0.00	0.00
2340000	0.000	0.000	0.000	0	0	0.000	0.003	0.006	109.76	-1107.73	0.00	0.00
2350000	0.000	0.000	0.000	0	0	0.000	0.005	0.048	108.96	-1107.73	-0.00	0.00
2360000	0.000	0.000	0.000	0	0	0.000	0.008	0.011	109.08	-1107.73	-0.00	0.00
2370000	0.000	0.000	0.000	0	0	0.000	0.006	-0.034	107.08	-1107.73	0.00	0.00
2380000	0.000	0.000	0.000	0	0	0.000	0.005	-0.069	108.11	-1107.73	0.00	0.00
2390000	0.000	0.000	0.000	0	0	0.000	0.005	-0.075	108.61	-1107.73	0.00	0.00
2400000	0.000	0.000	0.000	0	0	0.000	0.006	-0.011	108.97	-1107.73	0.00	0.00
2410000	0.000	0.000	0.000	0	0	0.000	0.016	-0.008	107.45	-1107.73	0.00	-0.21
2420000	0.000	0.000	0.000	0	0	0.000	0.000	0.006	107.50	-1107.73	0.00	0.00
2430000	0.000	0.000	0.000	0	0	0.000	0.005	0.016	107.62	-1107.73	-0.00	0.00
2440000	0.000	0.000	0.000	0	0	0.000	0.008	-0.004	109.26	-1107.73	-0.00	0.00
2450000	0.000	0.000	0.000	0	0	0.000	0.002	0.030	109.42	-1107.73	-0.00	0.00
2460000	0.000	0.000	0.000	0	0	0.000	0.012	0.005	108.13	-1107.73	-0.00	0.00
2470000	0.000	0.000	0.000	0	0	0.000	0.001	-0.021	110.27	-1107.73	0.00	0.00
2480000	0.000	0.000	0.000	0	0	0.000	0.002	0.008	109.31	-1107.73	-0.00	0.00
2490000	0.000	0.000	0.000	0	0	0.000	0.005	0.037	109.08	-1107.73	-0.00	0.00
2500000	0.000	0.000	0.000	0	0	0.000	0.008	-0.023	109.07	-1107.73	0.00	0.00
2510000	0.000	0.000	0.000	0	0	0.000	0.010	0.023	108.88	-1107.73	0.00	-0.46
2520000	0.000	0.000	0.000	0	0	0.000	0.001	-0.047	110.02	-1107.73	-0.00	0.00
2530000	0.000	0.000	0.000	0	0	0.000	0.005	0.055	108.70	-1107.73	0.00	0.00
2540000	0.000	0.000	0.000	0	0	0.000	0.005	-0.061	108.67	-1107.73	-0.00	0.00
2550000	0.000	0.000	0.000	0	0	0.000	0.003	-0.043	109.68	-1107.73	-0.00	0.00
2560000	0.000	0.000	0.000	0	0	0.000	0.020	-0.048	106.71	-1107.73	0.00	0.00
2570000	0.000	0.000	0.000	0	0	0.000	0.008	-0.004	108.88	-1107.73	-0.00	0.00
2580000	0.000	0.000	0.000	0	0	0.000	0.000	0.067	107.14	-1107.73	-0.00	0.00
2590000	0.000	0.000	0.000	0	0	0.000	0.001	-0.041	110.20	-1107.73	0.00	-0.08
2600000	0.000	0.000	0.000	0	0	0.000	0.010	0.012	108.98	-1107.73	0.00	-0.26
2610000	0.000	0.000	0.000	0	0	0.000	0.010	-0.068	107.89	-1107.73	-0.00	0.00
2620000	0.000	0.000	0.000	0	0	0.000	0.001	0.000	108.26	-1107.73	0.00	0.00
2630000	0.000	0.000	0.000	0	0	0.000	0.001	-0.043	110.15	-1107.73	0.00	0.00
2640000	0.000	0.000	0.000	0	0	0.000	0.001	-0.056	107.99	-1107.73	-0.00	0.00
2650000	0.000	0.000	0.000	0	0	0.000	0.004	0.019	109.87	-1107.73	0.00	0.00
2660000	0.000	0.000	0.000	0	0	0.000	0.023	0.033	106.45	-1107.73	0.00	0.00
2670000	0.000	0.000	0.000	0	0	0.000	0.002	-0.087	108.54	-1107.73	0.00	0.00
2680000	0.000	0.000	0.000	0	0	0.000	0.017	-0.007	107.88	-1107.73	-0.00	0.00
2690000	0.000	0.000	0.000	0	0	0.000	0.001	-0.029	109.22	-1107.73	-0.00	0.00
2700000	0.000	0.000	0.000	0	0	0.000	0.004	0.035	106.92	-1107.73	-0.00	0.00
2710000	0.000	0.000	0.000	0	0	0.000	0.004	0.006	109.39	-1107.73	0.00	0.00
2720000	0.000	0.000	0.000	0	0	0.000	0.003	0.008	108.89	-1107.73	-0.00	0.00
2730000	0.000	0.000	0.000	0	0	0.000	0.013	0.019	108.41	-1107.73	-0.00	0.00
2740000	0.000	0.000	0.000	0	0	0.000	0.002	-0.067	109.37	-1107.73	-0.00	0.00
2750000	0.000	0.000	0.000	0	0	0.000	0.010	0.001	109.09	-1107.73	-0.00	0.00
2760000	0.000	0.000	0.000	0	0	0.000	0.009	0.009	108.90	-1107.73	0.00	0.00
2770000	0.000	0.000	0.000	0	0	0.000	0.006	-0.174	102.50	-1107.73	-0.00	0.00
2780000	0.000	0.000	0.000	0	0	0.000	0.006	-0.019	109.01	-1107.73	-0.00	0.02
2790000	0.000	0.000	0.000	0	0	0.000	0.003	0.013	109.74	-1107.73	-0.00	0.00
2800000	0.000	0.000	0.000	0	0	0.000	0.001	-0.006	110.46	-1107.73	0.00	0.00
2810000	0.000	0.000	0.000	0	0	0.000	0.005	0.033	109.38	-1107.73	-0.00	0.00
2820000	0.000	0.000	0.000	0	0	0.000	0.014	-0.025	108.43	-1107.73	-0.00	0.00
2830000	0.000	0.000	0.000	0	0	0.000	0.002	0.029	108.94	-1107.73	-0.00	0.00
2840000	0.000	0.000	0.000	0	0	0.000	0.007	-0.029	109.43	-1107.73	0.00	0.00
2850000	0.000	0.000	0.000	0	0	0.000	0.006	0.002	109.70	-1107.73	0.00	0.00
2860000	0.000	0.000	0.000	0	0	0.000	0.001	0.019	110.32	-1107.73	-0.00	0.00
2870000	0.000	0.000	0.000	0	0	0.000	0.007	0.041	108.93	-1107.73	0.00	0.00
2880000	0.000	0.000	0.000	0	0	0.000	0.018	0.068	106.16	-1107.73	-0.00	0.00
2890000	0.000	0.000	0.000	0	0	0.000	0.006	-0.066	108.58	-1107.73	-0.00	0.00
2900000	0.000	0.000	0.000	0	0	0.000	0.000	-0.015	107.91	-1107.73	0.00	0.00
2910000	0.000	0.000	0.000	0	0	0.000	0.000	-0.044	109.98	-1107.73	0.00	0.00
2920000	0.000	0.000	0.000	0	0	0.000	0.015	0.017	106.63	-1107.73	0.00	0.00
2930000	0.000	0.000	0.000	0	0	0.000	0.005	0.066	107.66	-1107.73	-0.00	0.00
2940000	0.000	0.000	0.000	0	0	0.000	0.020	-0.058	106.62	-1107.73	0.00	0.00
2950000	0.000	0.000	0.000	0	0	0.000	0.001	-0.011	109.86	-1107.73	-0.00	0.00
2960000	0.000	0.000	0.000	0	0	0.000	0.002	-0.043	108.29	-1107.73	0.00	-0.26
2970000	0.000	0.000	0.000	0	0	0.000	0.010	-0.063	107.66	-1107.73	0.00	0.00
2980000	0.000	0.000	0.000	0	0	0.000	0.004	0.004	109.49	-1107.73	-0.00	0.00
2990000	0.000	0.000	0.000	0	0	0.000	0.015	0.018	108.08	-1107.73	0.00	0.00
3000000	0.000	0.000	0.000	0	0	0.000	0.003	-0.002	110.15	-1107.73	-0.00	0.00
3010000	0.000	0.000	0.000	0	0	0.000	0.005	0.004	109.01	-1107.73	0.00	0.00
3020000	0.000	0.000	0.000	0	0	0.000	0.004	0.005	109.81	-1107.73	0.00	0.00
3030000	0.000	0.000	0.000	0	0	0.000	0.002	0.054	108.27	-1107.73	-0.00	0.00
3040000	0.000	0.000	0.000	0	0	0.000	0.010	-0.006	108.69	-1107.73	-0.00	0.00
3050000	0.000	0.000	0.000	0	0	0.000	0.005	0.083	107.51	-1107.73	0.00	0.00
3060000	0.000	0.000	0.000	0	0	0.000	0.021	-0.010	106.82	-1107.73	-0.00	0.00
3070000	0.000	0.000	0.000	0	0	0.000	0.001	-0.019	110.38	-1107.73	-0.00	0.00
3080000	0.000	0.000	0.000	0	0	0.000	0.001	0.035	110.01	-1107.73	-0.00	0.00
3090000	0.000	0.000	0.000	0	0	0.000	0.001	0.009	107.65	-1107.73	0.00	0.00
3100000	0.000	0.000	0.000	0	0	0.000	0.011	0.018	108.74	-1107.73	0.00	0.00
3110000	0.000	0.000	0.000	0	0	0.000	0.008	0.069	107.50	-1107.73	0.00	0.00
3120000	0.000	0.000	0.000	0	0	0.000	0.013	-0.035	108.08	-1107.73	0.00	0.00
3130000	0.000	0.000	0.000	0	0	0.000	0.004	-0.054	107.66	-1107.73	0.00	0.00
3140000	0.000	0.000	0.000	0	0	0.000	0.008	-0.036	109.15	-1107.73	-0.00	0.00
3150000	0.000	0.000	0.000	0	0	0.000	0.001	-0.011	110.34	-1107.73	-0.00	0.00
3160000	0.000	0.000	0.000	0	0	0.000	0.003	-0.004	110.15	-1107.73	0.00	0.00
3170000	0.000	0.000	0.000	0	0	0.000	0.000	0.029	109.62	-1107.73	0.00	0.00
3180000	0.000	0.000	0.000	0	0	0.000	0.008	-0.032	109.21	-1107.73	0.00	0.00
3190000	0.000	0.000	0.000	0	0	0.000	0.000	-0.065	109.53	-1107.73	0.00	0.00
3200000	0.000	0.000	0.000	0	0	0.000	0.001	-0.019	109.64	-1107.73	-0.00	0.00
3210000	0.000	0.000	0.000	0	0	0.000	0.004	-0.031	109.77	-1107.73	-0.00	0.00
3220000	0.000	0.000	0.000	0	0	0.000	0.017	0.023	107.79	-1107.73	-0.00	0.00
3230000	0.000	0.000	0.000	0	0	0.000	0.003	-0.087	108.24	-1107.73	-0.00	0.00
3240000	0.000	0.000	0.000	0	0	0.000	0.009	0.009	109.03	-1107.73	-0.00	0.00
3250000	0.000	0.000	0.000	0	0	0.000	0.004	-0.051	109.50	-1107.73	-0.00	0.00
3260000	0.000	0.000	0.000	0	0	0.000	0.020	-0.054	107.02	-1107.73	0.00	0.00
3270000	0.000	0.000	0.000	0	0	0.000	0.006	-0.012	109.57	-1107.73	-0.00	0.00
3280000	0.000	0.000	0.000	0	0	0.000	0.011	0.028	108.31	-1107.73	0.00	-0.20
3290000	0.000	0.000	0.000	0	0	0.000	0.006	-0.013	109.50	-1107.73	0.00	0.00
3300000	0.000	0.000	0.000	0	0	0.000	0.003	-0.022	110.13	-1107.73	0.00	0.00
3310000	0.000	0.000	0.000	0	0	0.000	0.007	-0.021	108.34	-1107.73	0.00	0.00
3320000	0.000	0.000	0.000	0	0	0.000	0.003	0.007	110.10	-1107.73	0.00	-0.00
3330000	0.000	0.000	0.000	0	0	0.000	0.001	-0.028	110.41	-1107.73	0.00	0.00
3340000	0.000	0.000	0.000	0	0	0.000	0.008	0.022	108.90	-1107.73	-0.00	0.00
3350000	0.000	0.000	0.000	0	0	0.000	0.011	-0.028	107.58	-1107.73	0.00	0.00
3360000	0.000	0.000	0.000	0	0	0.000	0.011	-0.072	107.77	-1107.73	-0.00	0.00
3370000	0.000	0.000	0.000	0	0	0.000	0.020	-0.018	107.14	-1107.73	0.00	0.00
3380000	0.000	0.000	0.000	0	0	0.000	0.010	-0.012	109.11	-1107.73	-0.00	0.00
3390000	0.000	0.000	0.000	0	0	0.000	0.006	-0.034	109.41	-1107.73	0.00	0.00
3400000	0.000	0.000	0.000	0	0	0.000	0.007	-0.057	108.85	-1107.73	-0.00	0.40
3410000	0.000	0.000	0.000	0	0	0.000	0.003	-0.004	110.24	-1107.73	-0.00	0.00
3420000	0.000	0.000	0.000	0	0	0.000	0.008	-0.015	108.35	-1107.73	0.00	0.00
3430000	0.000	0.000	0.000	0	0	0.000	0.008	0.045	104.23	-1107.73	-0.00	0.00
3440000	0.000	0.000	0.000	0	0	0.000	0.017	0.025	107.47	-1107.73	0.00	0.00
3450000	0.000	0.000	0.000	0	0	0.000	0.005	0.079	107.70	-1107.73	0.00	0.00
3460000	0.000	0.000	0.000	0	0	0.000	0.002	0.017	109.41	-1107.73	0.00	0.00
3470000	0.000	0.000	0.000	0	0	0.000	0.008	-0.006	109.07	-1107.73	0.00	0.00
3480000	0.000	0.000	0.000	0	0	0.000	0.017	0.046	107.23	-1107.73	0.00	0.00
3490000	0.000	0.000	0.000	0	0	0.000	0.013	0.010	108.21	-1107.73	-0.00	0.00
3500000	0.000	0.000	0.000	0	0	0.000	0.002	0.029	106.43	-1107.73	0.00	0.00
3510000	0.000	0.000	0.000	0	0	0.000	0.012	0.011	108.46	-1107.73	-0.00	0.00
3520000	0.000	0.000	0.000	0	0	0.000	0.003	0.023	109.82	-1107.73	-0.00	0.00
3530000	0.000	0.000	0.000	0	0	0.000	0.002	0.020	110.18	-1107.73	0.00	-0.48
3540000	0.000	0.000	0.000	0	0	0.000	0.002	0.075	108.47	-1107.73	0.00	0.00
3550000	0.000	0.000	0.000	0	0	0.000	0.001	-0.021	110.12	-1107.73	-0.00	0.00
3560000	0.000	0.000	0.000	0	0	0.000	0.004	0.019	109.76	-1107.73	-0.00	0.00
3570000	0.000	0.000	0.000	0	0	0.000	0.006	-0.082	107.92	-1107.73	-0.00	0.00
3580000	0.000	0.000	0.000	0	0	0.000	0.017	-0.016	107.48	-1107.73	-0.00	0.00
3590000	0.000	0.000	0.000	0	0	0.000	0.001	0.025	110.17	-1107.73	-0.00	0.00
3600000	0.000	0.000	0.000	0	0	0.000	0.006	-0.004	109.60	-1107.73	-0.00	0.00
3610000	0.000	0.000	0.000	0	0	0.000	0.004	0.004	109.90	-1107.73	0.00	0.00
3620000	0.000	0.000	0.000	0	0	0.000	0.001	0.012	109.93	-1107.73	0.00	0.41
3630000	0.000	0.000	0.000	0	0	0.000	0.001	-0.053	109.95	-1107.73	0.00	0.00
3640000	0.000	0.000	0.000	0	0	0.000	0.003	-0.005	110.13	-1107.73	0.00	-0.49
3650000	0.000	0.000	0.000	0	0	0.000	0.000	0.009	109.75	-1107.73	0.00	0.00
3660000	0.000	0.000	0.000	0	0	0.000	0.003	-0.016	110.24	-1107.73	0.00	0.00
3670000	0.000	0.000	0.000	0	0	0.000	0.011	-0.081	107.34	-1107.73	0.00	0.00
3680000	0.000	0.000	0.000	0	0	0.000	0.004	-0.019	108.45	-1107.73	0.00	0.00
3690000	0.000	0.000	0.000	0	0	0.000	0.001	-0.003	110.01	-1107.73	-0.00	0.00
3700000	0.000	0.000	0.000	0	0	0.000	0.002	0.020	110.06	-1107.73	-0.00	0.00
3710000	0.000	0.000	0.000	0	0	0.000	0.001	-0.062	107.76	-1107.73	-0.00	0.00
3720000	0.000	0.000	0.000	0	0	0.000	0.003	-0.079	108.71	-1107.73	-0.00	0.00
3730000	0.000	0.000	0.000	0	0	0.000	0.011	0.023	108.51	-1107.73	-0.00	0.00
3740000	0.000	0.000	0.000	0	0	0.000	0.010	-0.064	107.89	-1107.73	0.00	0.00
3750000	0.000	0.000	0.000	0	0	0.000	0.009	0.009	109.16	-1107.73	0.00	0.37
3760000	0.000	0.000	0.000	0	0	0.000	0.002	-0.003	110.27	-1107.73	0.00	0.00
3770000	0.000	0.000	0.000	0	0	0.000	0.002	-0.079	108.72	-1107.73	-0.00	0.00
3780000	0.000	0.000	0.000	0	0	0.000	0.003	0.032	109.15	-1107.73	-0.00	0.00
3790000	0.000	0.000	0.000	0	0	0.000	0.022	0.005	106.84	-1107.73	0.00	0.00
3800000	0.000	0.000	0.000	0	0	0.000	0.017	0.009	107.90	-1107.73	0.00	0.00
3810000	0.000	0.000	0.000	0	0	0.000	0.006	-0.039	109.22	-1107.73	0.00	0.00
3820000	0.000	0.000	0.000	0	0	0.000	0.015	-0.022	107.73	-1107.73	0.00	0.00
3830000	0.000	0.000	0.000	0	0	0.000	0.010	-0.006	108.65	-1107.73	-0.00	0.00
3840000	0.000	0.000	0.000	0	0	0.000	0.008	-0.011	108.83	-1107.73	0.00	0.00
3850000	0.000	0.000	0.000	0	0	0.000	0.023	-0.059	102.97	-1107.73	-0.00	0.00
3860000	0.000	0.000	0.000	0	0	0.000	0.012	0.016	108.55	-1107.73	-0.00	0.00
3870000	0.000	0.000	0.000	0	0	0.000	0.003	0.042	109.47	-1107.73	0.00	0.00
3880000	0.000	0.000	0.000	0	0	0.000	0.020	0.041	105.70	-1107.73	0.00	0.00
3890000	0.000	0.000	0.000	0	0	0.000	0.019	-0.069	106.62	-1107.73	-0.00	0.00
3900000	0.000	0.000	0.000	0	0	0.000	0.006	-0.057	108.88	-1107.73	-0.00	0.00
3910000	0.000	0.000	0.000	0	0	0.000	0.003	0.008	110.17	-1107.73	-0.00	0.00
3920000	0.000	0.000	0.000	0	0	0.000	0.015	-0.050	107.73	-1107.73	0.00	0.00
3930000	0.000	0.000	0.000	0	0	0.000	0.002	-0.049	109.24	-1107.73	0.00	0.00
3940000	0.000	0.000	0.000	0	0	0.000	0.004	0.116	105.63	-1107.73	0.00	0.00
3950000	0.000	0.000	0.000	0	0	0.000	0.009	-0.012	108.45	-1107.73	-0.00	0.00
3960000	0.000	0.000	0.000	0	0	0.000	0.005	0.033	107.99	-1107.73	-0.00	0.00
3970000	0.000	0.000	0.000	0	0	0.000	0.010	-0.053	108.27	-1107.73	0.00	0.00
3980000	0.000	0.000	0.000	0	0	0.000	0.010	-0.063	108.06	-1107.73	-0.00	0.00
3990000	0.000	0.000	0.000	0	0	0.000	0.004	-0.017	109.50	-1107.73	-0.00	0.00
4000000	0.000	0.000	0.000	0	0	0.000	0.001	0.007	110.29	-1107.73	0.00	0.00
4010000	0.000	0.000	0.000	0	0	0.000	0.004	-0.047	109.18	-1107.73	-0.00	0.00
4020000	0.000	0.000	0.000	0	0	0.000	0.023	0.005	106.94	-1107.73	0.00	0.00
4030000	0.000	0.000	0.000	0	0	0.000	0.007	0.014	109.15	-1107.73	0.00	-0.44
4040000	0.000	0.000	0.000	0	0	0.000	0.002	-0.010	110.07	-1107.73	-0.00	0.00
4050000	0.000	0.000	0.000	0	0	0.000	0.009	-0.046	108.00	-1107.73	-0.00	0.00
4060000	0.000	0.000	0.000	0	0	0.000	0.005	0.066	108.01	-1107.73	-0.00	0.00
4070000	0.000	0.000	0.000	0	0	0.000	0.003	0.007	109.97	-1107.73	-0.00	0.00
4080000	0.000	0.000	0.000	0	0	0.000	0.005	-0.018	109.54	-1107.73	-0.00	0.00
4090000	0.000	0.000	0.000	0	0	0.000	0.005	-0.017	109.81	-1107.73	0.00	0.00
4100000	0.000	0.000	0.000	0	0	0.000	0.003	0.076	107.80	-1107.73	0.00	0.00
4110000	0.000	0.000	0.000	0	0	0.000	0.008	0.061	108.15	-1107.73	0.00	0.00
4120000	0.000	0.000	0.000	0	0	0.000	0.007	0.068	107.92	-1107.73	-0.00	0.00
4130000	0.000	0.000	0.000	0	0	0.000	0.004	0.040	109.28	-1107.73	0.00	0.00
4140000	0.000	0.000	0.000	0	0	0.000	0.002	-0.021	110.18	-1107.73	-0.00	0.00
4150000	0.000	0.000	0.000	0	0	0.000	0.006	0.055	108.42	-1107.73	-0.00	0.00
4160000	0.000	0.000	0.000	0	0	0.000	0.004	-0.018	109.54	-1107.73	-0.00	0.00
4170000	0.000	0.000	0.000	0	0	0.000	0.005	0.033	109.36	-1107.73	0.00	0.00
4180000	0.000	0.000	0.000	0	0	0.000	0.010	0.023	108.67	-1107.73	-0.00	0.00
4190000	0.000	0.000	0.000	0	0	0.000	0.000	-0.029	110.34	-1107.73	0.00	0.00
4200000	0.000	0.000	0.000	0	0	0.000	0.012	-0.002	107.75	-1107.73	0.00	0.00
4210000	0.000	0.000	0.000	0	0	0.000	0.002	-0.043	109.97	-1107.73	-0.00	0.00
4220000	0.000	0.000	0.000	0	0	0.000	0.010	-0.106	106.31	-1107.73	-0.00	0.00
4230000	0.000	0.000	0.000	0	0	0.000	0.004	0.067	108.34	-1107.73	-0.00	0.00
4240000	0.000	0.000	0.000	0	0	0.000	0.011	-0.059	107.47	-1107.73	-0.00	0.00
4250000	0.000	0.000	0.000	0	0	0.000	0.006	0.005	109.58	-1107.73	0.00	0.00
4260000	0.000	0.000	0.000	0	0	0.000	0.006	0.068	108.06	-1107.73	-0.00	0.00
4270000	0.000	0.000	0.000	0	0	0.000	0.015	0.035	107.64	-1107.73	0.00	0.00
4280000	0.000	0.000	0.000	0	0	0.000	0.000	0.042	108.21	-1107.73	0.00	0.06
4290000	0.000	0.000	0.000	0	0	0.000	0.011	0.098	105.79	-1107.73	0.00	0.00
4300000	0.000	0.000	0.000	0	0	0.000	0.001	0.002	110.51	-1107.73	0.00	0.00
4310000	0.000	0.000	0.000	0	0	0.000	0.006	0.027	109.29	-1107.73	-0.00	0.00
4320000	0.000	0.000	0.000	0	0	0.000	0.003	0.069	108.66	-1107.73	0.00	0.00
4330000	0.000	0.000	0.000	0	0	0.000	0.000	-0.090	108.64	-1107.73	0.00	0.00
4340000	0.000	0.000	0.000	0	0	0.000	0.015	-0.088	105.86	-1107.73	-0.00	0.00
4350000	0.000	0.000	0.000	0	0	0.000	0.008	-0.036	107.87	-1107.73	-0.00	0.00
4360000	0.000	0.000	0.000	0	0	0.000	0.000	-0.000	109.68	-1107.73	0.00	0.41
4370000	0.000	0.000	0.000	0	0	0.000	0.000	-0.051	110.01	-1107.73	-0.00	0.00
4380000	0.000	0.000	0.000	0	0	0.000	0.000	0.019	110.36	-1107.73	-0.00	0.00
4390000	0.000	0.000	0.000	0	0	0.000	0.010	0.036	108.08	-1107.73	0.00	0.00
4400000	0.000	0.000	0.000	0	0	0.000	0.001	-0.017	110.44	-1107.73	0.00	0.00
4410000	0.000	0.000	0.000	0	0	0.000	0.007	-0.001	109.57	-1107.73	-0.00	0.00
4420000	0.000	0.000	0.000	0	0	0.000	0.001	-0.032	110.30	-1107.73	0.00	0.00
4430000	0.000	0.000	0.000	0	0	0.000	0.001	0.042	109.40	-1107.73	-0.00	0.00
4440000	0.000	0.000	0.000	0	0	0.000	0.008	0.071	107.67	-1107.73	0.00	0.00
4450000	0.000	0.000	0.000	0	0	0.000	0.000	0.006	110.50	-1107.73	-0.00	0.00
4460000	0.000	0.000	0.000	0	0	0.000	0.008	-0.032	108.05	-1107.73	0.00	0.00
4470000	0.000	0.000	0.000	0	0	0.000	0.003	-0.053	109.46	-1107.73	0.00	0.00
4480000	0.000	0.000	0.000	0	0	0.000	0.012	0.059	105.04	-1107.73	-0.00	0.00
4490000	0.000	0.000	0.000	0	0	0.000	0.001	-0.013	109.55	-1107.73	-0.00	0.00
4500000	0.000	0.000	0.000	0	0	0.000	0.000	-0.029	110.43	-1107.73	0.00	0.00
4510000	0.000	0.000	0.000	0	0	0.000	0.021	0.015	106.55	-1107.73	0.00	0.00
4520000	0.000	0.000	0.000	0	0	0.000	0.012	-0.002	108.70	-1107.73	-0.00	0.00
4530000	0.000	0.000	0.000	0	0	0.000	0.002	0.074	108.62	-1107.73	0.00	0.00
4540000	0.000	0.000	0.000	0	0	0.000	0.011	-0.003	108.99	-1107.73	0.00	0.00
4550000	0.000	0.000	0.000	0	0	0.000	0.005	0.023	109.42	-1107.73	0.00	0.00
4560000	0.000	0.000	0.000	0	0	0.000	0.020	-0.053	106.40	-1107.73	-0.00	0.00
4570000	0.000	0.000	0.000	0	0	0.000	0.003	0.045	108.79	-1107.73	0.00	0.00
4580000	0.000	0.000	0.000	0	0	0.000	0.007	0.055	106.87	-1107.73	0.00	0.00
4590000	0.000	0.000	0.000	0	0	0.000	0.002	0.022	110.17	-1107.73	0.00	0.00
4600000	0.000	0.000	0.000	0	0	0.000	0.006	0.078	106.83	-1107.73	-0.00	0.00
4610000	0.000	0.000	0.000	0	0	0.000	0.003	-0.023	109.22	-1107.73	-0.00	0.00
4620000	0.000	0.000	0.000	0	0	0.000	0.001	0.089	107.48	-1107.73	-0.00	0.00
4630000	0.000	0.000	0.000	0	0	0.000	0.016	-0.024	107.72	-1107.73	-0.00	0.00
4640000	0.000	0.000	0.000	0	0	0.000	0.000	-0.043	109.57	-1107.73	0.00	0.00
4650000	0.000	0.000	0.000	0	0	0.000	0.008	0.070	107.63	-1107.73	-0.00	0.00
4660000	0.000	0.000	0.000	0	0	0.000	0.005	-0.032	109.56	-1107.73	0.00	0.00
4670000	0.000	0.000	0.000	0	0	0.000	0.014	-0.044	108.10	-1107.73	-0.00	0.00
4680000	0.000	0.000	0.000	0	0	0.000	0.001	0.055	109.34	-1107.73	0.00	0.00
4690000	0.000	0.000	0.000	0	0	0.000	0.002	-0.068	108.56	-1107.73	-0.00	0.00
4700000	0.000	0.000	0.000	0	0	0.000	0.001	0.049	109.63	-1107.73	0.00	0.00
4710000	0.000	0.000	0.000	0	0	0.000	0.004	0.056	108.85	-1107.73	-0.00	0.00
4720000	0.000	0.000	0.000	0	0	0.000	0.003	0.052	108.95	-1107.73	0.00	0.00
4730000	0.000	0.000	0.000	0	0	0.000	0.006	0.045	107.96	-1107.73	-0.00	0.00
4740000	0.000	0.000	0.000	0	0	0.000	0.009	-0.052	107.78	-1107.73	-0.00	0.00
4750000	0.000	0.000	0.000	0	0	0.000	0.002	-0.024	110.03	-1107.73	-0.00	0.00
4760000	0.000	0.000	0.000	0	0	0.000	0.005	0.054	107.36	-1107.73	-0.00	0.00
4770000	0.000	0.000	0.000	0	0	0.000	0.007	-0.064	108.14	-1107.73	-0.00	0.00
4780000	0.000	0.000	0.000	0	0	0.000	0.004	0.075	107.64	-1107.73	0.00	0.00
4790000	0.000	0.000	0.000	0	0	0.000	0.006	0.016	109.24	-1107.73	-0.00	0.00
4800000	0.000	0.000	0.000	0	0	0.000	0.003	0.034	109.70	-1107.73	-0.00	0.00
4810000	0.000	0.000	0.000	0	0	0.000	0.002	-0.050	109.77	-1107.73	-0.00	0.00
4820000	0.000	0.000	0.000	0	0	0.000	0.000	0.052	109.56	-1107.73	-0.00	0.00
4830000	0.000	0.000	0.000	0	0	0.000	0.005	0.022	109.69	-1107.73	-0.00	0.00
4840000	0.000	0.000	0.000	0	0	0.000	0.006	-0.021	109.43	-1107.73	-0.00	0.00
4850000	0.000	0.000	0.000	0	0	0.000	0.025	-0.040	106.33	-1107.73	-0.00	0.00
4860000	0.000	0.000	0.000	0	0	0.000	0.009	-0.037	108.98	-1107.73	0.00	0.30
4870000	0.000	0.000	0.000	0	0	0.000	0.009	-0.094	106.98	-1107.73	0.00	0.00
4880000	0.000	0.000	0.000	0	0	0.000	0.011	-0.126	104.63	-1107.73	-0.00	0.00
4890000	0.000	0.000	0.000	0	0	0.000	0.011	0.050	105.58	-1107.73	-0.00	0.00
4900000	0.000	0.000	0.000	0	0	0.000	0.006	-0.017	108.99	-1107.73	0.00	0.00
4910000	0.000	0.000	0.000	0	0	0.000	0.006	-0.048	107.70	-1107.73	0.00	0.00
4920000	0.000	0.000	0.000	0	0	0.000	0.014	0.042	107.00	-1107.73	0.00	0.00
4930000	0.000	0.000	0.000	0	0	0.000	0.002	-0.035	109.98	-1107.73	0.00	0.24
4940000	0.000	0.000	0.000	0	0	0.000	0.003	0.021	109.64	-1107.73	0.00	0.00
4950000	0.000	0.000	0.000	0	0	0.000	0.000	0.020	110.32	-1107.73	0.00	0.00
4960000	0.000	0.000	0.000	0	0	0.000	0.004	0.038	109.45	-1107.73	-0.00	0.00
4970000	0.000	0.000	0.000	0	0	0.000	0.005	0.005	109.62	-1107.73	-0.00	0.00
4980000	0.000	0.000	0.000	0	0	0.000	0.015	0.030	107.95	-1107.73	0.00	-0.30
4990000	0.000	0.000	0.000	0	0	0.000	0.007	-0.023	109.26	-1107.73	0.00	0.00
5000000	0.000	0.000	0.000	0	0	0.000	0.016	-0.051	107.72	-1107.73	0.00	-0.15
5010000	0.000	0.000	0.000	0	0	0.000	0.002	-0.036	109.58	-1107.73	0.00	0.00
5020000	0.000	0.000	0.000	0	0	0.000	0.001	-0.073	108.02	-1107.73	0.00	0.00
5030000	0.000	0.000	0.000	0	0	0.000	0.003	-0.043	109.70	-1107.73	-0.00	0.00
5040000	0.000	0.000	0.000	0	0	0.000	0.004	0.010	107.70	-1107.73	-0.00	0.00
5050000	0.000	0.000	0.000	0	0	0.000	0.006	0.011	109.55	-1107.73	0.00	0.00
5060000	0.000	0.000	0.000	0	0	0.000	0.005	0.002	109.60	-1107.73	0.00	0.25
5070000	0.000	0.000	0.000	0	0	0.000	0.030	-0.008	104.33	-1107.73	-0.00	0.00
5080000	0.000	0.000	0.000	0	0	0.000	0.002	-0.025	107.14	-1107.73	-0.00	0.00
5090000	0.000	0.000	0.000	0	0	0.000	0.000	-0.075	109.27	-1107.73	-0.00	0.25
5100000	0.000	0.000	0.000	0	0	0.000	0.006	-0.001	109.65	-1107.73	-0.00	0.00
5110000	0.000	0.000	0.000	0	0	0.000	0.014	-0.034	107.41	-1107.73	-0.00	0.00
5120000	0.000	0.000	0.000	0	0	0.000	0.001	0.029	110.16	-1107.73	-0.00	0.00
5130000	0.000	0.000	0.000	0	0	0.000	0.019	-0.002	107.60	-1107.73	-0.00	0.00
5140000	0.000	0.000	0.000	0	0	0.000	0.002	-0.052	109.81	-1107.73	-0.00	0.00
5150000	0.000	0.000	0.000	0	0	0.000	0.001	-0.044	109.28	-1107.73	-0.00	0.00
5160000	0.000	0.000	0.000	0	0	0.000	0.014	0.078	102.91	-1107.73	-0.00	0.00
5170000	0.000	0.000	0.000	0	0	0.000	0.002	0.015	109.48	-1107.73	0.00	0.00
5180000	0.000	0.000	0.000	0	0	0.000	0.005	0.010	109.53	-1107.73	0.00	-0.43
5190000	0.000	0.000	0.000	0	0	0.000	0.002	0.044	109.39	-1107.73	-0.00	0.00
5200000	0.000	0.000	0.000	0	0	0.000	0.001	0.033	109.77	-1107.73	-0.00	0.00
5210000	0.000	0.000	0.000	0	0	0.000	0.002	-0.016	110.35	-1107.73	0.00	-0.08
5220000	0.000	0.000	0.000	0	0	0.000	0.007	-0.006	109.35	-1107.73	-0.00	0.00
5230000	0.000	0.000	0.000	0	0	0.000	0.006	0.058	108.46	-1107.73	0.00	0.00
5240000	0.000	0.000	0.000	0	0	0.000	0.006	-0.044	109.32	-1107.73	-0.00	0.00
5250000	0.000	0.000	0.000	0	0	0.000	0.001	-0.065	106.96	-1107.73	0.00	0.00
5260000	0.000	0.000	0.000	0	0	0.000	0.029	-0.087	103.62	-1107.73	0.00	0.00
5270000	0.000	0.000	0.000	0	0	0.000	0.002	0.019	109.66	-1107.73	0.00	0.00
5280000	0.000	0.000	0.000	0	0	0.000	0.018	-0.025	107.67	-1107.73	-0.00	0.00
5290000	0.000	0.000	0.000	0	0	0.000	0.003	0.052	109.23	-1107.73	0.00	0.00
5300000	0.000	0.000	0.000	0	0	0.000	0.009	0.005	109.04	-1107.73	0.00	0.00
5310000	0.000	0.000	0.000	0	0	0.000	0.000	-0.037	110.14	-1107.73	0.00	0.00
5320000	0.000	0.000	0.000	0	0	0.000	0.001	0.003	110.36	-1107.73	-0.00	0.00
5330000	0.000	0.000	0.000	0	0	0.000	0.003	-0.007	109.74	-1107.73	-0.00	0.00
5340000	0.000	0.000	0.000	0	0	0.000	0.004	-0.047	109.47	-1107.73	-0.00	0.00
5350000	0.000	0.000	0.000	0	0	0.000	0.002	0.032	109.32	-1107.73	-0.00	0.00
5360000	0.000	0.000	0.000	0	0	0.000	0.008	-0.048	108.93	-1107.73	-0.00	0.00
5370000	0.000	0.000	0.000	0	0	0.000	0.006	-0.044	109.09	-1107.73	0.00	0.00
5380000	0.000	0.000	0.000	0	0	0.000	0.004	-0.014	110.09	-1107.73	-0.00	0.00
5390000	0.000	0.000	0.000	0	0	0.000	0.001	-0.085	108.83	-1107.73	0.00	0.00
5400000	0.000	0.000	0.000	0	0	0.000	0.005	-0.018	109.62	-1107.73	0.00	-0.03
5410000	0.000	0.000	0.000	0	0	0.000	0.008	0.013	108.73	-1107.73	0.00	0.00
5420000	0.000	0.000	0.000	0	0	0.000	0.005	-0.031	109.79	-1107.73	-0.00	0.00
5430000	0.000	0.000	0.000	0	0	0.000	0.004	0.045	109.20	-1107.73	-0.00	0.00
5440000	0.000	0.000	0.000	0	0	0.000	0.007	0.026	108.59	-1107.73	-0.00	0.26
5450000	0.000	0.000	0.000	0	0	0.000	0.016	-0.069	106.58	-1107.73	0.00	0.00
5460000	0.000	0.000	0.000	0	0	0.000	0.001	-0.081	108.65	-1107.73	-0.00	0.00
5470000	0.000	0.000	0.000	0	0	0.000	0.002	-0.059	109.48	-1107.73	-0.00	0.00
5480000	0.000	0.000	0.000	0	0	0.000	0.006	0.008	109.54	-1107.73	-0.00	0.00
5490000	0.000	0.000	0.000	0	0	0.000	0.001	-0.077	109.16	-1107.73	0.00	0.00
5500000	0.000	0.000	0.000	0	0	0.000	0.002	-0.020	110.19	-1107.73	0.00	0.09
5510000	0.000	0.000	0.000	0	0	0.000	0.005	0.005	109.83	-1107.73	-0.00	0.00
5520000	0.000	0.000	0.000	0	0	0.000	0.002	-0.108	107.25	-1107.73	0.00	0.00
5530000	0.000	0.000	0.000	0	0	0.000	0.013	-0.076	107.26	-1107.73	-0.00	0.00
5540000	0.000	0.000	0.000	0	0	0.000	0.001	0.039	109.70	-1107.73	0.00	0.00
5550000	0.000	0.000	0.000	0	0	0.000	0.003	-0.025	109.81	-1107.73	-0.00	0.00
5560000	0.000	0.000	0.000	0	0	0.000	0.010	-0.019	107.81	-1107.73	0.00	0.00
5570000	0.000	0.000	0.000	0	0	0.000	0.003	-0.015	109.30	-1107.73	-0.00	0.00
5580000	0.000	0.000	0.000	0	0	0.000	0.029	-0.049	105.22	-1107.73	0.00	0.00
5590000	0.000	0.000	0.000	0	0	0.000	0.006	-0.023	109.65	-1107.73	-0.00	0.00
5600000	0.000	0.000	0.000	0	0	0.000	0.001	-0.007	108.88	-1107.73	-0.00	0.19
5610000	0.000	0.000	0.000	0	0	0.000	0.002	-0.069	109.02	-1107.73	-0.00	0.00
5620000	0.000	0.000	0.000	0	0	0.000	0.012	-0.003	108.53	-1107.73	-0.00	0.00
5630000	0.000	0.000	0.000	0	0	0.000	0.011	-0.027	108.78	-1107.73	-0.00	0.33
5640000	0.000	0.000	0.000	0	0	0.000	0.008	0.035	108.87	-1107.73	0.00	0.00
5650000	0.000	0.000	0.000	0	0	0.000	0.001	0.029	109.26	-1107.73	-0.00	0.00
5660000	0.000	0.000	0.000	0	0	0.000	0.007	-0.020	107.33	-1107.73	-0.00	0.00
5670000	0.000	0.000	0.000	0	0	0.000	0.005	0.040	107.30	-1107.73	-0.00	0.00
5680000	0.000	0.000	0.000	0	0	0.000	0.010	-0.034	108.63	-1107.73	-0.00	0.00
5690000	0.000	0.000	0.000	0	0	0.000	0.001	-0.003	109.49	-1107.73	-0.00	0.00
5700000	0.000	0.000	0.000	0	0	0.000	0.003	-0.085	108.54	-1107.73	0.00	0.00
5710000	0.000	0.000	0.000	0	0	0.000	0.000	-0.061	109.73	-1107.73	0.00	0.00
5720000	0.000	0.000	0.000	0	0	0.000	0.002	0.011	110.32	-1107.73	-0.00	0.00
5730000	0.000	0.000	0.000	0	0	0.000	0.009	-0.057	108.48	-1107.73	0.00	0.00
5740000	0.000	0.000	0.000	0	0	0.000	0.009	0.014	109.02	-1107.73	0.00	0.00
5750000	0.000	0.000	0.000	0	0	0.000	0.004	0.047	109.18	-1107.73	-0.00	0.00
5760000	0.000	0.000	0.000	0	0	0.000	0.013	-0.060	107.24	-1107.73	0.00	0.00
5770000	0.000	0.000	0.000	0	0	0.000	0.000	-0.030	110.41	-1107.73	0.00	0.00
5780000	0.000	0.000	0.000	0	0	0.000	0.010	0.024	108.03	-1107.73	0.00	0.00
5790000	0.000	0.000	0.000	0	0	0.000	0.002	-0.068	108.45	-1107.73	-0.00	0.00
5800000	0.000	0.000	0.000	0	0	0.000	0.009	0.082	106.99	-1107.73	0.00	0.00
5810000	0.000	0.000	0.000	0	0	0.000	0.006	0.034	109.24	-1107.73	-0.00	0.00
5820000	0.000	0.000	0.000	0	0	0.000	0.006	-0.060	108.72	-1107.73	-0.00	0.00
5830000	0.000	0.000	0.000	0	0	0.000	0.007	0.028	108.57	-1107.73	0.00	0.00
5840000	0.000	0.000	0.000	0	0	0.000	0.001	-0.023	109.99	-1107.73	0.00	0.13
5850000	0.000	0.000	0.000	0	0	0.000	0.004	0.093	107.36	-1107.73	-0.00	0.00
5860000	0.000	0.000	0.000	0	0	0.000	0.011	0.021	108.72	-1107.73	-0.00	0.00
5870000	0.000	0.000	0.000	0	0	0.000	0.003	-0.035	109.07	-1107.73	-0.00	0.00
5880000	0.000	0.000	0.000	0	0	0.000	0.006	0.056	108.65	-1107.73	0.00	0.00
5890000	0.000	0.000	0.000	0	0	0.000	0.001	-0.036	109.85	-1107.73	-0.00	0.00
5900000	0.000	0.000	0.000	0	0	0.000	0.003	0.047	109.09	-1107.73	0.00	0.00
5910000	0.000	0.000	0.000	0	0	0.000	0.012	-0.032	107.26	-1107.73	-0.00	0.00
5920000	0.000	0.000	0.000	0	0	0.000	0.006	0.078	107.67	-1107.73	0.00	0.00
5930000	0.000	0.000	0.000	0	0	0.000	0.007	0.029	107.51	-1107.73	-0.00	0.00
5940000	0.000	0.000	0.000	0	0	0.000	0.004	0.042	109.19	-1107.73	0.00	0.00
5950000	0.000	0.000	0.000	0	0	0.000	0.026	0.064	104.77	-1107.73	0.00	0.00
5960000	0.000	0.000	0.000	0	0	0.000	0.004	-0.057	108.79	-1107.73	-0.00	0.00
5970000	0.000	0.000	0.000	0	0	0.000	0.012	0.046	106.30	-1107.73	-0.00	0.00
5980000	0.000	0.000	0.000	0	0	0.000	0.008	0.048	107.20	-1107.73	-0.00	0.00
5990000	0.000	0.000	0.000	0	0	0.000	0.020	0.081	99.52	-1107.73	-0.00	0.00
6000000	0.000	0.000	0.000	0	0	0.000	0.000	0.020	110.28	-1107.73	-0.00	0.00
6010000	0.000	0.000	0.000	0	0	0.000	0.010	0.085	106.68	-1107.73	0.00	0.00
6020000	0.000	0.000	0.000	0	0	0.000	0.002	0.005	107.81	-1107.73	-0.00	0.00
6030000	0.000	0.000	0.000	0	0	0.000	0.012	-0.002	108.68	-1107.73	0.00	0.00
6040000	0.000	0.000	0.000	0	0	0.000	0.007	-0.048	109.05	-1107.73	0.00	-0.40
6050000	0.000	0.000	0.000	0	0	0.000	0.001	0.003	110.41	-1107.73	-0.00	0.00
6060000	0.000	0.000	0.000	0	0	0.000	0.002	-0.041	109.18	-1107.73	-0.00	0.00
6070000	0.000	0.000	0.000	0	0	0.000	0.002	0.007	110.21	-1107.73	-0.00	0.00
6080000	0.000	0.000	0.000	0	0	0.000	0.003	-0.138	103.14	-1107.73	-0.00	0.00
6090000	0.000	0.000	0.000	0	0	0.000	0.000	-0.030	110.02	-1107.73	-0.00	0.00
6100000	0.000	0.000	0.000	0	0	0.000	0.004	0.003	109.34	-1107.73	-0.00	0.00
6110000	0.000	0.000	0.000	0	0	0.000	0.003	0.023	109.71	-1107.73	0.00	0.00
6120000	0.000	0.000	0.000	0	0	0.000	0.002	-0.077	108.36	-1107.73	-0.00	0.00
6130000	0.000	0.000	0.000	0	0	0.000	0.010	0.016	107.33	-1107.73	0.00	0.00
6140000	0.000	0.000	0.000	0	0	0.000	0.003	0.042	109.55	-1107.73	-0.00	0.00
6150000	0.000	0.000	0.000	0	0	0.000	0.000	-0.018	110.35	-1107.73	0.00	0.00
6160000	0.000	0.000	0.000	0	0	0.000	0.000	0.007	110.47	-1107.73	0.00	-0.15
6170000	0.000	0.000	0.000	0	0	0.000	0.002	-0.002	109.93	-1107.73	-0.00	0.00
6180000	0.000	0.000	0.000	0	0	0.000	0.001	-0.049	109.89	-1107.73	0.00	0.00
6190000	0.000	0.000	0.000	0	0	0.000	0.009	-0.040	108.72	-1107.73	-0.00	0.00
6200000	0.000	0.000	0.000	0	0	0.000	0.012	0.024	107.33	-1107.73	0.00	0.00
6210000	0.000	0.000	0.000	0	0	0.000	0.011	-0.076	106.52	-1107.73	0.00	0.00
6220000	0.000	0.000	0.000	0	0	0.000	0.010	-0.009	109.09	-1107.73	0.00	0.00
6230000	0.000	0.000	0.000	0	0	0.000	0.007	-0.037	109.18	-1107.73	-0.00	0.00
6240000	0.000	0.000	0.000	0	0	0.000	0.009	-0.023	109.18	-1107.73	0.00	0.00
6250000	0.000	0.000	0.000	0	0	0.000	0.005	0.010	109.73	-1107.73	-0.00	0.00
6260000	0.000	0.000	0.000	0	0	0.000	0.003	-0.012	109.49	-1107.73	-0.00	0.00
6270000	0.000	0.000	0.000	0	0	0.000	0.004	-0.058	109.17	-1107.73	0.00	0.00
6280000	0.000	0.000	0.000	0	0	0.000	0.010	0.052	107.56	-1107.73	0.00	0.00
6290000	0.000	0.000	0.000	0	0	0.000	0.001	-0.014	110.45	-1107.73	0.00	0.45
6300000	0.000	0.000	0.000	0	0	0.000	0.000	-0.073	108.94	-1107.73	0.00	0.00
6310000	0.000	0.000	0.000	0	0	0.000	0.001	-0.009	110.36	-1107.73	-0.00	0.00
6320000	0.000	0.000	0.000	0	0	0.000	0.018	0.041	107.06	-1107.73	0.00	0.00
6330000	0.000	0.000	0.000	0	0	0.000	0.007	0.042	108.83	-1107.73	0.00	0.00
6340000	0.000	0.000	0.000	0	0	0.000	0.003	0.025	109.82	-1107.73	0.00	0.00
6350000	0.000	0.000	0.000	0	0	0.000	0.004	-0.034	109.75	-1107.73	-0.00	0.00
6360000	0.000	0.000	0.000	0	0	0.000	0.004	0.023	109.05	-1107.73	-0.00	0.00
6370000	0.000	0.000	0.000	0	0	0.000	0.003	-0.035	109.78	-1107.73	-0.00	0.00
6380000	0.000	0.000	0.000	0	0	0.000	0.003	-0.031	109.70	-1107.73	0.00	-0.09
6390000	0.000	0.000	0.000	0	0	0.000	0.000	-0.091	107.16	-1107.73	0.00	0.00
6400000	0.000	0.000	0.000	0	0	0.000	0.006	-0.009	108.52	-1107.73	-0.00	0.00
6410000	0.000	0.000	0.000	0	0	0.000	0.004	-0.009	109.02	-1107.73	0.00	0.00
6420000	0.000	0.000	0.000	0	0	0.000	0.007	0.026	109.25	-1107.73	-0.00	0.00
6430000	0.000	0.000	0.000	0	0	0.000	0.004	0.063	108.24	-1107.73	0.00	0.00
6440000	0.000	0.000	0.000	0	0	0.000	0.008	0.027	108.31	-1107.73	-0.00	0.00
6450000	0.000	0.000	0.000	0	0	0.000	0.003	-0.020	110.25	-1107.73	-0.00	0.00
6460000	0.000	0.000	0.000	0	0	0.000	0.001	0.046	109.00	-1107.73	0.00	0.00
6470000	0.000	0.000	0.000	0	0	0.000	0.013	-0.041	107.20	-1107.73	0.00	0.00
6480000	0.000	0.000	0.000	0	0	0.000	0.010	0.024	108.64	-1107.73	0.00	0.00
6490000	0.000	0.000	0.000	0	0	0.000	0.001	-0.013	110.23	-1107.73	-0.00	0.00
6500000	0.000	0.000	0.000	0	0	0.000	0.008	0.002	108.83	-1107.73	0.00	0.00
6510000	0.000	0.000	0.000	0	0	0.000	0.007	-0.019	108.79	-1107.73	0.00	-0.05
6520000	0.000	0.000	0.000	0	0	0.000	0.003	-0.056	108.94	-1107.73	0.00	0.00
6530000	0.000	0.000	0.000	0	0	0.000	0.001	-0.077	109.01	-1107.73	-0.00	0.00
6540000	0.000	0.000	0.000	0	0	0.000	0.013	0.015	107.75	-1107.73	0.00	0.00
6550000	0.000	0.000	0.000	0	0	0.000	0.008	-0.117	106.00	-1107.73	-0.00	0.00
6560000	0.000	0.000	0.000	0	0	0.000	0.000	0.001	110.48	-1107.73	-0.00	0.00
6570000	0.000	0.000	0.000	0	0	0.000	0.016	0.004	107.91	-1107.73	-0.00	0.00
6580000	0.000	0.000	0.000	0	0	0.000	0.018	0.015	105.24	-1107.73	-0.00	0.00
6590000	0.000	0.000	0.000	0	0	0.000	0.006	-0.018	109.65	-1107.73	-0.00	0.00
6600000	0.000	0.000	0.000	0	0	0.000	0.001	0.001	109.86	-1107.73	-0.00	0.00
6610000	0.000	0.000	0.000	0	0	0.000	0.017	-0.011	107.98	-1107.73	-0.00	0.00
6620000	0.000	0.000	0.000	0	0	0.000	0.004	-0.023	109.92	-1107.73	0.00	0.00
6630000	0.000	0.000	0.000	0	0	0.000	0.020	-0.009	106.84	-1107.73	-0.00	0.00
6640000	0.000	0.000	0.000	0	0	0.000	0.011	0.012	108.24	-1107.73	-0.00	0.00
6650000	0.000	0.000	0.000	0	0	0.000	0.016	0.045	106.39	-1107.73	-0.00	0.00
6660000	0.000	0.000	0.000	0	0	0.000	0.017	-0.022	105.66	-1107.73	-0.00	0.00
6670000	0.000	0.000	0.000	0	0	0.000	0.022	-0.008	107.02	-1107.73	-0.00	0.20
6680000	0.000	0.000	0.000	0	0	0.000	0.017	-0.019	106.31	-1107.73	-0.00	0.00
6690000	0.000	0.000	0.000	0	0	0.000	0.001	0.022	109.29	-1107.73	-0.00	0.00
6700000	0.000	0.000	0.000	0	0	0.000	0.003	0.063	108.88	-1107.73	-0.00	0.00
6710000	0.000	0.000	0.000	0	0	0.000	0.001	-0.048	109.65	-1107.73	-0.00	0.00
6720000	0.000	0.000	0.000	0	0	0.000	0.009	0.073	105.47	-1107.73	-0.00	0.00
6730000	0.000	0.000	0.000	0	0	0.000	0.002	-0.084	108.72	-1107.73	0.00	0.00
6740000	0.000	0.000	0.000	0	0	0.000	0.005	0.009	109.52	-1107.73	0.00	0.00
6750000	0.000	0.000	0.000	0	0	0.000	0.003	0.048	109.22	-1107.73	0.00	0.00
6760000	0.000	0.000	0.000	0	0	0.000	0.004	0.061	108.04	-1107.73	0.00	0.04
6770000	0.000	0.000	0.000	0	0	0.000	0.013	0.032	107.86	-1107.73	-0.00	0.00
6780000	0.000	0.000	0.000	0	0	0.000	0.000	-0.068	109.48	-1107.73	0.00	0.00
6790000	0.000	0.000	0.000	0	0	0.000	0.002	-0.051	108.01	-1107.73	-0.00	0.00
6800000	0.000	0.000	0.000	0	0	0.000	0.001	0.045	109.33	-1107.73	-0.00	0.00
6810000	0.000	0.000	0.000	0	0	0.000	0.014	0.009	108.50	-1107.73	0.00	0.00
6820000	0.000	0.000	0.000	0	0	0.000	0.009	-0.026	109.15	-1107.73	0.00	0.00
6830000	0.000	0.000	0.000	0	0	0.000	0.007	-0.056	108.28	-1107.73	-0.00	0.00
6840000	0.000	0.000	0.000	0	0	0.000	0.002	-0.032	108.85	-1107.73	0.00	0.00
6850000	0.000	0.000	0.000	0	0	0.000	0.011	0.014	107.83	-1107.73	-0.00	0.00
6860000	0.000	0.000	0.000	0	0	0.000	0.001	-0.058	109.70	-1107.73	0.00	0.05
6870000	0.000	0.000	0.000	0	0	0.000	0.012	-0.006	108.71	-1107.73	-0.00	0.00
6880000	0.000	0.000	0.000	0	0	0.000	0.001	0.003	107.47	-1107.73	-0.00	0.00
6890000	0.000	0.000	0.000	0	0	0.000	0.002	0.025	109.94	-1107.73	-0.00	0.00
6900000	0.000	0.000	0.000	0	0	0.000	0.005	0.027	107.39	-1107.73	-0.00	0.00
6910000	0.000	0.000	0.000	0	0	0.000	0.016	-0.089	105.86	-1107.73	0.00	0.00
6920000	0.000	0.000	0.000	0	0	0.000	0.004	0.023	108.16	-1107.73	-0.00	0.19
6930000	0.000	0.000	0.000	0	0	0.000	0.003	0.026	107.45	-1107.73	0.00	0.00
6940000	0.000	0.000	0.000	0	0	0.000	0.002	-0.099	107.99	-1107.73	0.00	0.00
6950000	0.000	0.000	0.000	0	0	0.000	0.002	0.006	108.78	-1107.73	0.00	0.00
6960000	0.000	0.000	0.000	0	0	0.000	0.012	-0.043	108.24	-1107.73	-0.00	0.00
6970000	0.000	0.000	0.000	0	0	0.000	0.005	0.063	105.66	-1107.73	-0.00	0.00
6980000	0.000	0.000	0.000	0	0	0.000	0.009	-0.049	107.60	-1107.73	0.00	0.00
6990000	0.000	0.000	0.000	0	0	0.000	0.003	0.023	108.51	-1107.73	0.00	0.00
7000000	0.000	0.000	0.000	0	0	0.000	0.031	-0.025	105.15	-1107.73	0.00	0.00
7010000	0.000	0.000	0.000	0	0	0.000	0.011	-0.014	108.06	-1107.73	0.00	-0.49
7020000	0.000	0.000	0.000	0	0	0.000	0.008	-0.026	109.27	-1107.73	0.00	0.00
7030000	0.000	0.000	0.000	0	0	0.000	0.002	-0.017	110.09	-1107.73	0.00	0.00
7040000	0.000	0.000	0.000	0	0	0.000	0.001	0.011	109.92	-1107.73	0.00	0.00
7050000	0.000	0.000	0.000	0	0	0.000	0.030	-0.027	105.60	-1107.73	-0.00	0.00
7060000	0.000	0.000	0.000	0	0	0.000	0.004	0.007	109.96	-1107.73	0.00	0.00
7070000	0.000	0.000	0.000	0	0	0.000	0.003	0.003	110.13	-1107.73	-0.00	0.00
7080000	0.000	0.000	0.000	0	0	0.000	0.006	-0.076	107.84	-1107.73	0.00	0.25
7090000	0.000	0.000	0.000	0	0	0.000	0.001	0.007	110.40	-1107.73	0.00	-0.25
7100000	0.000	0.000	0.000	0	0	0.000	0.002	-0.087	107.46	-1107.73	-0.00	0.00
7110000	0.000	0.000	0.000	0	0	0.000	0.003	-0.045	109.50	-1107.73	-0.00	0.00
7120000	0.000	0.000	0.000	0	0	0.000	0.009	0.050	105.98	-1107.73	0.00	0.00
7130000	0.000	0.000	0.000	0	0	0.000	0.004	0.016	109.82	-1107.73	0.00	0.00
7140000	0.000	0.000	0.000	0	0	0.000	0.001	-0.040	109.85	-1107.73	0.00	0.00
7150000	0.000	0.000	0.000	0	0	0.000	0.003	-0.022	110.08	-1107.73	0.00	0.00
7160000	0.000	0.000	0.000	0	0	0.000	0.016	-0.080	106.50	-1107.73	0.00	0.00
7170000	0.000	0.000	0.000	0	0	0.000	0.010	-0.010	108.95	-1107.73	0.00	0.00
7180000	0.000	0.000	0.000	0	0	0.000	0.001	0.090	106.88	-1107.73	0.00	0.00
7190000	0.000	0.000	0.000	0	0	0.000	0.011	-0.002	108.88	-1107.73	-0.00	0.00
7200000	0.000	0.000	0.000	0	0	0.000	0.007	0.048	106.36	-1107.73	0.00	0.00
7210000	0.000	0.000	0.000	0	0	0.000	0.004	0.024	109.74	-1107.73	0.00	0.00
7220000	0.000	0.000	0.000	0	0	0.000	0.005	-0.051	107.91	-1107.73	0.00	0.00
7230000	0.000	0.000	0.000	0	0	0.000	0.003	-0.030	110.10	-1107.73	-0.00	0.00
7240000	0.000	0.000	0.000	0	0	0.000	0.005	0.039	109.02	-1107.73	0.00	0.00
7250000	0.000	0.000	0.000	0	0	0.000	0.016	-0.011	107.96	-1107.73	0.00	0.00
7260000	0.000	0.000	0.000	0	0	0.000	0.005	0.000	109.33	-1107.73	-0.00	0.00
7270000	0.000	0.000	0.000	0	0	0.000	0.008	-0.080	107.85	-1107.73	0.00	0.00
7280000	0.000	0.000	0.000	0	0	0.000	0.009	0.039	107.88	-1107.73	0.00	0.00
7290000	0.000	0.000	0.000	0	0	0.000	0.005	-0.027	108.01	-1107.73	0.00	0.00
7300000	0.000	0.000	0.000	0	0	0.000	0.012	-0.034	108.18	-1107.73	0.00	0.00
7310000	0.000	0.000	0.000	0	0	0.000	0.024	0.007	106.00	-1107.73	-0.00	0.00
7320000	0.000	0.000	0.000	0	0	0.000	0.005	0.011	109.58	-1107.73	0.00	0.00
7330000	0.000	0.000	0.000	0	0	0.000	0.001	0.094	106.57	-1107.73	0.00	0.00
7340000	0.000	0.000	0.000	0	0	0.000	0.007	0.011	109.07	-1107.73	-0.00	0.00
7350000	0.000	0.000	0.000	0	0	0.000	0.001	-0.014	110.39	-1107.73	0.00	0.00
7360000	0.000	0.000	0.000	0	0	0.000	0.006	0.001	109.45	-1107.73	0.00	0.00
7370000	0.000	0.000	0.000	0	0	0.000	0.008	0.035	108.22	-1107.73	-0.00	0.00
7380000	0.000	0.000	0.000	0	0	0.000	0.004	-0.041	108.70	-1107.73	-0.00	0.00
7390000	0.000	0.000	0.000	0	0	0.000	0.004	-0.024	108.69	-1107.73	0.00	0.00
7400000	0.000	0.000	0.000	0	0	0.000	0.005	0.044	106.79	-1107.73	0.00	0.00
7410000	0.000	0.000	0.000	0	0	0.000	0.012	0.030	108.39	-1107.73	-0.00	0.00
7420000	0.000	0.000	0.000	0	0	0.000	0.003	-0.055	108.82	-1107.73	-0.00	0.00
7430000	0.000	0.000	0.000	0	0	0.000	0.023	-0.012	106.47	-1107.73	0.00	0.10
7440000	0.000	0.000	0.000	0	0	0.000	0.001	-0.066	109.57	-1107.73	0.00	0.00
7450000	0.000	0.000	0.000	0	0	0.000	0.012	-0.011	107.59	-1107.73	-0.00	0.00
7460000	0.000	0.000	0.000	0	0	0.000	0.001	0.090	107.78	-1107.73	0.00	0.00
7470000	0.000	0.000	0.000	0	0	0.000	0.022	0.012	105.86	-1107.73	0.00	0.00
7480000	0.000	0.000	0.000	0	0	0.000	0.009	-0.016	109.16	-1107.73	0.00	0.00
7490000	0.000	0.000	0.000	0	0	0.000	0.011	0.010	107.79	-1107.73	0.00	0.00
7500000	0.000	0.000	0.000	0	0	0.000	0.000	0.017	109.91	-1107.73	0.00	0.00
7510000	0.000	0.000	0.000	0	0	0.000	0.011	0.040	108.09	-1107.73	0.00	0.00
7520000	0.000	0.000	0.000	0	0	0.000	0.008	-0.032	109.05	-1107.73	-0.00	0.00
7530000	0.000	0.000	0.000	0	0	0.000	0.003	-0.062	108.35	-1107.73	0.00	0.00
7540000	0.000	0.000	0.000	0	0	0.000	0.024	-0.060	105.55	-1107.73	-0.00	0.00
7550000	0.000	0.000	0.000	0	0	0.000	0.006	0.057	108.56	-1107.73	0.00	0.49
7560000	0.000	0.000	0.000	0	0	0.000	0.010	-0.022	108.73	-1107.73	0.00	0.00
7570000	0.000	0.000	0.000	0	0	0.000	0.003	-0.045	109.84	-1107.73	0.00	0.00
7580000	0.000	0.000	0.000	0	0	0.000	0.018	-0.036	106.26	-1107.73	-0.00	0.00
7590000	0.000	0.000	0.000	0	0	0.000	0.001	-0.035	107.79	-1107.73	0.00	0.00
7600000	0.000	0.000	0.000	0	0	0.000	0.001	-0.026	110.39	-1107.73	0.00	0.00
7610000	0.000	0.000	0.000	0	0	0.000	0.009	0.001	108.03	-1107.73	0.00	0.00
7620000	0.000	0.000	0.000	0	0	0.000	0.005	0.064	108.36	-1107.73	-0.00	0.00
7630000	0.000	0.000	0.000	0	0	0.000	0.001	-0.052	109.96	-1107.73	0.00	0.00
7640000	0.000	0.000	0.000	0	0	0.000	0.001	0.017	110.20	-1107.73	0.00	0.00
7650000	0.000	0.000	0.000	0	0	0.000	0.003	-0.035	108.98	-1107.73	0.00	0.00
7660000	0.000	0.000	0.000	0	0	0.000	0.007	-0.050	108.88	-1107.73	0.00	0.00
7670000	0.000	0.000	0.000	0	0	0.000	0.017	0.003	107.35	-1107.73	-0.00	0.00
7680000	0.000	0.000	0.000	0	0	0.000	0.003	-0.000	110.12	-1107.73	0.00	0.00
7690000	0.000	0.000	0.000	0	0	0.000	0.006	0.018	107.79	-1107.73	-0.00	0.00
7700000	0.000	0.000	0.000	0	0	0.000	0.002	-0.047	109.81	-1107.73	-0.00	0.00
7710000	0.000	0.000	0.000	0	0	0.000	0.003	-0.073	109.11	-1107.73	0.00	0.00
7720000	0.000	0.000	0.000	0	0	0.000	0.000	0.001	110.42	-1107.73	0.00	0.28
7730000	0.000	0.000	0.000	0	0	0.000	0.013	0.004	108.54	-1107.73	-0.00	0.00
7740000	0.000	0.000	0.000	0	0	0.000	0.005	0.007	109.04	-1107.73	0.00	0.00
7750000	0.000	0.000	0.000	0	0	0.000	0.013	-0.038	108.37	-1107.73	-0.00	0.00
7760000	0.000	0.000	0.000	0	0	0.000	0.003	-0.076	108.22	-1107.73	0.00	0.20
7770000	0.000	0.000	0.000	0	0	0.000	0.001	0.087	107.80	-1107.73	0.00	0.00
7780000	0.000	0.000	0.000	0	0	0.000	0.015	0.058	107.08	-1107.73	0.00	0.00
7790000	0.000	0.000	0.000	0	0	0.000	0.018	0.039	107.28	-1107.73	0.00	-0.15
7800000	0.000	0.000	0.000	0	0	0.000	0.002	-0.021	110.32	-1107.73	-0.00	0.00
7810000	0.000	0.000	0.000	0	0	0.000	0.005	-0.057	109.08	-1107.73	-0.00	0.00
7820000	0.000	0.000	0.000	0	0	0.000	0.000	-0.017	110.42	-1107.73	-0.00	0.00
7830000	0.000	0.000	0.000	0	0	0.000	0.007	-0.057	108.86	-1107.73	-0.00	0.00
7840000	0.000	0.000	0.000	0	0	0.000	0.001	-0.060	109.09	-1107.73	-0.00	0.00
7850000	0.000	0.000	0.000	0	0	0.000	0.011	-0.089	106.95	-1107.73	0.00	0.00
7860000	0.000	0.000	0.000	0	0	0.000	0.010	-0.004	108.82	-1107.73	0.00	0.00
7870000	0.000	0.000	0.000	0	0	0.000	0.006	-0.023	109.61	-1107.73	0.00	0.16
7880000	0.000	0.000	0.000	0	0	0.000	0.002	-0.035	110.14	-1107.73	0.00	-0.04
7890000	0.000	0.000	0.000	0	0	0.000	0.001	-0.041	110.14	-1107.73	0.00	0.00
7900000	0.000	0.000	0.000	0	0	0.000	0.009	-0.086	106.41	-1107.73	0.00	0.00
7910000	0.000	0.000	0.000	0	0	0.000	0.009	-0.134	104.87	-1107.73	-0.00	0.00
7920000	0.000	0.000	0.000	0	0	0.000	0.001	-0.077	108.73	-1107.73	0.00	0.00
7930000	0.000	0.000	0.000	0	0	0.000	0.003	-0.034	109.15	-1107.73	-0.00	0.00
7940000	0.000	0.000	0.000	0	0	0.000	0.003	0.020	108.72	-1107.73	0.00	0.00
7950000	0.000	0.000	0.000	0	0	0.000	0.011	-0.046	108.45	-1107.73	0.00	0.00
7960000	0.000	0.000	0.000	0	0	0.000	0.003	0.017	110.13	-1107.73	-0.00	0.00
7970000	0.000	0.000	0.000	0	0	0.000	0.005	0.048	107.69	-1107.73	-0.00	0.00
7980000	0.000	0.000	0.000	0	0	0.000	0.014	-0.000	107.92	-1107.73	-0.00	0.00
7990000	0.000	0.000	0.000	0	0	0.000	0.006	0.062	108.34	-1107.73	0.00	0.00
8000000	0.000	0.000	0.000	0	0	0.000	0.007	-0.035	108.97	-1107.73	0.00	0.00
8010000	0.000	0.000	0.000	0	0	0.000	0.004	-0.109	105.57	-1107.73	0.00	0.00
8020000	0.000	0.000	0.000	0	0	0.000	0.011	-0.104	103.70	-1107.73	0.00	0.00
8030000	0.000	0.000	0.000	0	0	0.000	0.003	-0.067	109.10	-1107.73	-0.00	0.00
8040000	0.000	0.000	0.000	0	0	0.000	0.007	-0.001	108.87	-1107.73	0.00	0.00
8050000	0.000	0.000	0.000	0	0	0.000	0.003	-0.123	104.83	-1107.73	-0.00	0.00
8060000	0.000	0.000	0.000	0	0	0.000	0.002	-0.068	109.38	-1107.73	-0.00	0.00
8070000	0.000	0.000	0.000	0	0	0.000	0.001	-0.096	108.29	-1107.73	0.00	0.00
8080000	0.000	0.000	0.000	0	0	0.000	0.001	-0.019	107.00	-1107.73	-0.00	0.00
8090000	0.000	0.000	0.000	0	0	0.000	0.006	-0.092	107.31	-1107.73	0.00	-0.29
8100000	0.000	0.000	0.000	0	0	0.000	0.004	-0.033	109.32	-1107.73	0.00	0.00
8110000	0.000	0.000	0.000	0	0	0.000	0.009	-0.022	109.13	-1107.73	-0.00	0.00
8120000	0.000	0.000	0.000	0	0	0.000	0.003	-0.025	109.30	-1107.73	0.00	0.41
8130000	0.000	0.000	0.000	0	0	0.000	0.001	0.028	108.97	-1107.73	-0.00	0.00
8140000	0.000	0.000	0.000	0	0	0.000	0.009	-0.032	108.57	-1107.73	0.00	0.00
8150000	0.000	0.000	0.000	0	0	0.000	0.001	-0.001	110.49	-1107.73	0.00	0.00
8160000	0.000	0.000	0.000	0	0	0.000	0.001	-0.002	110.49	-1107.73	-0.00	0.23
8170000	0.000	0.000	0.000	0	0	0.000	0.029	-0.048	104.76	-1107.73	-0.00	0.00
8180000	0.000	0.000	0.000	0	0	0.000	0.018	-0.041	106.31	-1107.73	-0.00	0.00
8190000	0.000	0.000	0.000	0	0	0.000	0.008	-0.048	108.76	-1107.73	0.00	0.00
8200000	0.000	0.000	0.000	0	0	0.000	0.002	-0.014	110.29	-1107.73	0.00	0.00
8210000	0.000	0.000	0.000	0	0	0.000	0.005	0.038	108.76	-1107.73	-0.00	0.00
8220000	0.000	0.000	0.000	0	0	0.000	0.002	0.022	109.82	-1107.73	0.00	0.00
8230000	0.000	0.000	0.000	0	0	0.000	0.002	0.029	109.21	-1107.73	-0.00	0.00
8240000	0.000	0.000	0.000	0	0	0.000	0.001	-0.023	110.34	-1107.73	-0.00	0.00
8250000	0.000	0.000	0.000	0	0	0.000	0.001	-0.033	110.29	-1107.73	0.00	0.00
8260000	0.000	0.000	0.000	0	0	0.000	0.013	0.042	107.93	-1107.73	-0.00	0.00
8270000	0.000	0.000	0.000	0	0	0.000	0.002	-0.015	109.37	-1107.73	-0.00	0.00
8280000	0.000	0.000	0.000	0	0	0.000	0.002	0.064	107.48	-1107.73	0.00	0.00
8290000	0.000	0.000	0.000	0	0	0.000	0.005	0.020	106.33	-1107.73	0.00	0.00
8300000	0.000	0.000	0.000	0	0	0.000	0.006	0.041	106.13	-1107.73	0.00	0.00
8310000	0.000	0.000	0.000	0	0	0.000	0.000	0.035	109.24	-1107.73	0.00	0.00
8320000	0.000	0.000	0.000	0	0	0.000	0.003	0.021	109.46	-1107.73	-0.00	0.00
8330000	0.000	0.000	0.000	0	0	0.000	0.001	-0.031	110.10	-1107.73	-0.00	0.00
8340000	0.000	0.000	0.000	0	0	0.000	0.002	0.108	106.74	-1107.73	-0.00	0.00
8350000	0.000	0.000	0.000	0	0	0.000	0.002	0.025	110.09	-1107.73	-0.00	0.00
8360000	0.000	0.000	0.000	0	0	0.000	0.017	0.026	107.43	-1107.73	-0.00	0.00
8370000	0.000	0.000	0.000	0	0	0.000	0.021	0.048	105.72	-1107.73	-0.00	0.00
8380000	0.000	0.000	0.000	0	0	0.000	0.004	-0.010	109.69	-1107.73	-0.00	0.00
8390000	0.000	0.000	0.000	0	0	0.000	0.003	-0.018	110.22	-1107.73	-0.00	0.00
8400000	0.000	0.000	0.000	0	0	0.000	0.011	-0.044	106.74	-1107.73	-0.00	0.00
8410000	0.000	0.000	0.000	0	0	0.000	0.006	0.039	109.03	-1107.73	0.00	0.00
8420000	0.000	0.000	0.000	0	0	0.000	0.001	0.003	110.26	-1107.73	0.00	0.00
8430000	0.000	0.000	0.000	0	0	0.000	0.001	0.021	110.21	-1107.73	-0.00	0.00
8440000	0.000	0.000	0.000	0	0	0.000	0.009	0.036	107.07	-1107.73	-0.00	0.00
8450000	0.000	0.000	0.000	0	0	0.000	0.003	-0.030	109.18	-1107.73	-0.00	0.00
8460000	0.000	0.000	0.000	0	0	0.000	0.000	-0.060	109.76	-1107.73	0.00	0.00
8470000	0.000	0.000	0.000	0	0	0.000	0.003	0.015	110.00	-1107.73	0.00	0.00
8480000	0.000	0.000	0.000	0	0	0.000	0.006	0.013	109.51	-1107.73	-0.00	0.00
8490000	0.000	0.000	0.000	0	0	0.000	0.035	-0.001	103.90	-1107.73	-0.00	0.00
8500000	0.000	0.000	0.000	0	0	0.000	0.002	0.027	106.48	-1107.73	0.00	0.00
8510000	0.000	0.000	0.000	0	0	0.000	0.001	0.017	110.29	-1107.73	-0.00	0.00
8520000	0.000	0.000	0.000	0	0	0.000	0.007	-0.001	109.09	-1107.73	0.00	0.00
8530000	0.000	0.000	0.000	0	0	0.000	0.014	0.029	107.69	-1107.73	-0.00	0.00
8540000	0.000	0.000	0.000	0	0	0.000	0.002	-0.047	109.49	-1107.73	-0.00	0.00
8550000	0.000	0.000	0.000	0	0	0.000	0.004	-0.046	108.60	-1107.73	0.00	0.00
8560000	0.000	0.000	0.000	0	0	0.000	0.008	-0.046	108.69	-1107.73	0.00	0.00
8570000	0.000	0.000	0.000	0	0	0.000	0.004	-0.060	107.16	-1107.73	-0.00	0.00
8580000	0.000	0.000	0.000	0	0	0.000	0.001	-0.068	109.42	-1107.73	-0.00	0.00
8590000	0.000	0.000	0.000	0	0	0.000	0.002	-0.007	109.52	-1107.73	0.00	0.00
8600000	0.000	0.000	0.000	0	0	0.000	0.005	0.010	109.62	-1107.73	-0.00	0.00
8610000	0.000	0.000	0.000	0	0	0.000	0.007	0.103	105.46	-1107.73	-0.00	0.00
8620000	0.000	0.000	0.000	0	0	0.000	0.018	-0.013	107.86	-1107.73	0.00	0.00
8630000	0.000	0.000	0.000	0	0	0.000	0.003	0.020	109.97	-1107.73	-0.00	0.00
8640000	0.000	0.000	0.000	0	0	0.000	0.008	-0.064	108.31	-1107.73	-0.00	0.00
8650000	0.000	0.000	0.000	0	0	0.000	0.008	-0.014	109.39	-1107.73	0.00	0.00
8660000	0.000	0.000	0.000	0	0	0.000	0.001	-0.065	109.09	-1107.73	-0.00	0.00
8670000	0.000	0.000	0.000	0	0	0.000	0.001	0.051	109.44	-1107.73	-0.00	0.00
8680000	0.000	0.000	0.000	0	0	0.000	0.010	-0.071	105.44	-1107.73	-0.00	0.00
8690000	0.000	0.000	0.000	0	0	0.000	0.029	-0.004	106.02	-1107.73	-0.00	0.00
8700000	0.000	0.000	0.000	0	0	0.000	0.003	-0.142	105.37	-1107.73	0.00	0.00
8710000	0.000	0.000	0.000	0	0	0.000	0.009	-0.080	107.53	-1107.73	-0.00	0.00
8720000	0.000	0.000	0.000	0	0	0.000	0.002	-0.009	109.77	-1107.73	0.00	0.00
8730000	0.000	0.000	0.000	0	0	0.000	0.026	-0.026	106.38	-1107.73	0.00	0.00
8740000	0.000	0.000	0.000	0	0	0.000	0.003	0.019	110.02	-1107.73	0.00	0.00
8750000	0.000	0.000	0.000	0	0	0.000	0.011	0.061	107.44	-1107.73	0.00	0.00
8760000	0.000	0.000	0.000	0	0	0.000	0.002	-0.010	110.18	-1107.73	-0.00	0.00
8770000	0.000	0.000	0.000	0	0	0.000	0.010	-0.019	108.83	-1107.73	-0.00	0.00
8780000	0.000	0.000	0.000	0	0	0.000	0.004	-0.096	107.49	-1107.73	-0.00	0.00
8790000	0.000	0.000	0.000	0	0	0.000	0.007	0.009	109.45	-1107.73	0.00	0.00
8800000	0.000	0.000	0.000	0	0	0.000	0.003	-0.000	110.09	-1107.73	-0.00	0.00
8810000	0.000	0.000	0.000	0	0	0.000	0.001	0.026	109.95	-1107.73	0.00	0.00
8820000	0.000	0.000	0.000	0	0	0.000	0.000	0.075	108.26	-1107.73	0.00	0.00
8830000	0.000	0.000	0.000	0	0	0.000	0.008	-0.024	109.19	-1107.73	0.00	0.00
8840000	0.000	0.000	0.000	0	0	0.000	0.021	-0.015	107.30	-1107.73	-0.00	0.00
8850000	0.000	0.000	0.000	0	0	0.000	0.024	0.041	105.76	-1107.73	0.00	0.00
8860000	0.000	0.000	0.000	0	0	0.000	0.001	0.012	110.16	-1107.73	0.00	0.00
8870000	0.000	0.000	0.000	0	0	0.000	0.001	-0.047	109.69	-1107.73	0.00	0.00
8880000	0.000	0.000	0.000	0	0	0.000	0.002	-0.060	109.61	-1107.73	0.00	0.41
8890000	0.000	0.000	0.000	0	0	0.000	0.009	-0.043	108.85	-1107.73	-0.00	0.00
8900000	0.000	0.000	0.000	0	0	0.000	0.000	-0.016	108.78	-1107.73	0.00	0.00
8910000	0.000	0.000	0.000	0	0	0.000	0.003	-0.017	109.80	-1107.73	0.00	0.00
8920000	0.000	0.000	0.000	0	0	0.000	0.003	-0.046	109.39	-1107.73	-0.00	0.00
8930000	0.000	0.000	0.000	0	0	0.000	0.008	-0.006	108.97	-1107.73	-0.00	0.00
8940000	0.000	0.000	0.000	0	0	0.000	0.010	-0.052	107.67	-1107.73	0.00	0.00
8950000	0.000	0.000	0.000	0	0	0.000	0.004	-0.020	107.73	-1107.73	0.00	-0.44
8960000	0.000	0.000	0.000	0	0	0.000	0.011	-0.004	108.75	-1107.73	-0.00	0.00
8970000	0.000	0.000	0.000	0	0	0.000	0.004	0.011	109.56	-1107.73	0.00	0.00
8980000	0.000	0.000	0.000	0	0	0.000	0.002	-0.022	110.14	-1107.73	0.00	0.00
8990000	0.000	0.000	0.000	0	0	0.000	0.006	-0.029	109.50	-1107.73	-0.00	0.25
9000000	0.000	0.000	0.000	0	0	0.000	0.007	0.029	109.01	-1107.73	0.00	0.00
9010000	0.000	0.000	0.000	0	0	0.000	0.004	-0.036	108.68	-1107.73	-0.00	0.00
9020000	0.000	0.000	0.000	0	0	0.000	0.003	-0.076	108.36	-1107.73	0.00	-0.03
9030000	0.000	0.000	0.000	0	0	0.000	0.003	0.094	106.71	-1107.73	-0.00	0.00
9040000	0.000	0.000	0.000	0	0	0.000	0.004	-0.011	108.57	-1107.73	-0.00	0.00
9050000	0.000	0.000	0.000	0	0	0.000	0.002	0.041	109.61	-1107.73	0.00	-0.19
9060000	0.000	0.000	0.000	0	0	0.000	0.008	0.015	109.13	-1107.73	0.00	-0.44
9070000	0.000	0.000	0.000	0	0	0.000	0.001	0.004	110.19	-1107.73	0.00	0.00
9080000	0.000	0.000	0.000	0	0	0.000	0.018	0.026	106.25	-1107.73	-0.00	0.00
9090000	0.000	0.000	0.000	0	0	0.000	0.002	-0.036	109.55	-1107.73	-0.00	0.00
9100000	0.000	0.000	0.000	0	0	0.000	0.000	0.089	107.99	-1107.73	0.00	0.00
9110000	0.000	0.000	0.000	0	0	0.000	0.004	-0.013	109.87	-1107.73	0.00	0.00
9120000	0.000	0.000	0.000	0	0	0.000	0.009	-0.026	109.06	-1107.73	0.00	0.00
9130000	0.000	0.000	0.000	0	0	0.000	0.002	0.021	110.11	-1107.73	0.00	0.00
9140000	0.000	0.000	0.000	0	0	0.000	0.007	0.031	108.63	-1107.73	-0.00	0.00
9150000	0.000	0.000	0.000	0	0	0.000	0.006	0.055	108.52	-1107.73	0.00	0.00
9160000	0.000	0.000	0.000	0	0	0.000	0.003	-0.018	108.59	-1107.73	0.00	0.00
9170000	0.000	0.000	0.000	0	0	0.000	0.004	-0.061	109.15	-1107.73	0.00	0.00
9180000	0.000	0.000	0.000	0	0	0.000	0.002	0.036	109.64	-1107.73	-0.00	0.00
9190000	0.000	0.000	0.000	0	0	0.000	0.002	0.046	109.64	-1107.73	0.00	0.15
9200000	0.000	0.000	0.000	0	0	0.000	0.002	0.023	109.58	-1107.73	0.00	0.00
9210000	0.000	0.000	0.000	0	0	0.000	0.006	0.016	107.47	-1107.73	0.00	0.00
9220000	0.000	0.000	0.000	0	0	0.000	0.004	-0.002	109.90	-1107.73	0.00	0.00
9230000	0.000	0.000	0.000	0	0	0.000	0.010	-0.015	108.84	-1107.73	-0.00	0.00
9240000	0.000	0.000	0.000	0	0	0.000	0.007	0.033	109.01	-1107.73	0.00	0.00
9250000	0.000	0.000	0.000	0	0	0.000	0.013	-0.005	108.10	-1107.73	0.00	0.00
9260000	0.000	0.000	0.000	0	0	0.000	0.007	0.068	107.88	-1107.73	0.00	0.00
9270000	0.000	0.000	0.000	0	0	0.000	0.004	-0.006	109.92	-1107.73	0.00	0.00
9280000	0.000	0.000	0.000	0	0	0.000	0.001	0.025	110.19	-1107.73	0.00	0.00
9290000	0.000	0.000	0.000	0	0	0.000	0.018	0.062	106.48	-1107.73	0.00	0.10
9300000	0.000	0.000	0.000	0	0	0.000	0.001	0.010	109.81	-1107.73	-0.00	0.00
9310000	0.000	0.000	0.000	0	0	0.000	0.034	0.063	102.58	-1107.73	-0.00	0.00
9320000	0.000	0.000	0.000	0	0	0.000	0.002	-0.139	105.74	-1107.73	-0.00	0.00
9330000	0.000	0.000	0.000	0	0	0.000	0.002	-0.017	109.86	-1107.73	-0.00	0.00
9340000	0.000	0.000	0.000	0	0	0.000	0.004	-0.006	110.01	-1107.73	0.00	0.00
9350000	0.000	0.000	0.000	0	0	0.000	0.006	0.030	109.18	-1107.73	0.00	0.00
9360000	0.000	0.000	0.000	0	0	0.000	0.015	0.039	107.39	-1107.73	-0.00	0.00
9370000	0.000	0.000	0.000	0	0	0.000	0.006	0.009	109.30	-1107.73	0.00	-0.49
9380000	0.000	0.000	0.000	0	0	0.000	0.002	-0.016	108.96	-1107.73	0.00	0.00
9390000	0.000	0.000	0.000	0	0	0.000	0.012	0.028	107.17	-1107.73	-0.00	0.00
9400000	0.000	0.000	0.000	0	0	0.000	0.018	-0.007	107.60	-1107.73	0.00	-0.27
9410000	0.000	0.000	0.000	0	0	0.000	0.018	0.022	105.91	-1107.73	0.00	0.00
9420000	0.000	0.000	0.000	0	0	0.000	0.000	-0.009	110.52	-1107.73	0.00	0.00
9430000	0.000	0.000	0.000	0	0	0.000	0.012	-0.001	108.74	-1107.73	-0.00	0.41
9440000	0.000	0.000	0.000	0	0	0.000	0.000	0.063	106.49	-1107.73	0.00	0.00
9450000	0.000	0.000	0.000	0	0	0.000	0.014	0.012	107.95	-1107.73	-0.00	0.00
9460000	0.000	0.000	0.000	0	0	0.000	0.014	0.031	108.07	-1107.73	0.00	0.00
9470000	0.000	0.000	0.000	0	0	0.000	0.028	-0.060	105.23	-1107.73	-0.00	0.37
9480000	0.000	0.000	0.000	0	0	0.000	0.001	0.074	108.56	-1107.73	0.00	0.00
9490000	0.000	0.000	0.000	0	0	0.000	0.003	0.012	108.72	-1107.73	0.00	0.15
9500000	0.000	0.000	0.000	0	0	0.000	0.002	-0.048	108.62	-1107.73	-0.00	0.00
9510000	0.000	0.000	0.000	0	0	0.000	0.006	-0.017	108.87	-1107.73	0.00	0.00
9520000	0.000	0.000	0.000	0	0	0.000	0.002	0.024	108.46	-1107.73	-0.00	0.00
9530000	0.000	0.000	0.000	0	0	0.000	0.018	-0.078	105.87	-1107.73	-0.00	0.00
9540000	0.000	0.000	0.000	0	0	0.000	0.010	0.094	105.80	-1107.73	-0.00	0.00
9550000	0.000	0.000	0.000	0	0	0.000	0.009	0.081	105.77	-1107.73	-0.00	0.00
9560000	0.000	0.000	0.000	0	0	0.000	0.002	0.003	110.27	-1107.73	0.00	0.00
9570000	0.000	0.000	0.000	0	0	0.000	0.000	-0.002	110.54	-1107.73	0.00	0.00
9580000	0.000	0.000	0.000	0	0	0.000	0.001	-0.064	108.93	-1107.73	0.00	0.00
9590000	0.000	0.000	0.000	0	0	0.000	0.018	-0.034	106.36	-1107.73	-0.00	0.00
9600000	0.000	0.000	0.000	0	0	0.000	0.029	-0.004	106.10	-1107.73	-0.00	0.00
9610000	0.000	0.000	0.000	0	0	0.000	0.001	-0.031	109.52	-1107.73	-0.00	0.00
9620000	0.000	0.000	0.000	0	0	0.000	0.012	0.026	107.66	-1107.73	0.00	0.00
9630000	0.000	0.000	0.000	0	0	0.000	0.001	-0.118	106.41	-1107.73	-0.00	0.00
9640000	0.000	0.000	0.000	0	0	0.000	0.010	-0.071	105.21	-1107.73	0.00	0.00
9650000	0.000	0.000	0.000	0	0	0.000	0.007	0.030	109.08	-1107.73	-0.00	0.00
9660000	0.000	0.000	0.000	0	0	0.000	0.003	0.073	108.45	-1107.73	-0.00	0.00
9670000	0.000	0.000	0.000	0	0	0.000	0.000	0.004	109.80	-1107.73	0.00	0.00
9680000	0.000	0.000	0.000	0	0	0.000	0.000	0.039	109.95	-1107.73	-0.00	0.00
9690000	0.000	0.000	0.000	0	0	0.000	0.027	-0.005	106.46	-1107.73	0.00	-0.37
9700000	0.000	0.000	0.000	0	0	0.000	0.002	-0.045	107.53	-1107.73	-0.00	0.00
9710000	0.000	0.000	0.000	0	0	0.000	0.001	-0.021	110.16	-1107.73	-0.00	0.00
9720000	0.000	0.000	0.000	0	0	0.000	0.001	-0.021	110.39	-1107.73	0.00	0.00
9730000	0.000	0.000	0.000	0	0	0.000	0.006	-0.040	109.27	-1107.73	0.00	0.00
9740000	0.000	0.000	0.000	0	0	0.000	0.008	0.008	109.17	-1107.73	0.00	0.00
9750000	0.000	0.000	0.000	0	0	0.000	0.006	0.027	108.43	-1107.73	0.00	0.00
9760000	0.000	0.000	0.000	0	0	0.000	0.021	0.026	106.73	-1107.73	0.00	0.00
9770000	0.000	0.000	0.000	0	0	0.000	0.001	-0.059	109.41	-1107.73	-0.00	0.00
9780000	0.000	0.000	0.000	0	0	0.000	0.004	0.010	109.99	-1107.73	-0.00	0.00
9790000	0.000	0.000	0.000	0	0	0.000	0.006	0.019	109.56	-1107.73	0.00	0.00
9800000	0.000	0.000	0.000	0	0	0.000	0.003	0.037	108.97	-1107.73	0.00	0.00
9810000	0.000	0.000	0.000	0	0	0.000	0.010	-0.020	108.27	-1107.73	-0.00	0.00
9820000	0.000	0.000	0.000	0	0	0.000	0.002	-0.025	110.27	-1107.73	0.00	-0.30
9830000	0.000	0.000	0.000	0	0	0.000	0.007	-0.045	109.11	-1107.73	-0.00	0.00
9840000	0.000	0.000	0.000	0	0	0.000	0.000	0.011	110.39	-1107.73	-0.00	0.07
9850000	0.000	0.000	0.000	0	0	0.000	0.022	-0.066	106.25	-1107.73	0.00	0.00
9860000	0.000	0.000	0.000	0	0	0.000	0.002	0.025	109.25	-1107.73	0.00	0.00
9870000	0.000	0.000	0.000	0	0	0.000	0.018	0.032	106.26	-1107.73	-0.00	0.00
9880000	0.000	0.000	0.000	0	0	0.000	0.001	0.005	110.47	-1107.73	0.00	0.00
9890000	0.000	0.000	0.000	0	0	0.000	0.003	-0.003	109.83	-1107.73	0.00	0.00
9900000	0.000	0.000	0.000	0	0	0.000	0.008	0.001	108.58	-1107.73	-0.00	0.00
9910000	0.000	0.000	0.000	0	0	0.000	0.001	0.072	108.74	-1107.73	0.00	0.00
9920000	0.000	0.000	0.000	0	0	0.000	0.002	-0.097	108.02	-1107.73	0.00	0.00
9930000	0.000	0.000	0.000	0	0	0.000	0.001	0.042	109.48	-1107.73	0.00	0.00
9940000	0.000	0.000	0.000	0	0	0.000	0.005	0.010	109.76	-1107.73	0.00	0.00
9950000	0.000	0.000	0.000	0	0	0.000	0.001	-0.065	108.77	-1107.73	-0.00	0.00
9960000	0.000	0.000	0.000	0	0	0.000	0.008	0.019	108.63	-1107.73	-0.00	0.00
9970000	0.000	0.000	0.000	0	0	0.000	0.004	-0.023	109.88	-1107.73	0.00	0.00
9980000	0.000	0.000	0.000	0	0	0.000	0.006	0.008	109.31	-1107.73	0.00	0.00
9990000	0.000	0.000	0.000	0	0	0.000	0.026	-0.037	106.23	-1107.73	-0.00	0.00
10000000	0.000	0.000	0.000	0	0	0.000	0.020	-0.032	107.48	-1107.73	-0.00	0.32
