state	min	max	median	shifts	jumps	jumpvar	SE	root	lnL	lnLp	qlnL.p	qlnL.h
10000	0.000	0.000	0.000	1	0	0.000	0.031	0.023	125.49	-39.86	0.00	-7.58
20000	0.000	0.000	0.000	0	0	0.000	0.022	0.030	117.66	-39.50	0.00	-6.47
30000	0.000	0.000	0.000	0	0	0.000	0.033	-0.032	117.02	-39.50	-0.00	0.00
40000	0.000	0.000	0.000	0	0	0.000	0.031	-0.007	118.93	-39.50	0.00	-6.88
50000	0.000	0.003	0.000	2	0	0.000	0.036	0.030	129.09	-40.92	0.00	-8.08
60000	0.000	0.000	0.000	1	0	0.000	0.026	0.063	124.32	-39.86	0.00	0.69
70000	0.000	0.000	0.000	1	0	0.000	0.027	0.006	123.23	-39.86	-0.00	0.26
80000	0.000	0.000	0.000	0	0	0.000	0.031	0.018	118.21	-39.50	0.00	0.00
90000	0.000	0.000	0.000	1	0	0.000	0.034	-0.012	120.12	-39.86	0.00	-7.25
100000	0.000	0.000	0.000	0	0	0.000	0.028	-0.004	119.47	-39.50	0.00	-6.96
110000	0.000	0.000	0.000	0	0	0.000	0.031	0.013	119.24	-39.50	-0.00	0.00
120000	0.000	0.022	0.000	2	0	0.000	0.027	0.010	128.02	-40.92	-0.00	-0.69
130000	0.000	0.120	0.000	2	0	0.000	0.036	0.034	123.65	-40.92	0.00	-0.16
140000	0.000	0.000	0.000	2	0	0.000	0.035	0.032	128.74	-40.92	0.00	-7.56
150000	0.000	0.000	0.000	0	0	0.000	0.031	0.020	119.82	-39.50	0.00	-7.07
160000	0.000	0.000	0.000	1	0	0.000	0.030	0.030	125.52	-39.86	-0.00	0.00
170000	0.000	0.000	0.000	0	0	0.000	0.028	0.029	118.13	-39.50	0.00	-6.55
180000	0.000	0.100	0.000	1	0	0.000	0.030	0.064	118.42	-39.86	-0.00	0.00
190000	0.000	0.017	0.000	2	0	0.000	0.035	-0.001	126.44	-40.92	0.00	-7.72
200000	0.000	0.000	0.000	1	0	0.000	0.026	-0.006	122.41	-39.86	-0.00	0.00
210000	0.000	0.826	0.000	2	0	0.000	0.030	0.045	126.37	-40.92	-0.00	0.00
220000	0.000	0.700	0.000	2	0	0.000	0.025	0.027	126.87	-40.92	-0.00	0.00
230000	0.000	0.000	0.000	1	0	0.000	0.033	0.039	125.12	-39.86	-0.00	-0.69
240000	0.000	0.000	0.000	0	0	0.000	0.031	0.003	115.90	-39.50	0.00	-6.40
250000	0.000	0.000	0.000	1	0	0.000	0.024	-0.000	124.14	-39.86	-0.00	0.00
260000	0.000	0.000	0.000	0	0	0.000	0.035	-0.009	116.62	-39.50	0.00	-7.58
270000	0.000	0.000	0.000	0	0	0.000	0.037	0.029	118.82	-39.50	0.00	0.00
280000	0.000	0.259	0.000	3	0	0.000	0.044	0.031	115.41	-42.39	-0.00	0.00
290000	0.000	0.000	0.000	2	0	0.000	0.035	0.004	128.44	-40.92	0.00	-0.38
300000	0.000	0.010	0.000	1	0	0.000	0.023	-0.009	119.95	-39.86	0.00	-7.35
310000	0.000	0.093	0.000	2	0	0.000	0.033	0.047	125.11	-40.92	0.00	0.69
320000	0.000	0.036	0.000	2	0	0.000	0.034	0.026	128.26	-40.92	0.00	-8.24
330000	0.000	0.000	0.000	0	0	0.000	0.029	0.076	117.20	-39.50	-0.00	0.00
340000	0.000	0.000	0.000	0	0	0.000	0.025	0.027	119.79	-39.50	0.00	-6.82
350000	0.000	0.001	0.000	1	0	0.000	0.035	0.049	123.68	-39.86	-0.00	0.07
360000	0.000	0.000	0.000	2	0	0.000	0.027	0.015	130.20	-40.92	-0.00	0.50
370000	0.000	0.000	0.000	0	0	0.000	0.032	-0.015	118.54	-39.50	0.00	0.00
380000	0.000	0.000	0.000	0	0	0.000	0.023	-0.016	118.53	-39.50	0.00	-6.77
390000	0.000	0.000	0.000	0	0	0.000	0.031	0.054	118.18	-39.50	0.00	-6.70
400000	0.000	0.000	0.000	0	0	0.000	0.032	0.010	118.13	-39.50	0.00	0.00
410000	0.000	0.003	0.000	2	0	0.000	0.037	0.008	127.96	-40.92	-0.00	-0.69
420000	0.000	0.015	0.000	2	0	0.000	0.027	0.030	128.72	-40.92	-0.00	-0.69
430000	0.000	0.000	0.000	2	0	0.000	0.023	0.002	124.56	-40.92	0.00	0.69
440000	0.000	0.235	0.000	2	0	0.000	0.026	0.020	126.84	-40.92	-0.00	0.00
450000	0.000	0.524	0.000	3	0	0.000	0.021	0.052	126.27	-42.39	0.00	-7.51
460000	0.000	0.000	0.000	0	0	0.000	0.032	0.028	118.18	-39.50	0.00	-7.50
470000	0.000	0.013	0.000	1	0	0.000	0.036	0.007	116.36	-39.86	0.00	-6.92
480000	0.000	0.000	0.000	0	0	0.000	0.032	0.008	119.51	-39.50	0.00	0.00
490000	0.000	3.292	0.000	2	0	0.000	0.025	0.056	120.57	-40.92	-0.00	0.00
500000	0.000	0.242	0.000	2	0	0.000	0.023	0.038	127.15	-40.92	0.00	-7.63
510000	0.000	0.041	0.000	2	0	0.000	0.038	0.039	122.97	-40.92	0.00	0.69
520000	0.000	0.120	0.000	2	0	0.000	0.031	0.034	125.16	-40.92	0.00	0.00
530000	0.000	0.000	0.000	2	0	0.000	0.029	0.027	130.90	-40.92	-0.00	-0.69
540000	0.000	0.125	0.000	2	0	0.000	0.031	0.052	123.71	-40.92	0.00	0.69
550000	0.000	0.006	0.000	2	0	0.000	0.032	0.019	129.28	-40.92	0.00	0.00
560000	0.000	0.000	0.000	1	0	0.000	0.026	0.045	118.69	-39.86	-0.00	-0.69
570000	0.000	0.000	0.000	0	0	0.000	0.031	0.048	118.54	-39.50	-0.00	0.00
580000	0.000	0.000	0.000	1	0	0.000	0.025	0.032	123.92	-39.86	-0.00	0.00
590000	0.000	0.000	0.000	1	0	0.000	0.027	0.063	123.09	-39.86	0.00	-6.96
600000	0.000	0.000	0.000	0	0	0.000	0.028	0.008	119.48	-39.50	-0.00	0.00
610000	0.000	0.000	0.000	0	0	0.000	0.025	0.026	119.80	-39.50	0.00	0.00
620000	0.000	0.952	0.000	2	0	0.000	0.025	-0.001	118.84	-40.92	-0.00	0.43
630000	0.000	0.291	0.000	3	0	0.000	0.029	0.019	122.55	-42.39	-0.00	0.00
640000	0.000	0.698	0.000	1	0	0.000	0.025	0.033	119.80	-39.86	0.00	-0.48
650000	0.000	0.000	0.000	2	0	0.000	0.029	0.056	129.05	-40.92	-0.00	0.00
660000	0.000	0.043	0.000	2	0	0.000	0.031	0.038	128.53	-40.92	0.00	-0.59
670000	0.000	0.106	0.000	3	0	0.000	0.031	0.018	125.33	-42.39	0.00	0.00
680000	0.000	0.029	0.000	3	0	0.000	0.023	0.006	123.28	-42.39	0.00	0.00
690000	0.000	0.000	0.000	2	0	0.000	0.024	0.013	127.50	-40.92	-0.00	0.23
700000	0.000	0.000	0.000	1	0	0.000	0.025	0.013	120.53	-39.86	-0.00	0.56
710000	0.000	0.000	0.000	1	0	0.000	0.026	0.012	122.42	-39.86	-0.00	0.00
720000	0.000	0.000	0.000	1	0	0.000	0.034	0.036	124.95	-39.86	-0.00	0.00
730000	0.000	0.000	0.000	0	0	0.000	0.022	0.015	119.12	-39.50	0.00	-6.71
740000	0.000	0.006	0.000	1	0	0.000	0.032	0.016	115.01	-39.86	0.00	-6.43
750000	0.000	0.000	0.000	1	0	0.000	0.026	0.032	125.42	-39.86	0.00	-7.33
760000	0.000	0.000	0.000	2	0	0.000	0.030	0.049	124.97	-40.92	-0.00	0.58
770000	0.000	0.000	0.000	2	0	0.000	0.029	0.009	130.23	-40.92	0.00	0.69
780000	0.000	1.837	0.000	2	0	0.000	0.027	0.031	124.71	-40.92	0.00	-7.33
790000	0.000	0.009	0.000	2	0	0.000	0.031	0.037	122.33	-40.92	-0.00	0.00
800000	0.000	0.000	0.000	1	0	0.000	0.040	0.028	119.95	-39.86	-0.00	-0.69
810000	0.000	0.000	0.000	1	0	0.000	0.035	0.004	121.92	-39.86	0.00	-7.54
820000	0.000	0.000	0.000	2	0	0.000	0.031	0.020	128.57	-40.92	-0.00	0.00
830000	0.000	0.000	0.000	3	0	0.000	0.042	-0.002	121.77	-42.39	0.00	0.00
840000	0.000	0.001	0.000	2	0	0.000	0.026	0.028	129.32	-40.92	-0.00	0.00
850000	0.000	0.031	0.000	2	0	0.000	0.028	0.050	128.24	-40.92	-0.00	-0.69
860000	0.000	0.069	0.000	2	0	0.000	0.022	0.034	120.72	-40.92	0.00	-7.11
870000	0.000	0.001	0.000	2	0	0.000	0.030	0.011	127.02	-40.92	-0.00	-0.69
880000	0.000	0.281	0.000	3	0	0.000	0.030	0.014	124.69	-42.39	-0.00	-0.69
890000	0.000	0.001	0.000	2	0	0.000	0.035	-0.006	124.19	-40.92	0.00	0.00
900000	0.000	0.368	0.000	3	0	0.000	0.031	0.019	125.03	-42.39	-0.00	0.00
910000	0.000	2.314	0.000	2	0	0.000	0.027	0.026	126.86	-40.92	0.00	-7.82
920000	0.000	0.288	0.000	2	0	0.000	0.025	0.030	127.43	-40.92	0.00	-7.80
930000	0.000	0.020	0.000	2	0	0.000	0.027	0.006	127.95	-40.92	0.00	0.00
940000	0.000	0.000	0.000	2	0	0.000	0.025	0.038	130.26	-40.92	0.00	-7.69
950000	0.000	0.000	0.000	0	0	0.000	0.033	0.062	118.22	-39.50	-0.00	0.00
960000	0.000	0.000	0.000	0	0	0.000	0.024	0.015	118.28	-39.50	0.00	-6.54
970000	0.000	0.006	0.000	1	0	0.000	0.027	0.057	116.15	-39.86	-0.00	-0.69
980000	0.000	0.000	0.000	1	0	0.000	0.033	0.035	125.20	-39.86	0.00	-0.21
990000	0.000	0.199	0.000	2	0	0.000	0.026	0.034	127.71	-40.92	-0.00	-0.69
1000000	0.000	0.012	0.000	2	0	0.000	0.027	0.027	129.50	-40.92	-0.00	0.00
1010000	0.000	0.471	0.000	2	0	0.000	0.031	0.042	124.72	-40.92	0.00	-8.34
1020000	0.000	0.154	0.000	1	0	0.000	0.025	0.034	117.35	-39.86	0.00	0.00
1030000	0.000	1.372	0.000	2	0	0.000	0.026	0.041	115.12	-40.92	-0.00	0.08
1040000	0.000	0.000	0.000	1	0	0.000	0.023	0.024	123.33	-39.86	-0.00	0.00
1050000	0.000	0.000	0.000	3	0	0.000	0.023	0.033	127.21	-42.39	0.00	-7.46
1060000	0.000	0.000	0.000	1	0	0.000	0.036	0.052	119.54	-39.86	-0.00	0.00
1070000	0.000	0.101	0.000	2	0	0.000	0.030	0.033	128.32	-40.92	0.00	0.69
1080000	0.000	0.048	0.000	3	0	0.000	0.032	0.012	126.73	-42.39	0.00	-0.57
1090000	0.000	0.051	0.000	2	0	0.000	0.032	0.040	126.12	-40.92	0.00	0.69
1100000	0.000	0.002	0.000	2	0	0.000	0.034	0.016	129.32	-40.92	-0.00	0.00
1110000	0.000	0.000	0.000	1	0	0.000	0.039	0.010	118.52	-39.86	0.00	0.00
1120000	0.000	0.374	0.000	1	0	0.000	0.025	0.001	117.86	-39.86	-0.00	-0.69
1130000	0.000	0.256	0.000	3	0	0.000	0.022	0.021	115.13	-42.39	0.00	-7.21
1140000	0.000	1.477	0.000	2	0	0.000	0.008	0.029	117.83	-40.92	0.00	-0.30
1150000	0.000	0.036	0.000	3	0	0.000	0.027	0.043	120.62	-42.39	0.00	-0.72
1160000	0.000	0.000	0.000	1	0	0.000	0.034	0.036	124.90	-39.86	0.00	-7.43
1170000	0.000	0.000	0.000	1	0	0.000	0.029	0.014	120.75	-39.86	-0.00	0.00
1180000	0.000	0.001	0.000	2	0	0.000	0.026	0.056	128.50	-40.92	0.00	-7.28
1190000	0.000	0.000	0.000	1	0	0.000	0.024	0.042	125.14	-39.86	0.00	-7.37
1200000	0.000	0.074	0.000	2	0	0.000	0.027	0.046	122.08	-40.92	-0.00	0.00
1210000	0.000	0.075	0.000	1	0	0.000	0.025	0.009	117.67	-39.86	0.00	-6.91
1220000	0.000	0.000	0.000	0	0	0.000	0.031	-0.001	118.78	-39.50	0.00	0.00
1230000	0.000	0.000	0.000	2	0	0.000	0.026	0.041	130.12	-40.92	0.00	0.25
1240000	0.000	0.002	0.000	2	0	0.000	0.030	0.024	127.80	-40.92	0.00	0.00
1250000	0.000	0.000	0.000	0	0	0.000	0.035	0.069	117.27	-39.50	0.00	0.00
1260000	0.000	0.009	0.000	1	0	0.000	0.042	0.024	119.55	-39.86	0.00	-7.73
1270000	0.000	0.001	0.000	2	0	0.000	0.036	0.036	128.47	-40.92	0.00	-7.70
1280000	0.000	0.000	0.000	0	0	0.000	0.025	0.001	119.50	-39.50	-0.00	0.00
1290000	0.000	0.008	0.000	1	0	0.000	0.045	0.014	113.29	-39.86	-0.00	0.00
1300000	0.000	1.303	0.000	2	0	0.000	0.024	-0.018	117.55	-40.92	-0.00	-0.69
1310000	0.000	0.314	0.000	3	0	0.000	0.015	0.009	110.26	-42.39	-0.00	-0.69
1320000	0.000	0.000	0.000	1	0	0.000	0.036	0.006	119.83	-39.86	0.00	-7.21
1330000	0.000	0.039	0.000	1	0	0.000	0.034	0.011	120.91	-39.86	-0.00	0.00
1340000	0.000	0.000	0.000	0	0	0.000	0.028	0.049	119.44	-39.50	0.00	-7.02
1350000	0.000	0.000	0.000	1	0	0.000	0.025	0.071	123.47	-39.86	0.00	-0.58
1360000	0.000	0.000	0.000	1	0	0.000	0.032	0.053	121.24	-39.86	-0.00	-0.69
1370000	0.000	0.014	0.000	3	0	0.000	0.028	0.032	126.29	-42.39	-0.00	-0.69
1380000	0.000	0.000	0.000	2	0	0.000	0.027	0.015	130.63	-40.92	-0.00	-0.69
1390000	0.000	0.020	0.000	2	0	0.000	0.020	0.049	124.71	-40.92	-0.00	-0.69
1400000	0.000	0.122	0.000	1	0	0.000	0.028	0.015	120.26	-39.86	0.00	-6.92
1410000	0.000	0.000	0.000	2	0	0.000	0.029	0.022	124.95	-40.92	0.00	-7.24
1420000	0.000	0.000	0.000	1	0	0.000	0.027	0.051	124.70	-39.86	0.00	-7.44
1430000	0.000	0.000	0.000	0	0	0.000	0.039	0.034	118.00	-39.50	0.00	0.00
1440000	0.000	0.000	0.000	1	0	0.000	0.030	0.043	122.04	-39.86	0.00	-0.67
1450000	0.000	0.000	0.000	0	0	0.000	0.029	0.005	119.40	-39.50	-0.00	0.00
1460000	0.000	0.001	0.000	2	0	0.000	0.037	0.011	129.18	-40.92	0.00	-7.96
1470000	0.000	0.136	0.000	2	0	0.000	0.038	-0.016	120.23	-40.92	-0.00	0.00
1480000	0.000	0.004	0.000	1	0	0.000	0.030	0.034	122.12	-39.86	0.00	-0.49
1490000	0.000	0.002	0.000	4	0	0.000	0.029	0.038	128.72	-44.14	0.00	-7.72
1500000	0.000	0.096	0.000	2	0	0.000	0.025	0.027	127.53	-40.92	-0.00	0.30
1510000	0.000	0.003	0.000	2	0	0.000	0.036	0.037	129.04	-40.92	0.00	-8.02
1520000	0.000	0.005	0.000	1	0	0.000	0.024	0.017	118.42	-39.86	0.00	-6.89
1530000	0.000	0.000	0.000	0	0	0.000	0.035	-0.012	117.10	-39.50	-0.00	0.00
1540000	0.000	0.004	0.000	2	0	0.000	0.022	0.074	114.79	-40.92	0.00	-7.22
1550000	0.000	0.004	0.000	1	0	0.000	0.025	0.053	118.95	-39.86	0.00	-7.17
1560000	0.000	0.025	0.000	2	0	0.000	0.021	-0.017	121.48	-40.92	0.00	-6.76
1570000	0.000	0.000	0.000	0	0	0.000	0.024	0.001	119.41	-39.50	0.00	-6.81
1580000	0.000	0.000	0.000	0	0	0.000	0.033	0.025	119.38	-39.50	-0.00	0.00
1590000	0.000	0.019	0.000	2	0	0.000	0.027	0.025	125.00	-40.92	-0.00	-0.69
1600000	0.000	0.001	0.000	3	0	0.000	0.030	0.024	130.47	-42.39	0.00	-7.97
1610000	0.000	0.000	0.000	0	0	0.000	0.020	0.010	118.31	-39.50	0.00	-6.61
1620000	0.000	0.000	0.000	2	0	0.000	0.027	0.050	125.24	-40.92	0.00	-7.27
1630000	0.000	0.001	0.000	1	0	0.000	0.027	0.053	124.19	-39.86	-0.00	0.00
1640000	0.000	0.000	0.000	0	0	0.000	0.020	0.063	117.01	-39.50	0.00	0.69
1650000	0.000	0.000	0.000	0	0	0.000	0.029	0.019	119.79	-39.50	-0.00	0.00
1660000	0.000	0.000	0.000	0	0	0.000	0.029	0.010	119.49	-39.50	0.00	-7.21
1670000	0.000	3.207	0.000	1	0	0.000	0.026	-0.003	114.55	-39.86	-0.00	-0.69
1680000	0.000	7.448	0.000	2	0	0.000	0.031	0.017	120.96	-40.93	0.00	0.00
1690000	0.000	0.000	0.000	0	0	0.000	0.028	0.008	119.83	-39.50	0.00	-7.07
1700000	0.000	0.000	0.000	0	0	0.000	0.027	0.019	119.07	-39.50	-0.00	0.00
1710000	0.000	0.352	0.000	1	0	0.000	0.026	0.017	120.18	-39.86	0.00	0.00
1720000	0.000	0.344	0.000	2	0	0.000	0.025	0.045	125.77	-40.92	-0.00	0.61
1730000	0.000	0.030	0.000	1	0	0.000	0.028	-0.016	119.84	-39.86	0.00	-0.44
1740000	0.000	1.790	0.000	2	0	0.000	0.027	0.039	125.47	-40.92	-0.01	-0.69
1750000	0.000	0.038	0.000	2	0	0.000	0.035	0.046	127.57	-40.92	-0.00	0.00
1760000	0.000	0.364	0.000	2	0	0.000	0.032	0.020	125.43	-40.92	0.00	-8.36
1770000	0.000	12.097	0.000	3	0	0.000	0.030	0.007	120.57	-42.40	-0.00	0.00
1780000	0.000	1.663	0.000	2	0	0.000	0.027	0.045	126.54	-40.92	-0.00	-0.69
1790000	0.000	0.006	0.000	2	0	0.000	0.031	0.004	127.57	-40.92	0.00	-7.48
1800000	0.000	0.000	0.000	0	0	0.000	0.025	0.035	119.64	-39.50	0.00	-6.79
1810000	0.000	0.312	0.000	1	0	0.000	0.023	0.011	116.00	-39.86	0.00	-6.57
1820000	0.000	0.001	0.000	2	0	0.000	0.025	0.029	120.02	-40.92	0.00	-7.09
1830000	0.000	0.001	0.000	2	0	0.000	0.034	0.030	128.16	-40.92	-0.00	0.00
1840000	0.000	0.111	0.000	2	0	0.000	0.035	0.002	123.90	-40.92	-0.00	0.11
1850000	0.000	0.000	0.000	2	0	0.000	0.035	0.013	129.37	-40.92	0.00	-8.10
1860000	0.000	0.077	0.000	1	0	0.000	0.023	-0.004	118.51	-39.86	0.00	-6.87
1870000	0.000	0.001	0.000	1	0	0.000	0.029	0.025	124.23	-39.86	0.00	-7.48
1880000	0.000	0.001	0.000	2	0	0.000	0.034	0.051	118.73	-40.92	-0.00	-0.69
1890000	0.000	5.403	0.000	1	0	0.000	0.024	0.018	117.02	-39.87	-0.00	0.69
1900000	0.000	0.000	0.000	2	0	0.000	0.032	0.048	129.76	-40.92	0.00	-0.36
1910000	0.000	0.000	0.000	1	0	0.000	0.025	0.032	119.53	-39.86	-0.00	0.00
1920000	0.000	0.000	0.000	1	0	0.000	0.045	0.021	121.30	-39.86	0.00	0.69
1930000	0.000	0.000	0.000	0	0	0.000	0.024	0.072	117.57	-39.50	0.00	-7.02
1940000	0.000	0.001	0.000	1	0	0.000	0.026	0.047	123.75	-39.86	0.00	0.69
1950000	0.000	0.661	0.000	2	0	0.000	0.035	0.026	117.68	-40.92	0.00	0.00
1960000	0.000	0.295	0.000	2	0	0.000	0.027	0.005	122.22	-40.92	0.00	-0.69
1970000	0.000	0.151	0.000	2	0	0.000	0.032	0.018	127.71	-40.92	-0.00	0.00
1980000	0.000	0.003	0.000	2	0	0.000	0.032	0.025	130.16	-40.92	-0.00	0.00
1990000	0.000	0.001	0.000	1	0	0.000	0.028	0.035	125.07	-39.86	-0.00	-0.69
2000000	0.000	0.000	0.000	0	0	0.000	0.036	-0.000	117.81	-39.50	-0.00	0.41
2010000	0.000	0.000	0.000	0	0	0.000	0.023	0.038	119.54	-39.50	-0.00	0.00
2020000	0.000	0.001	0.000	2	0	0.000	0.031	0.004	129.01	-40.92	-0.00	0.00
2030000	0.000	0.148	0.000	2	0	0.000	0.029	0.016	127.93	-40.92	0.00	-8.01
2040000	0.000	0.000	0.000	1	0	0.000	0.026	0.027	120.81	-39.86	0.00	-0.42
2050000	0.000	0.661	0.000	2	0	0.000	0.027	0.024	123.12	-40.92	0.00	-7.00
2060000	0.000	2.068	0.000	2	0	0.000	0.028	0.025	126.87	-40.92	-0.02	-0.69
2070000	0.000	0.245	0.000	2	0	0.000	0.039	0.027	126.26	-40.92	0.00	-0.18
2080000	0.000	0.000	0.000	0	0	0.000	0.028	0.023	120.05	-39.50	-0.00	0.00
2090000	0.000	0.000	0.000	1	0	0.000	0.033	0.002	124.10	-39.86	-0.00	0.00
2100000	0.000	0.000	0.000	1	0	0.000	0.023	0.004	120.07	-39.86	0.00	-6.76
2110000	0.000	0.011	0.000	2	0	0.000	0.022	0.028	127.50	-40.92	0.00	-7.39
2120000	0.000	0.001	0.000	2	0	0.000	0.027	0.034	129.29	-40.92	0.00	-7.50
2130000	0.000	0.024	0.000	2	0	0.000	0.028	0.011	128.18	-40.92	0.00	-7.49
2140000	0.000	0.004	0.000	2	0	0.000	0.024	0.001	123.66	-40.92	-0.00	0.00
2150000	0.000	0.000	0.000	2	0	0.000	0.035	0.012	129.82	-40.92	-0.00	0.30
2160000	0.000	1.143	0.000	4	0	0.000	0.031	0.004	121.01	-44.14	0.00	0.00
2170000	0.000	0.001	0.000	3	0	0.000	0.025	0.015	129.65	-42.39	0.00	0.00
2180000	0.000	0.001	0.000	2	0	0.000	0.029	0.016	128.59	-40.92	0.00	0.69
2190000	0.000	0.001	0.000	2	0	0.000	0.037	0.012	123.47	-40.92	0.00	-0.75
2200000	0.000	0.000	0.000	1	0	0.000	0.031	0.041	125.43	-39.86	0.00	0.69
2210000	0.000	0.000	0.000	0	0	0.000	0.027	0.003	119.35	-39.50	-0.00	0.00
2220000	0.000	0.000	0.000	1	0	0.000	0.019	0.040	122.88	-39.86	0.00	-7.11
2230000	0.000	0.001	0.000	2	0	0.000	0.030	0.027	130.03	-40.92	-0.00	-0.69
2240000	0.000	0.001	0.000	1	0	0.000	0.019	0.032	120.31	-39.86	-0.00	-0.69
2250000	0.000	0.809	0.000	2	0	0.000	0.037	0.058	122.71	-40.92	0.00	0.69
2260000	0.000	0.979	0.000	2	0	0.000	0.035	0.023	126.35	-40.92	0.00	-0.26
2270000	0.000	0.000	0.000	0	0	0.000	0.026	0.010	119.70	-39.50	0.00	-6.81
2280000	0.000	0.000	0.000	1	0	0.000	0.028	-0.017	118.84	-39.86	-0.01	0.00
2290000	0.000	0.054	0.000	2	0	0.000	0.032	0.023	127.98	-40.92	0.00	-7.75
2300000	0.000	0.080	0.000	2	0	0.000	0.035	0.035	124.93	-40.92	0.00	0.69
2310000	0.000	0.276	0.000	2	0	0.000	0.035	0.041	126.01	-40.92	-0.00	-0.69
2320000	0.000	0.001	0.000	2	0	0.000	0.029	0.026	130.57	-40.92	0.00	0.69
2330000	0.000	0.000	0.000	0	0	0.000	0.037	0.013	118.74	-39.50	-0.00	0.00
2340000	0.000	0.000	0.000	0	0	0.000	0.034	0.007	119.16	-39.50	0.00	0.00
2350000	0.000	0.001	0.000	1	0	0.000	0.025	0.001	123.04	-39.86	0.00	-7.11
2360000	0.000	0.000	0.000	0	0	0.000	0.024	0.051	119.16	-39.50	0.00	0.00
2370000	0.000	0.000	0.000	0	0	0.000	0.029	-0.014	118.40	-39.50	0.00	0.00
2380000	0.000	0.025	0.000	2	0	0.000	0.022	0.069	121.77	-40.92	0.00	-7.36
2390000	0.000	0.001	0.000	1	0	0.000	0.021	0.046	122.47	-39.86	0.00	0.69
2400000	0.000	0.000	0.000	0	0	0.000	0.020	-0.032	116.79	-39.50	0.00	-6.79
2410000	0.000	0.000	0.000	0	0	0.000	0.025	0.045	118.40	-39.50	0.00	-6.58
2420000	0.000	0.000	0.000	1	0	0.000	0.027	0.063	121.37	-39.86	0.00	0.00
2430000	0.000	0.000	0.000	1	0	0.000	0.023	0.015	124.70	-39.86	-0.00	0.62
2440000	0.000	0.000	0.000	1	0	0.000	0.024	0.013	123.70	-39.86	-0.00	0.00
2450000	0.000	0.000	0.000	2	0	0.000	0.030	0.052	130.11	-40.92	0.00	-7.80
2460000	0.000	0.000	0.000	0	0	0.000	0.035	0.073	116.91	-39.50	0.00	-7.08
2470000	0.000	0.000	0.000	0	0	0.000	0.030	0.022	119.89	-39.50	0.00	-7.13
2480000	0.000	0.000	0.000	0	0	0.000	0.028	0.020	119.17	-39.50	0.00	-6.70
2490000	0.000	0.010	0.000	1	0	0.000	0.029	0.052	119.34	-39.86	0.00	0.69
2500000	0.000	0.000	0.000	0	0	0.000	0.031	0.005	119.04	-39.50	0.00	0.00
2510000	0.000	0.000	0.000	0	0	0.000	0.018	0.046	117.36	-39.50	-0.00	0.00
2520000	0.000	0.007	0.000	2	0	0.000	0.032	0.030	127.94	-40.92	-0.00	0.00
2530000	0.000	0.000	0.000	1	0	0.000	0.028	0.071	123.56	-39.86	-0.00	0.00
2540000	0.000	0.000	0.000	0	0	0.000	0.022	0.015	119.01	-39.50	-0.00	0.00
2550000	0.000	0.000	0.000	1	0	0.000	0.028	0.036	124.54	-39.86	0.00	0.69
2560000	0.000	0.072	0.000	2	0	0.000	0.027	0.014	127.06	-40.92	0.00	0.69
2570000	0.000	0.020	0.000	1	0	0.000	0.039	-0.019	118.04	-39.86	-0.00	-0.69
2580000	0.000	0.005	0.000	2	0	0.000	0.031	0.051	127.96	-40.92	0.00	-0.46
2590000	0.000	0.341	0.000	2	0	0.000	0.032	0.008	127.09	-40.92	0.00	-7.88
2600000	0.000	0.467	0.000	1	0	0.000	0.031	0.038	119.43	-39.86	0.00	-7.06
2610000	0.000	0.000	0.000	1	0	0.000	0.021	0.020	117.87	-39.86	0.00	0.69
2620000	0.000	0.000	0.000	0	0	0.000	0.023	0.013	119.39	-39.50	-0.00	0.00
2630000	0.000	0.001	0.000	1	0	0.000	0.030	0.008	119.09	-39.86	0.00	-7.01
2640000	0.000	0.067	0.000	2	0	0.000	0.027	0.024	127.25	-40.92	-0.00	0.00
2650000	0.000	0.000	0.000	0	0	0.000	0.027	-0.022	118.42	-39.50	-0.00	0.00
2660000	0.000	0.001	0.000	1	0	0.000	0.029	0.047	124.24	-39.86	0.00	-7.24
2670000	0.000	0.001	0.000	1	0	0.000	0.028	0.065	122.95	-39.86	-0.00	0.00
2680000	0.000	0.000	0.000	0	0	0.000	0.032	0.038	119.37	-39.50	0.00	0.00
2690000	0.000	0.000	0.000	1	0	0.000	0.034	0.045	124.74	-39.86	-0.00	0.00
2700000	0.000	0.000	0.000	0	0	0.000	0.022	0.031	119.43	-39.50	-0.00	0.00
2710000	0.000	0.000	0.000	0	0	0.000	0.030	0.008	119.41	-39.50	0.00	-6.83
2720000	0.000	0.000	0.000	0	0	0.000	0.029	0.052	119.08	-39.50	0.00	0.00
2730000	0.000	0.000	0.000	0	0	0.000	0.028	0.021	120.04	-39.50	0.00	-6.97
2740000	0.000	0.000	0.000	0	0	0.000	0.037	0.083	115.52	-39.50	0.00	-7.04
2750000	0.000	0.000	0.000	1	0	0.000	0.038	0.042	123.16	-39.86	0.00	0.69
2760000	0.000	0.000	0.000	1	0	0.000	0.025	0.055	124.58	-39.86	-0.00	0.00
2770000	0.000	0.000	0.000	0	0	0.000	0.020	0.070	117.29	-39.50	0.00	-6.67
2780000	0.000	0.001	0.000	1	0	0.000	0.028	0.048	124.17	-39.86	0.00	-0.16
2790000	0.000	0.023	0.000	1	0	0.000	0.026	-0.001	117.77	-39.86	-0.00	-0.69
2800000	0.000	0.001	0.000	3	0	0.000	0.025	0.005	128.34	-42.39	0.00	-7.29
2810000	0.000	0.002	0.000	2	0	0.000	0.030	0.045	128.81	-40.92	-0.00	0.00
2820000	0.000	0.027	0.000	2	0	0.000	0.029	0.005	127.58	-40.92	-0.00	0.00
2830000	0.000	0.018	0.000	1	0	0.000	0.034	0.025	120.75	-39.86	-0.00	-0.69
2840000	0.000	0.005	0.000	1	0	0.000	0.023	0.040	120.56	-39.86	-0.00	-0.69
2850000	0.000	0.322	0.000	2	0	0.000	0.019	0.012	123.67	-40.92	0.00	-7.17
2860000	0.000	0.000	0.000	1	0	0.000	0.030	0.055	124.41	-39.86	-0.00	0.00
2870000	0.000	0.000	0.000	1	0	0.000	0.028	0.043	125.17	-39.86	0.00	-7.24
2880000	0.000	0.028	0.000	1	0	0.000	0.025	-0.016	117.94	-39.86	0.00	-6.75
2890000	0.000	0.662	0.000	1	0	0.000	0.027	-0.073	109.92	-39.86	0.00	-7.04
2900000	0.000	1.629	0.000	2	0	0.000	0.040	0.035	118.13	-40.92	-0.00	0.00
2910000	0.000	1.334	0.000	1	0	0.000	0.027	0.028	114.33	-39.86	-0.00	0.00
2920000	0.000	0.004	0.000	1	0	0.000	0.033	0.013	118.15	-39.86	0.00	-0.06
2930000	0.000	0.000	0.000	1	0	0.000	0.033	0.027	125.35	-39.86	-0.00	0.00
2940000	0.000	0.000	0.000	1	0	0.000	0.022	0.043	120.91	-39.86	-0.00	-0.69
2950000	0.000	0.000	0.000	1	0	0.000	0.027	0.048	124.80	-39.86	0.00	-0.65
2960000	0.000	0.000	0.000	0	0	0.000	0.032	0.017	118.99	-39.50	0.00	0.00
2970000	0.000	0.000	0.000	1	0	0.000	0.037	0.068	122.41	-39.86	-0.00	0.00
2980000	0.000	0.020	0.000	1	0	0.000	0.032	0.066	117.70	-39.86	-0.00	-0.69
2990000	0.000	0.000	0.000	0	0	0.000	0.026	0.019	119.89	-39.50	0.00	-6.85
3000000	0.000	3.001	0.000	3	0	0.000	0.030	0.057	123.71	-42.39	0.00	-8.26
3010000	0.000	1.176	0.000	2	0	0.000	0.029	0.048	122.39	-40.92	0.00	0.00
3020000	0.000	0.047	0.000	4	0	0.000	0.027	-0.010	127.24	-44.14	-0.00	-0.69
3030000	0.000	0.009	0.000	2	0	0.000	0.036	-0.014	119.59	-40.92	-0.00	0.00
3040000	0.000	0.001	0.000	1	0	0.000	0.036	0.020	121.91	-39.86	0.00	0.00
3050000	0.000	0.808	0.000	1	0	0.000	0.035	-0.018	110.75	-39.86	0.00	-6.51
3060000	0.000	8.862	0.000	2	0	0.000	0.025	-0.007	114.73	-40.93	0.00	-6.86
3070000	0.000	0.000	0.000	0	0	0.000	0.026	0.056	119.13	-39.50	0.00	0.00
3080000	0.000	0.000	0.000	1	0	0.000	0.034	0.048	124.61	-39.86	0.00	-7.52
3090000	0.000	0.000	0.000	2	0	0.000	0.033	0.026	130.44	-40.92	-0.00	0.00
3100000	0.000	0.000	0.000	0	0	0.000	0.029	0.036	119.84	-39.50	0.00	-0.35
3110000	0.000	0.064	0.000	1	0	0.000	0.036	-0.010	119.34	-39.86	-0.00	0.00
3120000	0.000	0.001	0.000	2	0	0.000	0.028	0.025	126.94	-40.92	-0.00	0.00
3130000	0.000	0.000	0.000	0	0	0.000	0.035	0.013	119.17	-39.50	-0.00	0.00
3140000	0.000	0.046	0.000	2	0	0.000	0.029	0.064	125.85	-40.92	-0.00	0.18
3150000	0.000	0.031	0.000	2	0	0.000	0.023	-0.002	118.36	-40.92	0.00	-7.47
3160000	0.000	0.000	0.000	0	0	0.000	0.025	0.018	118.64	-39.50	-0.00	0.00
3170000	0.000	0.000	0.000	1	0	0.000	0.032	0.029	125.22	-39.86	0.00	0.00
3180000	0.000	0.001	0.000	2	0	0.000	0.023	0.073	126.45	-40.92	-0.00	0.00
3190000	0.000	1.099	0.000	2	0	0.000	0.031	0.018	126.86	-40.92	-0.00	-0.69
3200000	0.000	0.000	0.000	0	0	0.000	0.031	0.050	118.92	-39.50	0.00	0.11
3210000	0.000	0.000	0.000	0	0	0.000	0.030	0.017	119.13	-39.50	-0.00	0.00
3220000	0.000	0.001	0.000	1	0	0.000	0.034	0.028	123.19	-39.86	-0.00	0.00
3230000	0.000	0.000	0.000	1	0	0.000	0.029	0.013	125.29	-39.86	-0.00	0.55
3240000	0.000	0.006	0.000	2	0	0.000	0.027	0.005	128.10	-40.92	0.00	0.69
3250000	0.000	0.014	0.000	1	0	0.000	0.030	0.040	121.46	-39.86	-0.00	0.25
3260000	0.000	0.027	0.000	2	0	0.000	0.029	0.010	125.43	-40.92	-0.00	-0.69
3270000	0.000	0.019	0.000	2	0	0.000	0.033	0.026	120.95	-40.92	-0.00	0.00
3280000	0.000	0.002	0.000	2	0	0.000	0.027	0.020	122.61	-40.92	-0.00	0.00
3290000	0.000	0.002	0.000	2	0	0.000	0.032	0.013	129.38	-40.92	-0.00	0.37
3300000	0.000	0.000	0.000	1	0	0.000	0.028	-0.036	116.56	-39.86	-0.01	0.00
3310000	0.000	0.001	0.000	1	0	0.000	0.022	0.042	123.24	-39.86	0.00	-7.08
3320000	0.000	0.000	0.000	1	0	0.000	0.030	0.017	124.95	-39.86	0.00	-0.49
3330000	0.000	0.000	0.000	0	0	0.000	0.034	0.033	119.17	-39.50	0.00	-7.24
3340000	0.000	0.000	0.000	1	0	0.000	0.032	0.006	124.14	-39.86	-0.00	-0.69
3350000	0.000	0.010	0.000	2	0	0.000	0.035	0.026	126.50	-40.92	0.00	0.00
3360000	0.000	0.000	0.000	0	0	0.000	0.029	0.084	117.01	-39.50	-0.00	0.00
3370000	0.000	0.000	0.000	0	0	0.000	0.023	0.003	119.39	-39.50	0.00	-6.93
3380000	0.000	0.001	0.000	1	0	0.000	0.023	0.040	123.13	-39.86	0.00	0.69
3390000	0.000	0.000	0.000	0	0	0.000	0.028	0.043	119.67	-39.50	0.00	-6.93
3400000	0.000	0.000	0.000	0	0	0.000	0.027	0.033	118.57	-39.50	0.00	-6.60
3410000	0.000	0.000	0.000	0	0	0.000	0.026	0.037	119.81	-39.50	0.00	0.00
3420000	0.000	0.000	0.000	1	0	0.000	0.022	0.032	123.46	-39.86	0.00	0.69
3430000	0.000	0.000	0.000	0	0	0.000	0.027	0.006	118.96	-39.50	0.00	0.00
3440000	0.000	0.000	0.000	0	0	0.000	0.032	0.040	119.25	-39.50	0.00	-0.71
3450000	0.000	0.072	0.000	1	0	0.000	0.021	0.005	119.38	-39.86	-0.00	-0.69
3460000	0.000	0.782	0.000	1	0	0.000	0.017	0.012	117.73	-39.86	0.00	-6.92
3470000	0.000	0.018	0.000	2	0	0.000	0.018	0.040	122.94	-40.92	0.00	0.69
3480000	0.000	0.030	0.000	2	0	0.000	0.035	0.028	126.12	-40.92	0.00	-8.77
3490000	0.000	0.102	0.000	2	0	0.000	0.038	0.054	124.79	-40.92	-0.00	-0.69
3500000	0.000	0.000	0.000	2	0	0.000	0.029	0.041	130.47	-40.92	-0.00	0.00
3510000	0.000	0.469	0.000	2	0	0.000	0.033	0.009	121.22	-40.92	0.00	-7.87
3520000	0.000	0.183	0.000	3	0	0.000	0.031	0.050	125.70	-42.39	-0.00	-0.69
3530000	0.000	0.000	0.000	1	0	0.000	0.029	0.045	121.65	-39.86	-0.00	-0.69
3540000	0.000	0.531	0.000	2	0	0.000	0.035	0.032	126.28	-40.92	0.00	-11.77
3550000	0.000	1.448	0.000	2	0	0.000	0.040	-0.023	119.89	-40.92	0.00	0.69
3560000	0.000	0.005	0.000	1	0	0.000	0.031	0.028	122.18	-39.86	0.00	-7.17
3570000	0.000	0.001	0.000	2	0	0.000	0.029	0.023	122.61	-40.92	-0.00	-0.69
3580000	0.000	0.000	0.000	0	0	0.000	0.027	0.031	119.24	-39.50	0.00	-6.70
3590000	0.000	19.948	0.000	1	0	0.000	0.033	0.010	113.36	-39.88	-0.00	0.00
3600000	0.000	6.765	0.000	3	0	0.000	0.022	0.057	122.70	-42.39	-0.00	0.00
3610000	0.000	0.000	0.000	1	0	0.000	0.024	0.006	121.13	-39.86	0.00	-7.33
3620000	0.000	0.000	0.000	1	0	0.000	0.034	0.040	123.50	-39.86	0.00	-7.15
3630000	0.000	0.000	0.000	1	0	0.000	0.030	0.009	124.50	-39.86	0.00	-7.63
3640000	0.000	0.001	0.000	1	0	0.000	0.037	0.055	120.02	-39.86	-0.01	0.00
3650000	0.000	0.000	0.000	1	0	0.000	0.034	0.032	125.35	-39.86	-0.00	-0.69
3660000	0.000	0.000	0.000	0	0	0.000	0.029	0.030	119.72	-39.50	-0.00	0.00
3670000	0.000	0.000	0.000	0	0	0.000	0.032	0.021	118.96	-39.50	-0.00	0.00
3680000	0.000	0.000	0.000	0	0	0.000	0.027	0.034	119.95	-39.50	-0.00	0.00
3690000	0.000	0.000	0.000	1	0	0.000	0.034	0.015	120.64	-39.86	0.00	-7.03
3700000	0.000	0.001	0.000	2	0	0.000	0.029	0.049	129.82	-40.92	-0.00	0.00
3710000	0.000	0.001	0.000	2	0	0.000	0.028	0.017	129.51	-40.92	-0.00	0.00
3720000	0.000	0.266	0.000	2	0	0.000	0.026	0.037	127.03	-40.92	-0.00	0.00
3730000	0.000	0.000	0.000	3	0	0.000	0.026	0.050	128.55	-42.39	-0.00	-0.69
3740000	0.000	0.027	0.000	1	0	0.000	0.032	-0.018	119.71	-39.86	0.00	-0.21
3750000	0.000	0.000	0.000	0	0	0.000	0.025	0.056	118.44	-39.50	0.00	0.00
3760000	0.000	0.005	0.000	2	0	0.000	0.023	0.025	127.74	-40.92	0.00	-7.98
3770000	0.000	0.001	0.000	2	0	0.000	0.030	0.035	130.33	-40.92	0.00	-0.59
3780000	0.000	0.656	0.000	3	0	0.000	0.025	0.033	125.17	-42.39	0.00	0.69
3790000	0.000	0.000	0.000	0	0	0.000	0.029	-0.026	117.39	-39.50	0.00	-7.19
3800000	0.000	0.000	0.000	1	0	0.000	0.020	0.063	122.35	-39.86	-0.00	0.00
3810000	0.000	0.000	0.000	1	0	0.000	0.028	0.024	125.32	-39.86	-0.00	-0.69
3820000	0.000	0.000	0.000	1	0	0.000	0.031	0.034	124.47	-39.86	-0.00	0.41
3830000	0.000	0.000	0.000	0	0	0.000	0.031	-0.001	119.39	-39.50	0.00	0.00
3840000	0.000	0.000	0.000	0	0	0.000	0.023	0.050	119.10	-39.50	0.00	-6.77
3850000	0.000	0.000	0.000	0	0	0.000	0.022	0.022	119.22	-39.50	0.00	0.00
3860000	0.000	0.000	0.000	1	0	0.000	0.043	0.025	122.87	-39.86	-0.00	0.00
3870000	0.000	0.006	0.000	2	0	0.000	0.024	0.016	128.44	-40.92	0.00	-0.51
3880000	0.000	0.000	0.000	0	0	0.000	0.028	0.015	119.40	-39.50	0.00	-6.75
3890000	0.000	0.000	0.000	0	0	0.000	0.029	0.032	119.78	-39.50	0.00	-6.90
3900000	0.000	0.001	0.000	1	0	0.000	0.037	0.020	123.22	-39.86	-0.00	0.00
3910000	0.000	0.000	0.000	0	0	0.000	0.029	0.021	120.04	-39.50	0.00	0.00
3920000	0.000	0.000	0.000	0	0	0.000	0.033	0.026	119.46	-39.50	0.00	0.00
3930000	0.000	0.000	0.000	2	0	0.000	0.030	0.034	122.42	-40.92	-0.00	0.00
3940000	0.000	0.000	0.000	1	0	0.000	0.022	0.006	116.78	-39.86	0.00	-7.89
3950000	0.000	0.009	0.000	1	0	0.000	0.027	0.031	120.08	-39.86	0.00	-0.38
3960000	0.000	0.243	0.000	1	0	0.000	0.029	0.043	115.72	-39.86	-0.00	-0.69
3970000	0.000	0.001	0.000	1	0	0.000	0.024	0.043	122.30	-39.86	0.00	-6.93
3980000	0.000	0.020	0.000	2	0	0.000	0.024	0.029	127.70	-40.92	-0.00	0.00
3990000	0.000	0.000	0.000	0	0	0.000	0.036	0.028	118.87	-39.50	0.00	0.00
4000000	0.000	0.000	0.000	0	0	0.000	0.032	-0.003	118.78	-39.50	0.00	0.00
4010000	0.000	0.000	0.000	0	0	0.000	0.033	-0.010	118.63	-39.50	0.00	-7.02
4020000	0.000	0.000	0.000	1	0	0.000	0.042	0.007	121.15	-39.86	-0.00	0.00
4030000	0.000	0.001	0.000	1	0	0.000	0.029	-0.008	122.22	-39.86	0.00	-7.04
4040000	0.000	0.001	0.000	2	0	0.000	0.034	0.050	126.54	-40.92	-0.00	0.56
4050000	0.000	0.122	0.000	1	0	0.000	0.030	0.012	120.10	-39.86	0.00	-0.27
4060000	0.000	0.000	0.000	1	0	0.000	0.033	0.051	124.76	-39.86	0.00	0.00
4070000	0.000	0.001	0.000	1	0	0.000	0.026	0.005	122.72	-39.86	0.00	-6.96
4080000	0.000	0.080	0.000	1	0	0.000	0.017	0.071	116.44	-39.86	-0.00	-0.69
4090000	0.000	0.008	0.000	2	0	0.000	0.023	0.041	127.23	-40.92	0.00	-0.19
4100000	0.000	0.000	0.000	0	0	0.000	0.021	0.004	118.92	-39.50	-0.00	0.00
4110000	0.000	0.000	0.000	2	0	0.000	0.017	0.003	124.19	-40.92	0.00	-0.56
4120000	0.000	0.000	0.000	0	0	0.000	0.023	0.018	119.37	-39.50	-0.00	0.00
4130000	0.000	0.000	0.000	0	0	0.000	0.046	0.041	116.00	-39.50	0.00	-7.26
4140000	0.000	0.000	0.000	1	0	0.000	0.028	-0.005	121.11	-39.86	-0.00	0.00
4150000	0.000	0.000	0.000	1	0	0.000	0.028	0.021	125.17	-39.86	0.00	-12.35
4160000	0.000	0.000	0.000	1	0	0.000	0.034	-0.002	122.50	-39.86	0.00	-7.06
4170000	0.000	0.010	0.000	1	0	0.000	0.019	-0.031	114.21	-39.86	-0.00	0.18
4180000	0.000	0.009	0.000	2	0	0.000	0.029	-0.014	123.88	-40.92	-0.00	-0.69
4190000	0.000	0.121	0.000	2	0	0.000	0.031	0.044	127.42	-40.92	0.00	0.69
4200000	0.000	0.008	0.000	2	0	0.000	0.031	0.023	128.36	-40.92	0.00	0.04
4210000	0.000	1.101	0.000	1	0	0.000	0.030	0.043	119.16	-39.86	0.00	-7.14
4220000	0.000	0.187	0.000	1	0	0.000	0.032	0.012	119.03	-39.86	-0.00	0.47
4230000	0.000	0.004	0.000	2	0	0.000	0.032	0.027	129.69	-40.92	-0.00	0.52
4240000	0.000	0.000	0.000	0	0	0.000	0.036	-0.012	117.99	-39.50	0.00	-7.07
4250000	0.000	0.000	0.000	0	0	0.000	0.033	0.008	117.97	-39.50	-0.00	0.00
4260000	0.000	0.002	0.000	1	0	0.000	0.022	0.075	118.33	-39.86	0.00	-6.64
4270000	0.000	0.000	0.000	0	0	0.000	0.021	-0.003	117.93	-39.50	0.00	0.00
4280000	0.000	0.000	0.000	1	0	0.000	0.024	0.018	124.57	-39.86	-0.00	-0.69
4290000	0.000	0.001	0.000	2	0	0.000	0.031	0.029	127.45	-40.92	0.00	-7.75
4300000	0.000	0.000	0.000	0	0	0.000	0.031	0.010	119.21	-39.50	0.00	-6.80
4310000	0.000	0.000	0.000	0	0	0.000	0.028	0.039	117.09	-39.50	-0.00	0.00
4320000	0.000	0.000	0.000	0	0	0.000	0.038	0.015	118.47	-39.50	-0.00	0.00
4330000	0.000	0.000	0.000	2	0	0.000	0.019	0.061	121.84	-40.92	-0.00	0.00
4340000	0.000	0.000	0.000	1	0	0.000	0.030	0.054	120.87	-39.86	0.00	-6.98
4350000	0.000	0.000	0.000	2	0	0.000	0.027	0.020	130.46	-40.92	0.00	-7.89
4360000	0.000	0.001	0.000	1	0	0.000	0.031	0.011	124.52	-39.86	0.00	-10.61
4370000	0.000	0.000	0.000	2	0	0.000	0.021	-0.001	127.39	-40.92	0.00	-0.12
4380000	0.000	0.000	0.000	1	0	0.000	0.033	0.019	120.82	-39.86	0.00	0.00
4390000	0.000	0.105	0.000	1	0	0.000	0.027	0.004	119.47	-39.86	0.00	-7.05
4400000	0.000	0.383	0.000	3	0	0.000	0.024	0.007	125.19	-42.39	-0.00	0.00
4410000	0.000	3.838	0.000	2	0	0.000	0.029	-0.002	119.43	-40.92	0.00	0.02
4420000	0.000	0.001	0.000	3	0	0.000	0.033	0.043	126.33	-42.39	-0.00	0.00
4430000	0.000	0.000	0.000	1	0	0.000	0.031	0.016	124.71	-39.86	0.00	-7.22
4440000	0.000	0.001	0.000	1	0	0.000	0.028	0.020	124.22	-39.86	-0.00	-0.69
4450000	0.000	0.000	0.000	0	0	0.000	0.023	0.019	119.68	-39.50	0.00	-6.82
4460000	0.000	0.000	0.000	1	0	0.000	0.024	0.025	124.42	-39.86	0.00	0.00
4470000	0.000	0.196	0.000	2	0	0.000	0.033	0.057	124.81	-40.92	0.00	-0.10
4480000	0.000	0.141	0.000	2	0	0.000	0.030	0.038	127.79	-40.92	-0.00	-0.69
4490000	0.000	0.449	0.000	2	0	0.000	0.029	0.020	126.70	-40.92	0.00	-7.41
4500000	0.000	0.603	0.000	2	0	0.000	0.029	0.042	124.61	-40.92	-0.00	0.00
4510000	0.000	0.001	0.000	2	0	0.000	0.035	0.015	127.46	-40.92	-0.00	0.00
4520000	0.000	0.000	0.000	2	0	0.000	0.025	-0.008	122.66	-40.92	-0.00	-0.69
4530000	0.000	2.757	0.000	2	0	0.000	0.039	0.059	122.13	-40.92	0.00	-8.28
4540000	0.000	0.195	0.000	2	0	0.000	0.040	0.022	124.43	-40.92	-0.00	0.00
4550000	0.000	0.346	0.000	2	0	0.000	0.034	-0.024	117.59	-40.92	0.00	-0.12
4560000	0.000	0.131	0.000	2	0	0.000	0.030	0.040	119.55	-40.92	0.00	0.00
4570000	0.000	0.029	0.000	2	0	0.000	0.029	0.015	124.05	-40.92	0.00	-7.94
4580000	0.000	0.002	0.000	1	0	0.000	0.019	-0.051	116.80	-39.86	0.00	0.00
4590000	0.000	0.000	0.000	2	0	0.000	0.026	0.018	130.66	-40.92	0.00	-7.72
4600000	0.000	0.000	0.000	1	0	0.000	0.018	0.026	117.79	-39.86	0.00	-6.85
4610000	0.000	0.007	0.000	2	0	0.000	0.028	0.050	123.02	-40.92	-0.00	-0.69
4620000	0.000	0.000	0.000	0	0	0.000	0.031	-0.001	119.35	-39.50	-0.00	0.00
4630000	0.000	0.000	0.000	1	0	0.000	0.036	-0.003	117.57	-39.86	0.00	0.00
4640000	0.000	0.001	0.000	2	0	0.000	0.032	0.011	129.19	-40.92	-0.00	0.00
4650000	0.000	0.040	0.000	2	0	0.000	0.021	0.009	126.12	-40.92	-0.00	0.04
4660000	0.000	0.004	0.000	3	0	0.000	0.030	0.030	130.47	-42.39	0.00	-7.80
4670000	0.000	0.000	0.000	1	0	0.000	0.020	0.016	123.40	-39.86	-0.01	0.00
4680000	0.000	0.000	0.000	0	0	0.000	0.027	0.013	119.38	-39.50	0.00	-6.73
4690000	0.000	0.256	0.000	1	0	0.000	0.016	0.041	116.05	-39.86	0.00	0.00
4700000	0.000	0.019	0.000	1	0	0.000	0.039	0.054	116.43	-39.86	-0.00	-0.69
4710000	0.000	0.010	0.000	1	0	0.000	0.025	0.023	119.78	-39.86	-0.00	0.00
4720000	0.000	0.314	0.000	1	0	0.000	0.022	0.024	117.88	-39.86	0.00	-6.76
4730000	0.000	0.112	0.000	2	0	0.000	0.037	0.035	117.35	-40.92	0.00	-7.74
4740000	0.000	0.388	0.000	3	0	0.000	0.030	0.021	127.08	-42.39	0.00	-7.72
4750000	0.000	0.337	0.000	2	0	0.000	0.028	0.008	118.92	-40.92	-0.00	0.00
4760000	0.000	0.000	0.000	1	0	0.000	0.028	-0.008	122.80	-39.86	-0.00	0.00
4770000	0.000	0.000	0.000	1	0	0.000	0.033	0.055	123.61	-39.86	-0.00	0.00
4780000	0.000	0.029	0.000	2	0	0.000	0.025	0.033	127.64	-40.92	0.00	0.00
4790000	0.000	0.002	0.000	2	0	0.000	0.020	0.042	125.73	-40.92	-0.00	-0.69
4800000	0.000	0.559	0.000	1	0	0.000	0.030	0.046	119.31	-39.86	0.00	-7.10
4810000	0.000	0.139	0.000	4	0	0.000	0.036	0.042	125.04	-44.14	0.00	-7.86
4820000	0.000	0.138	0.000	2	0	0.000	0.021	0.071	121.54	-40.92	-0.00	0.13
4830000	0.000	0.000	0.000	0	0	0.000	0.035	0.030	118.53	-39.50	0.00	-7.44
4840000	0.000	0.000	0.000	0	0	0.000	0.031	0.006	118.63	-39.50	0.00	-7.38
4850000	0.000	0.001	0.000	1	0	0.000	0.028	0.029	124.86	-39.86	0.00	-7.50
4860000	0.000	0.277	0.000	1	0	0.000	0.033	-0.031	116.01	-39.86	0.00	0.00
4870000	0.000	0.083	0.000	1	0	0.000	0.032	0.045	117.43	-39.86	-0.00	0.30
4880000	0.000	0.000	0.000	0	0	0.000	0.029	0.016	119.30	-39.50	0.00	-7.28
4890000	0.000	0.000	0.000	2	0	0.000	0.026	0.013	129.80	-40.92	0.00	0.00
4900000	0.000	0.000	0.000	2	0	0.000	0.033	0.019	130.62	-40.92	0.00	0.00
4910000	0.000	0.001	0.000	2	0	0.000	0.033	0.013	125.58	-40.92	-0.00	0.00
4920000	0.000	0.008	0.000	2	0	0.000	0.036	0.046	127.40	-40.92	0.00	-8.02
4930000	0.000	0.001	0.000	2	0	0.000	0.026	0.006	126.95	-40.92	0.00	0.00
4940000	0.000	0.000	0.000	2	0	0.000	0.034	0.004	122.31	-40.92	0.00	0.00
4950000	0.000	0.000	0.000	2	0	0.000	0.026	0.005	129.11	-40.92	-0.00	0.00
4960000	0.000	0.000	0.000	0	0	0.000	0.030	-0.001	117.34	-39.50	-0.00	0.00
4970000	0.000	0.000	0.000	0	0	0.000	0.030	-0.025	118.10	-39.50	-0.00	0.00
4980000	0.000	0.002	0.000	2	0	0.000	0.032	0.003	126.55	-40.92	0.00	0.00
4990000	0.000	0.159	0.000	2	0	0.000	0.038	0.045	126.01	-40.92	0.00	-0.39
5000000	0.000	0.000	0.000	0	0	0.000	0.030	0.017	119.53	-39.50	0.00	0.00
5010000	0.000	0.000	0.000	2	0	0.000	0.025	0.037	130.24	-40.92	-0.00	0.00
5020000	0.000	0.000	0.000	0	0	0.000	0.025	0.021	118.73	-39.50	0.00	-7.26
5030000	0.000	0.877	0.000	2	0	0.000	0.021	0.060	123.93	-40.92	-0.00	0.00
5040000	0.000	0.002	0.000	2	0	0.000	0.030	0.018	130.27	-40.92	-0.00	0.00
5050000	0.000	0.000	0.000	0	0	0.000	0.026	0.016	119.20	-39.50	0.00	-6.68
5060000	0.000	0.000	0.000	1	0	0.000	0.026	0.014	123.59	-39.86	0.00	-6.93
5070000	0.000	0.000	0.000	0	0	0.000	0.031	0.038	118.25	-39.50	0.00	-6.67
5080000	0.000	0.000	0.000	1	0	0.000	0.024	0.039	124.68	-39.86	0.00	-0.31
5090000	0.000	0.000	0.000	0	0	0.000	0.021	0.012	119.03	-39.50	0.00	-6.78
5100000	0.000	0.000	0.000	1	0	0.000	0.035	0.009	124.49	-39.86	0.00	0.00
5110000	0.000	0.044	0.000	2	0	0.000	0.034	0.046	127.30	-40.92	0.00	0.00
5120000	0.000	0.000	0.000	1	0	0.000	0.033	0.012	121.98	-39.86	-0.00	-0.69
5130000	0.000	0.157	0.000	1	0	0.000	0.032	0.035	120.25	-39.86	-0.00	-0.69
5140000	0.000	1.092	0.000	1	0	0.000	0.027	0.030	119.47	-39.86	0.00	0.00
5150000	0.000	0.056	0.000	2	0	0.000	0.033	0.031	128.48	-40.92	0.00	-0.60
5160000	0.000	0.000	0.000	0	0	0.000	0.032	0.035	119.58	-39.50	-0.00	0.00
5170000	0.000	0.813	0.000	2	0	0.000	0.027	0.030	121.05	-40.92	-0.00	0.00
5180000	0.000	0.000	0.000	2	0	0.000	0.027	0.007	130.10	-40.92	-0.00	-0.69
5190000	0.000	0.001	0.000	2	0	0.000	0.030	0.033	130.35	-40.92	-0.00	0.00
5200000	0.000	0.000	0.000	1	0	0.000	0.027	0.024	124.53	-39.86	-0.00	0.00
5210000	0.000	0.000	0.000	1	0	0.000	0.033	0.011	118.35	-39.86	0.00	0.69
5220000	0.000	0.010	0.000	2	0	0.000	0.027	0.008	129.05	-40.92	0.00	-7.73
5230000	0.000	0.048	0.000	2	0	0.000	0.025	0.029	123.98	-40.92	-0.00	-0.69
5240000	0.000	0.003	0.000	2	0	0.000	0.029	0.027	130.01	-40.92	-0.00	-0.69
5250000	0.000	2.312	0.000	1	0	0.000	0.029	0.038	118.99	-39.86	0.00	-7.33
5260000	0.000	0.001	0.000	1	0	0.000	0.028	0.028	123.31	-39.86	0.00	-7.26
5270000	0.000	0.008	0.000	2	0	0.000	0.031	0.054	128.46	-40.92	0.00	0.00
5280000	0.000	0.000	0.000	0	0	0.000	0.024	0.019	119.19	-39.50	-0.00	0.00
5290000	0.000	0.000	0.000	1	0	0.000	0.029	0.012	125.25	-39.86	0.00	-7.47
5300000	0.000	0.189	0.000	2	0	0.000	0.026	0.010	119.28	-40.92	-0.00	0.00
5310000	0.000	2.178	0.000	1	0	0.000	0.029	0.025	116.37	-39.86	-0.00	0.40
5320000	0.000	6.799	0.000	1	0	0.000	0.017	0.048	111.52	-39.87	0.00	-6.41
5330000	0.000	0.004	0.000	1	0	0.000	0.024	-0.018	117.18	-39.86	-0.00	0.00
5340000	0.000	0.026	0.000	2	0	0.000	0.030	0.021	124.88	-40.92	0.00	0.00
5350000	0.000	0.000	0.000	0	0	0.000	0.036	0.038	118.76	-39.50	-0.00	0.00
5360000	0.000	0.001	0.000	3	0	0.000	0.031	0.029	130.37	-42.39	-0.00	-0.69
5370000	0.000	0.000	0.000	2	0	0.000	0.037	0.030	128.87	-40.92	-0.00	-0.69
5380000	0.000	0.000	0.000	0	0	0.000	0.033	0.022	119.60	-39.50	0.00	-7.18
5390000	0.000	0.000	0.000	2	0	0.000	0.034	0.028	125.92	-40.92	-0.00	0.00
5400000	0.000	0.001	0.000	2	0	0.000	0.028	0.030	130.27	-40.92	-0.00	0.00
5410000	0.000	0.015	0.000	1	0	0.000	0.024	0.037	116.91	-39.86	0.00	0.00
5420000	0.000	1.858	0.000	2	0	0.000	0.027	0.012	115.61	-40.92	-0.00	0.00
5430000	0.000	0.044	0.000	2	0	0.000	0.030	0.009	121.10	-40.92	-0.00	0.00
5440000	0.000	0.002	0.000	1	0	0.000	0.040	0.016	116.51	-39.86	-0.00	0.00
5450000	0.000	0.000	0.000	1	0	0.000	0.026	0.033	123.85	-39.86	0.00	-7.20
5460000	0.000	0.001	0.000	2	0	0.000	0.034	0.031	130.10	-40.92	0.00	-8.01
5470000	0.000	0.001	0.000	2	0	0.000	0.023	0.031	128.41	-40.92	-0.00	-0.69
5480000	0.000	0.057	0.000	2	0	0.000	0.028	0.023	127.32	-40.92	0.00	-7.34
5490000	0.000	0.187	0.000	2	0	0.000	0.027	0.024	124.86	-40.92	-0.00	0.00
5500000	0.000	0.000	0.000	0	0	0.000	0.025	0.006	117.65	-39.50	0.00	-6.49
5510000	0.000	0.000	0.000	2	0	0.000	0.022	0.027	128.83	-40.92	-0.00	0.00
5520000	0.000	1.006	0.000	2	0	0.000	0.032	0.029	126.17	-40.92	0.00	-7.51
5530000	0.000	0.001	0.000	1	0	0.000	0.027	0.007	120.72	-39.86	-0.00	-0.69
5540000	0.000	0.000	0.000	0	0	0.000	0.022	-0.012	118.26	-39.50	0.00	0.00
5550000	0.000	0.084	0.000	2	0	0.000	0.016	0.001	117.48	-40.92	-0.00	-0.69
5560000	0.000	7.762	0.000	3	0	0.000	0.032	0.017	120.24	-42.39	-0.00	0.00
5570000	0.000	0.003	0.000	1	0	0.000	0.023	0.027	118.43	-39.86	0.00	0.69
5580000	0.000	0.064	0.000	2	0	0.000	0.036	0.046	125.54	-40.92	-0.00	0.00
5590000	0.000	0.000	0.000	2	0	0.000	0.029	0.033	130.58	-40.92	-0.00	-0.69
5600000	0.000	0.001	0.000	1	0	0.000	0.029	0.052	124.36	-39.86	0.00	-0.49
5610000	0.000	0.000	0.000	0	0	0.000	0.039	-0.006	117.64	-39.50	-0.00	0.00
5620000	0.000	0.000	0.000	0	0	0.000	0.026	0.040	119.49	-39.50	0.00	-0.10
5630000	0.000	0.000	0.000	0	0	0.000	0.023	0.066	117.82	-39.50	0.00	-6.63
5640000	0.000	0.099	0.000	3	0	0.000	0.039	0.019	124.19	-42.39	-0.00	0.48
5650000	0.000	0.000	0.000	2	0	0.000	0.027	0.013	128.57	-40.92	0.00	0.00
5660000	0.000	0.000	0.000	2	0	0.000	0.029	0.012	129.82	-40.92	-0.00	-0.69
5670000	0.000	0.018	0.000	2	0	0.000	0.032	0.015	128.57	-40.92	-0.00	0.00
5680000	0.000	0.281	0.000	1	0	0.000	0.031	0.022	120.28	-39.86	-0.00	-0.69
5690000	0.000	0.001	0.000	2	0	0.000	0.025	0.029	130.29	-40.92	0.00	-0.06
5700000	0.000	0.000	0.000	1	0	0.000	0.028	0.035	124.75	-39.86	-0.00	0.07
5710000	0.000	0.000	0.000	2	0	0.000	0.026	0.019	128.89	-40.92	-0.00	0.00
5720000	0.000	0.000	0.000	0	0	0.000	0.019	-0.011	117.27	-39.50	-0.00	0.00
5730000	0.000	0.001	0.000	1	0	0.000	0.026	0.058	122.46	-39.86	0.00	0.00
5740000	0.000	0.000	0.000	0	0	0.000	0.022	-0.028	117.16	-39.50	0.00	0.00
5750000	0.000	0.002	0.000	2	0	0.000	0.030	0.031	129.94	-40.92	0.00	1.22
5760000	0.000	0.000	0.000	1	0	0.000	0.036	0.000	122.90	-39.86	-0.00	0.00
5770000	0.000	0.001	0.000	1	0	0.000	0.017	-0.011	118.62	-39.86	0.00	0.00
5780000	0.000	0.000	0.000	0	0	0.000	0.026	-0.008	118.66	-39.50	0.00	-6.68
5790000	0.000	0.243	0.000	2	0	0.000	0.039	0.038	125.65	-40.92	-0.00	0.00
5800000	0.000	0.000	0.000	0	0	0.000	0.024	0.061	118.68	-39.50	-0.00	0.00
5810000	0.000	0.000	0.000	0	0	0.000	0.033	-0.026	116.01	-39.50	-0.00	0.00
5820000	0.000	0.000	0.000	1	0	0.000	0.016	0.028	115.44	-39.86	-0.00	0.00
5830000	0.000	0.892	0.000	2	0	0.000	0.033	0.058	121.85	-40.92	-0.00	0.00
5840000	0.000	0.001	0.000	1	0	0.000	0.038	0.045	122.52	-39.86	-0.00	-0.69
5850000	0.000	0.000	0.000	1	0	0.000	0.030	0.052	121.53	-39.86	-0.00	0.00
5860000	0.000	0.002	0.000	2	0	0.000	0.028	0.014	130.04	-40.92	0.00	-7.65
5870000	0.000	0.000	0.000	0	0	0.000	0.024	0.057	118.95	-39.50	-0.00	0.00
5880000	0.000	1.008	0.000	2	0	0.000	0.026	0.037	125.35	-40.92	0.00	2.78
5890000	0.000	0.007	0.000	2	0	0.000	0.027	0.011	127.10	-40.92	-0.00	0.66
5900000	0.000	0.000	0.000	1	0	0.000	0.033	0.035	118.09	-39.86	-0.00	0.00
5910000	0.000	0.000	0.000	1	0	0.000	0.027	0.058	120.87	-39.86	0.00	-7.15
5920000	0.000	0.000	0.000	0	0	0.000	0.023	-0.007	119.04	-39.50	-0.00	0.00
5930000	0.000	0.000	0.000	2	0	0.000	0.022	0.027	124.57	-40.92	-0.00	0.00
5940000	0.000	0.000	0.000	0	0	0.000	0.029	-0.003	119.09	-39.50	0.00	0.00
5950000	0.000	1.881	0.000	3	0	0.000	0.017	0.056	119.31	-42.39	-0.00	0.00
5960000	0.000	0.123	0.000	2	0	0.000	0.019	0.058	119.62	-40.92	-0.01	0.00
5970000	0.000	0.000	0.000	0	0	0.000	0.027	0.023	119.67	-39.50	-0.00	0.00
5980000	0.000	0.596	0.000	2	0	0.000	0.033	-0.009	125.05	-40.92	-0.00	0.00
5990000	0.000	0.000	0.000	2	0	0.000	0.028	0.014	122.05	-40.92	-0.00	0.00
6000000	0.000	0.559	0.000	2	0	0.000	0.037	0.034	124.85	-40.92	0.00	-0.63
6010000	0.000	0.000	0.000	2	0	0.000	0.023	-0.015	124.44	-40.92	-0.00	0.00
6020000	0.000	0.000	0.000	1	0	0.000	0.025	0.034	122.89	-39.86	-0.00	0.00
6030000	0.000	0.000	0.000	1	0	0.000	0.034	0.028	125.14	-39.86	-0.00	-0.69
6040000	0.000	0.000	0.000	2	0	0.000	0.025	0.044	129.73	-40.92	0.00	0.00
6050000	0.000	42.082	0.000	1	0	0.000	0.029	0.004	116.47	-39.92	-0.00	0.00
6060000	0.000	0.069	0.000	1	0	0.000	0.027	0.008	120.91	-39.86	-0.00	-0.69
6070000	0.000	0.041	0.000	2	0	0.000	0.037	0.008	126.93	-40.92	0.00	-0.07
6080000	0.000	0.050	0.000	1	0	0.000	0.021	0.084	116.50	-39.86	0.00	-6.65
6090000	0.000	0.030	0.000	3	0	0.000	0.029	0.013	122.39	-42.39	0.00	0.00
6100000	0.000	0.000	0.000	1	0	0.000	0.030	0.028	125.20	-39.86	-0.01	0.00
6110000	0.000	0.000	0.000	1	0	0.000	0.032	0.017	120.79	-39.86	0.00	0.00
6120000	0.000	0.000	0.000	1	0	0.000	0.032	0.008	122.57	-39.86	0.00	-0.69
6130000	0.000	0.000	0.000	3	0	0.000	0.030	0.017	128.73	-42.39	-0.00	0.00
6140000	0.000	0.001	0.000	2	0	0.000	0.034	0.024	130.24	-40.92	-0.00	-0.69
6150000	0.000	0.002	0.000	1	0	0.000	0.024	0.039	122.58	-39.86	-0.00	0.00
6160000	0.000	0.000	0.000	0	0	0.000	0.034	0.056	118.49	-39.50	0.00	0.00
6170000	0.000	0.000	0.000	1	0	0.000	0.027	0.008	124.73	-39.86	-0.00	-0.69
6180000	0.000	0.007	0.000	2	0	0.000	0.032	0.037	128.40	-40.92	0.00	-7.63
6190000	0.000	0.000	0.000	0	0	0.000	0.030	-0.008	118.71	-39.50	0.00	-0.27
6200000	0.000	0.002	0.000	2	0	0.000	0.028	0.039	125.18	-40.92	-0.00	0.00
6210000	0.000	0.000	0.000	1	0	0.000	0.028	0.037	125.31	-39.86	-0.00	0.08
6220000	0.000	0.000	0.000	0	0	0.000	0.036	0.024	119.03	-39.50	0.00	-7.26
6230000	0.000	0.000	0.000	1	0	0.000	0.029	0.029	125.36	-39.86	-0.00	0.00
6240000	0.000	0.000	0.000	0	0	0.000	0.029	0.066	116.64	-39.50	0.00	-6.52
6250000	0.000	0.000	0.000	0	0	0.000	0.028	-0.025	118.25	-39.50	0.00	-6.93
6260000	0.000	0.000	0.000	1	0	0.000	0.025	0.036	119.87	-39.86	0.00	-0.69
6270000	0.000	0.002	0.000	2	0	0.000	0.032	0.020	129.73	-40.92	-0.00	0.00
6280000	0.000	0.000	0.000	2	0	0.000	0.030	0.039	130.39	-40.92	0.00	-7.59
6290000	0.000	0.000	0.000	0	0	0.000	0.034	0.004	119.05	-39.50	-0.00	0.00
6300000	0.000	0.000	0.000	1	0	0.000	0.028	0.017	125.35	-39.86	0.00	-0.60
6310000	0.000	0.000	0.000	0	0	0.000	0.028	0.036	117.90	-39.50	0.00	-6.53
6320000	0.000	0.000	0.000	0	0	0.000	0.022	0.051	118.46	-39.50	-0.00	0.00
6330000	0.000	0.002	0.000	1	0	0.000	0.036	0.025	122.23	-39.86	-0.00	0.64
6340000	0.000	0.000	0.000	1	0	0.000	0.030	0.013	123.51	-39.86	-0.00	0.44
6350000	0.000	0.000	0.000	1	0	0.000	0.030	0.007	124.72	-39.86	-0.00	-0.69
6360000	0.000	0.001	0.000	1	0	0.000	0.027	0.036	123.54	-39.86	-0.00	-0.69
6370000	0.000	0.000	0.000	1	0	0.000	0.022	0.067	123.23	-39.86	0.00	0.00
6380000	0.000	0.001	0.000	1	0	0.000	0.045	0.008	119.44	-39.86	0.00	0.00
6390000	0.000	0.001	0.000	2	0	0.000	0.025	-0.007	128.18	-40.92	-0.00	-0.69
6400000	0.000	0.117	0.000	4	0	0.000	0.033	0.042	128.45	-44.14	-0.00	0.00
6410000	0.000	0.086	0.000	2	0	0.000	0.026	0.013	119.27	-40.92	-0.00	0.00
6420000	0.000	0.001	0.000	1	0	0.000	0.023	0.039	123.74	-39.86	-0.00	0.00
6430000	0.000	0.000	0.000	0	0	0.000	0.022	0.049	118.31	-39.50	0.00	-0.18
6440000	0.000	0.031	0.000	1	0	0.000	0.036	0.062	117.04	-39.86	0.00	-7.01
6450000	0.000	0.001	0.000	1	0	0.000	0.030	0.059	119.52	-39.86	0.00	-0.64
6460000	0.000	0.000	0.000	0	0	0.000	0.027	0.031	119.85	-39.50	0.00	0.00
6470000	0.000	0.000	0.000	1	0	0.000	0.031	0.026	122.92	-39.86	0.00	0.00
6480000	0.000	0.000	0.000	0	0	0.000	0.034	0.042	119.00	-39.50	0.00	0.00
6490000	0.000	0.000	0.000	0	0	0.000	0.040	0.032	117.21	-39.50	0.00	0.00
6500000	0.000	0.000	0.000	0	0	0.000	0.033	0.038	118.70	-39.50	0.00	0.00
6510000	0.000	0.000	0.000	0	0	0.000	0.029	0.019	119.91	-39.50	0.00	0.00
6520000	0.000	0.002	0.000	3	0	0.000	0.028	0.019	130.00	-42.39	0.00	0.00
6530000	0.000	0.000	0.000	2	0	0.000	0.034	0.020	130.08	-40.92	-0.00	-0.69
6540000	0.000	0.467	0.000	1	0	0.000	0.026	0.032	118.50	-39.86	0.00	0.00
6550000	0.000	0.000	0.000	1	0	0.000	0.029	0.022	120.94	-39.86	0.00	-6.69
6560000	0.000	0.000	0.000	0	0	0.000	0.032	0.041	119.07	-39.50	-0.00	0.00
6570000	0.000	0.000	0.000	0	0	0.000	0.036	0.035	118.69	-39.50	-0.00	0.00
6580000	0.000	0.114	0.000	2	0	0.000	0.039	0.039	125.32	-40.92	0.00	0.00
6590000	0.000	0.067	0.000	2	0	0.000	0.034	0.003	126.82	-40.92	-0.00	0.00
6600000	0.000	0.020	0.000	2	0	0.000	0.029	0.028	128.86	-40.92	-0.00	0.00
6610000	0.000	0.001	0.000	1	0	0.000	0.021	0.023	122.32	-39.86	-0.00	0.00
6620000	0.000	0.000	0.000	1	0	0.000	0.033	0.008	124.16	-39.86	-0.00	0.00
6630000	0.000	0.000	0.000	2	0	0.000	0.032	0.018	126.00	-40.92	0.00	0.00
6640000	0.000	0.000	0.000	1	0	0.000	0.029	0.039	121.21	-39.86	0.00	0.69
6650000	0.000	0.000	0.000	1	0	0.000	0.034	0.012	124.82	-39.86	-0.00	0.51
6660000	0.000	0.001	0.000	1	0	0.000	0.029	0.029	121.54	-39.86	0.00	-7.65
6670000	0.000	0.375	0.000	1	0	0.000	0.031	0.026	120.08	-39.86	0.00	-0.52
6680000	0.000	0.000	0.000	1	0	0.000	0.025	0.045	119.35	-39.86	0.00	0.00
6690000	0.000	0.000	0.000	1	0	0.000	0.024	0.009	123.97	-39.86	-0.00	-0.69
6700000	0.000	0.044	0.000	2	0	0.000	0.031	0.069	126.17	-40.92	-0.00	0.00
6710000	0.000	0.276	0.000	3	0	0.000	0.027	0.023	123.01	-42.39	0.00	0.00
6720000	0.000	0.007	0.000	2	0	0.000	0.026	0.061	122.65	-40.92	0.00	0.00
6730000	0.000	0.672	0.000	1	0	0.000	0.022	0.035	117.35	-39.86	-0.00	-0.69
6740000	0.000	0.067	0.000	2	0	0.000	0.031	0.029	127.03	-40.92	0.00	-7.66
6750000	0.000	0.001	0.000	2	0	0.000	0.028	0.052	127.33	-40.92	0.00	0.69
6760000	0.000	0.000	0.000	1	0	0.000	0.031	-0.005	120.69	-39.86	-0.00	0.00
6770000	0.000	0.145	0.000	1	0	0.000	0.021	0.033	118.98	-39.86	-0.00	0.00
6780000	0.000	0.001	0.000	2	0	0.000	0.026	0.054	121.28	-40.92	-0.00	0.17
6790000	0.000	0.000	0.000	0	0	0.000	0.021	-0.043	116.14	-39.50	0.00	-6.79
6800000	0.000	0.000	0.000	2	0	0.000	0.020	-0.016	125.98	-40.92	-0.01	0.00
6810000	0.000	0.000	0.000	0	0	0.000	0.028	0.057	118.58	-39.50	-0.00	0.00
6820000	0.000	0.000	0.000	0	0	0.000	0.033	-0.005	118.99	-39.50	-0.00	0.00
6830000	0.000	0.000	0.000	0	0	0.000	0.021	0.049	117.83	-39.50	0.00	-7.09
6840000	0.000	0.001	0.000	2	0	0.000	0.030	0.033	130.87	-40.92	-0.00	0.00
6850000	0.000	0.000	0.000	0	0	0.000	0.027	0.051	119.08	-39.50	0.00	-6.77
6860000	0.000	0.001	0.000	1	0	0.000	0.024	0.040	123.45	-39.86	-0.00	-0.69
6870000	0.000	0.021	0.000	2	0	0.000	0.027	0.015	127.86	-40.92	0.00	0.00
6880000	0.000	0.005	0.000	2	0	0.000	0.029	0.056	124.08	-40.92	0.00	-0.20
6890000	0.000	0.199	0.000	3	0	0.000	0.039	0.040	119.75	-42.39	-0.00	0.33
6900000	0.000	0.122	0.000	1	0	0.000	0.026	0.004	120.36	-39.86	0.00	-7.31
6910000	0.000	0.337	0.000	2	0	0.000	0.030	0.047	122.05	-40.92	-0.00	0.00
6920000	0.000	0.657	0.000	3	0	0.000	0.019	0.046	122.20	-42.39	0.00	0.69
6930000	0.000	0.003	0.000	2	0	0.000	0.019	0.029	127.04	-40.92	-0.00	-0.69
6940000	0.000	0.098	0.000	1	0	0.000	0.032	0.026	120.57	-39.86	-0.00	0.53
6950000	0.000	0.002	0.000	2	0	0.000	0.029	0.027	124.59	-40.92	0.00	-7.39
6960000	0.000	0.015	0.000	2	0	0.000	0.039	0.006	121.64	-40.92	0.00	-7.66
6970000	0.000	0.000	0.000	0	0	0.000	0.027	0.037	119.57	-39.50	0.00	0.00
6980000	0.000	0.167	0.000	3	0	0.000	0.025	0.025	125.39	-42.39	-0.00	-0.69
6990000	0.000	1.110	0.000	3	0	0.000	0.030	0.023	126.97	-42.39	-0.00	-0.69
7000000	0.000	4.374	0.000	1	0	0.000	0.018	0.053	114.04	-39.87	-0.00	0.24
7010000	0.000	0.114	0.000	3	0	0.000	0.024	0.046	127.32	-42.39	-0.00	0.02
7020000	0.000	0.389	0.000	2	0	0.000	0.020	0.023	117.74	-40.92	-0.00	0.00
7030000	0.000	0.000	0.000	2	0	0.000	0.037	0.048	128.46	-40.92	0.00	-0.11
7040000	0.000	0.000	0.000	0	0	0.000	0.030	0.082	114.47	-39.50	-0.00	0.00
7050000	0.000	0.081	0.000	2	0	0.000	0.024	0.047	124.18	-40.92	-0.00	0.36
7060000	0.000	0.026	0.000	3	0	0.000	0.029	0.034	130.34	-42.39	-0.00	-0.69
7070000	0.000	0.350	0.000	3	0	0.000	0.026	0.065	123.09	-42.39	0.00	0.69
7080000	0.000	0.488	0.000	2	0	0.000	0.022	0.042	119.70	-40.92	-0.00	0.00
7090000	0.000	0.143	0.000	1	0	0.000	0.034	0.023	120.01	-39.86	0.00	0.00
7100000	0.000	0.003	0.000	2	0	0.000	0.032	0.037	129.07	-40.92	0.00	-7.68
7110000	0.000	0.682	0.000	3	0	0.000	0.022	0.047	127.79	-42.39	-0.00	0.00
7120000	0.000	0.000	0.000	0	0	0.000	0.019	0.021	118.19	-39.50	-0.00	0.00
7130000	0.000	0.998	0.000	2	0	0.000	0.021	0.061	117.65	-40.92	0.00	-6.87
7140000	0.000	0.039	0.000	3	0	0.000	0.025	0.029	125.53	-42.39	0.00	0.69
7150000	0.000	0.614	0.000	2	0	0.000	0.029	0.004	118.75	-40.92	0.00	-7.30
7160000	0.000	0.000	0.000	2	0	0.000	0.026	0.000	128.88	-40.92	-0.00	0.07
7170000	0.000	0.041	0.000	1	0	0.000	0.038	0.007	119.84	-39.86	-0.00	-0.69
7180000	0.000	0.000	0.000	0	0	0.000	0.036	0.042	118.56	-39.50	-0.00	0.38
7190000	0.000	0.023	0.000	2	0	0.000	0.029	0.039	129.04	-40.92	0.00	0.00
7200000	0.000	1.367	0.000	2	0	0.000	0.033	-0.008	123.37	-40.92	0.00	-0.43
7210000	0.000	0.227	0.000	2	0	0.000	0.030	0.018	127.85	-40.92	-0.00	0.00
7220000	0.000	0.145	0.000	2	0	0.000	0.033	0.007	126.58	-40.92	0.00	-8.09
7230000	0.000	0.000	0.000	1	0	0.000	0.040	0.021	123.86	-39.86	-0.00	0.54
7240000	0.000	0.000	0.000	0	0	0.000	0.034	0.075	115.96	-39.50	-0.00	0.00
7250000	0.000	0.000	0.000	2	0	0.000	0.026	0.017	124.39	-40.92	0.00	-7.71
7260000	0.000	0.000	0.000	1	0	0.000	0.030	0.036	119.85	-39.86	0.00	-7.15
7270000	0.000	0.000	0.000	1	0	0.000	0.027	0.013	122.77	-39.86	-0.00	-0.69
7280000	0.000	0.000	0.000	1	0	0.000	0.024	0.007	119.80	-39.86	0.00	0.69
7290000	0.000	0.070	0.000	2	0	0.000	0.028	0.023	128.64	-40.92	0.00	0.69
7300000	0.000	0.328	0.000	2	0	0.000	0.031	0.045	126.11	-40.92	0.00	0.00
7310000	0.000	0.024	0.000	2	0	0.000	0.022	0.005	126.35	-40.92	-0.00	0.59
7320000	0.000	0.010	0.000	2	0	0.000	0.035	0.021	128.43	-40.92	-0.00	0.38
7330000	0.000	0.317	0.000	3	0	0.000	0.030	0.027	121.96	-42.39	0.00	0.00
7340000	0.000	0.066	0.000	2	0	0.000	0.025	0.028	124.47	-40.92	-0.01	0.00
7350000	0.000	0.003	0.000	2	0	0.000	0.031	0.035	130.15	-40.92	0.00	-7.79
7360000	0.000	0.001	0.000	2	0	0.000	0.032	0.034	128.06	-40.92	0.00	-0.22
7370000	0.000	0.000	0.000	0	0	0.000	0.030	0.021	119.88	-39.50	0.00	-7.12
7380000	0.000	0.000	0.000	0	0	0.000	0.023	0.018	119.48	-39.50	0.00	-6.75
7390000	0.000	0.395	0.000	3	0	0.000	0.030	0.028	123.78	-42.39	0.00	-7.67
7400000	0.000	0.147	0.000	1	0	0.000	0.023	0.005	120.07	-39.86	0.00	-7.06
7410000	0.000	0.000	0.000	2	0	0.000	0.033	0.039	128.95	-40.92	-0.00	-0.69
7420000	0.000	0.138	0.000	3	0	0.000	0.024	0.062	123.05	-42.39	-0.00	0.00
7430000	0.000	0.044	0.000	2	0	0.000	0.030	0.026	118.10	-40.92	-0.00	0.00
7440000	0.000	0.001	0.000	2	0	0.000	0.026	0.043	129.37	-40.92	0.00	0.69
7450000	0.000	0.000	0.000	1	0	0.000	0.026	0.031	120.54	-39.86	-0.00	0.00
7460000	0.000	0.000	0.000	2	0	0.000	0.029	0.043	129.61	-40.92	0.00	-7.54
7470000	0.000	0.001	0.000	3	0	0.000	0.031	0.042	129.22	-42.39	0.00	-7.60
7480000	0.000	0.000	0.000	0	0	0.000	0.033	0.025	119.64	-39.50	0.00	-7.07
7490000	0.000	0.000	0.000	1	0	0.000	0.028	0.038	125.61	-39.86	-0.00	-0.69
7500000	0.000	0.001	0.000	2	0	0.000	0.030	0.025	128.25	-40.92	0.00	0.00
7510000	0.000	0.136	0.000	2	0	0.000	0.021	0.042	126.26	-40.92	-0.00	-0.69
7520000	0.000	0.815	0.000	2	0	0.000	0.020	0.018	124.96	-40.92	0.00	2.78
7530000	0.000	0.011	0.000	2	0	0.000	0.030	0.012	129.25	-40.92	-0.00	0.00
7540000	0.000	0.639	0.000	2	0	0.000	0.030	-0.008	115.49	-40.92	0.00	-0.62
7550000	0.000	5.354	0.000	3	0	0.000	0.032	0.056	115.34	-42.39	0.00	-8.51
7560000	0.000	0.188	0.000	5	0	0.000	0.033	0.034	119.33	-46.12	0.00	-7.00
7570000	0.000	0.470	0.000	2	0	0.000	0.027	0.031	127.67	-40.92	-0.00	0.00
7580000	0.000	0.000	0.000	1	0	0.000	0.019	0.033	121.05	-39.86	-0.00	0.00
7590000	0.000	0.287	0.000	2	0	0.000	0.022	0.038	126.57	-40.92	-0.00	0.00
7600000	0.000	0.299	0.000	2	0	0.000	0.025	0.084	122.76	-40.92	0.00	-7.15
7610000	0.000	0.003	0.000	2	0	0.000	0.027	0.046	123.57	-40.92	0.00	-0.02
7620000	0.000	0.576	0.000	1	0	0.000	0.027	0.009	116.14	-39.86	-0.00	0.00
7630000	0.000	0.000	0.000	0	0	0.000	0.027	-0.005	119.43	-39.50	-0.00	0.00
7640000	0.000	0.000	0.000	0	0	0.000	0.024	-0.027	117.86	-39.50	0.00	0.00
7650000	0.000	0.000	0.000	2	0	0.000	0.030	0.025	129.02	-40.92	0.00	-7.44
7660000	0.000	0.000	0.000	0	0	0.000	0.033	0.022	119.34	-39.50	-0.00	0.00
7670000	0.000	0.001	0.000	2	0	0.000	0.035	0.026	129.84	-40.92	-0.00	0.00
7680000	0.000	0.000	0.000	0	0	0.000	0.034	0.011	119.19	-39.50	-0.00	0.00
7690000	0.000	0.002	0.000	1	0	0.000	0.025	0.091	119.57	-39.86	-0.00	0.00
7700000	0.000	0.000	0.000	0	0	0.000	0.030	0.061	118.70	-39.50	-0.00	0.00
7710000	0.000	0.003	0.000	1	0	0.000	0.034	0.014	121.81	-39.86	-0.00	0.00
7720000	0.000	0.000	0.000	1	0	0.000	0.036	0.053	123.77	-39.86	0.00	-7.74
7730000	0.000	0.008	0.000	2	0	0.000	0.037	0.046	124.68	-40.92	0.00	0.69
7740000	0.000	0.001	0.000	2	0	0.000	0.025	0.051	128.85	-40.92	-0.00	0.00
7750000	0.000	0.000	0.000	0	0	0.000	0.034	-0.004	118.46	-39.50	0.00	-7.30
7760000	0.000	0.000	0.000	0	0	0.000	0.022	0.027	119.43	-39.50	0.00	-6.97
7770000	0.000	0.000	0.000	2	0	0.000	0.025	0.054	125.74	-40.92	0.00	-7.46
7780000	0.000	0.001	0.000	2	0	0.000	0.037	0.031	129.23	-40.92	-0.00	0.32
7790000	0.000	0.008	0.000	3	0	0.000	0.031	0.032	129.18	-42.39	0.00	0.69
7800000	0.000	0.017	0.000	3	0	0.000	0.036	0.020	126.01	-42.39	-0.00	0.00
7810000	0.000	0.233	0.000	1	0	0.000	0.022	0.018	119.39	-39.86	-0.00	-0.69
7820000	0.000	0.132	0.000	2	0	0.000	0.032	0.029	125.69	-40.92	0.00	-11.17
7830000	0.000	0.001	0.000	2	0	0.000	0.029	0.047	129.22	-40.92	-0.00	-0.69
7840000	0.000	0.000	0.000	1	0	0.000	0.028	0.074	123.35	-39.86	0.00	-7.46
7850000	0.000	0.000	0.000	0	0	0.000	0.024	-0.000	119.42	-39.50	0.00	0.00
7860000	0.000	0.000	0.000	0	0	0.000	0.024	0.036	119.62	-39.50	0.00	-6.80
7870000	0.000	0.000	0.000	1	0	0.000	0.021	0.044	123.37	-39.86	0.00	0.00
7880000	0.000	0.000	0.000	1	0	0.000	0.035	0.034	122.17	-39.86	-0.00	-0.69
7890000	0.000	0.000	0.000	2	0	0.000	0.031	0.002	122.11	-40.92	0.00	0.69
7900000	0.000	0.000	0.000	2	0	0.000	0.025	0.039	130.36	-40.92	0.00	-7.55
7910000	0.000	0.000	0.000	0	0	0.000	0.026	0.034	119.93	-39.50	0.00	-6.96
7920000	0.000	0.000	0.000	0	0	0.000	0.021	0.018	118.46	-39.50	0.00	0.00
7930000	0.000	0.006	0.000	2	0	0.000	0.025	0.058	128.17	-40.92	-0.00	0.00
7940000	0.000	0.000	0.000	0	0	0.000	0.029	0.021	120.00	-39.50	0.00	-6.95
7950000	0.000	0.010	0.000	2	0	0.000	0.029	0.058	124.77	-40.92	0.00	-7.53
7960000	0.000	0.107	0.000	2	0	0.000	0.039	0.001	125.51	-40.92	0.00	-0.74
7970000	0.000	0.000	0.000	1	0	0.000	0.022	-0.003	122.16	-39.86	-0.00	0.00
7980000	0.000	0.066	0.000	2	0	0.000	0.027	0.048	127.41	-40.92	0.00	-7.92
7990000	0.000	0.000	0.000	2	0	0.000	0.027	0.028	130.80	-40.92	-0.00	0.00
8000000	0.000	1.179	0.000	2	0	0.000	0.033	0.033	126.92	-40.92	0.00	-0.67
8010000	0.000	0.000	0.000	1	0	0.000	0.028	0.022	124.56	-39.86	-0.00	-0.69
8020000	0.000	1.134	0.000	2	0	0.000	0.023	0.042	126.24	-40.92	-0.00	0.00
8030000	0.000	0.042	0.000	1	0	0.000	0.038	0.023	118.75	-39.86	0.00	-7.92
8040000	0.000	0.020	0.000	2	0	0.000	0.022	0.014	127.38	-40.92	0.00	0.00
8050000	0.000	3.045	0.000	2	0	0.000	0.038	0.042	124.57	-40.92	0.00	0.00
8060000	0.000	0.018	0.000	2	0	0.000	0.026	0.074	124.21	-40.92	-0.00	-0.69
8070000	0.000	0.031	0.000	3	0	0.000	0.017	-0.004	127.54	-42.39	-0.00	-0.69
8080000	0.000	0.006	0.000	3	0	0.000	0.026	0.004	129.84	-42.39	-0.00	-0.69
8090000	0.000	0.002	0.000	2	0	0.000	0.021	-0.010	116.73	-40.92	-0.00	-0.69
8100000	0.000	0.000	0.000	2	0	0.000	0.027	0.042	130.31	-40.92	-0.00	-0.69
8110000	0.000	0.000	0.000	1	0	0.000	0.033	0.040	122.43	-39.86	0.00	-7.39
8120000	0.000	0.001	0.000	2	0	0.000	0.026	0.065	127.25	-40.92	0.00	-7.17
8130000	0.000	0.001	0.000	1	0	0.000	0.029	0.041	120.09	-39.86	-0.00	0.60
8140000	0.000	0.000	0.000	2	0	0.000	0.021	0.047	128.32	-40.92	-0.00	-0.69
8150000	0.000	0.004	0.000	1	0	0.000	0.026	0.018	119.75	-39.86	-0.00	-0.69
8160000	0.000	0.010	0.000	1	0	0.000	0.025	-0.004	118.60	-39.86	0.00	-0.18
8170000	0.000	0.000	0.000	1	0	0.000	0.026	0.076	122.85	-39.86	-0.00	0.00
8180000	0.000	0.000	0.000	0	0	0.000	0.031	0.019	119.77	-39.50	-0.00	0.00
8190000	0.000	0.022	0.000	2	0	0.000	0.026	0.028	128.67	-40.92	0.00	-7.66
8200000	0.000	0.000	0.000	1	0	0.000	0.026	0.021	122.85	-39.86	0.00	0.69
8210000	0.000	0.000	0.000	1	0	0.000	0.035	0.031	125.09	-39.86	0.00	-7.77
8220000	0.000	0.000	0.000	0	0	0.000	0.024	0.047	118.96	-39.50	0.00	-6.70
8230000	0.000	0.001	0.000	1	0	0.000	0.049	0.026	119.07	-39.86	-0.00	-0.69
8240000	0.000	0.001	0.000	1	0	0.000	0.027	0.023	124.79	-39.86	-0.00	0.00
8250000	0.000	0.183	0.000	1	0	0.000	0.027	0.026	117.87	-39.86	0.00	-7.17
8260000	0.000	0.000	0.000	0	0	0.000	0.030	-0.009	118.96	-39.50	0.00	-6.86
8270000	0.000	0.040	0.000	1	0	0.000	0.030	0.000	120.81	-39.86	0.00	-7.04
8280000	0.000	0.023	0.000	2	0	0.000	0.035	0.033	124.42	-40.92	0.00	1.26
8290000	0.000	0.001	0.000	1	0	0.000	0.031	0.031	124.76	-39.86	0.00	-0.44
8300000	0.000	0.002	0.000	2	0	0.000	0.029	0.043	128.24	-40.92	0.00	-7.76
8310000	0.000	0.000	0.000	0	0	0.000	0.034	0.021	119.27	-39.50	0.00	-6.95
8320000	0.000	0.000	0.000	0	0	0.000	0.021	0.027	119.36	-39.50	0.00	-6.88
8330000	0.000	0.002	0.000	2	0	0.000	0.028	0.033	130.04	-40.92	-0.00	0.00
8340000	0.000	0.237	0.000	3	0	0.000	0.037	0.041	121.81	-42.39	0.00	-8.37
8350000	0.000	0.193	0.000	2	0	0.000	0.032	0.027	125.35	-40.92	-0.00	0.00
8360000	0.000	1.276	0.000	2	0	0.000	0.023	0.019	120.68	-40.92	0.00	-0.73
8370000	0.000	0.335	0.000	3	0	0.000	0.022	0.034	122.91	-42.39	0.00	-7.75
8380000	0.000	0.190	0.000	3	0	0.000	0.036	0.008	124.07	-42.39	0.00	-7.68
8390000	0.000	0.553	0.000	2	0	0.000	0.029	0.041	127.23	-40.92	0.00	0.69
8400000	0.000	0.008	0.000	2	0	0.000	0.038	0.033	124.94	-40.92	0.00	0.00
8410000	0.000	0.000	0.000	2	0	0.000	0.021	-0.059	117.21	-40.92	0.00	-0.11
8420000	0.000	0.000	0.000	2	0	0.000	0.030	0.022	129.11	-40.92	0.00	-8.12
8430000	0.000	0.000	0.000	2	0	0.000	0.033	0.029	127.95	-40.92	0.00	-8.49
8440000	0.000	0.277	0.000	2	0	0.000	0.032	0.017	127.63	-40.92	-0.00	0.00
8450000	0.000	0.001	0.000	2	0	0.000	0.024	0.039	129.82	-40.92	0.00	-7.63
8460000	0.000	0.000	0.000	1	0	0.000	0.025	0.038	124.68	-39.86	-0.00	0.00
8470000	0.000	0.000	0.000	0	0	0.000	0.026	0.031	119.63	-39.50	0.00	0.00
8480000	0.000	0.015	0.000	1	0	0.000	0.028	0.009	119.52	-39.86	0.00	-7.18
8490000	0.000	0.000	0.000	0	0	0.000	0.024	-0.021	116.65	-39.50	0.00	-6.46
8500000	0.000	0.000	0.000	1	0	0.000	0.032	-0.006	123.77	-39.86	-0.00	-0.69
8510000	0.000	0.005	0.000	1	0	0.000	0.028	-0.031	117.88	-39.86	0.00	-7.33
8520000	0.000	0.000	0.000	0	0	0.000	0.018	0.027	117.42	-39.50	0.00	0.00
8530000	0.000	0.002	0.000	1	0	0.000	0.023	-0.004	120.73	-39.86	-0.00	0.00
8540000	0.000	0.000	0.000	2	0	0.000	0.021	-0.001	122.36	-40.92	-0.00	-0.69
8550000	0.000	0.000	0.000	2	0	0.000	0.023	0.045	122.21	-40.92	0.00	0.69
8560000	0.000	0.113	0.000	2	0	0.000	0.029	0.013	127.92	-40.92	-0.00	0.00
8570000	0.000	17.276	0.000	2	0	0.000	0.029	0.017	121.64	-40.94	-0.00	0.00
8580000	0.000	0.102	0.000	2	0	0.000	0.030	0.021	127.15	-40.92	-0.00	-0.69
8590000	0.000	0.001	0.000	2	0	0.000	0.031	-0.002	127.06	-40.92	-0.00	0.00
8600000	0.000	0.752	0.000	1	0	0.000	0.025	0.021	119.14	-39.86	0.00	0.00
8610000	0.000	0.000	0.000	1	0	0.000	0.028	0.019	121.71	-39.86	0.00	0.00
8620000	0.000	0.383	0.000	2	0	0.000	0.028	0.012	127.47	-40.92	0.00	0.00
8630000	0.000	0.176	0.000	2	0	0.000	0.031	0.054	126.65	-40.92	0.00	0.69
8640000	0.000	1.071	0.000	2	0	0.000	0.029	0.027	125.62	-40.92	-0.00	0.00
8650000	0.000	0.068	0.000	2	0	0.000	0.028	0.028	127.64	-40.92	0.00	0.00
8660000	0.000	0.001	0.000	1	0	0.000	0.024	0.006	120.11	-39.86	-0.00	0.00
8670000	0.000	0.002	0.000	1	0	0.000	0.035	0.016	122.14	-39.86	-0.00	0.00
8680000	0.000	0.211	0.000	2	0	0.000	0.031	0.014	126.70	-40.92	-0.00	-0.69
8690000	0.000	0.001	0.000	2	0	0.000	0.028	0.016	129.36	-40.92	-0.00	0.00
8700000	0.000	0.000	0.000	1	0	0.000	0.027	0.029	124.78	-39.86	-0.00	-0.69
8710000	0.000	0.000	0.000	0	0	0.000	0.028	0.034	119.83	-39.50	0.00	-6.89
8720000	0.000	0.000	0.000	1	0	0.000	0.033	0.047	124.57	-39.86	0.00	0.69
8730000	0.000	0.032	0.000	1	0	0.000	0.041	0.045	118.51	-39.86	-0.00	0.00
8740000	0.000	0.000	0.000	1	0	0.000	0.017	0.050	121.35	-39.86	-0.00	0.00
8750000	0.000	0.003	0.000	1	0	0.000	0.022	0.042	119.20	-39.86	0.00	-6.70
8760000	0.000	0.000	0.000	0	0	0.000	0.028	0.063	118.54	-39.50	-0.00	0.00
8770000	0.000	0.839	0.000	2	0	0.000	0.024	0.059	120.47	-40.92	-0.00	-0.69
8780000	0.000	0.017	0.000	2	0	0.000	0.024	0.032	125.19	-40.92	-0.00	-0.69
8790000	0.000	0.000	0.000	1	0	0.000	0.031	0.034	121.82	-39.86	0.00	-7.17
8800000	0.000	0.000	0.000	0	0	0.000	0.021	0.054	118.39	-39.50	0.00	0.00
8810000	0.000	0.000	0.000	0	0	0.000	0.032	0.031	119.60	-39.50	-0.00	0.00
8820000	0.000	0.000	0.000	1	0	0.000	0.028	0.037	125.47	-39.86	0.00	-7.46
8830000	0.000	0.000	0.000	0	0	0.000	0.025	0.075	117.15	-39.50	0.00	-6.59
8840000	0.000	0.000	0.000	2	0	0.000	0.029	0.045	129.96	-40.92	-0.00	0.01
8850000	0.000	0.001	0.000	2	0	0.000	0.035	0.020	129.73	-40.92	0.00	0.69
8860000	0.000	0.000	0.000	1	0	0.000	0.026	0.053	124.55	-39.86	0.00	0.00
8870000	0.000	0.396	0.000	2	0	0.000	0.028	0.028	114.44	-40.92	0.00	-7.00
8880000	0.000	2.217	0.000	3	0	0.000	0.028	0.063	121.70	-42.39	0.00	0.00
8890000	0.000	0.039	0.000	2	0	0.000	0.032	0.001	124.65	-40.92	-0.00	-0.69
8900000	0.000	0.000	0.000	1	0	0.000	0.035	0.004	120.72	-39.86	0.00	-7.43
8910000	0.000	0.000	0.000	0	0	0.000	0.023	0.004	119.36	-39.50	0.00	0.00
8920000	0.000	0.000	0.000	1	0	0.000	0.035	0.009	122.35	-39.86	0.00	-7.44
8930000	0.000	0.000	0.000	2	0	0.000	0.036	0.016	126.06	-40.92	-0.00	0.00
8940000	0.000	0.003	0.000	1	0	0.000	0.038	0.002	117.49	-39.86	0.00	-6.93
8950000	0.000	0.001	0.000	1	0	0.000	0.035	0.020	123.76	-39.86	0.00	0.69
8960000	0.000	0.028	0.000	2	0	0.000	0.026	0.030	128.52	-40.92	-0.00	0.00
8970000	0.000	0.000	0.000	0	0	0.000	0.025	0.059	118.16	-39.50	0.00	-7.15
8980000	0.000	9.174	0.000	2	0	0.000	0.032	0.003	121.94	-40.93	-0.29	-0.69
8990000	0.000	0.014	0.000	1	0	0.000	0.030	0.015	121.74	-39.86	-0.00	0.00
9000000	0.000	0.001	0.000	2	0	0.000	0.036	0.032	128.94	-40.92	-0.00	0.00
9010000	0.000	0.881	0.000	2	0	0.000	0.026	0.060	125.30	-40.92	0.00	0.00
9020000	0.000	1.049	0.000	3	0	0.000	0.019	-0.021	117.25	-42.39	-0.00	0.00
9030000	0.000	0.019	0.000	3	0	0.000	0.035	0.041	127.04	-42.39	0.00	-7.83
9040000	0.000	0.001	0.000	1	0	0.000	0.028	0.040	124.68	-39.86	0.00	0.69
9050000	0.000	0.000	0.000	1	0	0.000	0.025	0.030	124.63	-39.86	-0.00	0.05
9060000	0.000	0.000	0.000	1	0	0.000	0.025	0.021	125.26	-39.86	0.00	-7.44
9070000	0.000	0.000	0.000	0	0	0.000	0.030	0.055	118.80	-39.50	0.00	0.00
9080000	0.000	0.001	0.000	2	0	0.000	0.019	0.024	120.78	-40.92	0.00	0.00
9090000	0.000	0.000	0.000	1	0	0.000	0.023	0.026	124.62	-39.86	0.00	-7.26
9100000	0.000	0.000	0.000	0	0	0.000	0.029	0.012	117.61	-39.50	0.00	0.00
9110000	0.000	0.000	0.000	1	0	0.000	0.035	0.048	121.74	-39.86	0.00	0.39
9120000	0.000	0.000	0.000	0	0	0.000	0.030	0.019	119.90	-39.50	0.00	-7.11
9130000	0.000	0.000	0.000	0	0	0.000	0.042	0.011	117.37	-39.50	0.00	-7.11
9140000	0.000	0.072	0.000	2	0	0.000	0.027	0.036	128.57	-40.92	-0.00	-0.69
9150000	0.000	0.005	0.000	3	0	0.000	0.030	0.032	129.37	-42.39	-0.00	-0.69
9160000	0.000	0.000	0.000	0	0	0.000	0.034	0.012	116.36	-39.50	0.00	0.00
9170000	0.000	0.000	0.000	1	0	0.000	0.021	0.040	121.50	-39.86	0.00	-7.10
9180000	0.000	0.000	0.000	1	0	0.000	0.029	0.011	124.69	-39.86	0.00	0.69
9190000	0.000	0.007	0.000	1	0	0.000	0.026	0.070	116.01	-39.86	0.00	-0.35
9200000	0.000	0.001	0.000	1	0	0.000	0.030	0.028	124.34	-39.86	-0.00	-0.69
9210000	0.000	0.000	0.000	2	0	0.000	0.033	0.050	129.47	-40.92	0.00	-0.61
9220000	0.000	0.000	0.000	3	0	0.000	0.031	0.031	127.04	-42.39	0.00	-0.48
9230000	0.000	0.001	0.000	1	0	0.000	0.032	0.021	123.79	-39.86	0.00	-7.89
9240000	0.000	0.054	0.000	3	0	0.000	0.030	0.004	119.81	-42.39	-0.00	-0.69
9250000	0.000	0.385	0.000	2	0	0.000	0.030	0.015	114.44	-40.92	0.00	0.00
9260000	0.000	0.000	0.000	1	0	0.000	0.031	0.017	124.72	-39.86	0.00	-7.31
9270000	0.000	0.003	0.000	2	0	0.000	0.033	0.045	122.33	-40.92	0.00	-7.99
9280000	0.000	0.000	0.000	0	0	0.000	0.021	0.023	118.88	-39.50	0.00	-6.66
9290000	0.000	0.000	0.000	0	0	0.000	0.029	0.029	119.77	-39.50	-0.00	0.00
9300000	0.000	0.000	0.000	1	0	0.000	0.024	0.048	123.16	-39.86	0.00	0.69
9310000	0.000	3.856	0.000	2	0	0.000	0.029	0.024	126.48	-40.92	-0.00	0.00
9320000	0.000	0.090	0.000	2	0	0.000	0.026	0.018	124.23	-40.92	-0.00	-0.69
9330000	0.000	0.000	0.000	2	0	0.000	0.025	0.035	125.28	-40.92	0.00	0.69
9340000	0.000	0.162	0.000	2	0	0.000	0.034	0.004	126.79	-40.92	-0.00	0.00
9350000	0.000	0.017	0.000	2	0	0.000	0.026	0.028	128.80	-40.92	-0.00	-0.69
9360000	0.000	0.001	0.000	1	0	0.000	0.031	0.008	122.79	-39.86	-0.00	0.00
9370000	0.000	0.599	0.000	2	0	0.000	0.025	0.009	125.78	-40.92	0.00	-7.76
9380000	0.000	2.993	0.000	2	0	0.000	0.033	0.036	124.58	-40.92	0.00	0.00
9390000	0.000	0.001	0.000	1	0	0.000	0.027	0.090	118.78	-39.86	-0.00	0.00
9400000	0.000	0.439	0.000	2	0	0.000	0.035	0.021	122.57	-40.92	0.00	-8.70
9410000	0.000	0.000	0.000	1	0	0.000	0.037	0.031	124.51	-39.86	-0.00	0.00
9420000	0.000	0.578	0.000	2	0	0.000	0.033	0.030	124.97	-40.92	-0.00	0.00
9430000	0.000	0.009	0.000	2	0	0.000	0.032	0.022	129.06	-40.92	0.00	-8.25
9440000	0.000	0.000	0.000	2	0	0.000	0.025	0.012	129.88	-40.92	0.00	-7.78
9450000	0.000	0.000	0.000	1	0	0.000	0.025	0.041	119.56	-39.86	-0.00	0.00
9460000	0.000	0.000	0.000	0	0	0.000	0.039	0.030	117.77	-39.50	0.00	0.00
9470000	0.000	0.000	0.000	0	0	0.000	0.032	-0.024	117.85	-39.50	-0.00	0.00
9480000	0.000	0.000	0.000	0	0	0.000	0.030	0.019	119.50	-39.50	0.00	-6.81
9490000	0.000	0.026	0.000	2	0	0.000	0.028	0.033	129.06	-40.92	-0.00	-0.69
9500000	0.000	0.001	0.000	2	0	0.000	0.028	0.037	129.54	-40.92	-0.00	0.00
9510000	0.000	0.029	0.000	2	0	0.000	0.023	0.034	127.84	-40.92	-0.00	-0.69
9520000	0.000	0.005	0.000	2	0	0.000	0.029	0.040	125.83	-40.92	0.00	-8.07
9530000	0.000	0.009	0.000	2	0	0.000	0.029	0.015	129.31	-40.92	0.00	-0.03
9540000	0.000	0.001	0.000	2	0	0.000	0.024	0.019	128.37	-40.92	-0.00	0.00
9550000	0.000	0.000	0.000	2	0	0.000	0.026	0.012	130.19	-40.92	0.00	-7.70
9560000	0.000	0.000	0.000	2	0	0.000	0.027	0.052	125.17	-40.92	0.00	-7.45
9570000	0.000	0.166	0.000	1	0	0.000	0.026	0.020	119.73	-39.86	-0.00	0.56
9580000	0.000	0.157	0.000	1	0	0.000	0.015	-0.008	118.32	-39.86	-0.00	-0.69
9590000	0.000	1.200	0.000	3	0	0.000	0.034	0.064	120.83	-42.39	-0.00	0.00
9600000	0.000	0.308	0.000	2	0	0.000	0.021	0.037	120.28	-40.92	-0.00	0.00
9610000	0.000	0.039	0.000	3	0	0.000	0.032	0.026	123.62	-42.39	-0.00	-0.69
9620000	0.000	0.005	0.000	2	0	0.000	0.030	0.011	127.25	-40.92	-0.00	-0.69
9630000	0.000	0.001	0.000	1	0	0.000	0.025	0.003	118.04	-39.86	-0.00	-0.69
9640000	0.000	0.000	0.000	0	0	0.000	0.035	0.017	118.21	-39.50	-0.00	0.00
9650000	0.000	0.001	0.000	1	0	0.000	0.028	-0.033	120.71	-39.86	0.00	-0.13
9660000	0.000	0.004	0.000	2	0	0.000	0.034	0.014	128.94	-40.92	0.00	0.00
9670000	0.000	0.022	0.000	1	0	0.000	0.028	0.001	121.28	-39.86	-0.00	0.00
9680000	0.000	0.000	0.000	2	0	0.000	0.021	0.031	128.84	-40.92	0.00	-7.34
9690000	0.000	0.002	0.000	2	0	0.000	0.042	0.029	124.39	-40.92	-0.00	0.00
9700000	0.000	0.806	0.000	2	0	0.000	0.036	0.012	122.93	-40.92	-0.00	0.00
9710000	0.000	0.006	0.000	2	0	0.000	0.036	0.035	126.48	-40.92	0.00	-7.35
9720000	0.000	0.028	0.000	2	0	0.000	0.026	0.063	127.01	-40.92	0.00	-7.75
9730000	0.000	0.002	0.000	1	0	0.000	0.034	-0.005	119.34	-39.86	-0.00	-0.69
9740000	0.000	0.000	0.000	1	0	0.000	0.043	0.013	120.35	-39.86	0.00	-10.40
9750000	0.000	0.000	0.000	1	0	0.000	0.035	0.058	121.14	-39.86	-0.00	0.11
9760000	0.000	0.165	0.000	2	0	0.000	0.036	0.031	125.20	-40.92	0.00	-0.57
9770000	0.000	0.000	0.000	2	0	0.000	0.036	0.045	129.11	-40.92	0.00	-7.89
9780000	0.000	0.002	0.000	2	0	0.000	0.028	0.023	130.16	-40.92	-0.00	0.27
9790000	0.000	0.001	0.000	1	0	0.000	0.027	0.053	123.92	-39.86	0.00	0.00
9800000	0.000	0.036	0.000	2	0	0.000	0.031	0.012	128.04	-40.92	-0.00	-0.69
9810000	0.000	0.002	0.000	2	0	0.000	0.034	0.021	127.72	-40.92	-0.00	-0.69
9820000	0.000	0.001	0.000	3	0	0.000	0.032	0.021	127.55	-42.39	0.00	-7.95
9830000	0.000	0.000	0.000	1	0	0.000	0.031	0.052	124.77	-39.86	0.00	-0.73
9840000	0.000	0.000	0.000	1	0	0.000	0.031	0.040	125.14	-39.86	-0.00	0.00
9850000	0.000	0.000	0.000	0	0	0.000	0.024	0.031	119.73	-39.50	0.00	0.00
9860000	0.000	0.004	0.000	1	0	0.000	0.023	0.073	118.83	-39.86	-0.00	-0.69
9870000	0.000	0.032	0.000	2	0	0.000	0.031	0.022	124.88	-40.92	0.00	-7.86
9880000	0.000	7.565	0.000	1	0	0.000	0.023	-0.029	115.91	-39.87	0.00	-0.31
9890000	0.000	1185.335	0.000	2	0	0.000	0.027	0.043	116.78	-41.23	-0.00	-0.69
9900000	0.000	105.006	0.000	3	0	0.000	0.024	0.065	114.36	-42.51	-0.00	-0.69
9910000	0.000	0.492	0.000	2	0	0.000	0.038	0.005	121.83	-40.92	0.00	0.00
9920000	0.000	0.001	0.000	2	0	0.000	0.032	0.018	129.52	-40.92	-0.00	0.29
9930000	0.000	0.000	0.000	1	0	0.000	0.034	0.002	116.59	-39.86	0.00	0.00
9940000	0.000	0.000	0.000	1	0	0.000	0.033	0.099	117.01	-39.86	-0.00	0.42
9950000	0.000	0.000	0.000	1	0	0.000	0.026	0.025	125.37	-39.86	-0.00	0.66
9960000	0.000	0.000	0.000	0	0	0.000	0.027	0.028	118.87	-39.50	0.00	0.00
9970000	0.000	0.000	0.000	1	0	0.000	0.025	0.014	124.64	-39.86	0.00	-7.15
9980000	0.000	0.000	0.000	2	0	0.000	0.033	0.020	127.57	-40.92	0.00	0.00
9990000	0.000	0.000	0.000	1	0	0.000	0.030	0.033	122.87	-39.86	-0.00	0.00
10000000	0.000	0.005	0.000	2	0	0.000	0.028	0.030	127.99	-40.92	-0.00	0.01
