state	min	max	median	shifts	jumps	jumpvar	SE	root	lnL	lnLp	qlnL.p	qlnL.h
10	0.000	0.000	0.000	0	0	0.000	0.387	-0.015	-1.44	-1107.73	0.00	0.00
20	0.000	0.000	0.000	0	1	0.000	0.321	-0.015	12.20	-1108.76	-0.00	0.00
30	0.000	0.000	0.000	0	0	0.000	0.321	-0.015	12.17	-1107.73	-0.00	0.00
40	0.000	0.000	0.000	0	0	0.000	0.160	-0.024	55.99	-1107.73	0.00	0.00
50	0.000	0.000	0.000	0	0	0.000	0.160	-0.024	55.95	-1107.73	-0.00	0.00
60	0.000	0.000	0.000	0	1	0.000	0.160	-0.024	56.27	-1108.76	-0.00	0.00
70	0.000	0.000	0.000	0	1	0.000	0.160	-0.024	58.11	-1108.76	-1.04	0.00
80	0.000	0.000	0.000	0	0	0.000	0.036	-0.024	76.05	-1107.73	-0.00	0.00
90	0.000	0.000	0.000	0	1	0.000	0.036	-0.024	86.96	-1108.76	0.00	0.00
100	0.000	0.000	0.000	0	1	0.000	0.036	-0.024	93.97	-1108.76	-1.04	0.00
110	0.000	0.000	0.000	0	2	0.000	0.036	-0.024	98.32	-1109.46	0.00	0.00
120	0.000	0.000	0.000	0	2	0.000	0.036	-0.024	101.01	-1109.46	0.00	0.00
130	0.000	0.000	0.000	0	4	0.000	0.036	-0.024	105.01	-1110.15	0.00	0.00
140	0.000	0.000	0.000	0	2	0.000	0.036	-0.024	105.78	-1109.46	0.41	0.00
150	0.000	0.000	0.000	0	2	0.017	0.036	-0.024	104.98	-1109.46	0.00	0.00
160	0.000	0.000	0.000	0	2	0.017	0.036	-0.024	106.03	-1109.46	0.69	0.00
170	0.000	0.000	0.000	0	2	0.032	0.036	-0.024	105.38	-1109.46	0.00	0.00
180	0.000	0.000	0.000	0	2	0.028	0.036	-0.024	105.36	-1109.46	-0.00	0.31
190	0.000	0.000	0.000	0	1	0.028	0.036	-0.024	102.07	-1108.76	0.00	0.00
200	0.000	0.000	0.000	0	1	0.242	0.036	-0.024	101.65	-1108.76	0.00	-0.26
210	0.000	0.000	0.000	0	0	0.000	0.036	-0.024	104.25	-1107.73	1.04	0.00
220	0.000	0.000	0.000	0	0	0.000	0.036	-0.016	104.21	-1107.73	0.00	0.00
230	0.000	0.000	0.000	0	0	0.000	0.036	-0.016	104.36	-1107.73	-0.00	0.00
240	0.000	0.000	0.000	0	0	0.000	0.036	-0.016	104.44	-1107.73	-0.00	0.00
250	0.000	0.000	0.000	0	0	0.000	0.025	-0.016	106.59	-1107.73	0.00	-0.39
260	0.000	0.000	0.000	0	0	0.000	0.025	-0.023	106.60	-1107.73	-1.04	0.00
270	0.000	0.000	0.000	0	0	0.000	0.019	-0.023	107.72	-1107.73	-1.04	0.00
280	0.000	0.000	0.000	0	0	0.000	0.019	-0.023	107.63	-1107.73	0.00	0.00
290	0.000	0.000	0.000	0	0	0.000	0.019	-0.023	107.72	-1107.73	-0.00	0.00
300	0.000	0.000	0.000	0	0	0.000	0.016	-0.023	106.51	-1107.73	-0.00	0.00
310	0.000	0.000	0.000	0	0	0.000	0.013	-0.023	108.47	-1107.73	-0.00	0.00
320	0.000	0.000	0.000	0	0	0.000	0.016	-0.023	108.15	-1107.73	0.00	0.00
330	0.000	0.000	0.000	0	1	0.925	0.016	-0.023	109.66	-1108.76	0.00	0.00
340	0.000	0.000	0.000	0	0	0.000	0.016	-0.023	107.71	-1107.73	-0.00	0.00
350	0.000	0.000	0.000	0	0	0.000	0.010	-0.023	108.79	-1107.73	0.00	-0.16
360	0.000	0.000	0.000	0	0	0.000	0.006	-0.032	109.34	-1107.73	0.00	-0.27
370	0.000	0.000	0.000	0	0	0.000	0.006	-0.051	109.14	-1107.73	0.00	0.45
380	0.000	0.000	0.000	0	0	0.000	0.006	-0.061	108.44	-1107.73	-0.00	0.00
390	0.000	0.000	0.000	0	0	0.000	0.006	-0.061	106.98	-1107.73	0.00	0.00
400	0.000	0.000	0.000	0	0	0.000	0.006	-0.061	107.76	-1107.73	0.00	0.00
410	0.000	0.000	0.000	0	0	0.000	0.005	-0.061	109.04	-1107.73	-1.04	0.00
420	0.000	0.000	0.000	0	0	0.000	0.005	-0.061	106.52	-1107.73	0.00	0.00
430	0.000	0.000	0.000	0	0	0.000	0.005	-0.061	108.18	-1107.73	0.00	0.00
440	0.000	0.000	0.000	0	0	0.000	0.005	-0.061	108.75	-1107.73	0.00	0.00
450	0.000	0.000	0.000	0	0	0.000	0.005	-0.061	109.09	-1107.73	0.00	0.00
460	0.000	0.000	0.000	0	0	0.000	0.004	-0.061	109.02	-1107.73	0.00	0.00
470	0.000	0.000	0.000	0	0	0.000	0.004	-0.061	109.28	-1107.73	-1.04	0.00
480	0.000	0.000	0.000	0	0	0.000	0.004	-0.061	109.28	-1107.73	0.00	0.00
490	0.000	0.000	0.000	0	0	0.000	0.004	-0.040	109.76	-1107.73	-1.04	0.00
500	0.000	0.000	0.000	0	0	0.000	0.004	-0.056	109.32	-1107.73	-1.04	0.00
510	0.000	0.000	0.000	0	0	0.000	0.004	-0.056	107.14	-1107.73	-0.00	0.00
520	0.000	0.000	0.000	0	0	0.000	0.004	-0.056	107.44	-1107.73	0.00	-0.19
530	0.000	0.000	0.000	0	0	0.000	0.004	-0.056	108.96	-1107.73	0.00	0.00
540	0.000	0.000	0.000	0	0	0.000	0.005	-0.056	109.21	-1107.73	-1.04	0.00
550	0.000	0.000	0.000	0	0	0.000	0.005	-0.056	109.20	-1107.73	0.00	0.00
560	0.000	0.000	0.000	0	0	0.000	0.005	-0.058	108.69	-1107.73	-1.04	0.00
570	0.000	0.000	0.000	0	0	0.000	0.005	-0.058	108.81	-1107.73	-0.00	0.00
580	0.000	0.000	0.000	0	0	0.000	0.005	-0.058	109.07	-1107.73	0.00	0.00
590	0.000	0.000	0.000	0	0	0.000	0.005	-0.054	108.68	-1107.73	0.00	-0.08
600	0.000	0.000	0.000	0	0	0.000	0.005	-0.054	107.41	-1107.73	-1.04	0.00
610	0.000	0.000	0.000	0	0	0.000	0.005	0.079	106.33	-1107.73	-1.04	0.00
620	0.000	0.000	0.000	0	0	0.000	0.005	0.101	106.61	-1107.73	0.00	0.00
630	0.000	0.000	0.000	0	0	0.000	0.004	0.101	106.82	-1107.73	-0.00	0.00
640	0.000	0.000	0.000	0	0	0.000	0.004	0.101	106.81	-1107.73	0.00	0.00
650	0.000	0.000	0.000	0	0	0.000	0.004	0.101	105.29	-1107.73	-1.04	0.00
660	0.000	0.000	0.000	0	0	0.000	0.006	0.101	105.02	-1107.73	-1.04	0.00
670	0.000	0.000	0.000	0	0	0.000	0.006	0.101	106.54	-1107.73	-1.04	0.00
680	0.000	0.000	0.000	0	0	0.000	0.006	0.101	106.52	-1107.73	0.00	0.00
690	0.000	0.000	0.000	0	0	0.000	0.006	0.101	106.15	-1107.73	0.00	0.00
700	0.000	0.000	0.000	0	0	0.000	0.006	0.128	104.53	-1107.73	-0.00	0.00
710	0.000	0.000	0.000	0	0	0.000	0.006	0.128	104.30	-1107.73	0.00	0.00
720	0.000	0.000	0.000	0	0	0.000	0.006	0.128	104.30	-1107.73	-1.04	0.00
730	0.000	0.000	0.000	0	0	0.000	0.007	0.128	104.37	-1107.73	0.00	0.00
740	0.000	0.000	0.000	0	0	0.000	0.010	0.110	104.59	-1107.73	-0.00	0.37
750	0.000	0.000	0.000	0	0	0.000	0.010	0.110	105.22	-1107.73	0.00	0.00
760	0.000	0.000	0.000	0	0	0.000	0.010	0.110	105.22	-1107.73	-1.04	0.00
770	0.000	0.000	0.000	0	0	0.000	0.013	0.110	104.82	-1107.73	-0.00	0.00
780	0.000	0.000	0.000	0	1	1.237	0.013	0.071	103.26	-1108.77	-0.00	0.00
790	0.000	0.000	0.000	0	1	1.237	0.013	0.071	104.71	-1108.77	-0.69	0.00
800	0.000	0.000	0.000	0	0	0.000	0.008	0.071	107.54	-1107.73	1.04	0.00
810	0.000	0.000	0.000	0	0	0.000	0.009	0.071	107.49	-1107.73	0.00	0.00
820	0.000	0.000	0.000	0	0	0.000	0.009	0.071	107.50	-1107.73	-0.00	0.00
830	0.000	0.000	0.000	0	0	0.000	0.006	0.065	107.08	-1107.73	0.00	-0.39
840	0.000	0.000	0.000	0	0	0.000	0.006	0.065	108.19	-1107.73	0.00	0.00
850	0.000	0.000	0.000	0	0	0.000	0.009	0.065	105.47	-1107.73	0.00	0.00
860	0.000	0.000	0.000	0	0	0.000	0.007	0.065	107.92	-1107.73	-1.04	0.00
870	0.000	0.000	0.000	0	0	0.000	0.007	0.065	107.78	-1107.73	0.00	0.00
880	0.000	0.000	0.000	0	0	0.000	0.007	0.050	108.67	-1107.73	0.00	0.00
890	0.000	0.000	0.000	0	0	0.000	0.007	0.050	107.92	-1107.73	0.00	0.00
900	0.000	0.000	0.000	0	0	0.000	0.007	0.050	107.92	-1107.73	0.00	0.00
910	0.000	0.000	0.000	0	0	0.000	0.007	0.050	108.64	-1107.73	0.00	0.00
920	0.000	0.000	0.000	0	0	0.000	0.007	0.037	109.04	-1107.73	-1.04	0.00
930	0.000	0.000	0.000	0	0	0.000	0.007	0.037	108.98	-1107.73	-0.00	0.00
940	0.000	0.000	0.000	0	1	1.243	0.005	0.037	108.03	-1108.77	-1.04	0.00
950	0.000	0.000	0.000	0	0	0.000	0.005	0.047	108.67	-1107.73	0.00	0.00
960	0.000	0.000	0.000	0	0	0.000	0.003	0.047	109.24	-1107.73	0.00	0.00
970	0.000	0.000	0.000	0	0	0.000	0.003	0.047	109.25	-1107.73	-0.00	0.00
980	0.000	0.000	0.000	0	0	0.000	0.003	0.047	108.96	-1107.73	-0.00	0.00
990	0.000	0.000	0.000	0	0	0.000	0.004	0.047	108.21	-1107.73	-1.04	0.00
1000	0.000	0.000	0.000	0	0	0.000	0.004	0.047	109.03	-1107.73	-1.04	0.00
1010	0.000	0.000	0.000	0	0	0.000	0.004	0.043	109.30	-1107.73	-1.04	0.00
1020	0.000	0.000	0.000	0	0	0.000	0.004	-0.026	109.91	-1107.73	-1.04	0.00
1030	0.000	0.000	0.000	0	0	0.000	0.004	-0.026	109.91	-1107.73	-0.00	0.00
1040	0.000	0.000	0.000	0	0	0.000	0.002	-0.026	110.16	-1107.73	0.00	0.00
1050	0.000	0.000	0.000	0	0	0.000	0.002	-0.026	109.95	-1107.73	-0.00	0.00
1060	0.000	0.000	0.000	0	0	0.000	0.002	-0.026	109.95	-1107.73	0.00	0.00
1070	0.000	0.000	0.000	0	0	0.000	0.002	-0.026	109.62	-1107.73	0.00	0.00
1080	0.000	0.000	0.000	0	0	0.000	0.002	-0.026	109.75	-1107.73	0.00	0.00
1090	0.000	0.000	0.000	0	0	0.000	0.002	-0.026	109.90	-1107.73	0.00	0.00
1100	0.000	0.000	0.000	0	0	0.000	0.002	-0.026	110.19	-1107.73	0.00	0.00
1110	0.000	0.000	0.000	0	0	0.000	0.002	-0.029	108.66	-1107.73	0.00	0.11
1120	0.000	0.000	0.000	0	0	0.000	0.002	-0.029	110.22	-1107.73	-0.00	0.00
1130	0.000	0.000	0.000	0	0	0.000	0.002	-0.029	109.15	-1107.73	-1.04	0.00
1140	0.000	0.000	0.000	0	0	0.000	0.002	-0.038	110.15	-1107.73	0.00	0.00
1150	0.000	0.000	0.000	0	0	0.000	0.002	-0.038	110.06	-1107.73	0.00	0.00
1160	0.000	0.000	0.000	0	1	0.547	0.003	-0.038	112.58	-1108.76	-0.00	0.32
1170	0.000	0.000	0.000	0	1	0.654	0.003	-0.038	112.84	-1108.76	-0.00	0.00
1180	0.000	0.000	0.000	0	1	0.377	0.003	-0.038	112.96	-1108.76	-0.00	0.14
1190	0.000	0.000	0.000	0	1	0.234	0.003	-0.038	112.10	-1108.76	0.00	0.00
1200	0.000	0.000	0.000	0	1	0.029	0.003	-0.038	113.14	-1108.76	-0.69	0.00
1210	0.000	0.000	0.000	0	1	0.020	0.003	-0.038	113.73	-1108.76	-0.00	0.00
1220	0.000	0.000	0.000	0	1	0.012	0.003	-0.023	113.96	-1108.76	-0.00	0.00
1230	0.000	0.000	0.000	0	1	0.064	0.003	-0.023	113.16	-1108.76	0.00	0.00
1240	0.000	0.000	0.000	0	1	0.064	0.003	-0.023	113.16	-1108.76	-0.00	0.00
1250	0.000	0.000	0.000	0	2	0.683	0.003	-0.023	115.71	-1109.46	-0.00	0.00
1260	0.000	0.000	0.000	0	2	0.306	0.003	-0.002	115.23	-1109.46	-0.00	0.00
1270	0.000	0.000	0.000	0	1	0.211	0.003	-0.002	113.42	-1108.76	0.00	0.00
1280	0.000	0.000	0.000	0	1	0.394	0.003	-0.002	111.02	-1108.76	-0.00	0.29
1290	0.000	0.000	0.000	0	2	0.667	0.003	-0.002	109.60	-1109.46	-0.41	0.00
1300	0.000	0.000	0.000	0	1	0.667	0.003	-0.002	113.24	-1108.76	0.00	0.00
1310	0.000	0.000	0.000	0	1	0.245	0.003	-0.002	111.54	-1108.76	0.00	0.00
1320	0.000	0.000	0.000	0	0	0.000	0.003	-0.002	109.98	-1107.73	-1.04	0.00
1330	0.000	0.000	0.000	0	0	0.000	0.003	-0.002	109.80	-1107.73	0.00	0.00
1340	0.000	0.000	0.000	0	0	0.000	0.003	-0.002	103.81	-1107.73	-1.04	0.00
1350	0.000	0.000	0.000	0	0	0.000	0.003	-0.002	106.72	-1107.73	0.00	0.00
1360	0.000	0.000	0.000	0	0	0.000	0.003	-0.002	110.23	-1107.73	-1.04	0.00
1370	0.000	0.000	0.000	0	0	0.000	0.003	-0.002	110.28	-1107.73	0.00	0.00
1380	0.000	0.000	0.000	0	0	0.000	0.004	-0.002	110.02	-1107.73	0.00	0.00
1390	0.000	0.000	0.000	0	2	0.245	0.004	-0.002	106.40	-1109.46	-0.00	0.00
1400	0.000	0.000	0.000	0	2	0.285	0.004	-0.002	106.57	-1109.46	-0.41	0.00
1410	0.000	0.000	0.000	0	2	0.411	0.004	-0.002	106.06	-1109.46	0.00	0.00
1420	0.000	0.000	0.000	0	2	0.057	0.004	-0.002	108.21	-1109.46	-0.00	0.00
1430	0.000	0.000	0.000	0	2	0.057	0.004	-0.002	107.42	-1109.46	-0.00	0.00
1440	0.000	0.000	0.000	0	0	0.000	0.004	-0.002	109.92	-1107.73	-1.04	0.00
1450	0.000	0.000	0.000	0	0	0.000	0.004	-0.002	109.67	-1107.73	-0.00	0.00
1460	0.000	0.000	0.000	0	0	0.000	0.004	-0.002	109.87	-1107.73	-1.04	0.00
1470	0.000	0.000	0.000	0	0	0.000	0.007	-0.002	109.47	-1107.73	0.00	0.00
1480	0.000	0.000	0.000	0	0	0.000	0.007	-0.002	109.30	-1107.73	-0.00	0.00
1490	0.000	0.000	0.000	0	0	0.000	0.008	-0.002	108.89	-1107.73	-1.04	0.00
1500	0.000	0.000	0.000	0	0	0.000	0.012	-0.002	108.42	-1107.73	-0.00	0.00
1510	0.000	0.000	0.000	0	0	0.000	0.009	-0.002	108.66	-1107.73	0.00	0.00
1520	0.000	0.000	0.000	0	0	0.000	0.009	-0.002	107.80	-1107.73	0.00	0.00
1530	0.000	0.000	0.000	0	0	0.000	0.009	-0.002	109.21	-1107.73	-0.00	0.00
1540	0.000	0.000	0.000	0	0	0.000	0.009	-0.002	109.21	-1107.73	-1.04	0.00
1550	0.000	0.000	0.000	0	0	0.000	0.009	-0.001	109.06	-1107.73	0.00	0.00
1560	0.000	0.000	0.000	0	0	0.000	0.006	-0.001	109.76	-1107.73	0.00	0.00
1570	0.000	0.000	0.000	0	0	0.000	0.008	-0.001	109.38	-1107.73	-0.00	0.35
1580	0.000	0.000	0.000	0	0	0.000	0.008	-0.001	108.75	-1107.73	0.00	0.00
1590	0.000	0.000	0.000	0	0	0.000	0.008	-0.001	108.96	-1107.73	0.00	0.00
1600	0.000	0.000	0.000	0	0	0.000	0.008	-0.001	108.36	-1107.73	0.00	0.00
1610	0.000	0.000	0.000	0	0	0.000	0.008	-0.001	109.37	-1107.73	-0.00	0.00
1620	0.000	0.000	0.000	0	0	0.000	0.008	-0.001	109.38	-1107.73	-0.00	0.00
1630	0.000	0.000	0.000	0	0	0.000	0.008	-0.001	109.37	-1107.73	1.04	0.00
1640	0.000	0.000	0.000	0	0	0.000	0.008	-0.001	108.62	-1107.73	-0.00	0.00
1650	0.000	0.000	0.000	0	0	0.000	0.008	-0.001	109.15	-1107.73	0.00	0.00
1660	0.000	0.000	0.000	0	0	0.000	0.008	-0.001	108.09	-1107.73	-0.00	0.00
1670	0.000	0.000	0.000	0	0	0.000	0.006	-0.001	108.37	-1107.73	-0.00	0.00
1680	0.000	0.000	0.000	0	1	0.233	0.006	-0.001	106.50	-1108.76	-0.00	0.00
1690	0.000	0.000	0.000	0	0	0.000	0.006	-0.001	109.44	-1107.73	-0.00	0.00
1700	0.000	0.000	0.000	0	0	0.000	0.006	-0.001	108.47	-1107.73	-1.04	0.00
1710	0.000	0.000	0.000	0	0	0.000	0.006	-0.001	109.63	-1107.73	-0.00	0.00
1720	0.000	0.000	0.000	0	0	0.000	0.006	-0.001	109.59	-1107.73	-1.04	0.00
1730	0.000	0.000	0.000	0	0	0.000	0.006	-0.001	105.43	-1107.73	-1.04	0.00
1740	0.000	0.000	0.000	0	0	0.000	0.006	-0.001	105.43	-1107.73	0.00	0.00
1750	0.000	0.000	0.000	0	0	0.000	0.005	-0.001	109.84	-1107.73	0.00	0.00
1760	0.000	0.000	0.000	0	1	0.006	0.005	-0.001	113.25	-1108.76	0.00	0.00
1770	0.000	0.000	0.000	0	2	0.007	0.005	-0.001	113.58	-1109.46	-0.00	0.18
1780	0.000	0.000	0.000	0	3	0.006	0.005	-0.001	114.79	-1109.86	-0.29	0.00
1790	0.000	0.000	0.000	0	3	0.008	0.005	-0.001	114.24	-1109.86	-0.00	0.00
1800	0.000	0.000	0.000	0	3	0.007	0.005	-0.001	114.33	-1109.86	0.00	0.00
1810	0.000	0.000	0.000	0	3	0.007	0.005	-0.001	113.90	-1109.86	0.00	0.00
1820	0.000	0.000	0.000	0	3	0.007	0.006	-0.001	113.68	-1109.86	-0.00	0.20
1830	0.000	0.000	0.000	0	3	0.077	0.006	-0.001	113.16	-1109.86	-0.00	0.00
1840	0.000	0.000	0.000	0	3	0.105	0.006	-0.001	112.71	-1109.86	0.00	0.00
1850	0.000	0.000	0.000	0	3	0.105	0.008	-0.001	112.42	-1109.86	-0.00	0.00
1860	0.000	0.000	0.000	0	3	0.125	0.008	-0.001	113.88	-1109.86	-0.00	0.00
1870	0.000	0.000	0.000	0	3	0.052	0.008	-0.001	115.12	-1109.86	-0.00	0.00
1880	0.000	0.000	0.000	0	2	0.101	0.008	-0.001	116.89	-1109.46	-0.41	0.00
1890	0.000	0.000	0.000	0	2	0.088	0.010	-0.001	116.57	-1109.46	-0.00	0.00
1900	0.000	0.000	0.000	0	2	0.067	0.010	-0.001	116.84	-1109.46	0.69	0.00
1910	0.000	0.000	0.000	0	2	0.067	0.010	-0.001	116.84	-1109.46	-0.00	0.00
1920	0.000	0.000	0.000	0	2	0.071	0.010	-0.001	114.34	-1109.46	0.69	0.00
1930	0.000	0.000	0.000	0	2	0.062	0.010	-0.001	115.79	-1109.46	0.00	0.00
1940	0.000	0.000	0.000	0	3	0.062	0.010	-0.001	114.31	-1109.86	-0.00	0.00
1950	0.000	0.000	0.000	0	2	0.062	0.007	-0.001	117.33	-1109.46	0.00	0.00
1960	0.000	0.000	0.000	0	2	0.357	0.007	-0.002	115.87	-1109.46	0.00	0.00
1970	0.000	0.000	0.000	0	2	0.719	0.007	-0.002	114.37	-1109.46	0.41	0.00
1980	0.000	0.000	0.000	0	1	0.509	0.007	-0.002	111.41	-1108.76	0.00	0.00
1990	0.000	0.000	0.000	0	0	0.000	0.007	-0.001	109.11	-1107.73	1.04	0.00
2000	0.000	0.000	0.000	0	0	0.000	0.007	-0.001	108.82	-1107.73	-0.00	0.00
2010	0.000	0.000	0.000	0	0	0.000	0.007	-0.001	108.35	-1107.73	0.00	-0.19
2020	0.000	0.000	0.000	0	0	0.000	0.007	-0.001	109.56	-1107.73	0.00	0.00
2030	0.000	0.000	0.000	0	0	0.000	0.009	-0.001	109.26	-1107.73	-0.00	0.00
2040	0.000	0.000	0.000	0	0	0.000	0.009	-0.001	109.26	-1107.73	-1.04	0.00
2050	0.000	0.000	0.000	0	0	0.000	0.009	-0.001	108.73	-1107.73	-0.00	0.00
2060	0.000	0.000	0.000	0	0	0.000	0.009	-0.001	107.48	-1107.73	0.00	0.00
2070	0.000	0.000	0.000	0	0	0.000	0.012	-0.001	108.19	-1107.73	-0.00	0.39
2080	0.000	0.000	0.000	0	0	0.000	0.012	-0.001	108.72	-1107.73	0.00	0.00
2090	0.000	0.000	0.000	0	0	0.000	0.012	-0.001	107.93	-1107.73	-0.00	0.00
2100	0.000	0.000	0.000	0	0	0.000	0.012	-0.001	108.38	-1107.73	0.00	0.00
2110	0.000	0.000	0.000	0	0	0.000	0.012	0.015	108.29	-1107.73	-1.04	0.00
2120	0.000	0.000	0.000	0	0	0.000	0.012	0.015	108.45	-1107.73	-0.00	0.00
2130	0.000	0.000	0.000	0	0	0.000	0.014	0.015	108.20	-1107.73	0.00	0.00
2140	0.000	0.000	0.000	0	0	0.000	0.014	0.015	108.41	-1107.73	0.00	0.00
2150	0.000	0.000	0.000	0	0	0.000	0.014	0.015	107.84	-1107.73	0.00	0.00
2160	0.000	0.000	0.000	0	0	0.000	0.014	0.015	108.41	-1107.73	-0.00	0.00
2170	0.000	0.000	0.000	0	0	0.000	0.014	0.010	108.44	-1107.73	-0.00	0.00
2180	0.000	0.000	0.000	0	0	0.000	0.014	0.010	108.27	-1107.73	0.00	0.00
2190	0.000	0.000	0.000	0	0	0.000	0.017	0.010	107.64	-1107.73	-1.04	0.00
2200	0.000	0.000	0.000	0	0	0.000	0.017	0.008	107.76	-1107.73	-0.00	0.00
2210	0.000	0.000	0.000	0	0	0.000	0.017	0.008	107.67	-1107.73	-0.00	0.00
2220	0.000	0.000	0.000	0	0	0.000	0.017	0.008	108.02	-1107.73	-0.00	0.00
2230	0.000	0.000	0.000	0	0	0.000	0.017	0.008	106.97	-1107.73	0.00	0.00
2240	0.000	0.000	0.000	0	0	0.000	0.017	0.008	107.33	-1107.73	-0.00	0.00
2250	0.000	0.000	0.000	0	0	0.000	0.011	0.008	108.30	-1107.73	0.00	-0.38
2260	0.000	0.000	0.000	0	0	0.000	0.011	0.008	108.61	-1107.73	-0.00	0.00
2270	0.000	0.000	0.000	0	0	0.000	0.011	0.005	108.31	-1107.73	0.00	0.00
2280	0.000	0.000	0.000	0	0	0.000	0.011	0.005	108.67	-1107.73	0.00	0.00
2290	0.000	0.000	0.000	0	0	0.000	0.011	0.005	108.25	-1107.73	-0.00	0.00
2300	0.000	0.000	0.000	0	0	0.000	0.011	0.008	108.80	-1107.73	0.00	0.00
2310	0.000	0.000	0.000	0	0	0.000	0.011	0.008	107.77	-1107.73	-1.04	0.00
2320	0.000	0.000	0.000	0	0	0.000	0.011	0.009	108.54	-1107.73	0.00	0.00
2330	0.000	0.000	0.000	0	0	0.000	0.011	0.009	107.74	-1107.73	-0.00	0.00
2340	0.000	0.000	0.000	0	0	0.000	0.011	0.009	108.22	-1107.73	-1.04	0.00
2350	0.000	0.000	0.000	0	0	0.000	0.011	0.018	106.47	-1107.73	0.00	0.00
2360	0.000	0.000	0.000	0	0	0.000	0.011	0.018	106.47	-1107.73	-1.04	0.00
2370	0.000	0.000	0.000	0	0	0.000	0.016	0.018	107.00	-1107.73	-1.04	0.00
2380	0.000	0.000	0.000	0	0	0.000	0.016	0.018	103.58	-1107.73	0.00	0.00
2390	0.000	0.000	0.000	0	0	0.000	0.016	0.018	107.31	-1107.73	-1.04	0.00
2400	0.000	0.000	0.000	0	0	0.000	0.016	0.019	107.76	-1107.73	-1.04	0.00
2410	0.000	0.000	0.000	0	0	0.000	0.016	0.019	106.49	-1107.73	0.00	0.00
2420	0.000	0.000	0.000	0	0	0.000	0.016	0.019	106.49	-1107.73	-1.04	0.00
2430	0.000	0.000	0.000	0	0	0.000	0.006	0.019	109.48	-1107.73	-1.04	0.00
2440	0.000	0.000	0.000	0	0	0.000	0.006	0.022	109.38	-1107.73	-1.04	0.00
2450	0.000	0.000	0.000	0	0	0.000	0.005	0.022	109.29	-1107.73	-1.04	0.00
2460	0.000	0.000	0.000	0	0	0.000	0.005	0.022	109.29	-1107.73	0.00	0.00
2470	0.000	0.000	0.000	0	0	0.000	0.005	0.022	108.68	-1107.73	-1.04	0.00
2480	0.000	0.000	0.000	0	0	0.000	0.005	0.022	109.61	-1107.73	-0.00	0.00
2490	0.000	0.000	0.000	0	0	0.000	0.005	0.022	107.05	-1107.73	0.00	0.00
2500	0.000	0.000	0.000	0	0	0.000	0.005	0.022	108.23	-1107.73	-0.00	0.00
2510	0.000	0.000	0.000	0	0	0.000	0.005	0.022	109.62	-1107.73	0.00	0.00
2520	0.000	0.000	0.000	0	0	0.000	0.005	0.022	109.46	-1107.73	0.00	0.00
2530	0.000	0.000	0.000	0	0	0.000	0.004	0.022	109.49	-1107.73	-1.04	0.00
2540	0.000	0.000	0.000	0	0	0.000	0.004	0.022	109.62	-1107.73	0.00	0.00
2550	0.000	0.000	0.000	0	0	0.000	0.004	0.036	107.72	-1107.73	-1.04	0.00
2560	0.000	0.000	0.000	0	0	0.000	0.004	0.036	109.44	-1107.73	-1.04	0.00
2570	0.000	0.000	0.000	0	0	0.000	0.004	0.036	109.42	-1107.73	0.00	0.00
2580	0.000	0.000	0.000	0	0	0.000	0.004	0.036	109.40	-1107.73	-0.00	0.00
2590	0.000	0.000	0.000	0	0	0.000	0.006	0.036	109.01	-1107.73	-0.00	0.00
2600	0.000	0.000	0.000	0	0	0.000	0.006	0.041	109.02	-1107.73	-0.00	0.00
2610	0.000	0.000	0.000	0	0	0.000	0.006	0.041	106.80	-1107.73	0.00	0.00
2620	0.000	0.000	0.000	0	0	0.000	0.006	0.041	109.02	-1107.73	-1.04	0.00
2630	0.000	0.000	0.000	0	0	0.000	0.006	0.041	109.01	-1107.73	0.00	0.00
2640	0.000	0.000	0.000	0	1	0.590	0.007	0.041	111.43	-1108.76	1.04	0.00
2650	0.000	0.000	0.000	0	0	0.000	0.007	0.034	108.22	-1107.73	0.00	0.00
2660	0.000	0.000	0.000	0	0	0.000	0.007	0.034	106.67	-1107.73	-0.00	0.00
2670	0.000	0.000	0.000	0	0	0.000	0.007	0.034	108.51	-1107.73	0.00	0.00
2680	0.000	0.000	0.000	0	0	0.000	0.004	0.041	109.17	-1107.73	-0.00	0.00
2690	0.000	0.000	0.000	0	0	0.000	0.004	0.041	108.19	-1107.73	0.00	0.00
2700	0.000	0.000	0.000	0	0	0.000	0.005	0.035	108.12	-1107.73	-0.00	0.00
2710	0.000	0.000	0.000	0	0	0.000	0.005	0.035	108.11	-1107.73	-1.04	0.00
2720	0.000	0.000	0.000	0	0	0.000	0.005	0.035	109.20	-1107.73	0.00	0.00
2730	0.000	0.000	0.000	0	0	0.000	0.005	0.035	106.57	-1107.73	-0.00	0.00
2740	0.000	0.000	0.000	0	0	0.000	0.005	0.035	109.18	-1107.73	-0.00	0.00
2750	0.000	0.000	0.000	0	0	0.000	0.005	0.028	109.31	-1107.73	-1.04	0.00
2760	0.000	0.000	0.000	0	0	0.000	0.005	0.035	109.30	-1107.73	0.00	0.00
2770	0.000	0.000	0.000	0	0	0.000	0.005	0.035	109.26	-1107.73	-1.04	0.00
2780	0.000	0.000	0.000	0	1	1.210	0.005	0.035	111.88	-1108.77	0.00	0.00
2790	0.000	0.000	0.000	0	1	1.598	0.005	0.035	111.74	-1108.77	0.00	0.00
2800	0.000	0.000	0.000	0	1	1.312	0.005	0.035	111.70	-1108.77	-0.00	0.00
2810	0.000	0.000	0.000	0	0	0.000	0.005	0.035	109.25	-1107.73	-1.04	0.00
2820	0.000	0.000	0.000	0	0	0.000	0.005	0.035	109.02	-1107.73	0.00	0.00
2830	0.000	0.000	0.000	0	0	0.000	0.005	0.035	109.01	-1107.73	0.00	0.00
2840	0.000	0.000	0.000	0	0	0.000	0.005	0.035	108.81	-1107.73	0.00	0.00
2850	0.000	0.000	0.000	0	0	0.000	0.005	0.035	109.29	-1107.73	-1.04	0.00
2860	0.000	0.000	0.000	0	0	0.000	0.005	0.035	109.18	-1107.73	0.00	0.00
2870	0.000	0.000	0.000	0	0	0.000	0.005	-0.035	109.46	-1107.73	0.00	0.00
2880	0.000	0.000	0.000	0	0	0.000	0.004	-0.035	109.63	-1107.73	-0.00	0.00
2890	0.000	0.000	0.000	0	0	0.000	0.004	-0.035	108.66	-1107.73	-1.04	0.00
2900	0.000	0.000	0.000	0	0	0.000	0.004	-0.035	109.75	-1107.73	0.00	0.00
2910	0.000	0.000	0.000	0	0	0.000	0.004	-0.035	109.75	-1107.73	-0.00	0.00
2920	0.000	0.000	0.000	0	0	0.000	0.004	-0.035	109.60	-1107.73	0.00	0.00
2930	0.000	0.000	0.000	0	0	0.000	0.004	-0.035	109.60	-1107.73	-1.04	0.00
2940	0.000	0.000	0.000	0	0	0.000	0.004	-0.035	109.75	-1107.73	-1.04	0.00
2950	0.000	0.000	0.000	0	0	0.000	0.004	-0.035	108.77	-1107.73	0.00	0.00
2960	0.000	0.000	0.000	0	0	0.000	0.004	-0.035	109.17	-1107.73	0.00	0.00
2970	0.000	0.000	0.000	0	0	0.000	0.004	-0.035	109.75	-1107.73	0.00	0.00
2980	0.000	0.000	0.000	0	0	0.000	0.004	-0.035	109.75	-1107.73	0.00	0.00
2990	0.000	0.000	0.000	0	0	0.000	0.004	-0.035	109.29	-1107.73	-1.04	0.00
3000	0.000	0.000	0.000	0	0	0.000	0.000	-0.035	110.31	-1107.73	0.00	0.00
3010	0.000	0.000	0.000	0	0	0.000	0.000	-0.039	109.71	-1107.73	-0.00	0.00
3020	0.000	0.000	0.000	0	0	0.000	0.001	-0.039	110.20	-1107.73	-1.04	0.00
3030	0.000	0.000	0.000	0	0	0.000	0.001	-0.039	110.20	-1107.73	-1.04	0.00
3040	0.000	0.000	0.000	0	0	0.000	0.000	-0.042	110.10	-1107.73	0.00	-0.47
3050	0.000	0.000	0.000	0	0	0.000	0.000	-0.042	110.19	-1107.73	-1.04	0.00
3060	0.000	0.000	0.000	0	0	0.000	0.001	-0.042	109.84	-1107.73	0.00	0.00
3070	0.000	0.000	0.000	0	0	0.000	0.001	-0.042	109.88	-1107.73	0.00	0.00
3080	0.000	0.000	0.000	0	0	0.000	0.001	-0.042	109.57	-1107.73	-1.04	0.00
3090	0.000	0.000	0.000	0	0	0.000	0.001	-0.042	110.17	-1107.73	0.00	0.00
3100	0.000	0.000	0.000	0	0	0.000	0.001	-0.035	109.02	-1107.73	-1.04	0.00
3110	0.000	0.000	0.000	0	0	0.000	0.001	-0.035	110.19	-1107.73	0.00	0.00
3120	0.000	0.000	0.000	0	0	0.000	0.001	-0.035	110.30	-1107.73	0.00	0.00
3130	0.000	0.000	0.000	0	0	0.000	0.001	-0.035	110.31	-1107.73	0.00	0.00
3140	0.000	0.000	0.000	0	0	0.000	0.001	-0.035	109.53	-1107.73	0.00	0.00
3150	0.000	0.000	0.000	0	0	0.000	0.001	-0.035	110.00	-1107.73	0.00	0.00
3160	0.000	0.000	0.000	0	0	0.000	0.001	-0.035	110.31	-1107.73	0.00	0.00
3170	0.000	0.000	0.000	0	0	0.000	0.001	-0.035	109.54	-1107.73	0.00	0.00
3180	0.000	0.000	0.000	0	0	0.000	0.001	-0.035	109.54	-1107.73	0.00	0.00
3190	0.000	0.000	0.000	0	0	0.000	0.001	-0.035	110.11	-1107.73	-1.04	0.00
3200	0.000	0.000	0.000	0	1	0.768	0.001	-0.035	107.06	-1108.76	0.00	0.00
3210	0.000	0.000	0.000	0	1	0.120	0.001	-0.035	106.22	-1108.76	0.00	0.00
3220	0.000	0.000	0.000	0	0	0.000	0.001	-0.035	110.31	-1107.73	-1.04	0.00
3230	0.000	0.000	0.000	0	0	0.000	0.001	-0.035	110.10	-1107.73	-0.00	0.00
3240	0.000	0.000	0.000	0	0	0.000	0.001	-0.035	109.21	-1107.73	0.00	0.00
3250	0.000	0.000	0.000	0	0	0.000	0.000	-0.035	110.34	-1107.73	-0.00	0.00
3260	0.000	0.000	0.000	0	0	0.000	0.000	-0.035	110.33	-1107.73	0.00	0.00
3270	0.000	0.000	0.000	0	0	0.000	0.000	-0.035	110.32	-1107.73	0.00	0.00
3280	0.000	0.000	0.000	0	0	0.000	0.001	-0.035	109.57	-1107.73	0.00	0.00
3290	0.000	0.000	0.000	0	0	0.000	0.001	-0.035	110.24	-1107.73	0.00	0.00
3300	0.000	0.000	0.000	0	0	0.000	0.000	-0.035	107.10	-1107.73	-1.04	0.00
3310	0.000	0.000	0.000	0	0	0.000	0.001	-0.035	109.58	-1107.73	0.00	0.00
3320	0.000	0.000	0.000	0	0	0.000	0.001	-0.035	110.21	-1107.73	0.00	-0.26
3330	0.000	0.000	0.000	0	0	0.000	0.001	-0.035	109.85	-1107.73	-0.00	0.00
3340	0.000	0.000	0.000	0	0	0.000	0.001	-0.035	108.38	-1107.73	-0.00	0.00
3350	0.000	0.000	0.000	0	0	0.000	0.001	-0.035	109.18	-1107.73	-0.00	0.00
3360	0.000	0.000	0.000	0	0	0.000	0.001	-0.022	110.01	-1107.73	-1.04	0.00
3370	0.000	0.000	0.000	0	0	0.000	0.001	-0.018	108.89	-1107.73	-0.00	0.00
3380	0.000	0.000	0.000	0	0	0.000	0.001	0.083	106.97	-1107.73	0.00	0.00
3390	0.000	0.000	0.000	0	0	0.000	0.003	0.083	107.19	-1107.73	-1.04	0.00
3400	0.000	0.000	0.000	0	0	0.000	0.003	0.083	107.36	-1107.73	0.00	0.00
3410	0.000	0.000	0.000	0	0	0.000	0.003	0.083	107.88	-1107.73	0.00	0.00
3420	0.000	0.000	0.000	0	0	0.000	0.003	0.083	105.83	-1107.73	-0.00	0.00
3430	0.000	0.000	0.000	0	0	0.000	0.004	-0.006	108.85	-1107.73	0.00	0.00
3440	0.000	0.000	0.000	0	0	0.000	0.004	-0.006	110.05	-1107.73	0.00	0.00
3450	0.000	0.000	0.000	0	0	0.000	0.004	-0.009	110.08	-1107.73	-1.04	0.00
3460	0.000	0.000	0.000	0	0	0.000	0.004	-0.009	110.07	-1107.73	0.00	0.00
3470	0.000	0.000	0.000	0	0	0.000	0.004	-0.009	109.55	-1107.73	-1.04	0.00
3480	0.000	0.000	0.000	0	0	0.000	0.004	-0.007	107.31	-1107.73	0.00	0.00
3490	0.000	0.000	0.000	0	1	0.147	0.004	-0.007	106.32	-1108.76	-1.04	0.00
3500	0.000	0.000	0.000	0	0	0.000	0.004	-0.007	105.70	-1107.73	0.00	0.00
3510	0.000	0.000	0.000	0	0	0.000	0.004	-0.007	105.32	-1107.73	-1.04	0.00
3520	0.000	0.000	0.000	0	0	0.000	0.003	-0.007	110.03	-1107.73	0.00	-0.21
3530	0.000	0.000	0.000	0	0	0.000	0.003	-0.007	110.16	-1107.73	-0.00	0.00
3540	0.000	0.000	0.000	0	0	0.000	0.003	-0.007	110.19	-1107.73	-0.00	0.00
3550	0.000	0.000	0.000	0	0	0.000	0.003	-0.007	110.16	-1107.73	0.00	0.00
3560	0.000	0.000	0.000	0	0	0.000	0.003	-0.005	110.01	-1107.73	-1.04	0.00
3570	0.000	0.000	0.000	0	1	0.442	0.003	-0.005	106.56	-1108.76	-0.00	0.00
3580	0.000	0.000	0.000	0	0	0.000	0.003	-0.005	108.99	-1107.73	-0.00	0.00
3590	0.000	0.000	0.000	0	0	0.000	0.003	-0.005	110.17	-1107.73	0.00	0.00
3600	0.000	0.000	0.000	0	0	0.000	0.003	-0.005	110.10	-1107.73	0.00	0.00
3610	0.000	0.000	0.000	0	0	0.000	0.003	-0.005	110.10	-1107.73	-1.04	0.00
3620	0.000	0.000	0.000	0	0	0.000	0.003	-0.005	110.14	-1107.73	0.00	0.00
3630	0.000	0.000	0.000	0	0	0.000	0.003	-0.005	107.48	-1107.73	0.00	0.00
3640	0.000	0.000	0.000	0	0	0.000	0.003	-0.005	109.95	-1107.73	-0.00	0.00
3650	0.000	0.000	0.000	0	0	0.000	0.003	-0.014	110.09	-1107.73	0.00	0.00
3660	0.000	0.000	0.000	0	0	0.000	0.003	-0.014	109.54	-1107.73	0.00	0.00
3670	0.000	0.000	0.000	0	0	0.000	0.002	-0.014	110.35	-1107.73	0.00	0.00
3680	0.000	0.000	0.000	0	0	0.000	0.002	-0.014	110.26	-1107.73	-1.04	0.00
3690	0.000	0.000	0.000	0	0	0.000	0.002	-0.014	109.85	-1107.73	0.00	0.00
3700	0.000	0.000	0.000	0	0	0.000	0.002	-0.014	110.35	-1107.73	-1.04	0.00
3710	0.000	0.000	0.000	0	0	0.000	0.002	-0.014	110.05	-1107.73	0.00	0.00
3720	0.000	0.000	0.000	0	0	0.000	0.002	-0.020	110.16	-1107.73	0.00	0.00
3730	0.000	0.000	0.000	0	0	0.000	0.002	-0.020	110.30	-1107.73	-1.04	0.00
3740	0.000	0.000	0.000	0	0	0.000	0.002	-0.016	110.33	-1107.73	0.00	-0.21
3750	0.000	0.000	0.000	0	0	0.000	0.002	-0.016	110.35	-1107.73	-0.00	0.00
3760	0.000	0.000	0.000	0	0	0.000	0.002	-0.016	108.60	-1107.73	0.00	0.00
3770	0.000	0.000	0.000	0	0	0.000	0.002	-0.016	110.14	-1107.73	0.00	0.00
3780	0.000	0.000	0.000	0	0	0.000	0.002	-0.026	110.06	-1107.73	-1.04	0.00
3790	0.000	0.000	0.000	0	0	0.000	0.002	-0.026	110.28	-1107.73	0.00	0.00
3800	0.000	0.000	0.000	0	0	0.000	0.003	-0.026	110.12	-1107.73	0.00	0.00
3810	0.000	0.000	0.000	0	0	0.000	0.003	-0.026	108.74	-1107.73	0.00	0.00
3820	0.000	0.000	0.000	0	0	0.000	0.003	-0.026	109.94	-1107.73	-0.00	0.00
3830	0.000	0.000	0.000	0	0	0.000	0.002	-0.026	110.10	-1107.73	0.00	0.00
3840	0.000	0.000	0.000	0	0	0.000	0.002	-0.022	110.17	-1107.73	0.00	0.00
3850	0.000	0.000	0.000	0	0	0.000	0.002	-0.023	109.71	-1107.73	0.00	0.00
3860	0.000	0.000	0.000	0	0	0.000	0.002	-0.023	109.32	-1107.73	-0.00	0.00
3870	0.000	0.000	0.000	0	0	0.000	0.002	-0.023	110.29	-1107.73	0.00	0.00
3880	0.000	0.000	0.000	0	0	0.000	0.002	-0.023	109.78	-1107.73	0.00	0.00
3890	0.000	0.000	0.000	0	0	0.000	0.002	-0.023	109.32	-1107.73	0.00	0.00
3900	0.000	0.000	0.000	0	0	0.000	0.002	-0.023	109.85	-1107.73	0.00	0.00
3910	0.000	0.000	0.000	0	0	0.000	0.002	0.051	109.28	-1107.73	0.00	0.00
3920	0.000	0.000	0.000	0	0	0.000	0.003	0.051	108.02	-1107.73	-1.04	0.00
3930	0.000	0.000	0.000	0	0	0.000	0.003	0.057	108.75	-1107.73	0.00	0.00
3940	0.000	0.000	0.000	0	0	0.000	0.003	0.071	108.06	-1107.73	0.00	0.00
3950	0.000	0.000	0.000	0	0	0.000	0.003	0.071	107.40	-1107.73	-0.00	0.00
3960	0.000	0.000	0.000	0	0	0.000	0.004	0.071	108.21	-1107.73	0.00	0.00
3970	0.000	0.000	0.000	0	0	0.000	0.004	0.071	108.21	-1107.73	0.00	0.00
3980	0.000	0.000	0.000	0	0	0.000	0.004	0.071	108.16	-1107.73	-0.00	0.00
3990	0.000	0.000	0.000	0	1	0.185	0.006	0.071	111.15	-1108.76	0.00	0.00
4000	0.000	0.000	0.000	0	1	0.195	0.006	0.060	109.79	-1108.76	-0.00	0.05
4010	0.000	0.000	0.000	0	0	0.000	0.006	0.060	107.61	-1107.73	0.00	0.00
4020	0.000	0.000	0.000	0	0	0.000	0.006	0.079	107.26	-1107.73	0.00	0.00
4030	0.000	0.000	0.000	0	0	0.000	0.006	0.109	106.02	-1107.73	-1.04	0.00
4040	0.000	0.000	0.000	0	0	0.000	0.006	0.109	105.38	-1107.73	-0.00	0.00
4050	0.000	0.000	0.000	0	0	0.000	0.006	0.109	105.28	-1107.73	-0.00	0.00
4060	0.000	0.000	0.000	0	0	0.000	0.006	0.109	105.87	-1107.73	-1.04	0.00
4070	0.000	0.000	0.000	0	0	0.000	0.005	0.109	106.18	-1107.73	-1.04	0.00
4080	0.000	0.000	0.000	0	0	0.000	0.005	0.072	108.17	-1107.73	0.00	0.00
4090	0.000	0.000	0.000	0	0	0.000	0.007	0.072	104.27	-1107.73	-0.00	0.41
4100	0.000	0.000	0.000	0	0	0.000	0.007	0.072	107.62	-1107.73	-1.04	0.00
4110	0.000	0.000	0.000	0	0	0.000	0.007	0.072	106.81	-1107.73	-1.04	0.00
4120	0.000	0.000	0.000	0	0	0.000	0.004	0.072	108.22	-1107.73	0.00	0.00
4130	0.000	0.000	0.000	0	0	0.000	0.004	0.072	108.22	-1107.73	-1.04	0.00
4140	0.000	0.000	0.000	0	0	0.000	0.007	0.053	108.46	-1107.73	0.00	0.00
4150	0.000	0.000	0.000	0	0	0.000	0.007	0.053	108.46	-1107.73	0.00	0.00
4160	0.000	0.000	0.000	0	0	0.000	0.007	0.053	108.22	-1107.73	0.00	0.00
4170	0.000	0.000	0.000	0	0	0.000	0.007	0.038	108.74	-1107.73	0.00	0.00
4180	0.000	0.000	0.000	0	0	0.000	0.007	0.038	108.74	-1107.73	-0.00	0.00
4190	0.000	0.000	0.000	0	0	0.000	0.007	0.048	107.73	-1107.73	0.00	0.00
4200	0.000	0.000	0.000	0	0	0.000	0.007	0.031	109.04	-1107.73	0.00	0.00
4210	0.000	0.000	0.000	0	0	0.000	0.008	0.031	108.18	-1107.73	0.00	0.00
4220	0.000	0.000	0.000	0	0	0.000	0.008	0.031	109.03	-1107.73	0.00	0.00
4230	0.000	0.000	0.000	0	0	0.000	0.008	0.031	108.20	-1107.73	-1.04	0.00
4240	0.000	0.000	0.000	0	0	0.000	0.008	0.031	107.37	-1107.73	0.00	0.00
4250	0.000	0.000	0.000	0	0	0.000	0.008	0.031	108.25	-1107.73	-0.00	0.00
4260	0.000	0.000	0.000	0	0	0.000	0.008	0.031	103.34	-1107.73	-1.04	0.00
4270	0.000	0.000	0.000	0	0	0.000	0.008	0.031	108.27	-1107.73	-0.00	0.00
4280	0.000	0.000	0.000	0	0	0.000	0.008	0.044	108.39	-1107.73	0.00	0.00
4290	0.000	0.000	0.000	0	0	0.000	0.008	0.044	108.30	-1107.73	0.00	0.00
4300	0.000	0.000	0.000	0	0	0.000	0.008	0.032	104.45	-1107.73	0.00	0.00
4310	0.000	0.000	0.000	0	0	0.000	0.008	-0.048	103.68	-1107.73	-0.00	0.00
4320	0.000	0.000	0.000	0	0	0.000	0.010	-0.050	103.61	-1107.73	0.00	0.03
4330	0.000	0.000	0.000	0	0	0.000	0.010	-0.055	103.54	-1107.73	0.00	0.00
4340	0.000	0.000	0.000	0	0	0.000	0.010	-0.037	108.56	-1107.73	0.00	0.00
4350	0.000	0.000	0.000	0	0	0.000	0.010	-0.037	107.20	-1107.73	0.00	0.00
4360	0.000	0.000	0.000	0	0	0.000	0.016	-0.055	107.54	-1107.73	0.00	0.38
4370	0.000	0.000	0.000	0	0	0.000	0.021	-0.055	106.48	-1107.73	0.00	0.00
4380	0.000	0.000	0.000	0	0	0.000	0.021	-0.055	106.36	-1107.73	-0.00	0.00
4390	0.000	0.000	0.000	0	0	0.000	0.019	-0.055	106.87	-1107.73	-0.00	0.00
4400	0.000	0.000	0.000	0	0	0.000	0.019	-0.055	106.17	-1107.73	-1.04	0.00
4410	0.000	0.000	0.000	0	0	0.000	0.019	-0.037	106.55	-1107.73	-1.04	0.00
4420	0.000	0.000	0.000	0	0	0.000	0.021	-0.037	107.24	-1107.73	-0.00	0.00
4430	0.000	0.000	0.000	0	0	0.000	0.021	-0.037	107.24	-1107.73	0.00	0.00
4440	0.000	0.000	0.000	0	0	0.000	0.020	-0.037	106.99	-1107.73	-1.04	0.00
4450	0.000	0.000	0.000	0	0	0.000	0.020	-0.037	107.18	-1107.73	-0.00	0.00
4460	0.000	0.000	0.000	0	0	0.000	0.020	-0.042	107.10	-1107.73	-1.04	0.00
4470	0.000	0.000	0.000	0	0	0.000	0.020	-0.042	106.72	-1107.73	0.00	0.00
4480	0.000	0.000	0.000	0	0	0.000	0.020	-0.042	106.16	-1107.73	-0.00	0.00
4490	0.000	0.000	0.000	0	0	0.000	0.020	-0.042	106.10	-1107.73	-1.04	0.00
4500	0.000	0.000	0.000	0	0	0.000	0.020	-0.034	107.36	-1107.73	-1.04	0.00
4510	0.000	0.000	0.000	0	0	0.000	0.020	-0.038	106.86	-1107.73	-0.00	0.00
4520	0.000	0.000	0.000	0	0	0.000	0.020	-0.038	107.26	-1107.73	0.00	0.00
4530	0.000	0.000	0.000	0	0	0.000	0.020	-0.038	107.30	-1107.73	0.00	0.00
4540	0.000	0.000	0.000	0	0	0.000	0.020	-0.038	107.29	-1107.73	0.00	0.00
4550	0.000	0.000	0.000	0	0	0.000	0.026	-0.038	106.34	-1107.73	0.00	0.00
4560	0.000	0.000	0.000	0	0	0.000	0.026	-0.038	106.24	-1107.73	-1.04	0.00
4570	0.000	0.000	0.000	0	0	0.000	0.026	-0.038	106.36	-1107.73	0.00	0.00
4580	0.000	0.000	0.000	0	0	0.000	0.002	-0.038	109.81	-1107.73	0.00	0.00
4590	0.000	0.000	0.000	0	0	0.000	0.002	-0.038	109.81	-1107.73	0.00	0.00
4600	0.000	0.000	0.000	0	0	0.000	0.003	-0.038	109.70	-1107.73	-0.00	0.00
4610	0.000	0.000	0.000	0	0	0.000	0.003	-0.038	109.70	-1107.73	0.00	0.00
4620	0.000	0.000	0.000	0	0	0.000	0.003	-0.038	109.94	-1107.73	0.00	0.00
4630	0.000	0.000	0.000	0	0	0.000	0.003	-0.038	109.77	-1107.73	-1.04	0.00
4640	0.000	0.000	0.000	0	0	0.000	0.002	-0.038	109.25	-1107.73	0.00	-0.49
4650	0.000	0.000	0.000	0	0	0.000	0.002	-0.027	110.31	-1107.73	0.00	-0.14
4660	0.000	0.000	0.000	0	0	0.000	0.002	-0.027	109.99	-1107.73	0.00	0.00
4670	0.000	0.000	0.000	0	0	0.000	0.002	-0.027	109.95	-1107.73	0.00	0.00
4680	0.000	0.000	0.000	0	0	0.000	0.002	-0.027	109.41	-1107.73	-0.00	0.00
4690	0.000	0.000	0.000	0	0	0.000	0.002	-0.027	110.26	-1107.73	-1.04	0.00
4700	0.000	0.000	0.000	0	0	0.000	0.002	-0.027	110.30	-1107.73	-0.00	0.00
4710	0.000	0.000	0.000	0	0	0.000	0.002	-0.032	110.24	-1107.73	-1.04	0.00
4720	0.000	0.000	0.000	0	0	0.000	0.002	-0.032	109.97	-1107.73	0.00	0.00
4730	0.000	0.000	0.000	0	0	0.000	0.002	-0.032	109.79	-1107.73	0.00	0.00
4740	0.000	0.000	0.000	0	0	0.000	0.002	-0.032	110.11	-1107.73	-1.04	0.00
4750	0.000	0.000	0.000	0	0	0.000	0.002	-0.032	110.15	-1107.73	0.00	0.00
4760	0.000	0.000	0.000	0	0	0.000	0.002	-0.032	110.15	-1107.73	-0.00	0.00
4770	0.000	0.000	0.000	0	0	0.000	0.002	-0.032	110.23	-1107.73	0.00	0.00
4780	0.000	0.000	0.000	0	0	0.000	0.002	-0.032	109.16	-1107.73	-1.04	0.00
4790	0.000	0.000	0.000	0	0	0.000	0.002	-0.032	109.19	-1107.73	0.00	0.00
4800	0.000	0.000	0.000	0	0	0.000	0.002	-0.019	106.84	-1107.73	-1.04	0.00
4810	0.000	0.000	0.000	0	0	0.000	0.001	-0.019	109.22	-1107.73	-1.04	0.00
4820	0.000	0.000	0.000	0	0	0.000	0.001	-0.019	109.22	-1107.73	-1.04	0.00
4830	0.000	0.000	0.000	0	0	0.000	0.001	-0.019	110.24	-1107.73	-0.00	0.00
4840	0.000	0.000	0.000	0	0	0.000	0.001	-0.017	110.25	-1107.73	-1.04	0.00
4850	0.000	0.000	0.000	0	0	0.000	0.001	-0.011	110.46	-1107.73	-1.04	0.00
4860	0.000	0.000	0.000	0	0	0.000	0.001	-0.011	110.46	-1107.73	-0.00	0.00
4870	0.000	0.000	0.000	0	0	0.000	0.001	-0.011	110.44	-1107.73	0.00	0.00
4880	0.000	0.000	0.000	0	1	0.233	0.001	-0.011	113.61	-1108.76	-0.69	0.00
4890	0.000	0.000	0.000	0	1	0.671	0.001	-0.011	112.69	-1108.76	-0.00	0.00
4900	0.000	0.000	0.000	0	1	0.832	0.001	-0.013	113.20	-1108.76	-0.69	0.00
4910	0.000	0.000	0.000	0	1	1.235	0.001	-0.013	112.71	-1108.77	-0.69	0.00
4920	0.000	0.000	0.000	0	1	1.499	0.001	-0.013	113.03	-1108.77	0.00	0.00
4930	0.000	0.000	0.000	0	1	2.229	0.001	-0.013	112.46	-1108.77	0.00	0.00
4940	0.000	0.000	0.000	0	1	2.308	0.002	-0.013	112.58	-1108.77	-0.00	0.38
4950	0.000	0.000	0.000	0	1	2.231	0.002	-0.013	112.59	-1108.77	-0.70	0.00
4960	0.000	0.000	0.000	0	1	2.231	0.003	-0.013	112.18	-1108.77	1.04	0.00
4970	0.000	0.000	0.000	0	1	2.429	0.003	-0.013	112.41	-1108.77	0.00	0.00
4980	0.000	0.000	0.000	0	1	4.502	0.003	-0.019	112.06	-1108.77	-0.70	0.00
4990	0.000	0.000	0.000	0	1	3.307	0.003	-0.012	112.26	-1108.77	-0.00	0.00
5000	0.000	0.000	0.000	0	1	3.597	0.003	-0.012	112.26	-1108.77	0.00	0.00
5010	0.000	0.000	0.000	0	0	0.000	0.003	-0.012	110.19	-1107.73	-1.04	0.00
5020	0.000	0.000	0.000	0	0	0.000	0.003	-0.011	110.23	-1107.73	0.00	0.00
5030	0.000	0.000	0.000	0	0	0.000	0.003	-0.011	110.23	-1107.73	0.00	0.00
5040	0.000	0.000	0.000	0	0	0.000	0.003	-0.011	110.23	-1107.73	-1.04	0.00
5050	0.000	0.000	0.000	0	0	0.000	0.003	-0.011	110.02	-1107.73	-1.04	0.00
5060	0.000	0.000	0.000	0	0	0.000	0.003	-0.011	110.23	-1107.73	0.00	0.00
5070	0.000	0.000	0.000	0	0	0.000	0.003	-0.011	109.94	-1107.73	-0.00	0.00
5080	0.000	0.000	0.000	0	0	0.000	0.001	-0.011	110.06	-1107.73	0.00	0.00
5090	0.000	0.000	0.000	0	1	3.481	0.001	-0.011	111.40	-1108.77	0.00	0.00
5100	0.000	0.000	0.000	0	0	0.000	0.001	-0.011	110.50	-1107.73	-1.04	0.00
5110	0.000	0.000	0.000	0	0	0.000	0.001	-0.011	109.95	-1107.73	-0.00	0.00
5120	0.000	0.000	0.000	0	0	0.000	0.001	-0.011	110.53	-1107.73	-1.04	0.00
5130	0.000	0.000	0.000	0	0	0.000	0.001	-0.011	110.54	-1107.73	-0.00	0.00
5140	0.000	0.000	0.000	0	0	0.000	0.001	-0.011	110.47	-1107.73	-0.00	0.00
5150	0.000	0.000	0.000	0	0	0.000	0.001	-0.010	110.52	-1107.73	0.00	0.00
5160	0.000	0.000	0.000	0	0	0.000	0.000	-0.010	110.54	-1107.73	-1.04	0.00
5170	0.000	0.000	0.000	0	0	0.000	0.000	-0.010	110.51	-1107.73	0.00	0.00
5180	0.000	0.000	0.000	0	0	0.000	0.000	-0.010	109.53	-1107.73	0.00	0.00
5190	0.000	0.000	0.000	0	0	0.000	0.000	-0.010	109.18	-1107.73	-0.00	0.00
5200	0.000	0.000	0.000	0	0	0.000	0.000	-0.007	110.48	-1107.73	0.00	0.00
5210	0.000	0.000	0.000	0	0	0.000	0.000	-0.007	110.27	-1107.73	-0.00	0.00
5220	0.000	0.000	0.000	0	0	0.000	0.000	-0.005	108.73	-1107.73	0.00	0.00
5230	0.000	0.000	0.000	0	0	0.000	0.000	-0.005	109.99	-1107.73	0.00	0.00
5240	0.000	0.000	0.000	0	0	0.000	0.000	-0.005	110.34	-1107.73	0.00	0.00
5250	0.000	0.000	0.000	0	0	0.000	0.001	-0.005	109.95	-1107.73	0.00	0.00
5260	0.000	0.000	0.000	0	0	0.000	0.001	-0.005	110.06	-1107.73	0.00	0.00
5270	0.000	0.000	0.000	0	0	0.000	0.001	-0.004	110.53	-1107.73	-0.00	0.00
5280	0.000	0.000	0.000	0	0	0.000	0.001	-0.004	110.48	-1107.73	0.00	0.00
5290	0.000	0.000	0.000	0	0	0.000	0.001	-0.004	110.49	-1107.73	0.00	0.00
5300	0.000	0.000	0.000	0	0	0.000	0.001	-0.004	110.49	-1107.73	0.00	0.00
5310	0.000	0.000	0.000	0	0	0.000	0.001	-0.004	110.21	-1107.73	0.00	0.00
5320	0.000	0.000	0.000	0	0	0.000	0.001	-0.004	109.99	-1107.73	-1.04	0.00
5330	0.000	0.000	0.000	0	0	0.000	0.001	-0.004	109.50	-1107.73	0.00	-0.31
5340	0.000	0.000	0.000	0	1	3.855	0.001	-0.004	112.68	-1108.77	-0.00	0.00
5350	0.000	0.000	0.000	0	2	3.334	0.001	-0.004	114.50	-1109.47	0.70	0.00
5360	0.000	0.000	0.000	0	2	2.562	0.001	-0.004	114.80	-1109.46	0.00	-0.30
5370	0.000	0.000	0.000	0	2	2.033	0.001	-0.004	115.24	-1109.46	0.00	0.00
5380	0.000	0.000	0.000	0	2	1.950	0.001	-0.005	115.25	-1109.46	-0.00	0.00
5390	0.000	0.000	0.000	0	2	2.073	0.001	-0.005	114.82	-1109.46	0.00	0.00
5400	0.000	0.000	0.000	0	2	2.656	0.001	-0.005	114.72	-1109.46	0.00	0.00
5410	0.000	0.000	0.000	0	2	2.555	0.001	-0.005	114.31	-1109.46	-0.00	0.00
5420	0.000	0.000	0.000	0	2	2.400	0.001	-0.005	115.06	-1109.46	-0.00	0.00
5430	0.000	0.000	0.000	0	2	3.935	0.001	-0.005	110.56	-1109.47	-0.00	0.00
5440	0.000	0.000	0.000	0	0	0.000	0.001	-0.004	110.40	-1107.73	-1.04	0.00
5450	0.000	0.000	0.000	0	0	0.000	0.001	-0.005	110.40	-1107.73	0.00	0.00
5460	0.000	0.000	0.000	0	0	0.000	0.001	-0.005	110.40	-1107.73	-1.04	0.00
5470	0.000	0.000	0.000	0	0	0.000	0.001	-0.005	110.53	-1107.73	0.00	0.00
5480	0.000	0.000	0.000	0	0	0.000	0.001	-0.005	108.15	-1107.73	-0.00	0.36
5490	0.000	0.000	0.000	0	0	0.000	0.001	-0.005	110.26	-1107.73	0.00	0.00
5500	0.000	0.000	0.000	0	0	0.000	0.001	-0.086	108.21	-1107.73	0.00	-0.14
5510	0.000	0.000	0.000	0	0	0.000	0.001	-0.086	108.53	-1107.73	-0.00	0.00
5520	0.000	0.000	0.000	0	0	0.000	0.001	-0.086	108.53	-1107.73	-0.00	0.00
5530	0.000	0.000	0.000	0	0	0.000	0.001	-0.086	108.39	-1107.73	0.00	0.00
5540	0.000	0.000	0.000	0	0	0.000	0.001	-0.086	106.84	-1107.73	0.00	0.00
5550	0.000	0.000	0.000	0	0	0.000	0.001	-0.086	108.32	-1107.73	0.00	0.00
5560	0.000	0.000	0.000	0	0	0.000	0.001	-0.086	108.56	-1107.73	-0.00	0.00
5570	0.000	0.000	0.000	0	0	0.000	0.001	-0.086	108.44	-1107.73	0.00	0.00
5580	0.000	0.000	0.000	0	0	0.000	0.001	-0.086	108.44	-1107.73	-0.00	0.00
5590	0.000	0.000	0.000	0	0	0.000	0.001	-0.086	108.44	-1107.73	-1.04	0.00
5600	0.000	0.000	0.000	0	1	3.935	0.001	-0.086	106.83	-1108.77	-1.04	0.00
5610	0.000	0.000	0.000	0	0	0.000	0.001	-0.086	108.80	-1107.73	-1.04	0.00
5620	0.000	0.000	0.000	0	0	0.000	0.001	-0.071	109.33	-1107.73	0.00	0.00
5630	0.000	0.000	0.000	0	0	0.000	0.001	-0.071	109.38	-1107.73	-1.04	0.00
5640	0.000	0.000	0.000	0	0	0.000	0.001	-0.071	109.10	-1107.73	-0.00	0.00
5650	0.000	0.000	0.000	0	0	0.000	0.001	-0.048	109.90	-1107.73	-1.04	0.00
5660	0.000	0.000	0.000	0	0	0.000	0.001	-0.030	109.86	-1107.73	0.00	0.00
5670	0.000	0.000	0.000	0	0	0.000	0.002	-0.030	110.04	-1107.73	-1.04	0.00
5680	0.000	0.000	0.000	0	0	0.000	0.002	-0.030	110.21	-1107.73	-0.00	0.00
5690	0.000	0.000	0.000	0	0	0.000	0.002	-0.024	109.82	-1107.73	-1.04	0.00
5700	0.000	0.000	0.000	0	0	0.000	0.002	-0.024	109.72	-1107.73	-0.00	0.00
5710	0.000	0.000	0.000	0	0	0.000	0.001	-0.024	110.09	-1107.73	0.00	0.00
5720	0.000	0.000	0.000	0	0	0.000	0.001	-0.024	109.70	-1107.73	-0.00	0.00
5730	0.000	0.000	0.000	0	0	0.000	0.001	-0.024	110.27	-1107.73	0.00	0.00
5740	0.000	0.000	0.000	0	0	0.000	0.001	-0.021	110.29	-1107.73	-1.04	0.00
5750	0.000	0.000	0.000	0	0	0.000	0.001	-0.021	110.29	-1107.73	-0.00	0.00
5760	0.000	0.000	0.000	0	0	0.000	0.001	-0.021	109.12	-1107.73	0.00	0.00
5770	0.000	0.000	0.000	0	0	0.000	0.001	-0.021	108.71	-1107.73	-0.00	0.00
5780	0.000	0.000	0.000	0	0	0.000	0.001	-0.021	110.40	-1107.73	0.00	0.00
5790	0.000	0.000	0.000	0	0	0.000	0.001	-0.021	110.28	-1107.73	0.00	0.00
5800	0.000	0.000	0.000	0	0	0.000	0.001	-0.021	110.28	-1107.73	-0.00	0.00
5810	0.000	0.000	0.000	0	0	0.000	0.001	-0.021	110.02	-1107.73	-0.00	0.00
5820	0.000	0.000	0.000	0	1	4.104	0.001	-0.021	109.98	-1108.77	0.00	0.00
5830	0.000	0.000	0.000	0	1	3.421	0.001	-0.021	110.07	-1108.77	1.04	0.00
5840	0.000	0.000	0.000	0	1	2.176	0.001	-0.021	112.80	-1108.77	0.00	0.00
5850	0.000	0.000	0.000	0	1	4.171	0.001	-0.021	112.14	-1108.77	0.00	0.00
5860	0.000	0.000	0.000	0	0	0.000	0.001	-0.030	109.85	-1107.73	-0.00	0.00
5870	0.000	0.000	0.000	0	0	0.000	0.001	-0.030	110.36	-1107.73	0.00	0.00
5880	0.000	0.000	0.000	0	0	0.000	0.001	-0.030	109.56	-1107.73	0.00	0.00
5890	0.000	0.000	0.000	0	0	0.000	0.001	-0.042	110.12	-1107.73	-0.00	0.00
5900	0.000	0.000	0.000	0	0	0.000	0.001	-0.045	108.90	-1107.73	-1.04	0.00
5910	0.000	0.000	0.000	0	0	0.000	0.001	-0.045	109.76	-1107.73	0.00	0.00
5920	0.000	0.000	0.000	0	0	0.000	0.001	-0.045	109.70	-1107.73	-0.00	0.00
5930	0.000	0.000	0.000	0	0	0.000	0.001	-0.028	109.42	-1107.73	-1.04	0.00
5940	0.000	0.000	0.000	0	0	0.000	0.001	-0.028	110.37	-1107.73	0.00	0.00
5950	0.000	0.000	0.000	0	0	0.000	0.001	-0.028	107.99	-1107.73	-0.00	0.00
5960	0.000	0.000	0.000	0	0	0.000	0.001	-0.028	109.29	-1107.73	-0.00	0.00
5970	0.000	0.000	0.000	0	0	0.000	0.001	-0.028	110.05	-1107.73	0.00	0.00
5980	0.000	0.000	0.000	0	0	0.000	0.001	-0.028	110.35	-1107.73	-0.00	0.00
5990	0.000	0.000	0.000	0	0	0.000	0.001	-0.028	110.08	-1107.73	-0.00	0.00
6000	0.000	0.000	0.000	0	0	0.000	0.001	-0.028	110.16	-1107.73	-1.04	0.00
6010	0.000	0.000	0.000	0	0	0.000	0.001	-0.028	110.16	-1107.73	0.00	0.00
6020	0.000	0.000	0.000	0	0	0.000	0.001	-0.028	110.16	-1107.73	-1.04	0.00
6030	0.000	0.000	0.000	0	0	0.000	0.001	-0.028	110.17	-1107.73	-0.00	0.00
6040	0.000	0.000	0.000	0	0	0.000	0.001	-0.028	109.94	-1107.73	-0.00	0.00
6050	0.000	0.000	0.000	0	0	0.000	0.001	-0.028	109.53	-1107.73	-0.00	0.00
6060	0.000	0.000	0.000	0	0	0.000	0.001	-0.028	109.76	-1107.73	0.00	0.00
6070	0.000	0.000	0.000	0	0	0.000	0.001	-0.034	110.21	-1107.73	0.00	0.18
6080	0.000	0.000	0.000	0	0	0.000	0.002	-0.034	109.89	-1107.73	-1.04	0.00
6090	0.000	0.000	0.000	0	0	0.000	0.002	-0.034	109.73	-1107.73	0.00	0.00
6100	0.000	0.000	0.000	0	0	0.000	0.002	-0.034	109.66	-1107.73	-0.00	0.00
6110	0.000	0.000	0.000	0	0	0.000	0.002	-0.034	109.79	-1107.73	0.00	0.00
6120	0.000	0.000	0.000	0	0	0.000	0.002	-0.072	109.28	-1107.73	0.00	0.00
6130	0.000	0.000	0.000	0	0	0.000	0.002	-0.072	109.28	-1107.73	-0.00	0.00
6140	0.000	0.000	0.000	0	0	0.000	0.002	-0.072	109.28	-1107.73	-1.04	0.00
6150	0.000	0.000	0.000	0	0	0.000	0.002	-0.072	108.70	-1107.73	-0.00	0.00
6160	0.000	0.000	0.000	0	0	0.000	0.002	-0.072	109.24	-1107.73	-0.00	0.00
6170	0.000	0.000	0.000	0	0	0.000	0.002	-0.072	108.75	-1107.73	-0.00	0.00
6180	0.000	0.000	0.000	0	0	0.000	0.002	-0.072	109.28	-1107.73	0.00	0.00
6190	0.000	0.000	0.000	0	1	4.921	0.002	-0.072	103.91	-1108.77	-1.04	0.00
6200	0.000	0.000	0.000	0	1	4.984	0.002	-0.072	104.24	-1108.77	0.00	0.00
6210	0.000	0.000	0.000	0	1	4.984	0.001	-0.072	110.32	-1108.77	0.00	-0.11
6220	0.000	0.000	0.000	0	0	0.000	0.001	-0.072	108.18	-1107.73	-0.00	0.00
6230	0.000	0.000	0.000	0	0	0.000	0.001	-0.072	108.18	-1107.73	0.00	0.00
6240	0.000	0.000	0.000	0	0	0.000	0.002	0.064	108.93	-1107.73	0.00	0.00
6250	0.000	0.000	0.000	0	1	4.378	0.002	0.084	108.32	-1108.77	-0.00	0.00
6260	0.000	0.000	0.000	0	0	0.000	0.002	0.084	107.91	-1107.73	-1.04	0.00
6270	0.000	0.000	0.000	0	0	0.000	0.002	0.053	108.89	-1107.73	-0.00	0.00
6280	0.000	0.000	0.000	0	0	0.000	0.002	0.053	109.32	-1107.73	0.00	0.00
6290	0.000	0.000	0.000	0	0	0.000	0.002	0.055	108.01	-1107.73	-1.04	0.00
6300	0.000	0.000	0.000	0	0	0.000	0.002	0.055	108.84	-1107.73	-1.04	0.00
6310	0.000	0.000	0.000	0	0	0.000	0.002	0.055	108.05	-1107.73	0.00	0.00
6320	0.000	0.000	0.000	0	1	2.067	0.002	0.055	111.48	-1108.77	-0.70	0.00
6330	0.000	0.000	0.000	0	1	2.497	0.002	0.055	111.39	-1108.77	0.00	0.00
6340	0.000	0.000	0.000	0	1	2.143	0.002	0.055	111.64	-1108.77	0.00	0.00
6350	0.000	0.000	0.000	0	1	2.089	0.002	0.055	111.52	-1108.77	-0.00	0.00
6360	0.000	0.000	0.000	0	0	0.000	0.002	0.055	109.16	-1107.73	-0.00	0.00
6370	0.000	0.000	0.000	0	0	0.000	0.002	0.055	109.19	-1107.73	0.00	0.00
6380	0.000	0.000	0.000	0	0	0.000	0.002	0.055	105.23	-1107.73	0.00	0.00
6390	0.000	0.000	0.000	0	0	0.000	0.002	-0.164	100.99	-1107.73	0.00	0.00
6400	0.000	0.000	0.000	0	0	0.000	0.002	-0.164	104.02	-1107.73	0.00	0.00
6410	0.000	0.000	0.000	0	0	0.000	0.002	-0.164	103.95	-1107.73	0.00	0.00
6420	0.000	0.000	0.000	0	0	0.000	0.002	-0.164	103.56	-1107.73	-1.04	0.00
6430	0.000	0.000	0.000	0	0	0.000	0.001	-0.164	104.11	-1107.73	-0.00	0.00
6440	0.000	0.000	0.000	0	0	0.000	0.001	-0.084	108.58	-1107.73	-0.00	0.00
6450	0.000	0.000	0.000	0	0	0.000	0.001	-0.084	108.87	-1107.73	-1.04	0.00
6460	0.000	0.000	0.000	0	1	2.049	0.001	-0.084	103.63	-1108.77	-0.00	0.00
6470	0.000	0.000	0.000	0	0	0.000	0.001	-0.084	108.08	-1107.73	0.00	0.00
6480	0.000	0.000	0.000	0	0	0.000	0.001	-0.084	108.28	-1107.73	-0.00	0.00
6490	0.000	0.000	0.000	0	0	0.000	0.001	-0.084	108.89	-1107.73	0.00	0.00
6500	0.000	0.000	0.000	0	0	0.000	0.001	-0.084	108.84	-1107.73	-1.04	0.00
6510	0.000	0.000	0.000	0	0	0.000	0.001	-0.084	108.83	-1107.73	0.00	0.00
6520	0.000	0.000	0.000	0	0	0.000	0.000	-0.084	108.34	-1107.73	-1.04	0.00
6530	0.000	0.000	0.000	0	0	0.000	0.000	-0.084	108.91	-1107.73	-0.00	0.00
6540	0.000	0.000	0.000	0	0	0.000	0.000	-0.084	108.91	-1107.73	-1.04	0.00
6550	0.000	0.000	0.000	0	0	0.000	0.000	-0.084	106.85	-1107.73	0.00	0.00
6560	0.000	0.000	0.000	0	0	0.000	0.000	-0.084	108.89	-1107.73	-1.04	0.00
6570	0.000	0.000	0.000	0	0	0.000	0.000	-0.084	108.63	-1107.73	-0.00	0.00
6580	0.000	0.000	0.000	0	0	0.000	0.000	-0.084	108.87	-1107.73	0.00	0.00
6590	0.000	0.000	0.000	0	0	0.000	0.000	-0.054	109.53	-1107.73	0.00	-0.45
6600	0.000	0.000	0.000	0	0	0.000	0.000	-0.058	109.78	-1107.73	0.00	0.00
6610	0.000	0.000	0.000	0	0	0.000	0.000	-0.058	109.48	-1107.73	0.00	0.00
6620	0.000	0.000	0.000	0	0	0.000	0.000	0.012	109.41	-1107.73	0.00	-0.09
6630	0.000	0.000	0.000	0	0	0.000	0.000	0.012	110.40	-1107.73	0.00	0.00
6640	0.000	0.000	0.000	0	0	0.000	0.000	0.012	110.44	-1107.73	-1.04	0.00
6650	0.000	0.000	0.000	0	0	0.000	0.000	0.012	110.21	-1107.73	0.00	0.00
6660	0.000	0.000	0.000	0	0	0.000	0.000	0.012	109.71	-1107.73	-0.00	0.00
6670	0.000	0.000	0.000	0	0	0.000	0.000	0.012	109.43	-1107.73	-0.00	0.00
6680	0.000	0.000	0.000	0	0	0.000	0.000	0.012	108.92	-1107.73	-1.04	0.00
6690	0.000	0.000	0.000	0	0	0.000	0.000	0.012	110.44	-1107.73	-0.00	0.00
6700	0.000	0.000	0.000	0	0	0.000	0.000	0.012	110.25	-1107.73	-0.00	0.00
6710	0.000	0.000	0.000	0	0	0.000	0.000	0.012	109.40	-1107.73	-0.00	0.00
6720	0.000	0.000	0.000	0	0	0.000	0.000	0.012	109.43	-1107.73	0.00	0.00
6730	0.000	0.000	0.000	0	0	0.000	0.000	0.012	110.43	-1107.73	-0.00	0.00
6740	0.000	0.000	0.000	0	0	0.000	0.000	0.012	110.42	-1107.73	0.00	0.00
6750	0.000	0.000	0.000	0	0	0.000	0.000	0.012	110.39	-1107.73	0.00	0.00
6760	0.000	0.000	0.000	0	0	0.000	0.000	0.012	110.41	-1107.73	0.00	0.00
6770	0.000	0.000	0.000	0	0	0.000	0.000	0.012	110.41	-1107.73	-1.04	0.00
6780	0.000	0.000	0.000	0	0	0.000	0.000	0.012	110.44	-1107.73	0.00	0.00
6790	0.000	0.000	0.000	0	0	0.000	0.000	0.012	110.30	-1107.73	-0.00	0.00
6800	0.000	0.000	0.000	0	0	0.000	0.000	0.012	109.92	-1107.73	0.00	0.00
6810	0.000	0.000	0.000	0	0	0.000	0.000	-0.061	109.73	-1107.73	0.00	0.00
6820	0.000	0.000	0.000	0	0	0.000	0.001	-0.061	109.66	-1107.73	-0.00	0.20
6830	0.000	0.000	0.000	0	0	0.000	0.001	-0.061	109.14	-1107.73	0.00	0.00
6840	0.000	0.000	0.000	0	0	0.000	0.001	-0.061	109.71	-1107.73	-1.04	0.00
6850	0.000	0.000	0.000	0	0	0.000	0.001	-0.061	109.64	-1107.73	-0.00	0.00
6860	0.000	0.000	0.000	0	0	0.000	0.001	-0.061	108.58	-1107.73	0.00	0.00
6870	0.000	0.000	0.000	0	0	0.000	0.001	-0.061	109.60	-1107.73	0.00	0.00
6880	0.000	0.000	0.000	0	1	1.605	0.001	-0.061	110.21	-1108.77	0.00	0.00
6890	0.000	0.000	0.000	0	0	0.000	0.001	-0.061	108.62	-1107.73	-0.00	0.00
6900	0.000	0.000	0.000	0	0	0.000	0.001	-0.061	108.85	-1107.73	-0.00	0.00
6910	0.000	0.000	0.000	0	0	0.000	0.001	-0.061	109.26	-1107.73	0.00	0.00
6920	0.000	0.000	0.000	0	0	0.000	0.001	-0.074	109.12	-1107.73	-0.00	0.00
6930	0.000	0.000	0.000	0	0	0.000	0.001	-0.074	109.27	-1107.73	0.00	0.00
6940	0.000	0.000	0.000	0	0	0.000	0.001	-0.074	108.70	-1107.73	-0.00	0.21
6950	0.000	0.000	0.000	0	0	0.000	0.001	-0.074	109.28	-1107.73	-0.00	0.00
6960	0.000	0.000	0.000	0	0	0.000	0.001	-0.020	109.64	-1107.73	-1.04	0.00
6970	0.000	0.000	0.000	0	0	0.000	0.001	-0.019	109.23	-1107.73	-1.04	0.00
6980	0.000	0.000	0.000	0	0	0.000	0.001	-0.019	110.48	-1107.73	0.00	0.00
6990	0.000	0.000	0.000	0	0	0.000	0.001	-0.019	110.27	-1107.73	0.00	0.00
7000	0.000	0.000	0.000	0	0	0.000	0.001	-0.019	109.64	-1107.73	-1.04	0.00
7010	0.000	0.000	0.000	0	0	0.000	0.001	-0.019	110.46	-1107.73	-1.04	0.00
7020	0.000	0.000	0.000	0	0	0.000	0.001	-0.023	110.40	-1107.73	0.00	0.00
7030	0.000	0.000	0.000	0	0	0.000	0.001	-0.023	110.18	-1107.73	-0.00	0.00
7040	0.000	0.000	0.000	0	0	0.000	0.001	-0.023	109.78	-1107.73	-1.04	0.00
7050	0.000	0.000	0.000	0	0	0.000	0.001	-0.023	109.78	-1107.73	0.00	0.00
7060	0.000	0.000	0.000	0	0	0.000	0.001	-0.023	110.42	-1107.73	0.00	0.00
7070	0.000	0.000	0.000	0	0	0.000	0.001	-0.028	109.29	-1107.73	0.00	0.00
7080	0.000	0.000	0.000	0	0	0.000	0.001	-0.028	110.36	-1107.73	-1.04	0.00
7090	0.000	0.000	0.000	0	1	1.634	0.001	-0.043	111.93	-1108.77	-0.00	0.00
7100	0.000	0.000	0.000	0	1	1.920	0.001	-0.043	112.56	-1108.77	0.00	0.00
7110	0.000	0.000	0.000	0	1	2.178	0.001	-0.043	112.51	-1108.77	0.00	0.00
7120	0.000	0.000	0.000	0	0	0.000	0.001	-0.043	109.20	-1107.73	0.00	0.00
7130	0.000	0.000	0.000	0	0	0.000	0.001	-0.043	109.95	-1107.73	0.00	0.00
7140	0.000	0.000	0.000	0	0	0.000	0.001	-0.043	109.48	-1107.73	-0.00	0.00
7150	0.000	0.000	0.000	0	0	0.000	0.001	-0.066	109.56	-1107.73	0.00	0.00
7160	0.000	0.000	0.000	0	0	0.000	0.001	-0.066	109.56	-1107.73	-0.00	0.00
7170	0.000	0.000	0.000	0	0	0.000	0.001	-0.066	109.49	-1107.73	0.00	0.00
7180	0.000	0.000	0.000	0	0	0.000	0.001	-0.052	109.88	-1107.73	0.00	-0.24
7190	0.000	0.000	0.000	0	0	0.000	0.001	-0.052	109.39	-1107.73	-1.04	0.00
7200	0.000	0.000	0.000	0	0	0.000	0.001	-0.052	109.50	-1107.73	-0.00	0.00
7210	0.000	0.000	0.000	0	0	0.000	0.001	-0.052	109.39	-1107.73	0.00	0.00
7220	0.000	0.000	0.000	0	0	0.000	0.001	-0.052	106.97	-1107.73	0.00	0.00
7230	0.000	0.000	0.000	0	0	0.000	0.001	0.058	108.20	-1107.73	0.00	0.00
7240	0.000	0.000	0.000	0	0	0.000	0.001	0.047	109.63	-1107.73	0.00	0.00
7250	0.000	0.000	0.000	0	0	0.000	0.001	0.047	109.42	-1107.73	0.00	0.00
7260	0.000	0.000	0.000	0	0	0.000	0.001	0.047	109.62	-1107.73	0.00	0.00
7270	0.000	0.000	0.000	0	0	0.000	0.001	0.047	109.61	-1107.73	-0.00	0.00
7280	0.000	0.000	0.000	0	0	0.000	0.001	-0.037	110.16	-1107.73	0.00	0.00
7290	0.000	0.000	0.000	0	0	0.000	0.001	-0.037	109.23	-1107.73	0.00	0.00
7300	0.000	0.000	0.000	0	0	0.000	0.001	0.007	110.44	-1107.73	-1.04	0.00
7310	0.000	0.000	0.000	0	0	0.000	0.001	0.007	110.29	-1107.73	1.04	0.00
7320	0.000	0.000	0.000	0	0	0.000	0.001	0.007	110.42	-1107.73	0.00	0.00
7330	0.000	0.000	0.000	0	0	0.000	0.001	0.007	110.23	-1107.73	-0.00	0.00
7340	0.000	0.000	0.000	0	0	0.000	0.001	0.007	110.15	-1107.73	-1.04	0.00
7350	0.000	0.000	0.000	0	0	0.000	0.001	0.007	110.29	-1107.73	-0.00	0.00
7360	0.000	0.000	0.000	0	0	0.000	0.001	0.007	110.44	-1107.73	-0.00	0.00
7370	0.000	0.000	0.000	0	0	0.000	0.002	0.007	110.36	-1107.73	-1.04	0.00
7380	0.000	0.000	0.000	0	0	0.000	0.002	0.007	110.36	-1107.73	0.00	0.00
7390	0.000	0.000	0.000	0	0	0.000	0.002	0.007	110.21	-1107.73	0.00	0.00
7400	0.000	0.000	0.000	0	0	0.000	0.002	0.007	110.36	-1107.73	0.00	0.00
7410	0.000	0.000	0.000	0	0	0.000	0.002	0.007	110.23	-1107.73	-1.04	0.00
7420	0.000	0.000	0.000	0	0	0.000	0.001	0.007	108.51	-1107.73	0.00	-0.34
7430	0.000	0.000	0.000	0	0	0.000	0.001	0.007	110.27	-1107.73	-0.00	0.00
7440	0.000	0.000	0.000	0	0	0.000	0.001	0.009	110.15	-1107.73	-0.00	0.00
7450	0.000	0.000	0.000	0	0	0.000	0.001	0.011	110.39	-1107.73	-1.04	0.00
7460	0.000	0.000	0.000	0	0	0.000	0.002	0.011	108.84	-1107.73	0.00	0.00
7470	0.000	0.000	0.000	0	0	0.000	0.002	0.011	110.11	-1107.73	-0.00	0.00
7480	0.000	0.000	0.000	0	0	0.000	0.002	-0.051	109.30	-1107.73	0.00	0.00
7490	0.000	0.000	0.000	0	0	0.000	0.002	-0.051	109.34	-1107.73	-0.00	0.00
7500	0.000	0.000	0.000	0	0	0.000	0.002	-0.051	109.49	-1107.73	-1.04	0.00
7510	0.000	0.000	0.000	0	0	0.000	0.002	-0.051	109.84	-1107.73	-1.04	0.00
7520	0.000	0.000	0.000	0	0	0.000	0.002	-0.051	109.81	-1107.73	0.00	0.00
7530	0.000	0.000	0.000	0	0	0.000	0.002	-0.051	109.81	-1107.73	-1.04	0.00
7540	0.000	0.000	0.000	0	0	0.000	0.002	-0.051	109.61	-1107.73	0.00	0.00
7550	0.000	0.000	0.000	0	0	0.000	0.002	-0.051	108.01	-1107.73	-0.00	0.00
7560	0.000	0.000	0.000	0	0	0.000	0.002	-0.051	109.90	-1107.73	0.00	0.00
7570	0.000	0.000	0.000	0	0	0.000	0.002	-0.051	109.01	-1107.73	-1.04	0.00
7580	0.000	0.000	0.000	0	0	0.000	0.002	-0.051	109.55	-1107.73	-0.00	0.00
7590	0.000	0.000	0.000	0	0	0.000	0.002	-0.057	109.74	-1107.73	-0.00	0.00
7600	0.000	0.000	0.000	0	0	0.000	0.002	-0.057	109.50	-1107.73	0.00	0.00
7610	0.000	0.000	0.000	0	0	0.000	0.002	-0.057	109.41	-1107.73	-0.00	0.00
7620	0.000	0.000	0.000	0	0	0.000	0.002	-0.057	109.74	-1107.73	-0.00	0.00
7630	0.000	0.000	0.000	0	0	0.000	0.002	-0.057	109.66	-1107.73	-0.00	0.00
7640	0.000	0.000	0.000	0	0	0.000	0.002	-0.057	107.93	-1107.73	0.00	0.00
7650	0.000	0.000	0.000	0	0	0.000	0.003	-0.060	108.33	-1107.73	0.00	0.00
7660	0.000	0.000	0.000	0	0	0.000	0.003	-0.060	109.51	-1107.73	-1.04	0.00
7670	0.000	0.000	0.000	0	0	0.000	0.003	-0.060	109.51	-1107.73	0.00	0.00
7680	0.000	0.000	0.000	0	0	0.000	0.004	-0.060	108.98	-1107.73	-0.00	0.00
7690	0.000	0.000	0.000	0	0	0.000	0.007	-0.060	108.61	-1107.73	-0.00	0.44
7700	0.000	0.000	0.000	0	0	0.000	0.007	-0.060	108.39	-1107.73	-0.00	0.11
7710	0.000	0.000	0.000	0	0	0.000	0.007	-0.060	108.61	-1107.73	0.00	0.00
7720	0.000	0.000	0.000	0	0	0.000	0.007	-0.060	107.35	-1107.73	0.00	0.00
7730	0.000	0.000	0.000	0	0	0.000	0.007	-0.040	108.91	-1107.73	0.00	0.00
7740	0.000	0.000	0.000	0	0	0.000	0.007	-0.040	108.91	-1107.73	-1.04	0.00
7750	0.000	0.000	0.000	0	0	0.000	0.005	-0.036	109.31	-1107.73	0.00	-0.11
7760	0.000	0.000	0.000	0	0	0.000	0.005	-0.031	109.38	-1107.73	0.00	0.00
7770	0.000	0.000	0.000	0	0	0.000	0.005	-0.031	109.63	-1107.73	-0.00	0.00
7780	0.000	0.000	0.000	0	0	0.000	0.005	-0.031	109.30	-1107.73	-0.00	0.00
7790	0.000	0.000	0.000	0	0	0.000	0.005	-0.031	109.24	-1107.73	0.00	0.00
7800	0.000	0.000	0.000	0	0	0.000	0.005	-0.031	108.81	-1107.73	0.00	0.00
7810	0.000	0.000	0.000	0	0	0.000	0.005	-0.031	109.63	-1107.73	-1.04	0.00
7820	0.000	0.000	0.000	0	0	0.000	0.005	-0.031	108.54	-1107.73	-0.00	0.00
7830	0.000	0.000	0.000	0	0	0.000	0.005	-0.031	108.99	-1107.73	0.00	0.00
7840	0.000	0.000	0.000	0	0	0.000	0.005	-0.031	109.60	-1107.73	0.00	0.00
7850	0.000	0.000	0.000	0	0	0.000	0.006	-0.031	109.36	-1107.73	0.00	0.00
7860	0.000	0.000	0.000	0	0	0.000	0.006	-0.031	109.09	-1107.73	0.00	0.00
7870	0.000	0.000	0.000	0	0	0.000	0.006	-0.034	109.05	-1107.73	0.00	0.00
7880	0.000	0.000	0.000	0	0	0.000	0.006	-0.034	108.12	-1107.73	0.00	0.00
7890	0.000	0.000	0.000	0	0	0.000	0.006	-0.034	109.48	-1107.73	0.00	0.00
7900	0.000	0.000	0.000	0	0	0.000	0.006	-0.044	108.52	-1107.73	0.00	0.00
7910	0.000	0.000	0.000	0	0	0.000	0.006	-0.044	109.29	-1107.73	-1.04	0.00
7920	0.000	0.000	0.000	0	0	0.000	0.006	-0.044	109.29	-1107.73	-1.04	0.00
7930	0.000	0.000	0.000	0	0	0.000	0.006	-0.030	109.49	-1107.73	-0.00	0.00
7940	0.000	0.000	0.000	0	0	0.000	0.006	-0.030	109.08	-1107.73	-0.00	0.00
7950	0.000	0.000	0.000	0	0	0.000	0.006	-0.030	109.53	-1107.73	0.00	0.00
7960	0.000	0.000	0.000	0	0	0.000	0.006	-0.030	108.49	-1107.73	-1.04	0.00
7970	0.000	0.000	0.000	0	0	0.000	0.006	-0.023	109.39	-1107.73	0.00	0.00
7980	0.000	0.000	0.000	0	0	0.000	0.007	-0.023	109.30	-1107.73	0.00	0.00
7990	0.000	0.000	0.000	0	0	0.000	0.007	-0.015	107.40	-1107.73	-0.00	0.00
8000	0.000	0.000	0.000	0	0	0.000	0.004	-0.015	109.43	-1107.73	0.00	0.00
8010	0.000	0.000	0.000	0	0	0.000	0.004	-0.013	109.75	-1107.73	0.00	0.00
8020	0.000	0.000	0.000	0	0	0.000	0.004	-0.010	109.44	-1107.73	0.00	0.00
8030	0.000	0.000	0.000	0	0	0.000	0.004	-0.015	110.02	-1107.73	-0.00	0.00
8040	0.000	0.000	0.000	0	0	0.000	0.004	-0.015	110.04	-1107.73	0.00	0.00
8050	0.000	0.000	0.000	0	0	0.000	0.004	0.068	107.66	-1107.73	0.00	0.00
8060	0.000	0.000	0.000	0	0	0.000	0.004	0.068	108.34	-1107.73	-0.00	0.00
8070	0.000	0.000	0.000	0	0	0.000	0.004	0.068	108.12	-1107.73	0.00	0.00
8080	0.000	0.000	0.000	0	0	0.000	0.004	0.068	108.00	-1107.73	-1.04	0.00
8090	0.000	0.000	0.000	0	0	0.000	0.004	0.068	106.38	-1107.73	0.00	0.00
8100	0.000	0.000	0.000	0	0	0.000	0.004	0.068	108.48	-1107.73	0.00	0.00
8110	0.000	0.000	0.000	0	0	0.000	0.005	0.068	108.19	-1107.73	-1.04	0.00
8120	0.000	0.000	0.000	0	0	0.000	0.004	0.068	107.69	-1107.73	0.00	0.00
8130	0.000	0.000	0.000	0	0	0.000	0.004	0.050	109.07	-1107.73	-0.00	0.00
8140	0.000	0.000	0.000	0	0	0.000	0.004	0.050	109.02	-1107.73	-1.04	0.00
8150	0.000	0.000	0.000	0	0	0.000	0.004	0.050	105.85	-1107.73	-0.00	0.00
8160	0.000	0.000	0.000	0	0	0.000	0.004	0.050	108.10	-1107.73	-0.00	0.00
8170	0.000	0.000	0.000	0	0	0.000	0.004	0.050	108.59	-1107.73	-0.00	0.00
8180	0.000	0.000	0.000	0	0	0.000	0.004	0.050	108.85	-1107.73	-0.00	0.00
8190	0.000	0.000	0.000	0	0	0.000	0.004	0.050	108.50	-1107.73	0.00	0.00
8200	0.000	0.000	0.000	0	0	0.000	0.003	0.050	108.66	-1107.73	-0.00	0.00
8210	0.000	0.000	0.000	0	0	0.000	0.003	0.050	108.48	-1107.73	-1.04	0.00
8220	0.000	0.000	0.000	0	0	0.000	0.003	0.047	109.26	-1107.73	-1.04	0.00
8230	0.000	0.000	0.000	0	0	0.000	0.005	0.047	108.94	-1107.73	-1.04	0.00
8240	0.000	0.000	0.000	0	0	0.000	0.005	0.047	109.06	-1107.73	0.00	0.00
8250	0.000	0.000	0.000	0	0	0.000	0.005	0.047	108.87	-1107.73	0.00	0.00
8260	0.000	0.000	0.000	0	0	0.000	0.005	0.047	105.57	-1107.73	0.00	0.00
8270	0.000	0.000	0.000	0	0	0.000	0.005	0.073	108.05	-1107.73	0.00	0.00
8280	0.000	0.000	0.000	0	0	0.000	0.005	0.064	108.01	-1107.73	-0.00	0.00
8290	0.000	0.000	0.000	0	0	0.000	0.005	0.064	108.46	-1107.73	-0.00	0.00
8300	0.000	0.000	0.000	0	0	0.000	0.005	0.064	108.47	-1107.73	0.00	0.00
8310	0.000	0.000	0.000	0	0	0.000	0.005	0.064	108.49	-1107.73	-1.04	0.00
8320	0.000	0.000	0.000	0	0	0.000	0.005	0.064	107.47	-1107.73	-0.00	0.00
8330	0.000	0.000	0.000	0	0	0.000	0.008	0.064	107.90	-1107.73	-0.00	0.00
8340	0.000	0.000	0.000	0	0	0.000	0.008	0.064	107.51	-1107.73	0.00	0.00
8350	0.000	0.000	0.000	0	0	0.000	0.008	0.064	107.94	-1107.73	-0.00	0.00
8360	0.000	0.000	0.000	0	0	0.000	0.008	0.064	106.76	-1107.73	-0.00	0.00
8370	0.000	0.000	0.000	0	0	0.000	0.008	0.064	106.76	-1107.73	0.00	0.00
8380	0.000	0.000	0.000	0	0	0.000	0.008	0.041	108.45	-1107.73	-1.04	0.00
8390	0.000	0.000	0.000	0	0	0.000	0.008	0.041	108.32	-1107.73	0.00	0.00
8400	0.000	0.000	0.000	0	0	0.000	0.008	0.041	107.58	-1107.73	0.00	0.00
8410	0.000	0.000	0.000	0	0	0.000	0.008	0.041	108.69	-1107.73	0.00	0.00
8420	0.000	0.000	0.000	0	0	0.000	0.008	-0.027	109.28	-1107.73	-0.00	0.00
8430	0.000	0.000	0.000	0	0	0.000	0.008	-0.027	109.20	-1107.73	0.00	0.00
8440	0.000	0.000	0.000	0	0	0.000	0.011	-0.027	108.85	-1107.73	-0.00	0.00
8450	0.000	0.000	0.000	0	0	0.000	0.011	-0.027	107.44	-1107.73	-1.04	0.00
8460	0.000	0.000	0.000	0	0	0.000	0.011	-0.027	108.39	-1107.73	-1.04	0.00
8470	0.000	0.000	0.000	0	0	0.000	0.011	-0.016	108.89	-1107.73	0.00	0.00
8480	0.000	0.000	0.000	0	0	0.000	0.011	-0.017	108.88	-1107.73	0.00	0.00
8490	0.000	0.000	0.000	0	0	0.000	0.009	-0.017	109.12	-1107.73	0.00	0.00
8500	0.000	0.000	0.000	0	0	0.000	0.009	-0.017	109.16	-1107.73	0.00	0.00
8510	0.000	0.000	0.000	0	0	0.000	0.009	-0.017	109.16	-1107.73	-1.04	0.00
8520	0.000	0.000	0.000	0	0	0.000	0.009	-0.017	107.91	-1107.73	0.00	0.00
8530	0.000	0.000	0.000	0	0	0.000	0.009	-0.017	109.09	-1107.73	-0.00	0.00
8540	0.000	0.000	0.000	0	0	0.000	0.009	-0.017	108.50	-1107.73	0.00	0.00
8550	0.000	0.000	0.000	0	0	0.000	0.009	-0.017	109.04	-1107.73	-1.04	0.00
8560	0.000	0.000	0.000	0	0	0.000	0.009	-0.017	109.04	-1107.73	0.00	0.00
8570	0.000	0.000	0.000	0	0	0.000	0.009	-0.021	107.51	-1107.73	-0.00	0.00
8580	0.000	0.000	0.000	0	0	0.000	0.009	0.033	108.26	-1107.73	-0.00	0.00
8590	0.000	0.000	0.000	0	1	2.183	0.009	0.033	106.39	-1108.77	-0.00	0.00
8600	0.000	0.000	0.000	0	1	2.033	0.009	0.033	104.98	-1108.77	0.00	0.00
8610	0.000	0.000	0.000	0	0	0.000	0.009	0.033	108.61	-1107.73	-1.04	0.00
8620	0.000	0.000	0.000	0	0	0.000	0.013	0.033	107.92	-1107.73	0.00	0.00
8630	0.000	0.000	0.000	0	0	0.000	0.013	0.033	108.01	-1107.73	-0.00	0.00
8640	0.000	0.000	0.000	0	0	0.000	0.008	0.040	108.40	-1107.73	0.00	0.00
8650	0.000	0.000	0.000	0	0	0.000	0.009	0.040	108.36	-1107.73	-1.04	0.00
8660	0.000	0.000	0.000	0	0	0.000	0.009	0.040	108.62	-1107.73	-1.04	0.00
8670	0.000	0.000	0.000	0	1	1.733	0.007	0.040	110.93	-1108.77	-1.04	0.00
8680	0.000	0.000	0.000	0	1	1.762	0.007	0.040	111.27	-1108.77	1.04	0.00
8690	0.000	0.000	0.000	0	1	1.785	0.007	0.040	111.09	-1108.77	-0.00	0.00
8700	0.000	0.000	0.000	0	1	1.489	0.007	0.040	111.35	-1108.77	0.00	0.00
8710	0.000	0.000	0.000	0	1	1.420	0.007	0.040	111.31	-1108.77	0.00	0.00
8720	0.000	0.000	0.000	0	1	1.086	0.007	0.040	111.50	-1108.77	-0.00	0.00
8730	0.000	0.000	0.000	0	1	1.223	0.007	0.040	111.02	-1108.77	0.00	0.00
8740	0.000	0.000	0.000	0	1	0.922	0.007	0.040	111.16	-1108.76	0.00	0.00
8750	0.000	0.000	0.000	0	0	0.000	0.007	0.040	108.91	-1107.73	-1.04	0.00
8760	0.000	0.000	0.000	0	0	0.000	0.007	0.040	107.79	-1107.73	0.00	0.00
8770	0.000	0.000	0.000	0	0	0.000	0.007	0.040	107.22	-1107.73	-0.00	0.00
8780	0.000	0.000	0.000	0	0	0.000	0.008	0.040	108.58	-1107.73	0.00	0.00
8790	0.000	0.000	0.000	0	0	0.000	0.008	0.040	108.72	-1107.73	0.00	0.00
8800	0.000	0.000	0.000	0	0	0.000	0.011	0.040	108.19	-1107.73	-0.00	0.00
8810	0.000	0.000	0.000	0	0	0.000	0.011	0.040	108.19	-1107.73	-1.04	0.00
8820	0.000	0.000	0.000	0	0	0.000	0.012	0.040	107.02	-1107.73	-0.00	0.08
8830	0.000	0.000	0.000	0	0	0.000	0.013	0.040	106.95	-1107.73	-0.00	0.00
8840	0.000	0.000	0.000	0	0	0.000	0.013	0.040	108.05	-1107.73	0.00	0.00
8850	0.000	0.000	0.000	0	0	0.000	0.014	0.040	107.49	-1107.73	0.00	0.00
8860	0.000	0.000	0.000	0	0	0.000	0.014	0.040	107.49	-1107.73	-1.04	0.00
8870	0.000	0.000	0.000	0	0	0.000	0.014	0.040	105.75	-1107.73	-0.00	0.00
8880	0.000	0.000	0.000	0	0	0.000	0.014	0.040	107.66	-1107.73	-0.00	0.00
8890	0.000	0.000	0.000	0	0	0.000	0.014	0.040	107.44	-1107.73	0.00	0.00
8900	0.000	0.000	0.000	0	0	0.000	0.009	0.040	108.58	-1107.73	-1.04	0.00
8910	0.000	0.000	0.000	0	0	0.000	0.009	0.040	108.58	-1107.73	0.00	0.00
8920	0.000	0.000	0.000	0	0	0.000	0.014	0.040	107.88	-1107.73	0.00	0.00
8930	0.000	0.000	0.000	0	0	0.000	0.014	0.040	107.88	-1107.73	0.00	0.00
8940	0.000	0.000	0.000	0	0	0.000	0.014	0.040	104.77	-1107.73	0.00	0.00
8950	0.000	0.000	0.000	0	0	0.000	0.014	0.040	104.77	-1107.73	-0.00	0.00
8960	0.000	0.000	0.000	0	0	0.000	0.014	0.040	107.69	-1107.73	0.00	0.00
8970	0.000	0.000	0.000	0	0	0.000	0.014	0.060	106.34	-1107.73	-1.04	0.00
8980	0.000	0.000	0.000	0	0	0.000	0.014	0.060	105.21	-1107.73	0.00	0.00
8990	0.000	0.000	0.000	0	0	0.000	0.019	0.060	106.30	-1107.73	0.00	0.00
9000	0.000	0.000	0.000	0	0	0.000	0.019	0.060	105.86	-1107.73	-1.04	0.00
9010	0.000	0.000	0.000	0	0	0.000	0.019	0.060	106.40	-1107.73	-0.00	0.00
9020	0.000	0.000	0.000	0	0	0.000	0.019	0.060	106.37	-1107.73	-1.04	0.00
9030	0.000	0.000	0.000	0	0	0.000	0.019	0.060	106.09	-1107.73	0.00	0.00
9040	0.000	0.000	0.000	0	0	0.000	0.016	0.060	106.43	-1107.73	-1.04	0.00
9050	0.000	0.000	0.000	0	0	0.000	0.016	0.060	106.65	-1107.73	-1.04	0.00
9060	0.000	0.000	0.000	0	0	0.000	0.016	0.060	106.69	-1107.73	-0.00	0.00
9070	0.000	0.000	0.000	0	0	0.000	0.016	0.070	105.81	-1107.73	0.00	0.00
9080	0.000	0.000	0.000	0	0	0.000	0.016	0.070	104.43	-1107.73	0.00	0.00
9090	0.000	0.000	0.000	0	0	0.000	0.016	0.070	105.09	-1107.73	-1.04	0.00
9100	0.000	0.000	0.000	0	0	0.000	0.016	0.070	106.02	-1107.73	-1.04	0.00
9110	0.000	0.000	0.000	0	0	0.000	0.016	0.070	105.84	-1107.73	0.00	0.00
9120	0.000	0.000	0.000	0	0	0.000	0.016	0.070	106.17	-1107.73	-1.04	0.00
9130	0.000	0.000	0.000	0	1	1.160	0.016	0.070	102.43	-1108.77	-0.00	0.00
9140	0.000	0.000	0.000	0	0	0.000	0.009	0.070	107.32	-1107.73	-0.00	0.00
9150	0.000	0.000	0.000	0	0	0.000	0.010	0.070	107.32	-1107.73	0.00	0.00
9160	0.000	0.000	0.000	0	0	0.000	0.010	0.070	107.44	-1107.73	-1.04	0.00
9170	0.000	0.000	0.000	0	0	0.000	0.010	0.070	107.47	-1107.73	0.00	0.00
9180	0.000	0.000	0.000	0	0	0.000	0.010	0.070	106.21	-1107.73	0.00	0.00
9190	0.000	0.000	0.000	0	0	0.000	0.010	0.070	106.21	-1107.73	0.00	0.00
9200	0.000	0.000	0.000	0	0	0.000	0.015	0.094	104.88	-1107.73	-0.00	0.00
9210	0.000	0.000	0.000	0	0	0.000	0.015	0.094	105.43	-1107.73	-0.00	0.00
9220	0.000	0.000	0.000	0	0	0.000	0.015	0.077	106.33	-1107.73	0.00	0.00
9230	0.000	0.000	0.000	0	0	0.000	0.015	0.077	106.33	-1107.73	0.00	0.00
9240	0.000	0.000	0.000	0	0	0.000	0.015	0.077	106.33	-1107.73	-0.00	0.00
9250	0.000	0.000	0.000	0	0	0.000	0.015	0.077	105.83	-1107.73	0.00	0.00
9260	0.000	0.000	0.000	0	0	0.000	0.009	0.077	107.07	-1107.73	0.00	0.00
9270	0.000	0.000	0.000	0	0	0.000	0.009	0.077	106.80	-1107.73	0.00	0.00
9280	0.000	0.000	0.000	0	0	0.000	0.009	0.077	107.19	-1107.73	-1.04	0.00
9290	0.000	0.000	0.000	0	0	0.000	0.009	0.077	107.20	-1107.73	0.00	0.00
9300	0.000	0.000	0.000	0	0	0.000	0.009	0.077	107.14	-1107.73	-0.00	0.00
9310	0.000	0.000	0.000	0	0	0.000	0.009	0.077	106.71	-1107.73	0.00	0.00
9320	0.000	0.000	0.000	0	0	0.000	0.009	0.077	106.50	-1107.73	-0.00	0.00
9330	0.000	0.000	0.000	0	0	0.000	0.006	0.077	107.66	-1107.73	-0.00	0.00
9340	0.000	0.000	0.000	0	0	0.000	0.006	0.077	107.17	-1107.73	-0.00	0.00
9350	0.000	0.000	0.000	0	0	0.000	0.006	0.077	107.29	-1107.73	-0.00	0.00
9360	0.000	0.000	0.000	0	0	0.000	0.006	0.077	107.13	-1107.73	-1.04	0.00
9370	0.000	0.000	0.000	0	0	0.000	0.006	0.077	107.13	-1107.73	-1.04	0.00
9380	0.000	0.000	0.000	0	0	0.000	0.004	0.077	107.99	-1107.73	-1.04	0.00
9390	0.000	0.000	0.000	0	0	0.000	0.004	0.077	108.10	-1107.73	0.00	0.00
9400	0.000	0.000	0.000	0	0	0.000	0.004	0.077	107.95	-1107.73	-1.04	0.00
9410	0.000	0.000	0.000	0	0	0.000	0.004	0.077	107.81	-1107.73	-1.04	0.00
9420	0.000	0.000	0.000	0	0	0.000	0.004	0.077	108.06	-1107.73	-0.00	0.00
9430	0.000	0.000	0.000	0	0	0.000	0.004	0.077	108.05	-1107.73	0.00	0.00
9440	0.000	0.000	0.000	0	0	0.000	0.004	0.077	108.05	-1107.73	0.00	0.00
9450	0.000	0.000	0.000	0	0	0.000	0.004	0.077	107.94	-1107.73	-0.00	0.00
9460	0.000	0.000	0.000	0	0	0.000	0.004	0.077	108.10	-1107.73	0.00	0.00
9470	0.000	0.000	0.000	0	0	0.000	0.004	0.077	108.10	-1107.73	0.00	0.00
9480	0.000	0.000	0.000	0	0	0.000	0.004	0.077	107.68	-1107.73	-1.04	0.00
9490	0.000	0.000	0.000	0	0	0.000	0.004	0.077	106.27	-1107.73	0.00	0.00
9500	0.000	0.000	0.000	0	0	0.000	0.004	0.077	107.82	-1107.73	0.00	0.00
9510	0.000	0.000	0.000	0	0	0.000	0.004	0.077	108.10	-1107.73	0.00	0.00
9520	0.000	0.000	0.000	0	0	0.000	0.004	0.029	109.51	-1107.73	-0.00	0.00
9530	0.000	0.000	0.000	0	0	0.000	0.004	0.029	109.51	-1107.73	-1.04	0.00
9540	0.000	0.000	0.000	0	0	0.000	0.004	0.029	109.67	-1107.73	-1.04	0.00
9550	0.000	0.000	0.000	0	0	0.000	0.002	0.029	109.98	-1107.73	0.00	-0.30
9560	0.000	0.000	0.000	0	0	0.000	0.002	0.029	109.99	-1107.73	0.00	0.00
9570	0.000	0.000	0.000	0	0	0.000	0.002	0.029	109.55	-1107.73	-0.00	0.00
9580	0.000	0.000	0.000	0	0	0.000	0.002	0.029	109.36	-1107.73	-1.04	0.00
9590	0.000	0.000	0.000	0	0	0.000	0.002	0.029	109.99	-1107.73	-1.04	0.00
9600	0.000	0.000	0.000	0	0	0.000	0.002	0.029	109.67	-1107.73	-1.04	0.00
9610	0.000	0.000	0.000	0	0	0.000	0.002	0.029	109.83	-1107.73	0.00	0.00
9620	0.000	0.000	0.000	0	0	0.000	0.002	0.029	109.74	-1107.73	-0.00	0.00
9630	0.000	0.000	0.000	0	0	0.000	0.002	0.022	109.82	-1107.73	0.00	-0.30
9640	0.000	0.000	0.000	0	0	0.000	0.003	0.022	109.38	-1107.73	-1.04	0.00
9650	0.000	0.000	0.000	0	0	0.000	0.003	0.022	109.59	-1107.73	-0.00	0.00
9660	0.000	0.000	0.000	0	0	0.000	0.002	0.024	109.53	-1107.73	-0.00	0.00
9670	0.000	0.000	0.000	0	0	0.000	0.002	0.024	109.06	-1107.73	-0.00	0.00
9680	0.000	0.000	0.000	0	0	0.000	0.002	0.024	109.99	-1107.73	-1.04	0.00
9690	0.000	0.000	0.000	0	0	0.000	0.002	0.024	109.01	-1107.73	-0.00	0.00
9700	0.000	0.000	0.000	0	0	0.000	0.002	0.024	110.16	-1107.73	-1.04	0.00
9710	0.000	0.000	0.000	0	0	0.000	0.002	0.024	110.16	-1107.73	0.00	0.00
9720	0.000	0.000	0.000	0	0	0.000	0.002	0.029	109.95	-1107.73	0.00	0.00
9730	0.000	0.000	0.000	0	0	0.000	0.002	0.029	109.21	-1107.73	-1.04	0.00
9740	0.000	0.000	0.000	0	0	0.000	0.002	0.029	110.05	-1107.73	-0.00	0.00
9750	0.000	0.000	0.000	0	0	0.000	0.002	0.021	110.06	-1107.73	-0.00	0.00
9760	0.000	0.000	0.000	0	0	0.000	0.002	0.021	107.70	-1107.73	-0.00	0.00
9770	0.000	0.000	0.000	0	0	0.000	0.002	0.030	109.19	-1107.73	0.00	0.00
9780	0.000	0.000	0.000	0	0	0.000	0.002	0.030	108.29	-1107.73	-0.00	0.00
9790	0.000	0.000	0.000	0	0	0.000	0.002	0.030	109.86	-1107.73	0.00	0.00
9800	0.000	0.000	0.000	0	0	0.000	0.002	0.022	108.13	-1107.73	-1.04	0.00
9810	0.000	0.000	0.000	0	0	0.000	0.002	0.022	109.14	-1107.73	0.00	0.00
9820	0.000	0.000	0.000	0	0	0.000	0.002	0.022	110.04	-1107.73	0.00	0.00
9830	0.000	0.000	0.000	0	0	0.000	0.002	0.022	109.95	-1107.73	0.00	0.00
9840	0.000	0.000	0.000	0	0	0.000	0.002	0.019	109.54	-1107.73	0.00	0.00
9850	0.000	0.000	0.000	0	0	0.000	0.002	0.019	110.10	-1107.73	-1.04	0.00
9860	0.000	0.000	0.000	0	0	0.000	0.002	0.019	109.73	-1107.73	0.00	0.00
9870	0.000	0.000	0.000	0	0	0.000	0.004	0.019	108.97	-1107.73	-1.04	0.00
9880	0.000	0.000	0.000	0	1	1.117	0.006	0.019	107.48	-1108.77	-1.04	0.00
9890	0.000	0.000	0.000	0	1	0.850	0.004	0.019	106.71	-1108.76	0.00	-0.27
9900	0.000	0.000	0.000	0	0	0.000	0.004	0.019	109.11	-1107.73	0.00	0.00
9910	0.000	0.000	0.000	0	0	0.000	0.003	0.019	108.30	-1107.73	0.00	0.00
9920	0.000	0.000	0.000	0	0	0.000	0.003	0.019	109.60	-1107.73	-0.00	0.00
9930	0.000	0.000	0.000	0	0	0.000	0.003	0.019	109.78	-1107.73	-1.04	0.00
9940	0.000	0.000	0.000	0	0	0.000	0.003	0.028	108.89	-1107.73	0.00	0.00
9950	0.000	0.000	0.000	0	0	0.000	0.004	0.026	108.92	-1107.73	0.00	0.00
9960	0.000	0.000	0.000	0	0	0.000	0.004	0.026	109.44	-1107.73	0.00	0.00
9970	0.000	0.000	0.000	0	0	0.000	0.004	0.026	109.03	-1107.73	0.00	0.00
9980	0.000	0.000	0.000	0	0	0.000	0.004	0.026	109.03	-1107.73	0.00	0.00
9990	0.000	0.000	0.000	0	0	0.000	0.004	0.020	109.45	-1107.73	0.00	0.00
10000	0.000	0.000	0.000	0	0	0.000	0.004	0.030	109.66	-1107.73	0.00	0.00
