state	min	max	median	shifts	jumps	jumpvar	SE	root	lnL	lnLp	qlnL.p	qlnL.h
10	0.000	0.000	0.000	0	0	0.000	0.358	-0.392	-15.29	-1107.73	0.00	0.00
20	0.000	0.000	0.000	0	1	0.000	0.358	-0.392	-12.88	-1108.76	0.00	-12.58
30	0.000	0.000	0.000	0	0	0.000	0.358	-0.392	-11.11	-1107.73	0.00	0.00
40	0.000	0.000	0.000	0	0	0.000	0.358	-0.392	-9.14	-1107.73	0.00	0.00
50	0.000	0.000	0.000	0	0	0.000	0.358	0.022	-1.08	-1107.73	0.00	-11.56
60	0.000	0.000	0.000	0	0	0.000	0.358	0.022	0.58	-1107.73	-0.00	0.00
70	0.000	0.000	0.000	0	0	0.000	0.358	0.022	-3.37	-1107.73	0.00	-11.18
80	0.000	0.000	0.000	0	0	0.000	0.358	0.022	-2.60	-1107.73	0.00	-11.30
90	0.000	0.000	0.000	0	0	0.000	0.358	0.022	0.96	-1107.73	0.00	0.00
100	0.000	0.000	0.000	0	2	0.000	0.358	0.022	2.46	-1109.46	0.00	-0.48
110	0.000	0.000	0.000	0	2	0.000	0.358	0.022	2.82	-1109.46	0.00	-12.80
120	0.000	0.000	0.000	0	0	0.000	0.358	0.022	3.08	-1107.73	0.00	-12.89
130	0.000	0.000	0.000	0	0	0.000	0.358	0.022	4.03	-1107.73	0.00	0.00
140	0.000	0.000	0.000	0	0	0.000	0.358	0.022	4.56	-1107.73	-1.04	0.00
150	0.000	0.000	0.000	0	0	0.000	0.358	0.022	4.68	-1107.73	0.00	0.00
160	0.000	0.000	0.000	0	0	0.000	0.358	0.022	4.71	-1107.73	0.00	-15.46
170	0.000	0.000	0.000	0	1	0.000	0.358	0.022	4.70	-1108.76	-0.69	0.00
180	0.000	0.000	0.000	0	2	0.000	0.274	0.019	23.21	-1109.46	0.00	-0.14
190	0.000	0.000	0.000	0	3	0.000	0.274	0.019	25.11	-1109.86	0.00	0.00
200	0.000	0.000	0.000	0	4	0.000	0.159	0.019	62.30	-1110.15	0.00	-15.43
210	0.000	0.000	0.000	0	4	0.000	0.159	0.019	62.00	-1110.15	0.00	0.00
220	0.000	0.000	0.000	0	5	0.000	0.159	0.019	61.62	-1110.37	0.18	0.00
230	0.000	0.000	0.000	0	4	0.000	0.159	0.019	61.62	-1110.15	0.00	0.00
240	0.000	0.000	0.000	0	5	0.000	0.159	0.019	61.36	-1110.37	-0.00	0.00
250	0.000	0.000	0.000	0	5	0.000	0.159	0.019	61.62	-1110.37	0.00	0.00
260	0.000	0.000	0.000	0	4	0.000	0.159	0.019	62.02	-1110.15	0.00	-15.31
270	0.000	0.000	0.000	0	3	0.000	0.159	0.019	62.28	-1109.86	-0.00	0.00
280	0.000	0.000	0.000	0	3	0.000	0.103	0.019	85.76	-1109.86	-0.00	0.13
290	0.000	0.000	0.000	0	2	0.000	0.103	0.019	85.72	-1109.46	0.41	0.00
300	0.000	0.000	0.000	0	2	0.001	0.103	0.019	85.46	-1109.46	0.00	0.00
310	0.000	0.000	0.000	0	4	0.001	0.103	0.019	86.56	-1110.15	0.29	0.00
320	0.000	0.000	0.000	0	4	0.001	0.103	0.019	86.68	-1110.15	0.22	0.00
330	0.000	0.000	0.000	0	3	0.001	0.103	0.019	88.56	-1109.86	0.00	0.00
340	0.000	0.000	0.000	0	3	0.001	0.103	0.019	88.58	-1109.86	-0.00	0.00
350	0.000	0.000	0.000	0	3	0.001	0.103	0.019	87.02	-1109.86	0.00	0.00
360	0.000	0.000	0.000	0	3	0.001	0.103	0.018	87.27	-1109.86	-0.00	0.00
370	0.000	0.000	0.000	0	5	0.001	0.103	0.018	85.81	-1110.37	0.00	-15.29
380	0.000	0.000	0.000	0	5	0.000	0.103	0.018	86.42	-1110.37	0.00	-15.31
390	0.000	0.000	0.000	0	5	0.000	0.103	0.018	86.90	-1110.37	0.18	0.00
400	0.000	0.000	0.000	0	5	0.000	0.103	0.018	87.10	-1110.37	-0.00	0.00
410	0.000	0.000	0.000	0	4	0.000	0.038	0.018	95.00	-1110.15	0.00	0.00
420	0.000	0.000	0.000	0	4	0.001	0.038	0.018	101.89	-1110.15	0.00	-15.03
430	0.000	0.000	0.000	0	4	0.001	0.038	0.018	102.41	-1110.15	-0.00	0.00
440	0.000	0.000	0.000	0	6	0.001	0.038	0.018	104.04	-1110.55	0.00	0.00
450	0.000	0.000	0.000	0	6	0.001	0.038	0.018	108.09	-1110.55	-0.15	0.00
460	0.000	0.000	0.000	0	6	0.001	0.038	0.018	107.54	-1110.55	0.00	-14.44
470	0.000	0.000	0.000	0	8	0.001	0.038	0.018	107.39	-1110.84	-0.00	0.00
480	0.000	0.000	0.000	0	7	0.001	0.038	0.018	107.26	-1110.71	0.00	-14.13
490	0.000	0.000	0.000	0	7	0.001	0.038	0.018	106.13	-1110.71	0.00	-13.77
500	0.000	0.000	0.000	0	7	0.001	0.038	0.036	108.54	-1110.71	0.00	0.00
510	0.000	0.000	0.000	0	7	0.001	0.038	0.036	106.98	-1110.71	0.00	0.00
520	0.000	0.000	0.000	0	7	0.002	0.038	0.036	106.82	-1110.71	-0.00	0.24
530	0.000	0.000	0.000	0	7	0.001	0.038	0.036	106.86	-1110.71	0.00	0.00
540	0.000	0.000	0.000	0	6	0.001	0.038	0.036	108.83	-1110.55	-0.00	0.00
550	0.000	0.000	0.000	0	5	0.001	0.038	0.036	110.31	-1110.37	0.00	0.00
560	0.000	0.000	0.000	0	5	0.001	0.038	0.036	110.31	-1110.37	0.00	0.00
570	0.000	0.000	0.000	0	4	0.001	0.038	0.036	111.21	-1110.15	-0.00	0.00
580	0.000	0.000	0.000	0	4	0.002	0.038	0.045	110.70	-1110.15	-0.00	0.00
590	0.000	0.000	0.000	0	4	0.002	0.038	0.045	112.64	-1110.15	0.00	0.00
600	0.000	0.000	0.000	0	4	0.002	0.038	0.045	112.45	-1110.15	0.00	-14.03
610	0.000	0.000	0.000	0	4	0.002	0.038	0.045	111.49	-1110.15	0.00	0.00
620	0.000	0.000	0.000	0	4	0.002	0.029	0.045	112.61	-1110.15	0.00	-14.00
630	0.000	0.000	0.000	0	4	0.002	0.029	0.045	113.84	-1110.15	-0.00	0.00
640	0.000	0.000	0.000	0	4	0.001	0.029	0.045	114.78	-1110.15	0.00	0.00
650	0.000	0.000	0.000	0	3	0.001	0.029	0.045	114.78	-1109.86	-0.00	0.00
660	0.000	0.000	0.000	0	2	0.001	0.029	0.045	114.87	-1109.46	0.00	0.00
670	0.000	0.000	0.000	0	3	0.001	0.029	0.059	115.07	-1109.86	-0.41	0.00
680	0.000	0.000	0.000	0	3	0.001	0.029	0.059	115.21	-1109.86	-0.00	0.15
690	0.000	0.000	0.000	0	2	0.001	0.029	0.059	113.69	-1109.46	0.00	-13.79
700	0.000	0.000	0.000	0	2	0.001	0.029	0.059	113.69	-1109.46	0.69	0.00
710	0.000	0.000	0.000	0	2	0.001	0.029	0.059	114.54	-1109.46	-0.00	0.00
720	0.000	0.000	0.000	0	2	0.001	0.029	0.059	114.35	-1109.46	0.00	0.00
730	0.000	0.000	0.000	0	2	0.001	0.029	0.059	114.54	-1109.46	-0.00	0.00
740	0.000	0.000	0.000	0	2	0.001	0.029	0.059	114.36	-1109.46	0.00	0.00
750	0.000	0.000	0.000	0	2	0.002	0.029	0.059	114.20	-1109.46	0.69	0.00
760	0.000	0.000	0.000	0	2	0.002	0.029	0.059	114.27	-1109.46	0.00	0.00
770	0.000	0.000	0.000	0	2	0.002	0.029	0.059	114.45	-1109.46	0.69	0.00
780	0.000	0.000	0.000	0	2	0.002	0.029	0.059	113.88	-1109.46	-0.00	0.00
790	0.000	0.000	0.000	0	2	0.001	0.029	0.059	113.60	-1109.46	-0.41	0.00
800	0.000	0.000	0.000	0	2	0.001	0.029	0.059	113.60	-1109.46	0.00	0.00
810	0.000	0.000	0.000	0	5	0.001	0.029	0.059	114.46	-1110.37	0.00	0.00
820	0.000	0.000	0.000	0	4	0.001	0.029	0.059	113.88	-1110.15	-0.00	0.05
830	0.000	0.000	0.000	0	4	0.001	0.029	0.059	113.53	-1110.15	0.00	0.00
840	0.000	0.000	0.000	0	5	0.001	0.029	0.059	115.05	-1110.37	0.00	-13.49
850	0.000	0.000	0.000	0	5	0.001	0.029	0.059	115.05	-1110.37	-0.00	0.00
860	0.000	0.000	0.000	0	3	0.001	0.029	0.059	113.56	-1109.86	0.29	0.00
870	0.000	0.000	0.000	0	3	0.001	0.029	0.059	113.06	-1109.86	0.00	-13.66
880	0.000	0.000	0.000	0	2	0.001	0.029	0.059	114.31	-1109.46	0.69	0.00
890	0.000	0.000	0.000	0	2	0.001	0.029	0.059	114.38	-1109.46	0.00	-13.66
900	0.000	0.000	0.000	0	2	0.001	0.029	0.059	114.23	-1109.46	0.00	0.00
910	0.000	0.000	0.000	0	2	0.001	0.029	0.059	114.62	-1109.46	0.00	-13.47
920	0.000	0.000	0.000	0	3	0.001	0.029	0.075	116.93	-1109.86	-0.29	0.00
930	0.000	0.000	0.000	0	5	0.002	0.029	0.075	115.22	-1110.37	0.00	0.00
940	0.000	0.000	0.000	0	6	0.002	0.029	0.075	114.07	-1110.55	0.00	-13.47
950	0.000	0.000	0.000	0	5	0.002	0.036	0.075	113.02	-1110.37	0.22	0.00
960	0.000	0.000	0.000	0	5	0.002	0.036	0.075	112.67	-1110.37	0.00	0.00
970	0.000	0.000	0.000	0	5	0.002	0.036	0.065	113.70	-1110.37	-0.00	0.00
980	0.000	0.000	0.000	0	5	0.002	0.032	0.065	115.38	-1110.37	0.00	-13.98
990	0.000	0.000	0.000	0	6	0.002	0.032	0.065	116.25	-1110.55	0.00	0.00
1000	0.000	0.000	0.000	0	6	0.002	0.032	0.065	116.16	-1110.55	0.00	-13.77
1010	0.000	0.000	0.000	0	5	0.002	0.032	0.065	117.22	-1110.37	0.00	-13.77
1020	0.000	0.000	0.000	0	5	0.002	0.032	0.065	117.22	-1110.37	-0.18	0.00
1030	0.000	0.000	0.000	0	5	0.002	0.032	0.065	117.21	-1110.37	0.00	-13.76
1040	0.000	0.000	0.000	0	4	0.001	0.032	0.065	116.58	-1110.15	-0.22	0.00
1050	0.000	0.000	0.000	0	4	0.001	0.032	0.065	116.93	-1110.15	0.00	0.00
1060	0.000	0.000	0.000	0	4	0.001	0.032	0.065	117.61	-1110.15	0.29	0.00
1070	0.000	0.000	0.000	0	4	0.001	0.032	0.041	118.36	-1110.15	0.29	0.00
1080	0.000	0.000	0.000	0	3	0.001	0.032	0.041	117.82	-1109.86	0.00	0.00
1090	0.000	0.000	0.000	0	3	0.001	0.032	0.046	116.65	-1109.86	0.41	0.00
1100	0.000	0.000	0.000	0	4	0.001	0.032	0.046	116.11	-1110.15	-0.22	0.00
1110	0.000	0.000	0.000	0	4	0.001	0.032	0.046	116.11	-1110.15	-0.22	0.00
1120	0.000	0.000	0.000	0	4	0.001	0.032	0.046	115.96	-1110.15	0.29	0.00
1130	0.000	0.000	0.000	0	4	0.001	0.032	0.046	116.87	-1110.15	0.00	0.00
1140	0.000	0.000	0.000	0	4	0.001	0.032	0.046	117.14	-1110.15	0.00	0.00
1150	0.000	0.000	0.000	0	4	0.001	0.032	0.046	117.92	-1110.15	0.00	0.00
1160	0.000	0.000	0.000	0	4	0.001	0.032	0.046	117.91	-1110.15	0.00	-0.07
1170	0.000	0.000	0.000	0	3	0.001	0.032	0.046	117.37	-1109.86	0.29	0.00
1180	0.000	0.000	0.000	0	3	0.001	0.032	0.046	117.50	-1109.86	0.00	0.00
1190	0.000	0.000	0.000	0	3	0.001	0.032	0.046	117.43	-1109.86	0.00	0.00
1200	0.000	0.000	0.000	0	5	0.001	0.032	0.046	117.88	-1110.37	-0.00	0.00
1210	0.000	0.000	0.000	0	5	0.001	0.032	0.046	117.65	-1110.37	0.00	-13.68
1220	0.000	0.000	0.000	0	4	0.001	0.032	0.046	116.46	-1110.15	0.00	0.00
1230	0.000	0.000	0.000	0	4	0.001	0.032	0.046	116.58	-1110.15	0.00	0.00
1240	0.000	0.000	0.000	0	3	0.001	0.032	0.046	117.80	-1109.86	-0.29	0.00
1250	0.000	0.000	0.000	0	3	0.001	0.032	0.046	117.80	-1109.86	0.41	0.00
1260	0.000	0.000	0.000	0	3	0.001	0.032	0.046	117.75	-1109.86	0.00	-13.92
1270	0.000	0.000	0.000	0	3	0.001	0.032	0.046	117.73	-1109.86	0.00	0.00
1280	0.000	0.000	0.000	0	4	0.001	0.032	0.046	116.04	-1110.15	0.00	0.00
1290	0.000	0.000	0.000	0	4	0.001	0.032	0.046	116.35	-1110.15	-0.00	0.49
1300	0.000	0.000	0.000	0	4	0.002	0.032	0.046	116.99	-1110.15	-0.22	0.00
1310	0.000	0.000	0.000	0	5	0.002	0.032	0.046	116.68	-1110.37	0.22	0.00
1320	0.000	0.000	0.000	0	5	0.002	0.032	0.036	116.67	-1110.37	-0.00	0.00
1330	0.000	0.000	0.000	0	5	0.001	0.032	0.036	116.11	-1110.37	0.00	-14.24
1340	0.000	0.000	0.000	0	5	0.001	0.032	0.035	116.12	-1110.37	0.00	0.00
1350	0.000	0.000	0.000	0	5	0.001	0.032	-0.004	115.68	-1110.37	0.00	0.00
1360	0.000	0.000	0.000	0	6	0.001	0.032	-0.004	115.26	-1110.55	0.00	0.00
1370	0.000	0.000	0.000	0	5	0.001	0.032	-0.004	115.13	-1110.37	0.00	-13.47
1380	0.000	0.000	0.000	0	5	0.001	0.032	-0.004	115.49	-1110.37	0.00	0.00
1390	0.000	0.000	0.000	0	5	0.002	0.032	-0.004	116.12	-1110.37	0.00	-0.26
1400	0.000	0.000	0.000	0	5	0.002	0.032	-0.004	115.86	-1110.37	0.00	0.00
1410	0.000	0.000	0.000	0	5	0.002	0.032	-0.004	116.74	-1110.37	-0.00	0.00
1420	0.000	0.000	0.000	0	4	0.002	0.032	-0.004	116.85	-1110.15	-0.22	0.00
1430	0.000	0.000	0.000	0	6	0.002	0.032	-0.004	116.45	-1110.55	0.18	0.00
1440	0.000	0.000	0.000	0	6	0.003	0.032	-0.004	115.92	-1110.55	0.00	0.00
1450	0.000	0.000	0.000	0	6	0.003	0.032	-0.002	116.23	-1110.55	0.00	-14.19
1460	0.000	0.000	0.000	0	6	0.002	0.032	-0.002	116.88	-1110.55	0.00	0.00
1470	0.000	0.000	0.000	0	6	0.002	0.032	-0.002	115.93	-1110.55	0.18	0.00
1480	0.000	0.000	0.000	0	6	0.003	0.032	-0.002	115.39	-1110.55	-0.00	0.00
1490	0.000	0.000	0.000	0	6	0.003	0.032	-0.002	114.24	-1110.55	0.00	0.00
1500	0.000	0.000	0.000	0	6	0.003	0.032	-0.002	114.31	-1110.55	0.00	0.00
1510	0.000	0.000	0.000	0	6	0.003	0.032	-0.002	112.16	-1110.55	-0.00	0.00
1520	0.000	0.000	0.000	0	5	0.003	0.032	-0.002	115.78	-1110.37	0.18	0.00
1530	0.000	0.000	0.000	0	5	0.003	0.032	-0.002	116.10	-1110.37	-0.00	0.00
1540	0.000	0.000	0.000	0	6	0.003	0.032	-0.002	115.11	-1110.55	-0.00	0.00
1550	0.000	0.000	0.000	0	4	0.003	0.032	-0.002	115.45	-1110.15	0.00	-13.51
1560	0.000	0.000	0.000	0	3	0.003	0.032	-0.002	116.07	-1109.86	0.00	0.00
1570	0.000	0.000	0.000	0	3	0.002	0.032	-0.002	115.76	-1109.86	0.00	0.00
1580	0.000	0.000	0.000	0	3	0.003	0.032	-0.002	116.88	-1109.86	0.00	0.00
1590	0.000	0.000	0.000	0	4	0.003	0.032	-0.002	115.10	-1110.15	0.00	0.00
1600	0.000	0.000	0.000	0	4	0.003	0.032	-0.002	115.21	-1110.15	0.00	0.00
1610	0.000	0.000	0.000	0	3	0.003	0.032	-0.002	116.25	-1109.86	0.41	0.00
1620	0.000	0.000	0.000	0	4	0.003	0.032	-0.002	114.52	-1110.15	0.29	0.00
1630	0.000	0.000	0.000	0	5	0.003	0.032	-0.002	114.26	-1110.37	-0.00	0.00
1640	0.000	0.000	0.000	0	6	0.003	0.032	-0.002	114.22	-1110.55	0.00	-14.01
1650	0.000	0.000	0.000	0	6	0.004	0.032	-0.002	113.16	-1110.55	0.00	0.00
1660	0.000	0.000	0.000	0	6	0.004	0.032	-0.002	113.66	-1110.55	-0.15	0.00
1670	0.000	0.000	0.000	0	6	0.004	0.032	-0.004	113.62	-1110.55	-0.15	0.00
1680	0.000	0.000	0.000	0	6	0.004	0.026	-0.004	113.33	-1110.55	-0.00	0.00
1690	0.000	0.000	0.000	0	6	0.003	0.026	-0.004	114.13	-1110.55	-0.15	0.00
1700	0.000	0.000	0.000	0	6	0.003	0.026	-0.004	114.83	-1110.55	0.00	0.00
1710	0.000	0.000	0.000	0	6	0.003	0.026	-0.004	118.26	-1110.55	0.00	0.00
1720	0.000	0.000	0.000	0	5	0.004	0.026	-0.004	119.10	-1110.37	-0.00	0.00
1730	0.000	0.000	0.000	0	5	0.004	0.026	-0.005	119.03	-1110.37	0.00	0.00
1740	0.000	0.000	0.000	0	5	0.005	0.026	-0.004	117.13	-1110.37	0.00	0.00
1750	0.000	0.000	0.000	0	5	0.005	0.026	-0.004	117.25	-1110.37	0.00	0.00
1760	0.000	0.000	0.000	0	5	0.003	0.026	-0.004	117.07	-1110.37	0.00	0.00
1770	0.000	0.000	0.000	0	5	0.002	0.026	-0.004	114.69	-1110.37	0.00	-0.27
1780	0.000	0.000	0.000	0	5	0.002	0.026	-0.004	113.63	-1110.37	-0.18	0.00
1790	0.000	0.000	0.000	0	4	0.002	0.026	-0.004	115.45	-1110.15	0.00	0.00
1800	0.000	0.000	0.000	0	4	0.002	0.026	-0.004	114.85	-1110.15	0.00	-13.83
1810	0.000	0.000	0.000	0	4	0.002	0.026	-0.004	114.85	-1110.15	-0.22	0.00
1820	0.000	0.000	0.000	0	4	0.002	0.026	-0.004	115.89	-1110.15	0.00	-13.45
1830	0.000	0.000	0.000	0	6	0.002	0.026	-0.004	113.57	-1110.55	0.00	-13.45
1840	0.000	0.000	0.000	0	4	0.002	0.026	-0.004	115.89	-1110.15	-0.00	0.00
1850	0.000	0.000	0.000	0	3	0.002	0.026	-0.004	116.72	-1109.86	-0.29	0.00
1860	0.000	0.000	0.000	0	3	0.001	0.026	-0.004	116.87	-1109.86	-0.00	0.02
1870	0.000	0.000	0.000	0	3	0.001	0.026	-0.004	116.93	-1109.86	0.41	0.00
1880	0.000	0.000	0.000	0	3	0.001	0.026	-0.004	116.93	-1109.86	-0.29	0.00
1890	0.000	0.000	0.000	0	3	0.001	0.026	-0.004	116.51	-1109.86	0.00	0.00
1900	0.000	0.000	0.000	0	3	0.001	0.026	-0.004	116.88	-1109.86	-0.00	0.00
1910	0.000	0.000	0.000	0	3	0.001	0.026	-0.004	116.89	-1109.86	0.00	-13.72
1920	0.000	0.000	0.000	0	5	0.001	0.026	-0.004	117.37	-1110.37	0.00	-13.72
1930	0.000	0.000	0.000	0	5	0.001	0.026	-0.004	117.15	-1110.37	0.22	0.00
1940	0.000	0.000	0.000	0	5	0.001	0.026	-0.004	117.21	-1110.37	0.00	-13.72
1950	0.000	0.000	0.000	0	5	0.001	0.026	-0.004	117.21	-1110.37	0.00	-0.10
1960	0.000	0.000	0.000	0	5	0.001	0.026	-0.004	117.42	-1110.37	0.00	-13.54
1970	0.000	0.000	0.000	0	7	0.001	0.026	-0.004	114.45	-1110.71	0.00	-13.54
1980	0.000	0.000	0.000	0	5	0.001	0.026	-0.004	114.74	-1110.37	0.00	-13.28
1990	0.000	0.000	0.000	0	4	0.001	0.026	-0.004	115.48	-1110.15	0.00	0.00
2000	0.000	0.000	0.000	0	4	0.001	0.026	-0.004	115.83	-1110.15	-0.00	0.00
2010	0.000	0.000	0.000	0	4	0.001	0.026	-0.004	115.87	-1110.15	-0.00	0.00
2020	0.000	0.000	0.000	0	4	0.001	0.026	-0.004	115.89	-1110.15	-0.00	0.14
2030	0.000	0.000	0.000	0	4	0.001	0.026	-0.004	116.10	-1110.15	0.00	-13.49
2040	0.000	0.000	0.000	0	4	0.001	0.026	-0.004	116.93	-1110.15	0.00	0.00
2050	0.000	0.000	0.000	0	6	0.001	0.026	-0.004	115.51	-1110.55	-0.18	0.00
2060	0.000	0.000	0.000	0	4	0.001	0.026	-0.004	117.02	-1110.15	0.00	-13.35
2070	0.000	0.000	0.000	0	4	0.001	0.026	-0.004	117.40	-1110.15	-0.00	0.00
2080	0.000	0.000	0.000	0	4	0.001	0.026	-0.004	117.47	-1110.15	0.00	0.00
2090	0.000	0.000	0.000	0	4	0.001	0.026	-0.004	117.47	-1110.15	0.00	0.00
2100	0.000	0.000	0.000	0	4	0.005	0.016	-0.004	115.41	-1110.15	-0.00	0.00
2110	0.000	0.000	0.000	0	4	0.005	0.016	-0.004	115.95	-1110.15	0.00	-13.44
2120	0.000	0.000	0.000	0	3	0.005	0.016	-0.004	117.33	-1109.86	-0.00	0.00
2130	0.000	0.000	0.000	0	3	0.005	0.016	-0.004	113.71	-1109.86	0.00	0.00
2140	0.000	0.000	0.000	0	3	0.005	0.005	-0.004	115.95	-1109.86	0.00	0.00
2150	0.000	0.000	0.000	0	3	0.000	0.005	-0.004	114.57	-1109.86	-0.00	0.00
2160	0.000	0.000	0.000	0	3	0.000	0.007	-0.004	111.47	-1109.86	-0.00	0.00
2170	0.000	0.000	0.000	0	4	0.000	0.007	-0.004	111.79	-1110.15	0.00	0.00
2180	0.000	0.000	0.000	0	3	0.000	0.007	-0.004	112.82	-1109.86	0.00	-13.43
2190	0.000	0.000	0.000	0	4	0.000	0.007	-0.004	112.33	-1110.15	0.00	0.00
2200	0.000	0.000	0.000	0	3	0.000	0.007	-0.004	111.46	-1109.86	-0.00	0.00
2210	0.000	0.000	0.000	0	2	0.000	0.007	-0.004	109.08	-1109.46	0.69	0.00
2220	0.000	0.000	0.000	0	1	0.000	0.007	-0.004	108.17	-1108.76	-0.00	0.12
2230	0.000	0.000	0.000	0	2	0.000	0.007	-0.004	107.22	-1109.46	-0.41	0.00
2240	0.000	0.000	0.000	0	2	0.000	0.007	-0.004	113.17	-1109.46	0.00	-13.28
2250	0.000	0.000	0.000	0	2	0.001	0.007	-0.004	113.52	-1109.46	0.00	0.00
2260	0.000	0.000	0.000	0	2	0.001	0.007	-0.004	113.90	-1109.46	0.00	0.00
2270	0.000	0.000	0.000	0	2	0.001	0.007	-0.004	113.83	-1109.46	0.00	0.00
2280	0.000	0.000	0.000	0	2	0.000	0.007	-0.004	114.00	-1109.46	0.00	0.00
2290	0.000	0.000	0.000	0	2	0.310	0.007	-0.003	108.58	-1109.46	-0.41	0.00
2300	0.000	0.000	0.000	0	2	0.549	0.006	-0.003	108.14	-1109.46	0.00	-13.13
2310	0.000	0.000	0.000	0	1	0.499	0.006	-0.003	112.62	-1108.76	0.00	0.00
2320	0.000	0.000	0.000	0	1	0.758	0.010	-0.003	111.83	-1108.76	1.04	0.00
2330	0.000	0.000	0.000	0	1	0.758	0.010	-0.003	111.03	-1108.76	0.00	0.00
2340	0.000	0.000	0.000	0	1	0.525	0.009	-0.003	111.47	-1108.76	0.00	-12.86
2350	0.000	0.000	0.000	0	1	0.253	0.009	-0.003	111.83	-1108.76	-0.00	0.00
2360	0.000	0.000	0.000	0	1	0.253	0.009	-0.003	112.64	-1108.76	0.00	0.00
2370	0.000	0.000	0.000	0	0	0.000	0.009	-0.003	109.05	-1107.73	0.00	0.00
2380	0.000	0.000	0.000	0	0	0.000	0.009	-0.003	109.05	-1107.73	0.00	0.00
2390	0.000	0.000	0.000	0	0	0.000	0.009	-0.003	107.87	-1107.73	-1.04	0.00
2400	0.000	0.000	0.000	0	0	0.000	0.009	-0.003	107.31	-1107.73	0.00	0.00
2410	0.000	0.000	0.000	0	1	0.168	0.009	-0.003	106.29	-1108.76	-0.00	0.00
2420	0.000	0.000	0.000	0	1	0.053	0.009	-0.003	105.29	-1108.76	-0.69	0.00
2430	0.000	0.000	0.000	0	1	0.053	0.009	-0.003	105.89	-1108.76	0.00	0.00
2440	0.000	0.000	0.000	0	1	0.078	0.009	-0.003	106.47	-1108.76	0.00	-12.81
2450	0.000	0.000	0.000	0	0	0.000	0.009	-0.003	109.29	-1107.73	1.04	0.00
2460	0.000	0.000	0.000	0	0	0.000	0.009	-0.003	109.06	-1107.73	0.00	-13.01
2470	0.000	0.000	0.000	0	0	0.000	0.009	-0.003	109.06	-1107.73	0.00	0.00
2480	0.000	0.000	0.000	0	0	0.000	0.009	-0.003	109.25	-1107.73	0.00	0.00
2490	0.000	0.000	0.000	0	0	0.000	0.009	-0.003	109.04	-1107.73	-0.00	0.00
2500	0.000	0.000	0.000	0	0	0.000	0.009	0.067	106.76	-1107.73	-0.00	0.00
2510	0.000	0.000	0.000	0	1	0.127	0.009	0.067	111.16	-1108.76	0.00	0.00
2520	0.000	0.000	0.000	0	1	0.127	0.009	0.067	108.67	-1108.76	-0.69	0.00
2530	0.000	0.000	0.000	0	1	0.426	0.009	0.060	110.93	-1108.76	-0.00	0.30
2540	0.000	0.000	0.000	0	1	0.372	0.006	0.060	111.49	-1108.76	1.04	0.00
2550	0.000	0.000	0.000	0	1	0.479	0.006	0.060	111.36	-1108.76	-0.00	0.00
2560	0.000	0.000	0.000	0	1	0.029	0.006	0.060	112.74	-1108.76	0.00	0.00
2570	0.000	0.000	0.000	0	1	0.029	0.007	0.060	112.64	-1108.76	0.00	-13.00
2580	0.000	0.000	0.000	0	1	0.029	0.007	0.060	110.99	-1108.76	-0.00	0.00
2590	0.000	0.000	0.000	0	1	0.007	0.007	0.060	111.64	-1108.76	-0.00	0.00
2600	0.000	0.000	0.000	0	1	0.008	0.007	0.060	111.59	-1108.76	-0.00	0.11
2610	0.000	0.000	0.000	0	0	0.000	0.007	0.060	103.65	-1107.73	0.00	0.00
2620	0.000	0.000	0.000	0	0	0.000	0.007	0.060	108.06	-1107.73	-0.00	0.00
2630	0.000	0.000	0.000	0	0	0.000	0.005	0.060	108.46	-1107.73	0.00	0.00
2640	0.000	0.000	0.000	0	0	0.000	0.005	0.060	108.37	-1107.73	0.00	0.00
2650	0.000	0.000	0.000	0	0	0.000	0.005	0.060	107.80	-1107.73	0.00	0.00
2660	0.000	0.000	0.000	0	0	0.000	0.005	0.060	106.18	-1107.73	0.00	0.00
2670	0.000	0.000	0.000	0	1	0.008	0.005	0.060	106.60	-1108.76	0.00	-13.04
2680	0.000	0.000	0.000	0	0	0.000	0.005	0.060	107.86	-1107.73	0.00	-13.04
2690	0.000	0.000	0.000	0	0	0.000	0.005	0.086	107.22	-1107.73	0.00	-12.73
2700	0.000	0.000	0.000	0	0	0.000	0.005	0.086	107.09	-1107.73	0.00	0.00
2710	0.000	0.000	0.000	0	0	0.000	0.005	0.086	107.09	-1107.73	-0.00	0.00
2720	0.000	0.000	0.000	0	0	0.000	0.005	0.086	107.31	-1107.73	0.00	0.00
2730	0.000	0.000	0.000	0	0	0.000	0.005	0.086	107.35	-1107.73	0.00	0.00
2740	0.000	0.000	0.000	0	0	0.000	0.005	0.086	107.38	-1107.73	-0.00	0.00
2750	0.000	0.000	0.000	0	0	0.000	0.006	0.086	107.24	-1107.73	-1.04	0.00
2760	0.000	0.000	0.000	0	1	0.012	0.006	0.086	110.16	-1108.76	-0.00	0.39
2770	0.000	0.000	0.000	0	1	0.543	0.006	0.086	108.69	-1108.76	0.00	-12.94
2780	0.000	0.000	0.000	0	1	0.543	0.006	0.086	107.16	-1108.76	0.00	0.00
2790	0.000	0.000	0.000	0	1	0.543	0.006	0.086	106.02	-1108.76	0.00	0.00
2800	0.000	0.000	0.000	0	1	0.067	0.006	0.086	108.11	-1108.76	0.00	-12.66
2810	0.000	0.000	0.000	0	0	0.000	0.006	0.086	106.34	-1107.73	-1.04	0.00
2820	0.000	0.000	0.000	0	0	0.000	0.006	0.086	106.40	-1107.73	-1.04	0.00
2830	0.000	0.000	0.000	0	0	0.000	0.006	0.086	107.14	-1107.73	0.00	0.00
2840	0.000	0.000	0.000	0	0	0.000	0.006	0.086	106.68	-1107.73	0.00	0.00
2850	0.000	0.000	0.000	0	1	0.067	0.006	0.086	109.23	-1108.76	-0.69	0.00
2860	0.000	0.000	0.000	0	1	0.072	0.004	0.086	109.89	-1108.76	-0.00	0.00
2870	0.000	0.000	0.000	0	1	0.015	0.004	0.086	110.23	-1108.76	0.00	-0.11
2880	0.000	0.000	0.000	0	1	0.245	0.004	0.086	107.73	-1108.76	-0.00	0.00
2890	0.000	0.000	0.000	0	0	0.000	0.004	0.055	108.88	-1107.73	0.00	0.00
2900	0.000	0.000	0.000	0	0	0.000	0.004	0.055	108.88	-1107.73	0.00	0.00
2910	0.000	0.000	0.000	0	0	0.000	0.003	0.037	108.57	-1107.73	-0.00	0.00
2920	0.000	0.000	0.000	0	0	0.000	0.003	0.037	109.51	-1107.73	-0.00	0.00
2930	0.000	0.000	0.000	0	0	0.000	0.003	0.037	109.68	-1107.73	0.00	-12.85
2940	0.000	0.000	0.000	0	0	0.000	0.003	0.037	109.07	-1107.73	0.00	0.00
2950	0.000	0.000	0.000	0	0	0.000	0.003	0.037	109.68	-1107.73	-1.04	0.00
2960	0.000	0.000	0.000	0	0	0.000	0.003	0.037	109.66	-1107.73	0.00	-12.86
2970	0.000	0.000	0.000	0	0	0.000	0.003	0.037	109.51	-1107.73	-1.04	0.00
2980	0.000	0.000	0.000	0	0	0.000	0.003	0.037	109.45	-1107.73	-1.04	0.00
2990	0.000	0.000	0.000	0	0	0.000	0.003	0.032	106.35	-1107.73	-1.04	0.00
3000	0.000	0.000	0.000	0	0	0.000	0.003	0.032	109.67	-1107.73	-0.00	0.00
3010	0.000	0.000	0.000	0	1	0.056	0.003	0.032	112.81	-1108.76	0.00	-12.80
3020	0.000	0.000	0.000	0	0	0.000	0.003	0.032	109.67	-1107.73	-0.00	0.00
3030	0.000	0.000	0.000	0	0	0.000	0.002	0.032	109.89	-1107.73	0.00	-12.80
3040	0.000	0.000	0.000	0	0	0.000	0.002	0.032	109.89	-1107.73	-1.04	0.00
3050	0.000	0.000	0.000	0	0	0.000	0.001	0.032	109.48	-1107.73	-0.00	0.00
3060	0.000	0.000	0.000	0	0	0.000	0.001	0.032	110.07	-1107.73	-1.04	0.00
3070	0.000	0.000	0.000	0	0	0.000	0.001	0.032	110.05	-1107.73	0.00	-12.87
3080	0.000	0.000	0.000	0	0	0.000	0.001	0.032	110.05	-1107.73	-0.00	0.00
3090	0.000	0.000	0.000	0	0	0.000	0.001	0.032	109.14	-1107.73	0.00	0.00
3100	0.000	0.000	0.000	0	0	0.000	0.001	0.032	109.86	-1107.73	0.00	-12.98
3110	0.000	0.000	0.000	0	0	0.000	0.001	0.032	109.92	-1107.73	-1.04	0.00
3120	0.000	0.000	0.000	0	0	0.000	0.001	0.032	109.66	-1107.73	0.00	0.00
3130	0.000	0.000	0.000	0	0	0.000	0.001	0.003	109.89	-1107.73	0.00	0.00
3140	0.000	0.000	0.000	0	0	0.000	0.001	0.003	109.71	-1107.73	0.00	-12.68
3150	0.000	0.000	0.000	0	0	0.000	0.001	0.003	110.46	-1107.73	0.00	0.00
3160	0.000	0.000	0.000	0	0	0.000	0.001	0.003	110.24	-1107.73	-0.00	0.00
3170	0.000	0.000	0.000	0	0	0.000	0.001	0.003	110.24	-1107.73	-0.00	0.00
3180	0.000	0.000	0.000	0	0	0.000	0.001	0.003	110.24	-1107.73	0.00	0.00
3190	0.000	0.000	0.000	0	0	0.000	0.002	0.003	110.19	-1107.73	-1.04	0.00
3200	0.000	0.000	0.000	0	0	0.000	0.002	0.003	110.41	-1107.73	-1.04	0.00
3210	0.000	0.000	0.000	0	0	0.000	0.002	0.003	110.31	-1107.73	-0.00	0.00
3220	0.000	0.000	0.000	0	0	0.000	0.002	0.003	108.00	-1107.73	0.00	-12.52
3230	0.000	0.000	0.000	0	0	0.000	0.003	0.003	110.10	-1107.73	-0.00	0.00
3240	0.000	0.000	0.000	0	0	0.000	0.003	0.003	109.24	-1107.73	0.00	0.00
3250	0.000	0.000	0.000	0	0	0.000	0.003	0.003	110.01	-1107.73	-1.04	0.00
3260	0.000	0.000	0.000	0	0	0.000	0.003	0.003	109.86	-1107.73	0.00	0.00
3270	0.000	0.000	0.000	0	0	0.000	0.003	0.003	108.58	-1107.73	-0.00	0.00
3280	0.000	0.000	0.000	0	0	0.000	0.003	0.003	108.58	-1107.73	0.00	-12.59
3290	0.000	0.000	0.000	0	0	0.000	0.003	0.003	109.16	-1107.73	0.00	-13.10
3300	0.000	0.000	0.000	0	0	0.000	0.003	0.003	110.01	-1107.73	-1.04	0.00
3310	0.000	0.000	0.000	0	0	0.000	0.009	0.003	109.08	-1107.73	0.00	0.00
3320	0.000	0.000	0.000	0	0	0.000	0.007	0.003	108.32	-1107.73	0.00	-12.64
3330	0.000	0.000	0.000	0	0	0.000	0.007	0.003	109.34	-1107.73	0.00	-12.82
3340	0.000	0.000	0.000	0	0	0.000	0.007	0.003	109.42	-1107.73	0.00	-12.92
3350	0.000	0.000	0.000	0	0	0.000	0.009	0.003	109.16	-1107.73	0.00	-12.89
3360	0.000	0.000	0.000	0	0	0.000	0.009	0.003	109.06	-1107.73	-1.04	0.00
3370	0.000	0.000	0.000	0	0	0.000	0.009	0.003	109.06	-1107.73	0.00	0.00
3380	0.000	0.000	0.000	0	0	0.000	0.009	0.003	109.06	-1107.73	0.00	-12.97
3390	0.000	0.000	0.000	0	0	0.000	0.009	0.003	108.95	-1107.73	-1.04	0.00
3400	0.000	0.000	0.000	0	0	0.000	0.009	0.003	109.15	-1107.73	-0.00	0.00
3410	0.000	0.000	0.000	0	0	0.000	0.001	0.003	110.36	-1107.73	0.00	0.00
3420	0.000	0.000	0.000	0	0	0.000	0.001	0.003	110.36	-1107.73	-1.04	0.00
3430	0.000	0.000	0.000	0	0	0.000	0.001	0.003	109.97	-1107.73	0.00	-12.73
3440	0.000	0.000	0.000	0	0	0.000	0.001	0.003	109.16	-1107.73	0.00	-12.62
3450	0.000	0.000	0.000	0	0	0.000	0.001	0.003	109.16	-1107.73	0.00	0.00
3460	0.000	0.000	0.000	0	0	0.000	0.002	0.004	109.07	-1107.73	-0.00	0.06
3470	0.000	0.000	0.000	0	0	0.000	0.002	0.004	109.26	-1107.73	0.00	0.00
3480	0.000	0.000	0.000	0	0	0.000	0.001	0.004	110.36	-1107.73	0.00	-12.82
3490	0.000	0.000	0.000	0	1	0.034	0.001	0.004	110.67	-1108.76	0.00	-0.49
3500	0.000	0.000	0.000	0	1	0.035	0.001	0.004	111.04	-1108.76	0.00	0.00
3510	0.000	0.000	0.000	0	0	0.000	0.001	0.004	109.86	-1107.73	-1.04	0.00
3520	0.000	0.000	0.000	0	0	0.000	0.001	0.004	109.54	-1107.73	0.00	0.00
3530	0.000	0.000	0.000	0	0	0.000	0.001	0.004	109.35	-1107.73	0.00	-12.64
3540	0.000	0.000	0.000	0	0	0.000	0.001	0.004	109.38	-1107.73	0.00	-12.64
3550	0.000	0.000	0.000	0	0	0.000	0.001	0.004	110.33	-1107.73	0.00	0.00
3560	0.000	0.000	0.000	0	0	0.000	0.001	0.004	110.48	-1107.73	0.00	-12.90
3570	0.000	0.000	0.000	0	0	0.000	0.001	0.004	110.48	-1107.73	-1.04	0.00
3580	0.000	0.000	0.000	0	0	0.000	0.001	0.004	110.47	-1107.73	-1.04	0.00
3590	0.000	0.000	0.000	0	0	0.000	0.001	0.004	110.12	-1107.73	0.00	0.00
3600	0.000	0.000	0.000	0	0	0.000	0.001	0.004	110.12	-1107.73	0.00	-12.75
3610	0.000	0.000	0.000	0	0	0.000	0.001	0.004	110.45	-1107.73	-0.00	0.00
3620	0.000	0.000	0.000	0	0	0.000	0.001	0.004	110.45	-1107.73	0.00	0.00
3630	0.000	0.000	0.000	0	0	0.000	0.001	0.004	110.41	-1107.73	0.00	0.00
3640	0.000	0.000	0.000	0	0	0.000	0.001	0.004	109.69	-1107.73	0.00	0.00
3650	0.000	0.000	0.000	0	0	0.000	0.001	0.004	109.69	-1107.73	-1.04	0.00
3660	0.000	0.000	0.000	0	0	0.000	0.001	0.004	109.69	-1107.73	-0.00	0.00
3670	0.000	0.000	0.000	0	0	0.000	0.001	0.004	110.38	-1107.73	0.00	0.00
3680	0.000	0.000	0.000	0	0	0.000	0.001	0.004	110.11	-1107.73	0.00	-12.75
3690	0.000	0.000	0.000	0	0	0.000	0.001	0.004	109.78	-1107.73	0.00	0.00
3700	0.000	0.000	0.000	0	0	0.000	0.001	0.004	110.48	-1107.73	0.00	-12.89
3710	0.000	0.000	0.000	0	0	0.000	0.001	0.004	110.45	-1107.73	1.04	0.00
3720	0.000	0.000	0.000	0	0	0.000	0.001	0.004	110.48	-1107.73	-0.00	0.00
3730	0.000	0.000	0.000	0	0	0.000	0.001	0.004	109.92	-1107.73	0.00	0.00
3740	0.000	0.000	0.000	0	0	0.000	0.001	0.004	110.33	-1107.73	0.00	0.00
3750	0.000	0.000	0.000	0	1	0.035	0.001	0.004	111.00	-1108.76	-0.00	0.00
3760	0.000	0.000	0.000	0	0	0.000	0.001	0.004	110.31	-1107.73	-1.04	0.00
3770	0.000	0.000	0.000	0	0	0.000	0.012	0.004	108.57	-1107.73	0.00	-12.80
3780	0.000	0.000	0.000	0	0	0.000	0.012	0.004	108.57	-1107.73	-0.00	0.00
3790	0.000	0.000	0.000	0	1	0.017	0.012	0.004	107.72	-1108.76	-0.00	0.00
3800	0.000	0.000	0.000	0	0	0.000	0.012	0.004	108.19	-1107.73	0.00	0.00
3810	0.000	0.000	0.000	0	0	0.000	0.012	0.004	108.19	-1107.73	-0.00	0.00
3820	0.000	0.000	0.000	0	1	0.011	0.012	0.004	110.88	-1108.76	-0.69	0.00
3830	0.000	0.000	0.000	0	1	0.008	0.012	0.004	110.71	-1108.76	-0.00	0.02
3840	0.000	0.000	0.000	0	0	0.000	0.012	0.003	108.81	-1107.73	-1.04	0.00
3850	0.000	0.000	0.000	0	0	0.000	0.012	0.003	108.81	-1107.73	0.00	0.00
3860	0.000	0.000	0.000	0	0	0.000	0.012	0.003	108.81	-1107.73	0.00	-12.90
3870	0.000	0.000	0.000	0	0	0.000	0.012	0.004	108.80	-1107.73	0.00	0.00
3880	0.000	0.000	0.000	0	0	0.000	0.011	0.004	108.87	-1107.73	0.00	0.03
3890	0.000	0.000	0.000	0	0	0.000	0.011	0.004	108.76	-1107.73	0.00	0.00
3900	0.000	0.000	0.000	0	0	0.000	0.011	0.004	108.84	-1107.73	0.00	-12.87
3910	0.000	0.000	0.000	0	0	0.000	0.011	0.004	108.84	-1107.73	0.00	-12.95
3920	0.000	0.000	0.000	0	0	0.000	0.011	0.004	108.84	-1107.73	0.00	0.00
3930	0.000	0.000	0.000	0	0	0.000	0.008	0.006	109.29	-1107.73	0.00	0.00
3940	0.000	0.000	0.000	0	0	0.000	0.008	0.006	109.24	-1107.73	0.00	-12.97
3950	0.000	0.000	0.000	0	0	0.000	0.008	0.006	109.24	-1107.73	0.00	-12.97
3960	0.000	0.000	0.000	0	0	0.000	0.008	0.006	109.27	-1107.73	-1.04	0.00
3970	0.000	0.000	0.000	0	0	0.000	0.006	-0.011	108.87	-1107.73	0.00	-13.09
3980	0.000	0.000	0.000	0	0	0.000	0.007	-0.011	108.70	-1107.73	0.00	0.00
3990	0.000	0.000	0.000	0	0	0.000	0.007	-0.011	108.70	-1107.73	0.00	-13.09
4000	0.000	0.000	0.000	0	0	0.000	0.007	-0.011	109.48	-1107.73	-0.00	0.00
4010	0.000	0.000	0.000	0	0	0.000	0.007	-0.011	106.51	-1107.73	0.00	0.00
4020	0.000	0.000	0.000	0	0	0.000	0.007	-0.025	106.38	-1107.73	-1.04	0.00
4030	0.000	0.000	0.000	0	0	0.000	0.007	-0.025	108.22	-1107.73	0.00	-13.13
4040	0.000	0.000	0.000	0	0	0.000	0.007	-0.025	109.39	-1107.73	-0.00	0.00
4050	0.000	0.000	0.000	0	0	0.000	0.007	-0.025	108.49	-1107.73	0.00	-13.10
4060	0.000	0.000	0.000	0	0	0.000	0.006	-0.025	109.35	-1107.73	0.00	0.00
4070	0.000	0.000	0.000	0	0	0.000	0.006	-0.025	109.55	-1107.73	0.00	-12.94
4080	0.000	0.000	0.000	0	0	0.000	0.006	-0.025	109.12	-1107.73	-0.00	0.00
4090	0.000	0.000	0.000	0	0	0.000	0.005	-0.025	109.52	-1107.73	0.00	-0.16
4100	0.000	0.000	0.000	0	0	0.000	0.005	-0.025	109.51	-1107.73	-0.00	0.00
4110	0.000	0.000	0.000	0	0	0.000	0.005	-0.025	109.69	-1107.73	0.00	0.00
4120	0.000	0.000	0.000	0	0	0.000	0.005	-0.035	109.55	-1107.73	0.00	-12.95
4130	0.000	0.000	0.000	0	0	0.000	0.005	-0.035	109.11	-1107.73	0.00	-13.04
4140	0.000	0.000	0.000	0	1	0.008	0.005	-0.035	108.86	-1108.76	0.00	-12.93
4150	0.000	0.000	0.000	0	0	0.000	0.005	-0.035	109.55	-1107.73	0.00	-12.81
4160	0.000	0.000	0.000	0	0	0.000	0.005	-0.035	109.61	-1107.73	-1.04	0.00
4170	0.000	0.000	0.000	0	0	0.000	0.005	-0.035	109.38	-1107.73	0.00	-12.77
4180	0.000	0.000	0.000	0	0	0.000	0.005	-0.035	108.49	-1107.73	0.00	0.00
4190	0.000	0.000	0.000	0	0	0.000	0.005	-0.035	109.60	-1107.73	0.00	-12.84
4200	0.000	0.000	0.000	0	0	0.000	0.005	-0.022	109.42	-1107.73	0.00	-0.47
4210	0.000	0.000	0.000	0	0	0.000	0.005	-0.022	108.56	-1107.73	0.00	0.00
4220	0.000	0.000	0.000	0	0	0.000	0.005	-0.022	109.75	-1107.73	-0.00	0.00
4230	0.000	0.000	0.000	0	0	0.000	0.005	-0.022	109.75	-1107.73	0.00	0.00
4240	0.000	0.000	0.000	0	0	0.000	0.005	-0.022	109.54	-1107.73	0.00	0.00
4250	0.000	0.000	0.000	0	0	0.000	0.005	-0.022	109.54	-1107.73	-0.00	0.00
4260	0.000	0.000	0.000	0	0	0.000	0.005	-0.022	109.60	-1107.73	0.00	0.00
4270	0.000	0.000	0.000	0	0	0.000	0.005	-0.022	109.57	-1107.73	-1.04	0.00
4280	0.000	0.000	0.000	0	1	0.008	0.005	-0.022	108.71	-1108.76	-0.00	0.00
4290	0.000	0.000	0.000	0	0	0.000	0.005	-0.022	109.82	-1107.73	0.00	-12.91
4300	0.000	0.000	0.000	0	0	0.000	0.006	-0.022	109.66	-1107.73	0.00	-12.82
4310	0.000	0.000	0.000	0	0	0.000	0.006	-0.022	109.46	-1107.73	-0.00	0.00
4320	0.000	0.000	0.000	0	0	0.000	0.006	-0.022	109.69	-1107.73	0.00	-12.84
4330	0.000	0.000	0.000	0	2	0.008	0.006	-0.022	113.21	-1109.46	-0.69	0.00
4340	0.000	0.000	0.000	0	2	0.008	0.006	-0.022	114.63	-1109.46	0.00	0.00
4350	0.000	0.000	0.000	0	2	0.006	0.006	-0.018	114.86	-1109.46	0.69	0.00
4360	0.000	0.000	0.000	0	2	0.004	0.006	-0.020	113.79	-1109.46	0.69	0.00
4370	0.000	0.000	0.000	0	2	0.004	0.006	-0.020	114.10	-1109.46	0.00	0.00
4380	0.000	0.000	0.000	0	1	0.003	0.006	-0.020	114.43	-1108.76	0.00	-12.85
4390	0.000	0.000	0.000	0	1	0.004	0.006	-0.020	114.48	-1108.76	0.00	-12.88
4400	0.000	0.000	0.000	0	1	0.386	0.006	-0.020	112.34	-1108.76	-0.00	0.00
4410	0.000	0.000	0.000	0	1	0.119	0.006	-0.013	113.44	-1108.76	1.04	0.00
4420	0.000	0.000	0.000	0	1	0.119	0.006	-0.013	113.44	-1108.76	1.04	0.00
4430	0.000	0.000	0.000	0	1	0.171	0.006	-0.013	113.26	-1108.76	0.00	0.00
4440	0.000	0.000	0.000	0	1	0.190	0.006	-0.013	111.59	-1108.76	-0.00	0.00
4450	0.000	0.000	0.000	0	1	0.190	0.006	-0.013	111.62	-1108.76	0.00	0.00
4460	0.000	0.000	0.000	0	0	0.000	0.006	-0.013	109.59	-1107.73	-1.04	0.00
4470	0.000	0.000	0.000	0	0	0.000	0.006	-0.013	109.74	-1107.73	0.00	-12.93
4480	0.000	0.000	0.000	0	0	0.000	0.006	-0.013	109.77	-1107.73	0.00	-12.87
4490	0.000	0.000	0.000	0	0	0.000	0.006	-0.013	109.73	-1107.73	0.00	0.00
4500	0.000	0.000	0.000	0	0	0.000	0.006	-0.013	108.52	-1107.73	0.00	0.00
4510	0.000	0.000	0.000	0	0	0.000	0.006	-0.013	107.88	-1107.73	0.00	0.00
4520	0.000	0.000	0.000	0	0	0.000	0.006	-0.013	107.88	-1107.73	0.00	-13.19
4530	0.000	0.000	0.000	0	0	0.000	0.006	-0.013	109.75	-1107.73	0.00	-12.92
4540	0.000	0.000	0.000	0	0	0.000	0.008	-0.013	109.24	-1107.73	0.00	-12.80
4550	0.000	0.000	0.000	0	0	0.000	0.008	-0.013	108.73	-1107.73	-1.04	0.00
4560	0.000	0.000	0.000	0	0	0.000	0.008	-0.013	108.78	-1107.73	0.00	0.00
4570	0.000	0.000	0.000	0	0	0.000	0.008	-0.013	109.39	-1107.73	0.00	0.00
4580	0.000	0.000	0.000	0	0	0.000	0.008	-0.013	109.43	-1107.73	-1.04	0.00
4590	0.000	0.000	0.000	0	0	0.000	0.008	-0.013	108.19	-1107.73	0.00	-12.63
4600	0.000	0.000	0.000	0	0	0.000	0.008	-0.013	109.25	-1107.73	0.00	-12.79
4610	0.000	0.000	0.000	0	0	0.000	0.009	-0.013	108.98	-1107.73	0.00	-13.00
4620	0.000	0.000	0.000	0	0	0.000	0.009	-0.013	107.09	-1107.73	-0.00	0.00
4630	0.000	0.000	0.000	0	0	0.000	0.009	-0.013	109.19	-1107.73	-1.04	0.00
4640	0.000	0.000	0.000	0	0	0.000	0.009	-0.013	109.19	-1107.73	-1.04	0.00
4650	0.000	0.000	0.000	0	0	0.000	0.009	-0.013	109.19	-1107.73	0.00	0.00
4660	0.000	0.000	0.000	0	0	0.000	0.009	-0.011	108.48	-1107.73	0.00	-12.70
4670	0.000	0.000	0.000	0	0	0.000	0.009	-0.011	108.89	-1107.73	0.00	-12.77
4680	0.000	0.000	0.000	0	0	0.000	0.009	-0.011	108.35	-1107.73	0.00	-12.68
4690	0.000	0.000	0.000	0	0	0.000	0.009	-0.011	107.99	-1107.73	0.00	-12.64
4700	0.000	0.000	0.000	0	0	0.000	0.009	-0.011	107.42	-1107.73	0.00	0.00
4710	0.000	0.000	0.000	0	0	0.000	0.009	-0.011	108.16	-1107.73	-1.04	0.00
4720	0.000	0.000	0.000	0	0	0.000	0.009	-0.011	109.15	-1107.73	-0.00	0.00
4730	0.000	0.000	0.000	0	0	0.000	0.009	-0.011	109.19	-1107.73	0.00	0.00
4740	0.000	0.000	0.000	0	0	0.000	0.009	-0.011	108.79	-1107.73	0.00	0.00
4750	0.000	0.000	0.000	0	0	0.000	0.009	-0.011	108.79	-1107.73	0.00	-12.75
4760	0.000	0.000	0.000	0	0	0.000	0.009	-0.010	108.22	-1107.73	0.00	0.09
4770	0.000	0.000	0.000	0	0	0.000	0.009	-0.010	108.90	-1107.73	0.00	0.00
4780	0.000	0.000	0.000	0	0	0.000	0.009	-0.010	108.86	-1107.73	0.00	0.00
4790	0.000	0.000	0.000	0	0	0.000	0.008	-0.010	109.44	-1107.73	0.00	0.00
4800	0.000	0.000	0.000	0	0	0.000	0.008	-0.010	109.38	-1107.73	-0.00	0.00
4810	0.000	0.000	0.000	0	0	0.000	0.008	-0.010	109.38	-1107.73	0.00	0.00
4820	0.000	0.000	0.000	0	0	0.000	0.008	-0.010	109.37	-1107.73	-0.00	0.00
4830	0.000	0.000	0.000	0	0	0.000	0.008	-0.010	109.37	-1107.73	0.00	0.00
4840	0.000	0.000	0.000	0	0	0.000	0.008	-0.010	109.45	-1107.73	0.00	-12.91
4850	0.000	0.000	0.000	0	0	0.000	0.008	-0.010	108.55	-1107.73	-0.00	0.00
4860	0.000	0.000	0.000	0	0	0.000	0.008	-0.010	108.55	-1107.73	0.00	-12.67
4870	0.000	0.000	0.000	0	0	0.000	0.008	-0.010	107.98	-1107.73	-0.00	0.00
4880	0.000	0.000	0.000	0	0	0.000	0.008	-0.010	109.26	-1107.73	0.00	0.00
4890	0.000	0.000	0.000	0	0	0.000	0.008	-0.010	109.26	-1107.73	-1.04	0.00
4900	0.000	0.000	0.000	0	0	0.000	0.008	-0.010	109.26	-1107.73	0.00	0.00
4910	0.000	0.000	0.000	0	0	0.000	0.005	-0.010	109.75	-1107.73	-1.04	0.00
4920	0.000	0.000	0.000	0	0	0.000	0.005	-0.011	109.43	-1107.73	0.00	0.00
4930	0.000	0.000	0.000	0	0	0.000	0.005	-0.010	109.79	-1107.73	0.00	0.00
4940	0.000	0.000	0.000	0	0	0.000	0.005	-0.010	109.85	-1107.73	0.00	0.00
4950	0.000	0.000	0.000	0	0	0.000	0.005	-0.010	109.85	-1107.73	-0.00	0.00
4960	0.000	0.000	0.000	0	0	0.000	0.005	-0.010	109.88	-1107.73	-0.00	0.00
4970	0.000	0.000	0.000	0	0	0.000	0.005	-0.010	109.88	-1107.73	0.00	0.00
4980	0.000	0.000	0.000	0	0	0.000	0.005	-0.010	109.88	-1107.73	-0.00	0.00
4990	0.000	0.000	0.000	0	0	0.000	0.005	-0.010	109.88	-1107.73	0.00	-12.90
5000	0.000	0.000	0.000	0	0	0.000	0.005	-0.010	109.88	-1107.73	0.00	0.00
5010	0.000	0.000	0.000	0	0	0.000	0.003	-0.010	110.14	-1107.73	0.00	0.00
5020	0.000	0.000	0.000	0	0	0.000	0.003	-0.010	110.14	-1107.73	0.00	0.00
5030	0.000	0.000	0.000	0	0	0.000	0.003	-0.010	110.00	-1107.73	0.00	0.00
5040	0.000	0.000	0.000	0	0	0.000	0.003	-0.010	110.00	-1107.73	-1.04	0.00
5050	0.000	0.000	0.000	0	0	0.000	0.003	-0.059	109.36	-1107.73	-1.04	0.00
5060	0.000	0.000	0.000	0	0	0.000	0.003	-0.059	109.40	-1107.73	0.00	-12.86
5070	0.000	0.000	0.000	0	0	0.000	0.003	-0.059	109.34	-1107.73	-1.04	0.00
5080	0.000	0.000	0.000	0	0	0.000	0.003	-0.059	109.34	-1107.73	-0.00	0.00
5090	0.000	0.000	0.000	0	0	0.000	0.003	-0.059	109.10	-1107.73	-0.00	0.00
5100	0.000	0.000	0.000	0	1	0.293	0.003	-0.059	109.14	-1108.76	0.00	-12.93
5110	0.000	0.000	0.000	0	0	0.000	0.003	-0.059	108.99	-1107.73	-0.00	0.00
5120	0.000	0.000	0.000	0	0	0.000	0.003	-0.059	109.38	-1107.73	0.00	-12.90
5130	0.000	0.000	0.000	0	0	0.000	0.003	-0.059	109.27	-1107.73	-1.04	0.00
5140	0.000	0.000	0.000	0	0	0.000	0.003	-0.059	109.38	-1107.73	0.00	0.00
5150	0.000	0.000	0.000	0	1	0.293	0.003	-0.059	105.10	-1108.76	0.00	0.00
5160	0.000	0.000	0.000	0	0	0.000	0.003	-0.059	107.48	-1107.73	0.00	-12.54
5170	0.000	0.000	0.000	0	0	0.000	0.003	-0.059	108.08	-1107.73	0.00	-12.60
5180	0.000	0.000	0.000	0	0	0.000	0.003	-0.062	109.27	-1107.73	-1.04	0.00
5190	0.000	0.000	0.000	0	0	0.000	0.003	-0.042	109.74	-1107.73	-1.04	0.00
5200	0.000	0.000	0.000	0	0	0.000	0.003	-0.042	108.44	-1107.73	0.00	-12.60
5210	0.000	0.000	0.000	0	0	0.000	0.003	-0.042	109.71	-1107.73	-0.00	0.00
5220	0.000	0.000	0.000	0	0	0.000	0.003	-0.042	109.72	-1107.73	-1.04	0.00
5230	0.000	0.000	0.000	0	0	0.000	0.002	-0.037	109.32	-1107.73	0.00	-0.41
5240	0.000	0.000	0.000	0	0	0.000	0.002	-0.037	108.88	-1107.73	-1.04	0.00
5250	0.000	0.000	0.000	0	0	0.000	0.002	-0.037	110.10	-1107.73	-1.04	0.00
5260	0.000	0.000	0.000	0	0	0.000	0.002	-0.037	110.15	-1107.73	0.00	0.00
5270	0.000	0.000	0.000	0	0	0.000	0.002	-0.037	109.97	-1107.73	0.00	0.00
5280	0.000	0.000	0.000	0	0	0.000	0.002	-0.037	109.98	-1107.73	0.00	0.00
5290	0.000	0.000	0.000	0	0	0.000	0.002	-0.037	108.13	-1107.73	0.00	-12.54
5300	0.000	0.000	0.000	0	0	0.000	0.002	-0.037	107.75	-1107.73	-0.00	0.00
5310	0.000	0.000	0.000	0	0	0.000	0.002	-0.037	108.78	-1107.73	0.00	0.00
5320	0.000	0.000	0.000	0	0	0.000	0.002	-0.037	110.15	-1107.73	0.00	-12.94
5330	0.000	0.000	0.000	0	0	0.000	0.002	-0.037	110.20	-1107.73	0.00	0.00
5340	0.000	0.000	0.000	0	0	0.000	0.002	-0.037	110.20	-1107.73	0.00	0.00
5350	0.000	0.000	0.000	0	0	0.000	0.002	-0.037	109.59	-1107.73	-1.04	0.00
5360	0.000	0.000	0.000	0	0	0.000	0.002	-0.037	109.59	-1107.73	0.00	0.00
5370	0.000	0.000	0.000	0	0	0.000	0.002	-0.037	108.38	-1107.73	0.00	0.00
5380	0.000	0.000	0.000	0	0	0.000	0.002	-0.037	109.11	-1107.73	0.00	0.00
5390	0.000	0.000	0.000	0	0	0.000	0.002	-0.037	109.84	-1107.73	0.00	-12.74
5400	0.000	0.000	0.000	0	0	0.000	0.002	-0.037	109.84	-1107.73	-0.00	0.00
5410	0.000	0.000	0.000	0	0	0.000	0.002	-0.044	109.78	-1107.73	0.00	-12.76
5420	0.000	0.000	0.000	0	0	0.000	0.002	-0.044	110.07	-1107.73	0.00	-12.88
5430	0.000	0.000	0.000	0	0	0.000	0.002	-0.044	110.06	-1107.73	0.00	-12.90
5440	0.000	0.000	0.000	0	0	0.000	0.002	-0.044	110.06	-1107.73	0.00	-12.86
5450	0.000	0.000	0.000	0	0	0.000	0.002	-0.044	110.07	-1107.73	0.00	-12.89
5460	0.000	0.000	0.000	0	1	0.293	0.002	-0.044	111.90	-1108.76	0.00	0.00
5470	0.000	0.000	0.000	0	0	0.000	0.002	-0.044	109.74	-1107.73	0.00	-13.00
5480	0.000	0.000	0.000	0	0	0.000	0.002	-0.044	110.00	-1107.73	0.00	0.00
5490	0.000	0.000	0.000	0	0	0.000	0.002	-0.044	110.00	-1107.73	-0.00	0.00
5500	0.000	0.000	0.000	0	0	0.000	0.002	-0.044	109.16	-1107.73	0.00	-12.66
5510	0.000	0.000	0.000	0	0	0.000	0.002	-0.029	110.22	-1107.73	0.00	-12.95
5520	0.000	0.000	0.000	0	0	0.000	0.002	-0.029	110.22	-1107.73	0.00	0.00
5530	0.000	0.000	0.000	0	0	0.000	0.002	-0.029	107.33	-1107.73	0.00	0.00
5540	0.000	0.000	0.000	0	0	0.000	0.002	-0.029	109.25	-1107.73	0.00	0.00
5550	0.000	0.000	0.000	0	0	0.000	0.002	-0.029	109.68	-1107.73	-0.00	0.00
5560	0.000	0.000	0.000	0	0	0.000	0.003	-0.029	110.09	-1107.73	0.00	-12.85
5570	0.000	0.000	0.000	0	0	0.000	0.003	-0.029	110.03	-1107.73	-1.04	0.00
5580	0.000	0.000	0.000	0	0	0.000	0.003	-0.039	109.89	-1107.73	-1.04	0.00
5590	0.000	0.000	0.000	0	0	0.000	0.003	-0.039	109.94	-1107.73	-0.00	0.00
5600	0.000	0.000	0.000	0	0	0.000	0.003	-0.039	109.60	-1107.73	-0.00	0.00
5610	0.000	0.000	0.000	0	0	0.000	0.002	-0.039	106.54	-1107.73	-0.00	0.00
5620	0.000	0.000	0.000	0	0	0.000	0.002	-0.039	106.87	-1107.73	-0.00	0.00
5630	0.000	0.000	0.000	0	0	0.000	0.002	-0.039	109.78	-1107.73	0.00	0.00
5640	0.000	0.000	0.000	0	0	0.000	0.002	-0.046	109.41	-1107.73	0.00	-13.04
5650	0.000	0.000	0.000	0	0	0.000	0.002	-0.046	109.81	-1107.73	-0.00	0.00
5660	0.000	0.000	0.000	0	0	0.000	0.002	-0.046	109.81	-1107.73	0.00	0.00
5670	0.000	0.000	0.000	0	1	0.293	0.002	-0.046	111.19	-1108.76	0.00	-12.78
5680	0.000	0.000	0.000	0	0	0.000	0.003	-0.046	109.73	-1107.73	0.00	-12.79
5690	0.000	0.000	0.000	0	0	0.000	0.003	-0.046	109.73	-1107.73	0.00	-12.79
5700	0.000	0.000	0.000	0	0	0.000	0.003	-0.046	109.83	-1107.73	0.00	0.00
5710	0.000	0.000	0.000	0	0	0.000	0.003	-0.040	109.96	-1107.73	0.00	-0.16
5720	0.000	0.000	0.000	0	0	0.000	0.003	-0.040	109.78	-1107.73	0.00	0.00
5730	0.000	0.000	0.000	0	0	0.000	0.003	-0.053	109.11	-1107.73	-0.00	0.00
5740	0.000	0.000	0.000	0	0	0.000	0.004	-0.053	109.51	-1107.73	0.00	0.00
5750	0.000	0.000	0.000	0	0	0.000	0.004	-0.053	109.41	-1107.73	-1.04	0.00
5760	0.000	0.000	0.000	0	0	0.000	0.004	-0.002	108.87	-1107.73	-1.04	0.00
5770	0.000	0.000	0.000	0	0	0.000	0.004	-0.002	109.99	-1107.73	-1.04	0.00
5780	0.000	0.000	0.000	0	0	0.000	0.004	-0.002	109.99	-1107.73	-1.04	0.00
5790	0.000	0.000	0.000	0	0	0.000	0.004	-0.002	109.81	-1107.73	0.00	-12.98
5800	0.000	0.000	0.000	0	1	0.313	0.004	-0.003	108.46	-1108.76	0.00	-12.98
5810	0.000	0.000	0.000	0	1	0.238	0.004	-0.005	108.64	-1108.76	0.00	-12.96
5820	0.000	0.000	0.000	0	2	0.130	0.003	-0.005	109.41	-1109.46	0.00	-12.96
5830	0.000	0.000	0.000	0	2	0.209	0.003	-0.005	108.94	-1109.46	-0.41	0.00
5840	0.000	0.000	0.000	0	2	0.126	0.003	-0.005	109.45	-1109.46	-0.00	0.00
5850	0.000	0.000	0.000	0	2	0.082	0.004	-0.006	109.74	-1109.46	0.00	-12.96
5860	0.000	0.000	0.000	0	1	0.066	0.004	-0.006	110.68	-1108.76	0.00	0.00
5870	0.000	0.000	0.000	0	0	0.000	0.004	-0.006	109.41	-1107.73	0.00	0.00
5880	0.000	0.000	0.000	0	0	0.000	0.004	-0.006	109.94	-1107.73	0.00	-12.81
5890	0.000	0.000	0.000	0	0	0.000	0.004	-0.006	109.94	-1107.73	0.00	0.00
5900	0.000	0.000	0.000	0	0	0.000	0.004	-0.006	109.94	-1107.73	0.00	-12.81
5910	0.000	0.000	0.000	0	0	0.000	0.006	-0.006	109.56	-1107.73	-1.04	0.00
5920	0.000	0.000	0.000	0	1	0.077	0.006	-0.006	107.33	-1108.76	0.00	-12.81
5930	0.000	0.000	0.000	0	0	0.000	0.006	-0.006	108.20	-1107.73	-1.04	0.00
5940	0.000	0.000	0.000	0	0	0.000	0.006	-0.006	109.52	-1107.73	0.00	0.00
5950	0.000	0.000	0.000	0	0	0.000	0.006	-0.006	109.69	-1107.73	-0.00	0.00
5960	0.000	0.000	0.000	0	0	0.000	0.006	-0.006	109.69	-1107.73	0.00	-12.87
5970	0.000	0.000	0.000	0	0	0.000	0.007	-0.008	109.58	-1107.73	-0.00	0.11
5980	0.000	0.000	0.000	0	1	0.083	0.007	-0.008	112.27	-1108.76	-0.69	0.00
5990	0.000	0.000	0.000	0	1	0.083	0.007	-0.008	112.27	-1108.76	0.00	-12.99
6000	0.000	0.000	0.000	0	1	0.203	0.007	-0.008	111.84	-1108.76	-0.69	0.00
6010	0.000	0.000	0.000	0	0	0.000	0.007	-0.008	109.37	-1107.73	0.00	-12.99
6020	0.000	0.000	0.000	0	0	0.000	0.007	-0.008	109.55	-1107.73	0.00	0.00
6030	0.000	0.000	0.000	0	0	0.000	0.005	-0.008	109.87	-1107.73	0.00	0.00
6040	0.000	0.000	0.000	0	0	0.000	0.005	-0.008	109.07	-1107.73	0.00	-12.67
6050	0.000	0.000	0.000	0	0	0.000	0.005	-0.008	109.65	-1107.73	0.00	-12.77
6060	0.000	0.000	0.000	0	0	0.000	0.005	-0.008	109.65	-1107.73	0.00	0.00
6070	0.000	0.000	0.000	0	0	0.000	0.003	-0.011	110.00	-1107.73	0.00	-12.77
6080	0.000	0.000	0.000	0	0	0.000	0.003	-0.011	110.01	-1107.73	-1.04	0.00
6090	0.000	0.000	0.000	0	0	0.000	0.003	-0.011	110.23	-1107.73	0.00	0.00
6100	0.000	0.000	0.000	0	0	0.000	0.003	-0.011	110.23	-1107.73	0.00	-12.84
6110	0.000	0.000	0.000	0	1	0.722	0.004	-0.011	109.30	-1108.76	-0.00	0.00
6120	0.000	0.000	0.000	0	1	2.932	0.004	-0.011	108.60	-1108.77	0.00	0.00
6130	0.000	0.000	0.000	0	1	4.244	0.004	-0.011	108.39	-1108.77	0.00	-12.95
6140	0.000	0.000	0.000	0	0	0.000	0.004	-0.011	109.95	-1107.73	0.00	0.00
6150	0.000	0.000	0.000	0	0	0.000	0.004	-0.011	108.45	-1107.73	0.00	0.00
6160	0.000	0.000	0.000	0	0	0.000	0.004	-0.011	109.54	-1107.73	0.00	-13.04
6170	0.000	0.000	0.000	0	0	0.000	0.005	-0.011	109.54	-1107.73	-1.04	0.00
6180	0.000	0.000	0.000	0	0	0.000	0.004	-0.010	109.70	-1107.73	-0.00	0.00
6190	0.000	0.000	0.000	0	0	0.000	0.004	-0.010	109.74	-1107.73	0.00	-12.77
6200	0.000	0.000	0.000	0	0	0.000	0.004	-0.010	109.74	-1107.73	-0.00	0.00
6210	0.000	0.000	0.000	0	0	0.000	0.004	-0.010	109.74	-1107.73	0.00	0.00
6220	0.000	0.000	0.000	0	0	0.000	0.004	-0.010	109.53	-1107.73	-0.00	0.00
6230	0.000	0.000	0.000	0	0	0.000	0.004	-0.010	108.65	-1107.73	0.00	-12.61
6240	0.000	0.000	0.000	0	0	0.000	0.005	-0.015	109.14	-1107.73	-0.00	0.34
6250	0.000	0.000	0.000	0	0	0.000	0.005	-0.015	109.78	-1107.73	0.00	-12.91
6260	0.000	0.000	0.000	0	0	0.000	0.005	-0.015	109.78	-1107.73	0.00	-12.91
6270	0.000	0.000	0.000	0	0	0.000	0.004	-0.015	109.97	-1107.73	0.00	0.00
6280	0.000	0.000	0.000	0	0	0.000	0.004	-0.014	109.98	-1107.73	0.00	0.00
6290	0.000	0.000	0.000	0	0	0.000	0.004	-0.012	110.00	-1107.73	0.00	-0.17
6300	0.000	0.000	0.000	0	0	0.000	0.004	-0.012	109.95	-1107.73	0.00	-12.83
6310	0.000	0.000	0.000	0	0	0.000	0.004	-0.012	109.26	-1107.73	0.00	0.00
6320	0.000	0.000	0.000	0	0	0.000	0.004	-0.012	109.94	-1107.73	0.00	-12.83
6330	0.000	0.000	0.000	0	0	0.000	0.003	-0.012	109.21	-1107.73	-0.00	0.00
6340	0.000	0.000	0.000	0	0	0.000	0.003	-0.012	109.89	-1107.73	0.00	0.00
6350	0.000	0.000	0.000	0	0	0.000	0.003	-0.012	110.09	-1107.73	0.00	-12.84
6360	0.000	0.000	0.000	0	0	0.000	0.003	-0.018	110.11	-1107.73	-0.00	0.00
6370	0.000	0.000	0.000	0	0	0.000	0.003	-0.018	109.86	-1107.73	-0.00	0.00
6380	0.000	0.000	0.000	0	0	0.000	0.003	-0.025	109.88	-1107.73	0.00	0.32
6390	0.000	0.000	0.000	0	0	0.000	0.003	-0.025	109.99	-1107.73	0.00	-12.83
6400	0.000	0.000	0.000	0	0	0.000	0.003	-0.025	109.90	-1107.73	0.00	-12.79
6410	0.000	0.000	0.000	0	0	0.000	0.003	-0.025	109.90	-1107.73	-1.04	0.00
6420	0.000	0.000	0.000	0	0	0.000	0.003	-0.034	109.94	-1107.73	0.00	0.00
6430	0.000	0.000	0.000	0	0	0.000	0.003	-0.034	109.70	-1107.73	0.00	-12.77
6440	0.000	0.000	0.000	0	0	0.000	0.004	-0.034	109.14	-1107.73	0.00	0.00
6450	0.000	0.000	0.000	0	0	0.000	0.004	-0.034	109.80	-1107.73	0.00	0.00
6460	0.000	0.000	0.000	0	0	0.000	0.006	-0.025	109.09	-1107.73	-0.00	0.47
6470	0.000	0.000	0.000	0	0	0.000	0.006	-0.025	109.09	-1107.73	0.00	0.00
6480	0.000	0.000	0.000	0	0	0.000	0.006	-0.025	109.52	-1107.73	0.00	-12.93
6490	0.000	0.000	0.000	0	0	0.000	0.006	-0.025	109.35	-1107.73	0.00	0.00
6500	0.000	0.000	0.000	0	0	0.000	0.006	-0.025	108.77	-1107.73	-0.00	0.00
6510	0.000	0.000	0.000	0	0	0.000	0.006	-0.025	109.32	-1107.73	-1.04	0.00
6520	0.000	0.000	0.000	0	0	0.000	0.006	-0.025	109.32	-1107.73	-1.04	0.00
6530	0.000	0.000	0.000	0	0	0.000	0.006	-0.025	109.32	-1107.73	0.00	-12.78
6540	0.000	0.000	0.000	0	0	0.000	0.006	-0.025	109.32	-1107.73	-0.00	0.00
6550	0.000	0.000	0.000	0	0	0.000	0.006	-0.025	108.89	-1107.73	0.00	0.00
6560	0.000	0.000	0.000	0	0	0.000	0.009	-0.025	108.57	-1107.73	0.00	-13.07
6570	0.000	0.000	0.000	0	0	0.000	0.009	0.026	108.02	-1107.73	-0.00	0.00
6580	0.000	0.000	0.000	0	0	0.000	0.009	0.026	108.91	-1107.73	-1.04	0.00
6590	0.000	0.000	0.000	0	0	0.000	0.008	0.026	108.94	-1107.73	-0.00	0.00
6600	0.000	0.000	0.000	0	0	0.000	0.008	0.026	108.93	-1107.73	0.00	-12.97
6610	0.000	0.000	0.000	0	0	0.000	0.008	0.026	109.06	-1107.73	0.00	-12.92
6620	0.000	0.000	0.000	0	0	0.000	0.011	0.026	108.52	-1107.73	0.00	-12.86
6630	0.000	0.000	0.000	0	0	0.000	0.011	0.026	108.52	-1107.73	-1.04	0.00
6640	0.000	0.000	0.000	0	0	0.000	0.011	0.026	108.55	-1107.73	0.00	0.00
6650	0.000	0.000	0.000	0	0	0.000	0.011	0.026	107.78	-1107.73	0.00	0.00
6660	0.000	0.000	0.000	0	0	0.000	0.011	0.026	107.78	-1107.73	0.00	-12.69
6670	0.000	0.000	0.000	0	0	0.000	0.011	0.026	108.41	-1107.73	0.00	-12.99
6680	0.000	0.000	0.000	0	0	0.000	0.011	0.026	108.38	-1107.73	0.00	0.00
6690	0.000	0.000	0.000	0	0	0.000	0.007	0.026	109.17	-1107.73	0.00	-0.46
6700	0.000	0.000	0.000	0	0	0.000	0.007	0.026	107.57	-1107.73	-0.00	0.00
6710	0.000	0.000	0.000	0	0	0.000	0.007	0.026	109.07	-1107.73	-0.00	0.00
6720	0.000	0.000	0.000	0	0	0.000	0.007	0.026	109.08	-1107.73	0.00	0.00
6730	0.000	0.000	0.000	0	0	0.000	0.010	0.026	106.25	-1107.73	0.00	0.00
6740	0.000	0.000	0.000	0	0	0.000	0.018	0.026	107.49	-1107.73	0.00	-13.01
6750	0.000	0.000	0.000	0	0	0.000	0.018	0.026	107.50	-1107.73	-0.00	0.00
6760	0.000	0.000	0.000	0	0	0.000	0.015	0.026	106.53	-1107.73	-0.00	0.00
6770	0.000	0.000	0.000	0	0	0.000	0.015	0.026	107.71	-1107.73	-0.00	0.00
6780	0.000	0.000	0.000	0	0	0.000	0.015	0.026	107.48	-1107.73	0.00	-13.11
6790	0.000	0.000	0.000	0	0	0.000	0.015	0.025	107.31	-1107.73	-0.00	0.00
6800	0.000	0.000	0.000	0	0	0.000	0.015	0.025	107.79	-1107.73	-0.00	0.00
6810	0.000	0.000	0.000	0	0	0.000	0.015	0.025	107.84	-1107.73	-0.00	0.00
6820	0.000	0.000	0.000	0	0	0.000	0.015	0.025	107.70	-1107.73	-0.00	0.00
6830	0.000	0.000	0.000	0	0	0.000	0.019	0.025	107.05	-1107.73	0.00	-13.12
6840	0.000	0.000	0.000	0	0	0.000	0.019	0.025	107.11	-1107.73	0.00	-13.11
6850	0.000	0.000	0.000	0	0	0.000	0.000	0.025	110.23	-1107.73	0.00	-12.85
6860	0.000	0.000	0.000	0	0	0.000	0.000	0.032	110.10	-1107.73	0.00	0.00
6870	0.000	0.000	0.000	0	0	0.000	0.000	0.032	109.82	-1107.73	-0.00	0.00
6880	0.000	0.000	0.000	0	0	0.000	0.000	0.030	109.43	-1107.73	-0.00	0.00
6890	0.000	0.000	0.000	0	0	0.000	0.000	0.030	110.12	-1107.73	0.00	-12.92
6900	0.000	0.000	0.000	0	0	0.000	0.000	0.030	110.12	-1107.73	0.00	-12.92
6910	0.000	0.000	0.000	0	0	0.000	0.000	0.030	110.12	-1107.73	0.00	0.00
6920	0.000	0.000	0.000	0	0	0.000	0.000	0.030	108.89	-1107.73	-1.04	0.00
6930	0.000	0.000	0.000	0	0	0.000	0.000	0.030	108.89	-1107.73	-0.00	0.00
6940	0.000	0.000	0.000	0	0	0.000	0.000	0.030	108.89	-1107.73	0.00	-12.62
6950	0.000	0.000	0.000	0	0	0.000	0.000	0.030	109.40	-1107.73	-0.00	0.00
6960	0.000	0.000	0.000	0	0	0.000	0.000	0.020	109.55	-1107.73	-1.04	0.00
6970	0.000	0.000	0.000	0	0	0.000	0.000	0.020	110.10	-1107.73	0.00	0.00
6980	0.000	0.000	0.000	0	0	0.000	0.000	0.020	110.06	-1107.73	-0.00	0.00
6990	0.000	0.000	0.000	0	0	0.000	0.000	0.020	110.33	-1107.73	0.00	0.00
7000	0.000	0.000	0.000	0	0	0.000	0.000	0.020	110.34	-1107.73	0.00	-12.89
7010	0.000	0.000	0.000	0	0	0.000	0.000	0.020	110.25	-1107.73	0.00	-12.82
7020	0.000	0.000	0.000	0	0	0.000	0.000	0.020	110.34	-1107.73	0.00	0.00
7030	0.000	0.000	0.000	0	0	0.000	0.000	0.020	110.05	-1107.73	0.00	-12.76
7040	0.000	0.000	0.000	0	0	0.000	0.000	0.020	109.86	-1107.73	-0.00	0.00
7050	0.000	0.000	0.000	0	0	0.000	0.000	0.020	110.13	-1107.73	0.00	0.00
7060	0.000	0.000	0.000	0	0	0.000	0.000	0.020	109.50	-1107.73	0.00	0.00
7070	0.000	0.000	0.000	0	0	0.000	0.000	0.038	109.86	-1107.73	0.00	0.00
7080	0.000	0.000	0.000	0	0	0.000	0.000	0.038	108.88	-1107.73	0.00	0.00
7090	0.000	0.000	0.000	0	0	0.000	0.000	0.038	109.22	-1107.73	-0.00	0.00
7100	0.000	0.000	0.000	0	0	0.000	0.000	0.038	109.06	-1107.73	0.00	0.00
7110	0.000	0.000	0.000	0	0	0.000	0.000	0.032	110.04	-1107.73	0.00	-12.81
7120	0.000	0.000	0.000	0	0	0.000	0.000	0.032	110.10	-1107.73	0.00	-12.85
7130	0.000	0.000	0.000	0	0	0.000	0.000	0.035	109.71	-1107.73	0.00	-13.01
7140	0.000	0.000	0.000	0	0	0.000	0.000	0.035	109.71	-1107.73	0.00	-13.01
7150	0.000	0.000	0.000	0	0	0.000	0.000	0.035	110.00	-1107.73	-0.00	0.00
7160	0.000	0.000	0.000	0	0	0.000	0.000	0.035	110.00	-1107.73	0.00	0.00
7170	0.000	0.000	0.000	0	0	0.000	0.000	0.035	109.79	-1107.73	0.00	-12.99
7180	0.000	0.000	0.000	0	0	0.000	0.000	0.035	110.04	-1107.73	-1.04	0.00
7190	0.000	0.000	0.000	0	0	0.000	0.000	0.035	108.14	-1107.73	0.00	-12.55
7200	0.000	0.000	0.000	0	0	0.000	0.000	0.035	108.61	-1107.73	-1.04	0.00
7210	0.000	0.000	0.000	0	0	0.000	0.000	0.035	107.87	-1107.73	-0.00	0.00
7220	0.000	0.000	0.000	0	0	0.000	0.000	0.035	107.87	-1107.73	0.00	-12.53
7230	0.000	0.000	0.000	0	0	0.000	0.000	0.035	110.05	-1107.73	0.00	0.00
7240	0.000	0.000	0.000	0	0	0.000	0.000	0.031	109.98	-1107.73	0.00	-12.96
7250	0.000	0.000	0.000	0	0	0.000	0.000	0.031	110.10	-1107.73	0.00	-12.84
7260	0.000	0.000	0.000	0	0	0.000	0.000	0.031	109.74	-1107.73	0.00	-12.73
7270	0.000	0.000	0.000	0	0	0.000	0.000	0.031	108.62	-1107.73	0.00	-12.59
7280	0.000	0.000	0.000	0	0	0.000	0.000	0.031	108.62	-1107.73	-0.00	0.00
7290	0.000	0.000	0.000	0	0	0.000	0.000	0.031	108.53	-1107.73	0.00	0.00
7300	0.000	0.000	0.000	0	0	0.000	0.000	0.031	108.53	-1107.73	0.00	-13.15
7310	0.000	0.000	0.000	0	0	0.000	0.000	0.031	109.72	-1107.73	-1.04	0.00
7320	0.000	0.000	0.000	0	0	0.000	0.000	0.031	109.72	-1107.73	0.00	0.00
7330	0.000	0.000	0.000	0	0	0.000	0.000	0.031	110.13	-1107.73	0.00	-12.87
7340	0.000	0.000	0.000	0	0	0.000	0.000	0.031	109.84	-1107.73	0.00	0.00
7350	0.000	0.000	0.000	0	0	0.000	0.000	0.031	109.84	-1107.73	0.00	-13.00
7360	0.000	0.000	0.000	0	0	0.000	0.000	0.031	110.06	-1107.73	-0.00	0.00
7370	0.000	0.000	0.000	0	0	0.000	0.000	0.031	109.97	-1107.73	0.00	0.00
7380	0.000	0.000	0.000	0	0	0.000	0.000	0.048	109.50	-1107.73	0.00	-12.76
7390	0.000	0.000	0.000	0	0	0.000	0.000	0.048	108.01	-1107.73	-0.00	0.00
7400	0.000	0.000	0.000	0	0	0.000	0.000	0.048	109.46	-1107.73	0.00	0.00
7410	0.000	0.000	0.000	0	0	0.000	0.000	0.048	108.91	-1107.73	0.00	0.22
7420	0.000	0.000	0.000	0	0	0.000	0.000	0.048	107.40	-1107.73	0.00	-12.51
7430	0.000	0.000	0.000	0	0	0.000	0.000	0.048	107.40	-1107.73	0.00	-12.51
7440	0.000	0.000	0.000	0	0	0.000	0.000	0.048	109.38	-1107.73	0.00	-12.74
7450	0.000	0.000	0.000	0	0	0.000	0.000	0.048	109.69	-1107.73	-0.00	0.00
7460	0.000	0.000	0.000	0	0	0.000	0.000	0.048	108.69	-1107.73	0.00	0.00
7470	0.000	0.000	0.000	0	0	0.000	0.000	0.048	109.63	-1107.73	0.00	0.00
7480	0.000	0.000	0.000	0	0	0.000	0.000	0.056	109.15	-1107.73	-0.00	0.00
7490	0.000	0.000	0.000	0	0	0.000	0.000	0.056	108.29	-1107.73	0.00	-12.61
7500	0.000	0.000	0.000	0	0	0.000	0.000	0.056	109.36	-1107.73	0.00	-12.92
7510	0.000	0.000	0.000	0	0	0.000	0.000	0.056	109.31	-1107.73	-1.04	0.00
7520	0.000	0.000	0.000	0	0	0.000	0.000	0.056	107.63	-1107.73	-0.00	0.00
7530	0.000	0.000	0.000	0	0	0.000	0.000	0.056	106.68	-1107.73	0.00	0.00
7540	0.000	0.000	0.000	0	0	0.000	0.000	0.056	106.68	-1107.73	0.00	-12.46
7550	0.000	0.000	0.000	0	0	0.000	0.000	0.056	107.59	-1107.73	0.00	-13.15
7560	0.000	0.000	0.000	0	0	0.000	0.000	0.056	109.38	-1107.73	-0.00	0.00
7570	0.000	0.000	0.000	0	0	0.000	0.000	0.056	109.16	-1107.73	-0.00	0.00
7580	0.000	0.000	0.000	0	0	0.000	0.000	0.056	109.16	-1107.73	0.00	-12.74
7590	0.000	0.000	0.000	0	1	4.244	0.000	0.050	107.86	-1108.77	-0.00	0.00
7600	0.000	0.000	0.000	0	0	0.000	0.000	0.050	109.54	-1107.73	0.00	0.00
7610	0.000	0.000	0.000	0	0	0.000	0.000	0.050	109.54	-1107.73	0.00	-12.94
7620	0.000	0.000	0.000	0	1	4.452	0.000	0.050	111.41	-1108.77	-1.04	0.00
7630	0.000	0.000	0.000	0	0	0.000	0.000	0.050	109.47	-1107.73	-0.00	0.00
7640	0.000	0.000	0.000	0	0	0.000	0.000	0.054	109.34	-1107.73	-0.00	0.00
7650	0.000	0.000	0.000	0	0	0.000	0.000	0.054	108.38	-1107.73	0.00	-12.62
7660	0.000	0.000	0.000	0	0	0.000	0.000	0.054	108.50	-1107.73	0.00	0.00
7670	0.000	0.000	0.000	0	0	0.000	0.000	0.054	109.38	-1107.73	0.00	-12.94
7680	0.000	0.000	0.000	0	0	0.000	0.000	0.050	109.52	-1107.73	0.00	0.00
7690	0.000	0.000	0.000	0	0	0.000	0.000	0.050	108.85	-1107.73	-1.04	0.00
7700	0.000	0.000	0.000	0	0	0.000	0.000	0.041	108.69	-1107.73	0.00	0.00
7710	0.000	0.000	0.000	0	0	0.000	0.000	0.041	109.83	-1107.73	0.00	0.00
7720	0.000	0.000	0.000	0	0	0.000	0.000	0.041	109.83	-1107.73	-1.04	0.00
7730	0.000	0.000	0.000	0	0	0.000	0.000	0.041	109.80	-1107.73	-0.00	0.00
7740	0.000	0.000	0.000	0	0	0.000	0.000	0.060	109.00	-1107.73	0.00	0.38
7750	0.000	0.000	0.000	0	0	0.000	0.000	0.060	109.28	-1107.73	-0.00	0.00
7760	0.000	0.000	0.000	0	0	0.000	0.000	0.060	108.86	-1107.73	0.00	-13.00
7770	0.000	0.000	0.000	0	0	0.000	0.000	0.060	108.40	-1107.73	-1.04	0.00
7780	0.000	0.000	0.000	0	0	0.000	0.000	0.039	107.19	-1107.73	0.00	0.00
7790	0.000	0.000	0.000	0	0	0.000	0.000	0.039	109.74	-1107.73	0.00	-12.77
7800	0.000	0.000	0.000	0	0	0.000	0.000	0.039	109.47	-1107.73	0.00	0.00
7810	0.000	0.000	0.000	0	0	0.000	0.000	0.039	109.92	-1107.73	-0.00	0.00
7820	0.000	0.000	0.000	0	0	0.000	0.000	0.025	110.26	-1107.73	-1.04	0.00
7830	0.000	0.000	0.000	0	0	0.000	0.000	0.025	110.10	-1107.73	0.00	0.00
7840	0.000	0.000	0.000	0	0	0.000	0.000	0.025	110.10	-1107.73	-0.00	0.00
7850	0.000	0.000	0.000	0	0	0.000	0.000	0.025	110.22	-1107.73	0.00	0.00
7860	0.000	0.000	0.000	0	0	0.000	0.000	0.025	108.52	-1107.73	-1.04	0.00
7870	0.000	0.000	0.000	0	0	0.000	0.000	0.025	109.80	-1107.73	0.00	0.00
7880	0.000	0.000	0.000	0	0	0.000	0.000	0.025	109.14	-1107.73	0.00	0.00
7890	0.000	0.000	0.000	0	0	0.000	0.000	0.025	110.17	-1107.73	0.00	-12.81
7900	0.000	0.000	0.000	0	0	0.000	0.000	0.025	110.03	-1107.73	0.00	0.00
7910	0.000	0.000	0.000	0	0	0.000	0.000	0.025	110.03	-1107.73	0.00	0.00
7920	0.000	0.000	0.000	0	0	0.000	0.000	0.025	109.44	-1107.73	0.00	0.00
7930	0.000	0.000	0.000	0	0	0.000	0.000	0.035	109.77	-1107.73	-0.00	0.00
7940	0.000	0.000	0.000	0	0	0.000	0.000	0.035	109.95	-1107.73	-0.00	0.00
7950	0.000	0.000	0.000	0	0	0.000	0.000	0.035	109.76	-1107.73	0.00	0.00
7960	0.000	0.000	0.000	0	0	0.000	0.000	0.035	110.05	-1107.73	-0.00	0.00
7970	0.000	0.000	0.000	0	0	0.000	0.000	0.035	110.05	-1107.73	0.00	0.00
7980	0.000	0.000	0.000	0	0	0.000	0.000	0.035	109.49	-1107.73	0.00	0.00
7990	0.000	0.000	0.000	0	0	0.000	0.000	0.033	108.44	-1107.73	0.00	-12.57
8000	0.000	0.000	0.000	0	0	0.000	0.000	0.033	109.32	-1107.73	0.00	0.00
8010	0.000	0.000	0.000	0	0	0.000	0.000	0.033	108.55	-1107.73	0.00	0.00
8020	0.000	0.000	0.000	0	0	0.000	0.000	0.033	110.09	-1107.73	0.00	0.00
8030	0.000	0.000	0.000	0	0	0.000	0.000	0.033	109.89	-1107.73	0.00	0.00
8040	0.000	0.000	0.000	0	0	0.000	0.000	0.033	109.19	-1107.73	-0.00	0.00
8050	0.000	0.000	0.000	0	0	0.000	0.000	0.033	109.08	-1107.73	0.00	-13.09
8060	0.000	0.000	0.000	0	0	0.000	0.000	0.033	109.74	-1107.73	0.00	-13.01
8070	0.000	0.000	0.000	0	0	0.000	0.000	0.033	109.83	-1107.73	0.00	-12.99
8080	0.000	0.000	0.000	0	0	0.000	0.000	0.033	109.31	-1107.73	0.00	0.00
8090	0.000	0.000	0.000	0	0	0.000	0.000	0.033	109.99	-1107.73	0.00	0.00
8100	0.000	0.000	0.000	0	0	0.000	0.000	0.034	110.05	-1107.73	0.00	-12.86
8110	0.000	0.000	0.000	0	0	0.000	0.000	0.034	110.05	-1107.73	0.00	0.00
8120	0.000	0.000	0.000	0	0	0.000	0.000	0.034	107.95	-1107.73	-1.04	0.00
8130	0.000	0.000	0.000	0	0	0.000	0.000	0.034	110.06	-1107.73	-0.00	0.00
8140	0.000	0.000	0.000	0	0	0.000	0.000	0.034	109.63	-1107.73	0.00	0.00
8150	0.000	0.000	0.000	0	0	0.000	0.000	0.034	109.50	-1107.73	-1.04	0.00
8160	0.000	0.000	0.000	0	0	0.000	0.000	0.034	109.99	-1107.73	0.00	-12.82
8170	0.000	0.000	0.000	0	0	0.000	0.000	0.034	109.92	-1107.73	-1.04	0.00
8180	0.000	0.000	0.000	0	0	0.000	0.000	0.034	109.96	-1107.73	0.00	-12.94
8190	0.000	0.000	0.000	0	0	0.000	0.000	0.034	109.96	-1107.73	-1.04	0.00
8200	0.000	0.000	0.000	0	0	0.000	0.000	0.034	109.93	-1107.73	0.00	-12.96
8210	0.000	0.000	0.000	0	1	4.452	0.000	0.034	108.31	-1108.77	-1.04	0.00
8220	0.000	0.000	0.000	0	0	0.000	0.000	0.034	109.76	-1107.73	-0.00	0.00
8230	0.000	0.000	0.000	0	0	0.000	0.000	0.034	109.76	-1107.73	-0.00	0.00
8240	0.000	0.000	0.000	0	0	0.000	0.000	0.034	109.06	-1107.73	-1.04	0.00
8250	0.000	0.000	0.000	0	0	0.000	0.000	0.034	109.12	-1107.73	-0.00	0.00
8260	0.000	0.000	0.000	0	0	0.000	0.000	0.034	109.89	-1107.73	0.00	-12.78
8270	0.000	0.000	0.000	0	0	0.000	0.000	0.034	106.60	-1107.73	-1.04	0.00
8280	0.000	0.000	0.000	0	0	0.000	0.000	0.034	108.69	-1107.73	0.00	-12.60
8290	0.000	0.000	0.000	0	0	0.000	0.000	0.034	108.58	-1107.73	-0.00	0.00
8300	0.000	0.000	0.000	0	0	0.000	0.000	0.034	110.04	-1107.73	-1.04	0.00
8310	0.000	0.000	0.000	0	0	0.000	0.000	0.034	109.91	-1107.73	0.00	0.00
8320	0.000	0.000	0.000	0	0	0.000	0.000	0.034	109.78	-1107.73	0.00	-12.99
8330	0.000	0.000	0.000	0	0	0.000	0.000	0.034	109.26	-1107.73	0.00	0.00
8340	0.000	0.000	0.000	0	0	0.000	0.000	0.055	107.99	-1107.73	-1.04	0.00
8350	0.000	0.000	0.000	0	0	0.000	0.000	0.055	107.99	-1107.73	0.00	-13.12
8360	0.000	0.000	0.000	0	0	0.000	0.000	0.055	107.99	-1107.73	0.00	-13.12
8370	0.000	0.000	0.000	0	0	0.000	0.000	0.055	107.99	-1107.73	0.00	0.00
8380	0.000	0.000	0.000	0	0	0.000	0.000	0.055	109.46	-1107.73	0.00	0.00
8390	0.000	0.000	0.000	0	0	0.000	0.000	0.055	108.78	-1107.73	-0.00	0.00
8400	0.000	0.000	0.000	0	0	0.000	0.000	0.055	108.35	-1107.73	0.00	-12.62
8410	0.000	0.000	0.000	0	0	0.000	0.000	0.055	108.87	-1107.73	-0.00	0.00
8420	0.000	0.000	0.000	0	0	0.000	0.000	0.055	108.42	-1107.73	-0.00	0.00
8430	0.000	0.000	0.000	0	0	0.000	0.000	0.055	108.22	-1107.73	0.00	0.00
8440	0.000	0.000	0.000	0	0	0.000	0.000	0.055	109.21	-1107.73	0.00	0.00
8450	0.000	0.000	0.000	0	0	0.000	0.000	0.055	108.71	-1107.73	-0.00	0.00
8460	0.000	0.000	0.000	0	0	0.000	0.000	0.078	107.96	-1107.73	-1.04	0.00
8470	0.000	0.000	0.000	0	0	0.000	0.000	0.078	105.66	-1107.73	0.00	0.00
8480	0.000	0.000	0.000	0	1	4.419	0.000	0.078	103.03	-1108.77	0.00	-0.43
8490	0.000	0.000	0.000	0	1	3.050	0.000	0.078	103.17	-1108.77	-0.70	0.00
8500	0.000	0.000	0.000	0	1	3.297	0.000	0.078	102.95	-1108.77	-0.00	0.00
8510	0.000	0.000	0.000	0	0	0.000	0.000	0.078	107.85	-1107.73	1.04	0.00
8520	0.000	0.000	0.000	0	0	0.000	0.000	0.078	108.54	-1107.73	0.00	0.00
8530	0.000	0.000	0.000	0	0	0.000	0.000	0.078	108.05	-1107.73	-1.04	0.00
8540	0.000	0.000	0.000	0	0	0.000	0.000	0.078	107.92	-1107.73	-1.04	0.00
8550	0.000	0.000	0.000	0	0	0.000	0.000	0.078	107.92	-1107.73	-1.04	0.00
8560	0.000	0.000	0.000	0	0	0.000	0.000	0.078	107.92	-1107.73	0.00	-13.01
8570	0.000	0.000	0.000	0	0	0.000	0.000	0.078	107.74	-1107.73	0.00	-12.63
8580	0.000	0.000	0.000	0	0	0.000	0.000	0.078	108.55	-1107.73	0.00	-12.84
8590	0.000	0.000	0.000	0	0	0.000	0.000	0.056	108.58	-1107.73	0.00	-0.34
8600	0.000	0.000	0.000	0	0	0.000	0.000	0.056	108.58	-1107.73	0.00	0.00
8610	0.000	0.000	0.000	0	0	0.000	0.000	0.056	109.00	-1107.73	0.00	0.00
8620	0.000	0.000	0.000	0	0	0.000	0.000	0.056	107.80	-1107.73	0.00	0.00
8630	0.000	0.000	0.000	0	0	0.000	0.000	0.056	109.04	-1107.73	-1.04	0.00
8640	0.000	0.000	0.000	0	0	0.000	0.000	0.056	109.04	-1107.73	0.00	-13.00
8650	0.000	0.000	0.000	0	0	0.000	0.000	0.004	110.27	-1107.73	-0.00	0.00
8660	0.000	0.000	0.000	0	0	0.000	0.000	0.004	110.43	-1107.73	0.00	-12.95
8670	0.000	0.000	0.000	0	0	0.000	0.000	0.004	110.46	-1107.73	0.00	0.00
8680	0.000	0.000	0.000	0	0	0.000	0.000	0.004	110.43	-1107.73	0.00	-12.82
8690	0.000	0.000	0.000	0	0	0.000	0.000	0.004	110.43	-1107.73	0.00	-12.82
8700	0.000	0.000	0.000	0	0	0.000	0.000	0.004	110.43	-1107.73	-1.04	0.00
8710	0.000	0.000	0.000	0	0	0.000	0.000	0.004	110.43	-1107.73	0.00	-0.23
8720	0.000	0.000	0.000	0	0	0.000	0.000	0.004	110.02	-1107.73	-0.00	0.00
8730	0.000	0.000	0.000	0	0	0.000	0.000	0.004	107.93	-1107.73	-1.04	0.00
8740	0.000	0.000	0.000	0	0	0.000	0.000	0.004	109.66	-1107.73	-0.00	0.00
8750	0.000	0.000	0.000	0	0	0.000	0.000	0.004	110.01	-1107.73	0.00	-12.72
8760	0.000	0.000	0.000	0	0	0.000	0.000	0.004	110.49	-1107.73	0.00	0.00
8770	0.000	0.000	0.000	0	0	0.000	0.000	0.004	110.49	-1107.73	0.00	-12.92
8780	0.000	0.000	0.000	0	0	0.000	0.000	0.004	110.49	-1107.73	0.00	-12.92
8790	0.000	0.000	0.000	0	0	0.000	0.000	-0.005	110.52	-1107.73	0.00	-12.92
8800	0.000	0.000	0.000	0	0	0.000	0.000	-0.005	110.47	-1107.73	0.00	-12.82
8810	0.000	0.000	0.000	0	0	0.000	0.012	-0.005	107.57	-1107.73	-0.00	0.49
8820	0.000	0.000	0.000	0	0	0.000	0.012	-0.006	108.15	-1107.73	0.00	0.00
8830	0.000	0.000	0.000	0	0	0.000	0.012	-0.006	108.15	-1107.73	-0.00	0.00
8840	0.000	0.000	0.000	0	0	0.000	0.012	-0.006	108.63	-1107.73	0.00	0.00
8850	0.000	0.000	0.000	0	0	0.000	0.012	-0.006	108.09	-1107.73	-0.00	0.00
8860	0.000	0.000	0.000	0	0	0.000	0.012	-0.006	108.09	-1107.73	0.00	0.00
8870	0.000	0.000	0.000	0	0	0.000	0.012	-0.006	107.86	-1107.73	0.00	0.00
8880	0.000	0.000	0.000	0	0	0.000	0.012	-0.006	107.86	-1107.73	-0.00	0.00
8890	0.000	0.000	0.000	0	0	0.000	0.012	-0.006	108.75	-1107.73	-1.04	0.00
8900	0.000	0.000	0.000	0	0	0.000	0.012	-0.006	108.58	-1107.73	-0.00	0.00
8910	0.000	0.000	0.000	0	0	0.000	0.012	-0.006	108.00	-1107.73	-0.00	0.00
8920	0.000	0.000	0.000	0	0	0.000	0.011	-0.005	108.93	-1107.73	0.00	0.00
8930	0.000	0.000	0.000	0	0	0.000	0.011	-0.005	108.95	-1107.73	0.00	0.00
8940	0.000	0.000	0.000	0	0	0.000	0.011	-0.005	108.95	-1107.73	-0.00	0.00
8950	0.000	0.000	0.000	0	0	0.000	0.011	-0.005	108.87	-1107.73	-1.04	0.00
8960	0.000	0.000	0.000	0	0	0.000	0.011	-0.005	108.87	-1107.73	0.00	-12.82
8970	0.000	0.000	0.000	0	0	0.000	0.011	-0.005	108.91	-1107.73	0.00	-12.84
8980	0.000	0.000	0.000	0	0	0.000	0.011	-0.005	108.92	-1107.73	-0.00	0.00
8990	0.000	0.000	0.000	0	0	0.000	0.011	-0.004	108.99	-1107.73	-1.04	0.00
9000	0.000	0.000	0.000	0	0	0.000	0.011	-0.004	107.44	-1107.73	0.00	-13.19
9010	0.000	0.000	0.000	0	0	0.000	0.011	-0.004	107.44	-1107.73	0.00	-13.19
9020	0.000	0.000	0.000	0	0	0.000	0.011	-0.004	107.30	-1107.73	0.00	0.00
9030	0.000	0.000	0.000	0	0	0.000	0.011	-0.004	108.99	-1107.73	0.00	0.00
9040	0.000	0.000	0.000	0	0	0.000	0.011	-0.004	108.95	-1107.73	0.00	0.00
9050	0.000	0.000	0.000	0	0	0.000	0.007	-0.004	109.53	-1107.73	-0.00	0.00
9060	0.000	0.000	0.000	0	0	0.000	0.007	-0.004	109.53	-1107.73	0.00	-12.93
9070	0.000	0.000	0.000	0	0	0.000	0.007	-0.004	109.09	-1107.73	0.00	-12.73
9080	0.000	0.000	0.000	0	0	0.000	0.007	-0.004	109.09	-1107.73	0.00	0.00
9090	0.000	0.000	0.000	0	0	0.000	0.005	-0.004	109.13	-1107.73	0.00	0.00
9100	0.000	0.000	0.000	0	0	0.000	0.005	-0.004	109.76	-1107.73	0.00	-12.81
9110	0.000	0.000	0.000	0	0	0.000	0.005	-0.004	109.16	-1107.73	-1.04	0.00
9120	0.000	0.000	0.000	0	0	0.000	0.004	-0.003	109.27	-1107.73	-1.04	0.00
9130	0.000	0.000	0.000	0	0	0.000	0.004	-0.003	109.42	-1107.73	0.00	0.00
9140	0.000	0.000	0.000	0	0	0.000	0.004	-0.003	108.48	-1107.73	-0.00	0.00
9150	0.000	0.000	0.000	0	0	0.000	0.004	-0.003	108.48	-1107.73	0.00	-12.60
9160	0.000	0.000	0.000	0	0	0.000	0.004	-0.003	108.48	-1107.73	0.00	0.00
9170	0.000	0.000	0.000	0	0	0.000	0.005	-0.003	109.06	-1107.73	-0.00	0.11
9180	0.000	0.000	0.000	0	0	0.000	0.005	-0.003	109.85	-1107.73	-0.00	0.00
9190	0.000	0.000	0.000	0	0	0.000	0.005	-0.003	109.36	-1107.73	-1.04	0.00
9200	0.000	0.000	0.000	0	0	0.000	0.005	-0.003	109.36	-1107.73	0.00	0.00
9210	0.000	0.000	0.000	0	0	0.000	0.016	-0.003	108.02	-1107.73	0.00	0.00
9220	0.000	0.000	0.000	0	0	0.000	0.016	-0.003	108.02	-1107.73	0.00	-13.05
9230	0.000	0.000	0.000	0	0	0.000	0.016	-0.003	108.18	-1107.73	0.00	-12.93
9240	0.000	0.000	0.000	0	0	0.000	0.016	-0.024	108.10	-1107.73	0.00	-12.93
9250	0.000	0.000	0.000	0	0	0.000	0.017	-0.024	107.95	-1107.73	-0.00	0.00
9260	0.000	0.000	0.000	0	0	0.000	0.017	-0.024	105.72	-1107.73	0.00	-13.31
9270	0.000	0.000	0.000	0	0	0.000	0.017	-0.024	107.96	-1107.73	-1.04	0.00
9280	0.000	0.000	0.000	0	0	0.000	0.017	-0.024	107.96	-1107.73	0.00	-12.97
9290	0.000	0.000	0.000	0	0	0.000	0.017	-0.024	107.74	-1107.73	-1.04	0.00
9300	0.000	0.000	0.000	0	0	0.000	0.017	-0.024	107.93	-1107.73	0.00	0.00
9310	0.000	0.000	0.000	0	0	0.000	0.017	-0.024	107.79	-1107.73	-1.04	0.00
9320	0.000	0.000	0.000	0	0	0.000	0.017	-0.024	107.79	-1107.73	-0.00	0.00
9330	0.000	0.000	0.000	0	0	0.000	0.017	-0.024	107.40	-1107.73	0.00	-12.76
9340	0.000	0.000	0.000	0	0	0.000	0.011	-0.024	108.52	-1107.73	-0.00	0.00
9350	0.000	0.000	0.000	0	0	0.000	0.011	-0.024	107.24	-1107.73	0.00	0.00
9360	0.000	0.000	0.000	0	0	0.000	0.011	-0.016	108.68	-1107.73	0.00	-0.44
9370	0.000	0.000	0.000	0	0	0.000	0.011	-0.016	108.68	-1107.73	0.00	-12.79
9380	0.000	0.000	0.000	0	0	0.000	0.011	-0.016	107.88	-1107.73	0.00	0.00
9390	0.000	0.000	0.000	0	0	0.000	0.011	-0.019	108.90	-1107.73	-1.04	0.00
9400	0.000	0.000	0.000	0	0	0.000	0.011	-0.019	108.91	-1107.73	-0.00	0.00
9410	0.000	0.000	0.000	0	0	0.000	0.011	-0.019	108.41	-1107.73	0.00	-12.74
9420	0.000	0.000	0.000	0	0	0.000	0.011	-0.019	108.44	-1107.73	-0.00	0.00
9430	0.000	0.000	0.000	0	0	0.000	0.011	-0.019	107.01	-1107.73	0.00	-12.57
9440	0.000	0.000	0.000	0	0	0.000	0.011	-0.019	106.57	-1107.73	-1.04	0.00
9450	0.000	0.000	0.000	0	0	0.000	0.011	-0.019	108.86	-1107.73	0.00	0.00
9460	0.000	0.000	0.000	0	0	0.000	0.011	-0.019	107.30	-1107.73	0.00	0.00
9470	0.000	0.000	0.000	0	0	0.000	0.011	-0.019	107.30	-1107.73	0.00	0.00
9480	0.000	0.000	0.000	0	0	0.000	0.016	-0.019	107.90	-1107.73	0.00	0.00
9490	0.000	0.000	0.000	0	0	0.000	0.016	-0.019	107.24	-1107.73	-1.04	0.00
9500	0.000	0.000	0.000	0	0	0.000	0.016	-0.019	106.30	-1107.73	0.00	0.00
9510	0.000	0.000	0.000	0	0	0.000	0.016	-0.027	107.45	-1107.73	0.00	0.00
9520	0.000	0.000	0.000	0	0	0.000	0.016	-0.027	107.70	-1107.73	0.00	-12.78
9530	0.000	0.000	0.000	0	0	0.000	0.016	-0.027	107.15	-1107.73	0.00	0.00
9540	0.000	0.000	0.000	0	0	0.000	0.016	-0.027	107.15	-1107.73	-1.04	0.00
9550	0.000	0.000	0.000	0	0	0.000	0.016	-0.027	108.06	-1107.73	-0.00	0.00
9560	0.000	0.000	0.000	0	0	0.000	0.016	-0.027	108.06	-1107.73	-0.00	0.00
9570	0.000	0.000	0.000	0	0	0.000	0.016	-0.027	107.69	-1107.73	-0.00	0.00
9580	0.000	0.000	0.000	0	0	0.000	0.016	-0.021	108.13	-1107.73	-0.00	0.00
9590	0.000	0.000	0.000	0	0	0.000	0.012	-0.021	108.59	-1107.73	0.00	0.00
9600	0.000	0.000	0.000	0	0	0.000	0.012	-0.021	108.01	-1107.73	-0.00	0.00
9610	0.000	0.000	0.000	0	0	0.000	0.012	-0.021	108.50	-1107.73	0.00	-13.02
9620	0.000	0.000	0.000	0	0	0.000	0.012	-0.021	108.37	-1107.73	-1.04	0.00
9630	0.000	0.000	0.000	0	0	0.000	0.012	-0.021	108.37	-1107.73	0.00	0.00
9640	0.000	0.000	0.000	0	0	0.000	0.015	-0.018	107.90	-1107.73	0.00	0.00
9650	0.000	0.000	0.000	0	0	0.000	0.015	-0.018	108.15	-1107.73	0.00	0.00
9660	0.000	0.000	0.000	0	0	0.000	0.015	-0.018	108.18	-1107.73	0.00	-12.85
9670	0.000	0.000	0.000	0	0	0.000	0.015	-0.018	108.22	-1107.73	-0.00	0.00
9680	0.000	0.000	0.000	0	0	0.000	0.015	-0.018	108.28	-1107.73	0.00	-12.99
9690	0.000	0.000	0.000	0	0	0.000	0.015	-0.018	108.12	-1107.73	0.00	-12.83
9700	0.000	0.000	0.000	0	0	0.000	0.010	-0.018	108.63	-1107.73	-1.04	0.00
9710	0.000	0.000	0.000	0	0	0.000	0.010	-0.018	109.07	-1107.73	-1.04	0.00
9720	0.000	0.000	0.000	0	0	0.000	0.010	-0.018	107.83	-1107.73	0.00	-12.64
9730	0.000	0.000	0.000	0	0	0.000	0.007	-0.018	109.58	-1107.73	-0.00	0.00
9740	0.000	0.000	0.000	0	0	0.000	0.009	-0.018	109.24	-1107.73	0.00	-12.86
9750	0.000	0.000	0.000	0	0	0.000	0.009	-0.018	109.24	-1107.73	-0.00	0.00
9760	0.000	0.000	0.000	0	0	0.000	0.009	-0.018	108.71	-1107.73	0.00	0.00
9770	0.000	0.000	0.000	0	0	0.000	0.006	-0.018	108.63	-1107.73	-0.00	0.00
9780	0.000	0.000	0.000	0	0	0.000	0.006	-0.018	108.68	-1107.73	0.00	0.00
9790	0.000	0.000	0.000	0	0	0.000	0.006	-0.018	109.65	-1107.73	-0.00	0.00
9800	0.000	0.000	0.000	0	0	0.000	0.006	-0.018	109.65	-1107.73	0.00	-12.87
9810	0.000	0.000	0.000	0	0	0.000	0.004	-0.018	108.48	-1107.73	0.00	-12.59
9820	0.000	0.000	0.000	0	0	0.000	0.004	-0.020	109.92	-1107.73	-1.04	0.00
9830	0.000	0.000	0.000	0	0	0.000	0.004	-0.020	109.24	-1107.73	0.00	0.00
9840	0.000	0.000	0.000	0	0	0.000	0.007	-0.020	108.92	-1107.73	-0.00	0.00
9850	0.000	0.000	0.000	0	0	0.000	0.007	-0.020	108.84	-1107.73	-0.00	0.00
9860	0.000	0.000	0.000	0	0	0.000	0.005	-0.020	109.37	-1107.73	-1.04	0.00
9870	0.000	0.000	0.000	0	0	0.000	0.005	-0.031	109.65	-1107.73	-1.04	0.00
9880	0.000	0.000	0.000	0	0	0.000	0.005	-0.024	109.67	-1107.73	0.00	0.00
9890	0.000	0.000	0.000	0	0	0.000	0.005	-0.024	109.11	-1107.73	-1.04	0.00
9900	0.000	0.000	0.000	0	0	0.000	0.005	-0.024	109.13	-1107.73	0.00	-13.06
9910	0.000	0.000	0.000	0	0	0.000	0.005	-0.024	106.76	-1107.73	-1.04	0.00
9920	0.000	0.000	0.000	0	0	0.000	0.005	-0.024	109.10	-1107.73	0.00	0.00
9930	0.000	0.000	0.000	0	1	3.195	0.005	-0.024	110.61	-1108.77	0.00	0.00
9940	0.000	0.000	0.000	0	0	0.000	0.005	-0.024	108.97	-1107.73	-1.04	0.00
9950	0.000	0.000	0.000	0	0	0.000	0.004	-0.024	109.89	-1107.73	0.00	-12.79
9960	0.000	0.000	0.000	0	0	0.000	0.004	-0.016	109.65	-1107.73	0.00	-12.73
9970	0.000	0.000	0.000	0	0	0.000	0.005	-0.016	109.30	-1107.73	0.00	-12.71
9980	0.000	0.000	0.000	0	0	0.000	0.005	-0.016	109.52	-1107.73	-1.04	0.00
9990	0.000	0.000	0.000	0	0	0.000	0.006	-0.016	109.26	-1107.73	-0.00	0.00
10000	0.000	0.000	0.000	0	0	0.000	0.006	-0.016	109.60	-1107.73	-0.00	0.00
