state	min	max	median	shifts	jumps	jumpvar	SE	root	lnL	lnLp	qlnL.p	qlnL.h
10	1.668	1.668	1.668	0	0	0.000	0.792	0.470	-40.71	-334.13	0.00	0.00
20	1.701	1.701	1.701	0	0	0.000	0.497	0.655	-38.64	-334.14	-0.04	0.00
30	1.301	1.301	1.301	0	0	0.000	0.166	0.648	-35.78	-334.12	-0.00	0.00
40	0.889	0.889	0.889	0	0	0.000	0.166	0.648	-36.70	-334.10	0.02	0.00
50	0.964	0.964	0.964	0	0	0.000	0.181	0.762	-36.55	-334.10	0.00	0.00
60	1.536	1.536	1.536	0	0	0.000	0.113	0.762	-35.67	-334.13	0.00	0.00
70	2.022	2.022	2.022	0	0	0.000	0.113	0.762	-36.52	-334.15	-0.00	0.00
80	0.858	0.858	0.858	0	0	0.000	0.113	0.668	-36.55	-334.10	0.00	0.00
90	1.676	1.676	1.676	0	0	0.000	0.113	0.513	-35.74	-334.13	0.00	0.00
100	1.286	1.286	1.286	0	0	0.000	0.149	0.513	-35.58	-334.12	-0.01	0.00
110	1.857	1.857	1.857	0	0	0.000	0.120	0.513	-36.11	-334.14	-0.03	0.00
120	0.992	0.992	0.992	0	0	0.000	0.120	0.513	-35.81	-334.10	-0.00	0.00
130	1.350	1.350	1.350	0	0	0.000	0.120	0.513	-35.41	-334.12	-0.00	0.00
140	1.103	1.103	1.103	0	0	0.000	0.182	0.513	-35.96	-334.11	-0.01	0.00
150	1.987	1.987	1.987	0	0	0.000	0.102	0.508	-36.29	-334.15	-0.03	0.00
160	2.222	2.222	2.222	0	0	0.000	0.102	0.774	-36.91	-334.16	-0.02	0.00
170	0.935	0.935	0.935	0	0	0.000	0.134	0.677	-36.27	-334.10	0.00	-0.13
180	1.352	1.352	1.352	0	0	0.000	0.147	0.677	-35.68	-334.12	0.02	0.00
190	1.018	1.018	1.018	0	0	0.000	0.147	0.674	-36.03	-334.10	0.03	0.00
200	0.949	0.949	0.949	0	0	0.000	0.199	0.180	-36.34	-334.10	0.00	-0.37
210	1.594	1.594	1.594	0	0	0.000	0.206	0.149	-36.09	-334.13	0.02	0.00
220	0.638	0.638	0.638	0	0	0.000	0.206	0.145	-39.12	-334.09	0.03	0.00
230	0.779	0.779	0.779	0	0	0.000	0.206	0.145	-37.42	-334.09	0.01	0.00
240	1.335	1.335	1.335	0	0	0.000	0.204	0.129	-35.83	-334.12	0.00	-0.11
250	2.021	2.021	2.021	0	0	0.000	0.204	0.129	-36.83	-334.15	-0.03	0.00
260	1.073	1.073	1.073	0	0	0.000	0.087	0.129	-35.22	-334.11	0.02	0.00
270	1.038	1.038	1.038	0	0	0.000	0.087	0.150	-35.30	-334.10	0.02	0.00
280	1.394	1.394	1.394	0	0	0.000	0.095	0.150	-35.17	-334.12	0.01	0.00
290	1.119	1.119	1.119	0	0	0.000	0.167	0.150	-35.65	-334.11	-0.00	0.00
300	0.773	0.773	0.773	0	0	0.000	0.008	0.150	-36.46	-334.09	-0.00	0.00
310	1.175	1.175	1.175	0	0	0.000	0.008	0.129	-34.86	-334.11	0.01	0.00
320	2.592	2.592	2.592	0	0	0.000	0.008	0.358	-37.43	-334.18	-0.03	0.00
330	1.207	1.207	1.207	0	0	0.000	0.008	0.237	-34.88	-334.11	0.00	-0.41
340	1.678	1.678	1.678	0	0	0.000	0.357	0.146	-37.34	-334.13	-0.04	0.00
350	0.904	0.904	0.904	0	0	0.000	0.485	0.146	-38.45	-334.10	0.01	0.00
360	1.032	1.032	1.032	0	0	0.000	0.485	0.146	-38.15	-334.10	0.03	0.00
370	1.600	1.600	1.600	0	0	0.000	0.538	0.146	-38.64	-334.13	-0.02	0.00
380	0.607	0.607	0.607	0	0	0.000	0.538	-0.219	-40.44	-334.09	0.02	0.00
390	0.852	0.852	0.852	0	0	0.000	0.708	-0.219	-39.80	-334.10	0.04	0.00
400	1.023	1.023	1.023	0	0	0.000	0.708	-0.639	-39.71	-334.10	0.01	0.00
410	1.375	1.375	1.375	0	0	0.000	0.365	-0.146	-37.07	-334.12	-0.02	0.00
420	1.048	1.048	1.048	0	0	0.000	0.379	-0.238	-37.35	-334.11	0.00	0.00
430	0.757	0.757	0.757	0	0	0.000	0.379	-0.238	-38.58	-334.09	-0.00	0.00
440	1.337	1.337	1.337	0	0	0.000	0.259	-0.238	-36.23	-334.12	0.03	0.00
450	1.816	1.816	1.816	0	0	0.000	0.229	-0.238	-36.58	-334.14	0.00	-0.37
460	1.794	1.794	1.794	0	0	0.000	0.078	-0.052	-35.68	-334.14	-0.01	0.00
470	2.220	2.220	2.220	0	0	0.000	0.068	-0.105	-36.59	-334.16	-0.02	0.00
480	1.356	1.356	1.356	0	0	0.000	0.104	-0.600	-35.24	-334.12	-0.01	0.00
490	1.515	1.515	1.515	0	0	0.000	0.128	-0.600	-35.52	-334.13	-0.02	0.00
500	1.153	1.153	1.153	0	0	0.000	0.367	-0.600	-37.22	-334.11	-0.01	0.00
510	1.730	1.730	1.730	0	0	0.000	0.117	-0.832	-35.88	-334.14	0.00	0.00
520	1.121	1.121	1.121	0	0	0.000	0.161	-0.832	-35.81	-334.11	-0.00	0.00
530	1.468	1.468	1.468	0	0	0.000	0.161	-0.832	-35.77	-334.12	-0.02	0.00
540	1.352	1.352	1.352	0	0	0.000	0.146	-0.996	-35.70	-334.12	-0.00	0.00
550	3.334	3.334	3.334	0	0	0.000	0.146	-0.996	-39.55	-334.21	-0.03	0.00
560	0.864	0.864	0.864	0	0	0.000	0.159	-0.996	-36.89	-334.10	0.01	0.00
570	1.642	1.642	1.642	0	0	0.000	0.016	-0.996	-35.49	-334.13	-0.01	0.00
580	1.322	1.322	1.322	0	0	0.000	0.345	-1.100	-37.28	-334.12	-0.01	0.00
590	1.400	1.400	1.400	0	0	0.000	0.345	-1.100	-37.29	-334.12	-0.02	0.00
600	0.984	0.984	0.984	0	0	0.000	0.141	-1.100	-36.26	-334.10	0.02	0.00
610	1.103	1.103	1.103	0	0	0.000	0.141	-1.079	-35.90	-334.11	0.02	0.00
620	1.798	1.798	1.798	0	0	0.000	0.207	-1.079	-36.66	-334.14	0.00	0.00
630	1.013	1.013	1.013	0	0	0.000	0.207	-1.079	-36.61	-334.10	0.03	0.00
640	2.827	2.827	2.827	0	0	0.000	0.112	-1.079	-38.33	-334.19	-0.02	0.00
650	1.618	1.618	1.618	0	0	0.000	0.184	-1.090	-36.25	-334.13	-0.00	0.50
660	1.461	1.461	1.461	0	0	0.000	0.032	-1.448	-35.63	-334.12	-0.01	0.00
670	1.341	1.341	1.341	0	0	0.000	0.032	-1.448	-35.58	-334.12	0.03	0.00
680	2.471	2.471	2.471	0	0	0.000	0.032	-1.598	-37.59	-334.17	-0.01	0.00
690	1.798	1.798	1.798	0	0	0.000	0.032	-0.987	-35.78	-334.14	-0.02	0.00
700	1.782	1.782	1.782	0	0	0.000	0.328	-0.987	-37.48	-334.14	-0.02	0.00
710	0.840	0.840	0.840	0	0	0.000	0.328	-0.987	-38.20	-334.10	0.02	0.00
720	1.976	1.976	1.976	0	0	0.000	0.081	-0.861	-36.21	-334.15	-0.02	0.00
730	1.315	1.315	1.315	0	0	0.000	0.012	-1.042	-35.17	-334.12	0.01	0.00
740	1.343	1.343	1.343	0	0	0.000	0.012	-1.042	-35.18	-334.12	-0.01	0.00
750	0.609	0.609	0.609	0	0	0.000	0.049	-1.042	-39.57	-334.09	-0.00	0.00
760	1.147	1.147	1.147	0	0	0.000	0.100	-0.576	-35.24	-334.11	0.00	0.00
770	1.200	1.200	1.200	0	0	0.000	0.126	-0.574	-35.36	-334.11	-0.00	0.00
780	1.140	1.140	1.140	0	0	0.000	0.126	-0.574	-35.41	-334.11	0.01	0.00
790	1.468	1.468	1.468	0	0	0.000	0.105	-0.823	-35.44	-334.12	0.00	0.00
800	1.389	1.389	1.389	0	0	0.000	0.024	-1.143	-35.30	-334.12	-0.01	0.00
810	1.104	1.104	1.104	0	0	0.000	0.028	-0.928	-35.23	-334.11	0.00	0.00
820	1.319	1.319	1.319	0	0	0.000	0.028	-0.985	-35.15	-334.12	-0.00	0.00
830	2.217	2.217	2.217	0	0	0.000	0.028	-0.788	-36.60	-334.16	-0.04	0.00
840	1.239	1.239	1.239	0	0	0.000	0.112	-0.594	-35.27	-334.11	-0.01	0.00
850	1.105	1.105	1.105	0	0	0.000	0.103	-0.322	-35.23	-334.11	-0.01	0.00
860	2.040	2.040	2.040	0	0	0.000	0.103	-0.401	-36.31	-334.15	-0.01	0.00
870	1.386	1.386	1.386	0	0	0.000	0.103	0.125	-35.19	-334.12	-0.02	0.00
880	2.796	2.796	2.796	0	0	0.000	0.195	0.125	-38.47	-334.19	0.00	0.00
890	2.831	2.831	2.831	0	0	0.000	0.167	0.125	-38.41	-334.19	-0.03	0.00
900	1.368	1.368	1.368	0	0	0.000	0.167	-0.170	-35.55	-334.12	0.02	0.00
910	1.042	1.042	1.042	0	0	0.000	0.167	-0.364	-35.78	-334.11	0.02	0.00
920	1.247	1.247	1.247	0	0	0.000	0.209	-0.364	-35.85	-334.11	-0.01	0.00
930	0.785	0.785	0.785	0	0	0.000	0.209	0.003	-37.34	-334.09	0.01	0.00
940	0.873	0.873	0.873	0	0	0.000	0.209	-0.134	-36.72	-334.10	0.02	0.00
950	2.277	2.277	2.277	0	0	0.000	0.209	-0.044	-37.38	-334.16	-0.05	0.00
960	1.036	1.036	1.036	0	0	0.000	0.209	-0.044	-36.09	-334.10	0.03	0.00
970	1.611	1.611	1.611	0	0	0.000	0.253	-0.044	-36.43	-334.13	-0.00	0.08
980	1.123	1.123	1.123	0	0	0.000	0.253	0.020	-36.28	-334.11	0.00	0.00
990	1.453	1.453	1.453	0	0	0.000	0.253	0.020	-36.26	-334.12	-0.02	0.00
1000	1.409	1.409	1.409	0	0	0.000	0.209	0.028	-35.89	-334.12	-0.01	0.00
