state	min	max	median	shifts	jumps	jumpvar	SE	root	lnL	lnLp	qlnL.p	qlnL.h
10000	0.000	2.447	0.000	1	0	0.000	0.019	-0.013	99.07	-39.86	0.00	0.00
20000	0.000	2.482	0.000	1	0	0.000	0.020	0.059	97.42	-39.86	-0.00	0.00
30000	0.000	0.277	0.000	1	0	0.000	0.020	0.079	96.75	-39.86	0.00	-5.91
40000	0.000	0.068	0.000	1	0	0.000	0.035	0.018	98.99	-39.86	0.00	-6.17
50000	0.000	0.000	0.000	0	0	0.000	0.012	-0.114	97.71	-39.50	-0.00	0.00
60000	0.000	0.000	0.000	0	0	0.000	0.013	0.039	100.71	-39.50	0.00	0.00
70000	0.000	0.436	0.000	1	0	0.000	0.024	-0.019	103.59	-39.86	-0.00	0.00
80000	0.000	1.275	0.000	1	0	0.000	0.015	0.012	102.73	-39.86	-0.00	0.00
90000	0.000	0.121	0.000	1	0	0.000	0.020	-0.000	104.38	-39.86	-0.00	0.00
100000	0.000	3.209	0.000	1	0	0.000	0.026	-0.040	101.46	-39.86	-0.00	0.00
110000	0.000	39.185	0.000	2	0	0.000	0.021	0.030	101.28	-40.97	-0.00	0.00
120000	0.000	1.316	0.000	1	0	0.000	0.033	-0.025	102.03	-39.86	0.00	-6.42
130000	0.000	140.661	0.000	1	0	0.000	0.022	-0.024	96.98	-40.00	0.07	0.00
140000	0.000	5365.554	0.000	1	0	0.000	0.012	-0.017	97.80	-40.29	-0.00	0.00
150000	0.000	948.846	0.000	1	0	0.000	0.021	-0.003	100.02	-40.16	0.00	-6.52
160000	0.000	76.411	0.000	1	0	0.000	0.021	-0.016	101.24	-39.96	-0.00	0.00
170000	0.000	6.785	0.000	1	0	0.000	0.020	-0.040	100.53	-39.87	0.00	-6.03
180000	0.000	0.294	0.000	1	0	0.000	0.023	0.035	102.57	-39.86	-0.00	0.00
190000	0.000	2.672	0.000	1	0	0.000	0.027	-0.051	97.95	-39.86	0.00	-6.35
200000	0.000	18.932	0.000	1	0	0.000	0.025	-0.015	100.68	-39.88	-0.00	0.00
210000	0.000	0.517	0.000	2	0	0.000	0.021	0.044	100.70	-40.92	-0.00	-0.69
220000	0.000	0.000	0.000	0	0	0.000	0.013	0.013	100.57	-39.50	0.00	0.00
230000	0.000	1.887	0.000	1	0	0.000	0.037	0.004	99.99	-39.86	-0.00	-0.69
240000	0.000	12.016	0.000	1	0	0.000	0.037	0.039	98.78	-39.87	0.00	-6.80
250000	0.000	0.033	0.000	1	0	0.000	0.015	-0.059	102.31	-39.86	-0.00	-0.69
260000	0.000	0.126	0.000	1	0	0.000	0.007	0.037	99.72	-39.86	-0.00	0.61
270000	0.000	0.011	0.000	1	0	0.000	0.019	0.074	102.87	-39.86	-0.00	0.12
280000	0.000	0.000	0.000	0	0	0.000	0.017	-0.038	101.91	-39.50	0.00	-6.29
290000	0.000	0.001	0.000	1	0	0.000	0.036	-0.012	97.24	-39.86	0.00	-6.49
300000	0.000	0.045	0.000	1	0	0.000	0.035	-0.016	100.22	-39.86	0.00	-6.38
310000	0.000	0.211	0.000	4	0	0.000	0.013	-0.003	100.54	-44.14	-0.00	0.26
320000	0.000	31.404	0.000	2	0	0.000	0.022	0.024	99.30	-40.96	-0.01	0.00
330000	0.000	0.388	0.000	2	0	0.000	0.044	0.039	97.90	-40.92	0.00	-6.95
340000	0.000	0.236	0.000	2	0	0.000	0.026	-0.001	102.42	-40.92	0.00	-6.69
350000	0.000	0.000	0.000	0	0	0.000	0.020	-0.022	99.98	-39.50	0.00	-0.69
360000	0.000	0.000	0.000	0	0	0.000	0.015	-0.031	99.99	-39.50	-0.00	0.00
370000	0.000	12.689	0.000	1	0	0.000	0.021	-0.016	102.23	-39.87	0.00	-6.47
380000	0.000	97.474	0.000	1	0	0.000	0.018	0.045	99.77	-39.98	0.00	-0.50
390000	0.000	311.680	0.000	1	0	0.000	0.020	-0.006	100.44	-40.07	-0.00	0.00
400000	0.000	678.923	0.000	1	0	0.000	0.024	0.037	99.36	-40.13	-0.53	-0.69
410000	0.000	1.713	0.000	1	0	0.000	0.020	0.005	102.98	-39.86	0.00	0.00
420000	0.000	0.321	0.000	1	0	0.000	0.010	-0.009	102.40	-39.86	0.00	-6.13
430000	0.000	0.409	0.000	1	0	0.000	0.023	-0.014	103.17	-39.86	-0.00	-0.69
440000	0.000	1.660	0.000	1	0	0.000	0.029	0.008	102.69	-39.86	0.00	-6.56
450000	0.000	0.383	0.000	1	0	0.000	0.031	-0.008	103.35	-39.86	-0.00	-0.69
460000	0.000	0.010	0.000	1	0	0.000	0.014	-0.009	104.12	-39.86	-0.00	0.00
470000	0.000	0.327	0.000	2	0	0.000	0.018	0.009	102.93	-40.92	0.00	-6.45
480000	0.000	0.873	0.000	1	0	0.000	0.043	0.029	98.71	-39.86	-0.00	-0.69
490000	0.000	1.332	0.000	1	0	0.000	0.028	-0.011	103.06	-39.86	-0.00	0.16
500000	0.000	0.138	0.000	1	0	0.000	0.018	-0.020	103.71	-39.86	-0.00	0.00
510000	0.000	0.000	0.000	0	0	0.000	0.020	-0.027	102.07	-39.50	0.00	-6.06
520000	0.000	0.048	0.000	1	0	0.000	0.021	-0.002	104.89	-39.86	0.00	-0.54
530000	0.000	1.462	0.000	1	0	0.000	0.018	0.010	102.70	-39.86	0.00	-6.18
540000	0.000	2.680	0.000	2	0	0.000	0.030	-0.038	98.86	-40.92	-0.00	0.00
550000	0.000	0.620	0.000	2	0	0.000	0.023	-0.010	100.11	-40.92	0.00	-6.16
560000	0.000	0.097	0.000	2	0	0.000	0.011	-0.072	102.05	-40.92	-0.00	0.00
570000	0.000	0.239	0.000	1	0	0.000	0.031	0.022	102.45	-39.86	0.00	-6.27
580000	0.000	1.530	0.000	1	0	0.000	0.024	0.019	102.65	-39.86	0.00	0.00
590000	0.000	1.740	0.000	1	0	0.000	0.036	-0.020	101.49	-39.86	-0.00	0.00
600000	0.000	8.958	0.000	2	0	0.000	0.027	-0.070	95.38	-40.93	0.00	-6.38
610000	0.000	2.116	0.000	2	0	0.000	0.018	-0.008	102.47	-40.92	0.00	-0.26
620000	0.000	0.542	0.000	2	0	0.000	0.014	0.030	102.46	-40.92	-0.00	0.00
630000	0.000	1.683	0.000	2	0	0.000	0.037	-0.003	98.44	-40.92	0.00	-0.71
640000	0.000	0.013	0.000	2	0	0.000	0.010	-0.050	102.21	-40.92	0.00	0.00
650000	0.000	0.016	0.000	2	0	0.000	0.019	0.030	102.82	-40.92	0.00	0.00
660000	0.000	0.000	0.000	0	0	0.000	0.024	0.018	101.85	-39.50	-0.00	0.00
670000	0.000	0.604	0.000	1	0	0.000	0.030	-0.043	102.23	-39.86	-0.00	0.58
680000	0.000	0.101	0.000	2	0	0.000	0.020	-0.053	102.62	-40.92	-0.00	0.00
690000	0.000	0.002	0.000	1	0	0.000	0.022	-0.052	105.27	-39.86	-0.00	-0.69
700000	0.000	0.000	0.000	0	0	0.000	0.016	0.010	102.42	-39.50	0.00	0.00
710000	0.000	0.302	0.000	1	0	0.000	0.026	-0.021	103.29	-39.86	0.00	-6.24
720000	0.000	0.496	0.000	1	0	0.000	0.014	0.006	102.69	-39.86	-0.00	0.00
730000	0.000	0.028	0.000	1	0	0.000	0.019	-0.033	104.93	-39.86	-0.00	0.00
740000	0.000	0.001	0.000	1	0	0.000	0.020	-0.022	106.12	-39.86	-0.00	-0.69
750000	0.000	0.089	0.000	1	0	0.000	0.015	-0.022	104.23	-39.86	-0.00	-0.69
760000	0.000	0.000	0.000	0	0	0.000	0.010	-0.005	100.74	-39.50	0.00	0.00
770000	0.000	0.557	0.000	1	0	0.000	0.027	0.009	102.97	-39.86	-0.00	0.00
780000	0.000	0.008	0.000	1	0	0.000	0.019	-0.022	105.73	-39.86	0.00	-0.26
790000	0.000	1.032	0.000	1	0	0.000	0.022	-0.053	102.17	-39.86	-0.00	0.21
800000	0.000	1.879	0.000	2	0	0.000	0.018	-0.016	100.21	-40.92	-0.00	0.31
810000	0.000	0.752	0.000	1	0	0.000	0.026	0.009	101.49	-39.86	-0.00	-0.69
820000	0.000	14.229	0.000	1	0	0.000	0.024	0.005	98.38	-39.88	-0.02	-0.69
830000	0.000	0.701	0.000	2	0	0.000	0.012	-0.012	99.91	-40.92	-0.00	0.00
840000	0.000	0.333	0.000	1	0	0.000	0.023	0.014	102.67	-39.86	-0.00	0.00
850000	0.000	0.462	0.000	1	0	0.000	0.026	-0.003	103.55	-39.86	0.00	-6.62
860000	0.000	3.754	0.000	3	0	0.000	0.017	-0.014	100.27	-42.39	0.00	0.00
870000	0.000	0.304	0.000	2	0	0.000	0.021	-0.030	103.07	-40.92	-0.00	-0.69
880000	0.000	0.198	0.000	1	0	0.000	0.022	0.071	101.58	-39.86	-0.00	-0.69
890000	0.000	0.121	0.000	2	0	0.000	0.032	0.024	100.75	-40.92	0.00	-6.43
900000	0.000	0.010	0.000	1	0	0.000	0.025	0.024	105.19	-39.86	0.00	0.00
910000	0.000	0.594	0.000	1	0	0.000	0.024	-0.019	99.09	-39.86	0.00	-6.55
920000	0.000	3.007	0.000	2	0	0.000	0.025	-0.008	100.21	-40.92	0.00	-0.01
930000	0.000	0.021	0.000	2	0	0.000	0.020	0.002	103.40	-40.92	0.00	0.00
940000	0.000	1.885	0.000	2	0	0.000	0.023	0.040	96.61	-40.92	0.00	-5.92
950000	0.000	0.236	0.000	2	0	0.000	0.022	-0.022	102.30	-40.92	0.00	0.00
960000	0.000	15.071	0.000	2	0	0.000	0.007	0.048	92.51	-40.94	0.01	0.00
970000	0.000	1.796	0.000	2	0	0.000	0.020	-0.001	98.13	-40.92	-0.00	-0.69
980000	0.000	0.279	0.000	2	0	0.000	0.023	-0.040	101.20	-40.92	-0.00	-0.69
990000	0.000	0.181	0.000	2	0	0.000	0.018	-0.018	100.80	-40.92	-0.00	0.00
1000000	0.000	1.043	0.000	2	0	0.000	0.013	0.014	98.06	-40.92	0.00	-6.13
1010000	0.000	12.947	0.000	1	0	0.000	0.027	-0.010	101.70	-39.87	0.00	-6.66
1020000	0.000	56.832	0.000	1	0	0.000	0.012	0.068	98.13	-39.94	-0.15	-0.69
1030000	0.000	2.059	0.000	2	0	0.000	0.023	0.002	100.17	-40.92	0.00	0.00
1040000	0.000	0.045	0.000	1	0	0.000	0.023	0.012	101.25	-39.86	0.00	-0.17
1050000	0.000	0.093	0.000	1	0	0.000	0.021	-0.055	103.60	-39.86	-0.00	0.00
1060000	0.000	0.000	0.000	0	0	0.000	0.031	-0.017	102.11	-39.50	0.00	-6.47
1070000	0.000	0.784	0.000	1	0	0.000	0.024	-0.015	103.59	-39.86	0.00	-6.40
1080000	0.000	3.146	0.000	1	0	0.000	0.021	0.015	101.70	-39.86	0.00	-6.68
1090000	0.000	21.805	0.000	1	0	0.000	0.015	0.001	101.01	-39.89	-0.05	-0.69
1100000	0.000	19.192	0.000	1	0	0.000	0.019	-0.012	100.67	-39.88	0.00	-6.67
1110000	0.000	0.156	0.000	1	0	0.000	0.030	0.011	103.74	-39.86	0.00	0.00
1120000	0.000	0.284	0.000	1	0	0.000	0.025	-0.049	101.92	-39.86	-0.00	0.00
1130000	0.000	0.339	0.000	1	0	0.000	0.018	0.001	103.91	-39.86	0.00	-6.28
1140000	0.000	0.298	0.000	2	0	0.000	0.020	0.017	104.35	-40.92	0.00	-6.48
1150000	0.000	0.059	0.000	2	0	0.000	0.024	0.025	104.69	-40.92	0.00	0.00
1160000	0.000	0.175	0.000	2	0	0.000	0.022	0.035	102.65	-40.92	-0.00	0.01
1170000	0.000	0.011	0.000	1	0	0.000	0.019	0.012	105.17	-39.86	0.00	-6.21
1180000	0.000	0.001	0.000	1	0	0.000	0.023	-0.042	105.97	-39.86	0.00	-6.37
1190000	0.000	0.119	0.000	1	0	0.000	0.026	0.030	103.69	-39.86	-0.00	0.00
1200000	0.000	0.069	0.000	1	0	0.000	0.032	0.059	101.44	-39.86	0.00	-6.31
1210000	0.000	0.000	0.000	0	0	0.000	0.020	0.016	101.92	-39.50	-0.00	0.00
1220000	0.000	0.000	0.000	0	0	0.000	0.029	0.009	101.73	-39.50	0.00	0.00
1230000	0.000	0.000	0.000	0	0	0.000	0.023	-0.011	101.67	-39.50	0.00	-5.99
1240000	0.000	0.000	0.000	1	0	0.000	0.023	-0.028	101.65	-39.86	-0.00	0.00
1250000	0.000	0.370	0.000	1	0	0.000	0.019	0.042	98.20	-39.86	0.00	-6.43
1260000	0.000	0.177	0.000	2	0	0.000	0.020	-0.012	103.18	-40.92	-0.00	0.00
1270000	0.000	1.891	0.000	1	0	0.000	0.027	-0.030	101.47	-39.86	-0.00	0.00
1280000	0.000	2.669	0.000	1	0	0.000	0.026	-0.026	102.67	-39.86	-0.00	-0.69
1290000	0.000	0.032	0.000	1	0	0.000	0.026	0.027	104.05	-39.86	-0.00	-0.69
1300000	0.000	0.001	0.000	1	0	0.000	0.029	-0.025	102.86	-39.86	-0.00	0.00
1310000	0.000	0.000	0.000	1	0	0.000	0.011	0.026	100.63	-39.86	-0.00	-0.69
1320000	0.000	0.038	0.000	1	0	0.000	0.040	0.032	98.61	-39.86	0.00	-0.01
1330000	0.000	0.500	0.000	2	0	0.000	0.031	0.006	100.65	-40.92	0.00	-6.30
1340000	0.000	26.193	0.000	2	0	0.000	0.026	0.003	98.03	-40.96	0.00	-6.50
1350000	0.000	1.612	0.000	1	0	0.000	0.019	-0.028	103.04	-39.86	-0.00	0.08
1360000	0.000	0.812	0.000	2	0	0.000	0.018	-0.021	101.20	-40.92	-0.00	0.43
1370000	0.000	7.340	0.000	1	0	0.000	0.018	-0.066	100.58	-39.87	0.00	-0.57
1380000	0.000	57.764	0.000	1	0	0.000	0.025	-0.052	100.33	-39.94	-0.00	0.00
1390000	0.000	20566.156	0.000	2	0	0.000	0.011	-0.001	97.41	-41.46	0.00	-6.18
1400000	0.000	40174.894	0.000	1	0	0.000	0.019	-0.004	98.21	-40.45	0.00	-6.44
1410000	0.000	277.007	0.000	1	0	0.000	0.021	0.013	100.46	-40.06	-0.00	0.00
1420000	0.000	31.577	0.000	1	0	0.000	0.014	-0.019	100.68	-39.90	0.00	-6.12
1430000	0.000	0.003	0.000	1	0	0.000	0.024	-0.003	105.84	-39.86	0.00	-6.25
1440000	0.000	3.913	0.000	1	0	0.000	0.022	0.040	101.85	-39.87	0.00	0.00
1450000	0.000	0.978	0.000	1	0	0.000	0.018	0.028	102.35	-39.86	-0.00	-0.69
1460000	0.000	1.558	0.000	1	0	0.000	0.020	-0.008	102.66	-39.86	-0.00	0.00
1470000	0.000	0.005	0.000	1	0	0.000	0.034	0.044	103.03	-39.86	0.00	-6.31
1480000	0.000	0.000	0.000	0	0	0.000	0.030	0.016	102.20	-39.50	0.00	-6.32
1490000	0.000	0.000	0.000	0	0	0.000	0.039	-0.030	98.97	-39.50	0.00	-6.07
1500000	0.000	6.389	0.000	1	0	0.000	0.024	-0.008	97.54	-39.87	0.00	-6.45
1510000	0.000	0.397	0.000	1	0	0.000	0.021	-0.033	98.89	-39.86	-0.00	0.00
1520000	0.000	0.516	0.000	1	0	0.000	0.013	-0.016	98.37	-39.86	-0.00	0.22
1530000	0.000	0.004	0.000	1	0	0.000	0.024	-0.045	99.00	-39.86	0.00	-6.46
1540000	0.000	0.000	0.000	1	0	0.000	0.012	0.009	104.33	-39.86	0.00	-6.43
1550000	0.000	0.000	0.000	0	0	0.000	0.021	-0.004	102.64	-39.50	0.00	-6.33
1560000	0.000	0.016	0.000	1	0	0.000	0.036	0.035	100.21	-39.86	-0.00	0.00
1570000	0.000	3.542	0.000	1	0	0.000	0.013	-0.044	98.94	-39.87	-0.00	-0.69
1580000	0.000	0.042	0.000	2	0	0.000	0.018	0.016	99.07	-40.92	-0.00	-0.69
1590000	0.000	0.000	0.000	0	0	0.000	0.015	0.068	99.59	-39.50	0.00	-5.88
1600000	0.000	0.000	0.000	0	0	0.000	0.020	-0.047	101.47	-39.50	0.00	-6.03
1610000	0.000	0.031	0.000	1	0	0.000	0.023	0.005	104.85	-39.86	0.00	0.00
1620000	0.000	4.662	0.000	1	0	0.000	0.018	0.022	100.73	-39.87	0.00	-6.66
1630000	0.000	0.050	0.000	1	0	0.000	0.020	0.024	104.10	-39.86	-0.00	-0.69
1640000	0.000	0.000	0.000	1	0	0.000	0.029	0.011	103.65	-39.86	0.00	-6.08
1650000	0.000	0.028	0.000	1	0	0.000	0.027	0.027	100.14	-39.86	0.00	0.00
1660000	0.000	0.000	0.000	0	0	0.000	0.018	-0.002	99.93	-39.50	0.00	0.00
1670000	0.000	0.003	0.000	1	0	0.000	0.026	0.021	100.65	-39.86	-0.00	0.48
1680000	0.000	0.079	0.000	2	0	0.000	0.017	0.023	103.12	-40.92	0.00	-6.14
1690000	0.000	2.032	0.000	1	0	0.000	0.030	0.039	101.45	-39.86	-0.00	0.00
1700000	0.000	0.112	0.000	1	0	0.000	0.012	-0.051	102.82	-39.86	-0.00	0.00
1710000	0.000	0.505	0.000	1	0	0.000	0.020	0.030	97.81	-39.86	0.00	-6.62
1720000	0.000	0.000	0.000	0	0	0.000	0.024	0.013	102.44	-39.50	0.00	0.00
1730000	0.000	0.000	0.000	1	0	0.000	0.011	-0.058	103.45	-39.86	-0.00	-0.69
1740000	0.000	0.000	0.000	0	0	0.000	0.011	0.031	100.82	-39.50	-0.00	0.00
1750000	0.000	12.753	0.000	2	0	0.000	0.013	-0.013	98.67	-40.93	-0.02	-0.69
1760000	0.000	0.135	0.000	2	0	0.000	0.024	0.033	104.26	-40.92	0.00	0.00
1770000	0.000	1.268	0.000	1	0	0.000	0.014	-0.005	102.97	-39.86	0.00	-6.34
1780000	0.000	0.067	0.000	1	0	0.000	0.046	0.007	97.10	-39.86	-0.00	-0.69
1790000	0.000	0.075	0.000	1	0	0.000	0.023	0.021	103.90	-39.86	0.00	0.00
1800000	0.000	0.550	0.000	1	0	0.000	0.019	0.007	103.18	-39.86	0.00	-6.56
1810000	0.000	5.165	0.000	2	0	0.000	0.015	-0.064	98.15	-40.93	0.00	0.00
1820000	0.000	0.019	0.000	2	0	0.000	0.016	0.042	101.35	-40.92	0.00	-6.05
1830000	0.000	0.733	0.000	2	0	0.000	0.043	0.018	97.60	-40.92	0.00	0.00
1840000	0.000	0.507	0.000	2	0	0.000	0.028	0.037	102.88	-40.92	0.00	-0.33
1850000	0.000	0.031	0.000	1	0	0.000	0.032	-0.027	104.17	-39.86	0.00	-6.52
1860000	0.000	0.344	0.000	1	0	0.000	0.025	0.029	102.92	-39.86	-0.00	0.00
1870000	0.000	0.181	0.000	1	0	0.000	0.022	0.004	103.58	-39.86	-0.00	-0.69
1880000	0.000	0.003	0.000	2	0	0.000	0.026	-0.036	101.45	-40.92	0.00	-0.27
1890000	0.000	0.023	0.000	2	0	0.000	0.030	-0.039	104.56	-40.92	-0.00	0.00
1900000	0.000	0.001	0.000	1	0	0.000	0.016	0.044	105.18	-39.86	0.00	-6.26
1910000	0.000	0.001	0.000	1	0	0.000	0.018	0.017	106.17	-39.86	-0.01	0.00
1920000	0.000	0.003	0.000	2	0	0.000	0.019	-0.013	106.23	-40.92	0.00	0.00
1930000	0.000	0.107	0.000	3	0	0.000	0.024	-0.005	102.38	-42.39	0.00	-0.69
1940000	0.000	0.123	0.000	1	0	0.000	0.019	-0.015	99.55	-39.86	0.00	-6.15
1950000	0.000	0.057	0.000	3	0	0.000	0.022	-0.071	102.48	-42.39	0.00	0.69
1960000	0.000	1.227	0.000	1	0	0.000	0.014	-0.016	93.32	-39.86	-0.00	0.00
1970000	0.000	0.084	0.000	2	0	0.000	0.020	0.015	102.61	-40.92	-0.00	0.00
1980000	0.000	1.089	0.000	1	0	0.000	0.036	0.005	96.84	-39.86	-0.00	-0.69
1990000	0.000	0.000	0.000	0	0	0.000	0.032	0.013	100.57	-39.50	0.00	-6.75
2000000	0.000	0.000	0.000	1	0	0.000	0.018	-0.037	105.11	-39.86	0.00	-6.38
2010000	0.000	0.000	0.000	0	0	0.000	0.031	0.020	101.18	-39.50	0.00	-6.10
2020000	0.000	0.005	0.000	1	0	0.000	0.036	0.020	103.96	-39.86	0.00	-6.72
2030000	0.000	1.064	0.000	1	0	0.000	0.012	0.016	101.95	-39.86	0.00	0.00
2040000	0.000	18.364	0.000	1	0	0.000	0.022	-0.039	101.65	-39.88	0.00	-6.40
2050000	0.000	4.226	0.000	1	0	0.000	0.008	0.025	95.99	-39.87	0.00	-6.33
2060000	0.000	0.413	0.000	1	0	0.000	0.020	0.010	103.86	-39.86	0.00	-6.44
2070000	0.000	0.001	0.000	1	0	0.000	0.038	-0.019	101.68	-39.86	-0.00	0.00
2080000	0.000	1.818	0.000	1	0	0.000	0.036	0.012	101.35	-39.86	-0.00	0.12
2090000	0.000	0.004	0.000	1	0	0.000	0.029	-0.027	102.77	-39.86	-0.00	-0.69
2100000	0.000	0.000	0.000	0	0	0.000	0.032	0.004	101.82	-39.50	0.00	-6.57
2110000	0.000	0.000	0.000	0	0	0.000	0.020	-0.043	100.79	-39.50	-0.00	0.00
2120000	0.000	0.000	0.000	0	0	0.000	0.020	0.024	102.43	-39.50	0.00	0.00
2130000	0.000	0.563	0.000	1	0	0.000	0.030	0.048	101.23	-39.86	0.00	-0.04
2140000	0.000	2.407	0.000	2	0	0.000	0.020	-0.046	98.25	-40.92	-0.00	-0.69
2150000	0.000	0.000	0.000	1	0	0.000	0.030	-0.033	102.15	-39.86	0.00	-6.55
2160000	0.000	0.007	0.000	2	0	0.000	0.020	-0.056	101.12	-40.92	0.00	-6.29
2170000	0.000	0.001	0.000	1	0	0.000	0.020	-0.050	105.35	-39.86	-0.00	-0.69
2180000	0.000	0.000	0.000	1	0	0.000	0.025	-0.021	103.05	-39.86	-0.00	0.00
2190000	0.000	0.000	0.000	0	0	0.000	0.012	-0.051	100.51	-39.50	-0.00	0.00
2200000	0.000	0.000	0.000	0	0	0.000	0.017	-0.040	101.98	-39.50	0.00	0.00
2210000	0.000	0.001	0.000	1	0	0.000	0.020	0.052	101.77	-39.86	-0.00	-0.69
2220000	0.000	0.550	0.000	1	0	0.000	0.024	0.018	103.51	-39.86	0.00	-6.45
2230000	0.000	16.177	0.000	1	0	0.000	0.025	0.000	101.06	-39.88	-0.00	0.00
2240000	0.000	305.681	0.000	2	0	0.000	0.012	0.043	98.30	-41.12	-0.40	-0.69
2250000	0.000	10.755	0.000	1	0	0.000	0.031	-0.047	96.84	-39.87	-0.00	0.00
2260000	0.000	6.472	0.000	1	0	0.000	0.030	-0.006	99.16	-39.87	-0.01	-0.69
2270000	0.000	5.298	0.000	1	0	0.000	0.033	-0.013	101.10	-39.87	-0.00	0.00
2280000	0.000	0.037	0.000	1	0	0.000	0.018	0.011	104.85	-39.86	-0.00	-0.69
2290000	0.000	1.283	0.000	1	0	0.000	0.021	-0.041	102.59	-39.86	-0.00	-0.69
2300000	0.000	0.049	0.000	1	0	0.000	0.019	0.014	104.67	-39.86	-0.00	-0.69
2310000	0.000	0.537	0.000	1	0	0.000	0.022	0.041	99.18	-39.86	0.00	-6.24
2320000	0.000	0.104	0.000	2	0	0.000	0.018	-0.018	102.24	-40.92	-0.00	0.39
2330000	0.000	0.111	0.000	1	0	0.000	0.039	-0.048	94.78	-39.86	-0.00	-0.69
2340000	0.000	0.387	0.000	2	0	0.000	0.026	-0.065	100.40	-40.92	0.00	-6.54
2350000	0.000	3.043	0.000	1	0	0.000	0.023	0.018	94.78	-39.86	-0.00	0.53
2360000	0.000	1.202	0.000	1	0	0.000	0.023	-0.027	97.68	-39.86	0.00	-6.34
2370000	0.000	0.012	0.000	2	0	0.000	0.018	-0.065	94.17	-40.92	-0.00	0.00
2380000	0.000	5.267	0.000	3	0	0.000	0.011	-0.060	95.53	-42.39	-0.00	0.00
2390000	0.000	0.761	0.000	1	0	0.000	0.040	0.025	96.71	-39.86	0.00	0.00
2400000	0.000	0.519	0.000	1	0	0.000	0.026	0.003	98.16	-39.86	-0.00	0.00
2410000	0.000	0.000	0.000	0	0	0.000	0.013	-0.059	100.69	-39.50	0.00	-6.19
2420000	0.000	0.000	0.000	1	0	0.000	0.028	0.021	102.26	-39.86	0.00	-0.69
2430000	0.000	0.000	0.000	0	0	0.000	0.030	0.021	102.04	-39.50	0.00	0.00
2440000	0.000	0.502	0.000	1	0	0.000	0.034	-0.028	101.92	-39.86	-0.01	0.00
2450000	0.000	0.450	0.000	1	0	0.000	0.035	0.011	102.33	-39.86	0.00	-6.70
2460000	0.000	5.749	0.000	1	0	0.000	0.013	0.061	99.95	-39.87	-0.00	-0.69
2470000	0.000	25.239	0.000	2	0	0.000	0.024	-0.018	101.85	-40.95	-0.00	0.00
2480000	0.000	0.074	0.000	1	0	0.000	0.013	-0.044	103.44	-39.86	-0.00	0.00
2490000	0.000	0.014	0.000	1	0	0.000	0.015	0.021	104.90	-39.86	-0.00	-0.69
2500000	0.000	0.225	0.000	1	0	0.000	0.022	-0.016	98.94	-39.86	-0.00	0.00
2510000	0.000	0.184	0.000	1	0	0.000	0.022	0.006	104.09	-39.86	-0.00	0.00
2520000	0.000	0.007	0.000	1	0	0.000	0.032	-0.024	104.90	-39.86	-0.00	0.00
2530000	0.000	0.281	0.000	1	0	0.000	0.024	-0.018	98.51	-39.86	0.00	-6.18
2540000	0.000	0.342	0.000	2	0	0.000	0.028	-0.017	102.97	-40.92	-0.00	0.00
2550000	0.000	1.599	0.000	2	0	0.000	0.015	-0.046	100.32	-40.92	0.00	-6.34
2560000	0.000	108.331	0.000	2	0	0.000	0.009	0.081	90.41	-41.05	0.00	-6.02
2570000	0.000	0.408	0.000	2	0	0.000	0.015	-0.045	101.21	-40.92	0.00	0.00
2580000	0.000	0.128	0.000	2	0	0.000	0.014	-0.082	100.74	-40.92	0.00	0.00
2590000	0.000	0.047	0.000	2	0	0.000	0.023	-0.061	101.13	-40.92	-0.00	-0.69
2600000	0.000	0.001	0.000	1	0	0.000	0.028	-0.043	102.75	-39.86	0.00	0.00
2610000	0.000	2.605	0.000	2	0	0.000	0.022	-0.018	103.57	-40.92	-0.00	0.69
2620000	0.000	1.726	0.000	1	0	0.000	0.010	0.039	100.61	-39.86	-0.00	0.00
2630000	0.000	118.807	0.000	2	0	0.000	0.015	0.009	99.55	-41.05	-0.25	-0.69
2640000	0.000	0.349	0.000	1	0	0.000	0.019	-0.008	104.06	-39.86	0.00	-6.36
2650000	0.000	280.145	0.000	1	0	0.000	0.013	-0.078	97.20	-40.06	0.00	0.00
2660000	0.000	27.456	0.000	2	0	0.000	0.018	0.006	100.14	-40.96	-0.00	-0.69
2670000	0.000	3.610	0.000	2	0	0.000	0.025	0.000	101.40	-40.92	-0.00	-0.69
2680000	0.000	128.348	0.000	2	0	0.000	0.020	-0.012	98.90	-41.06	0.07	0.00
2690000	0.000	4.953	0.000	2	0	0.000	0.015	0.000	98.62	-40.93	-0.00	0.00
2700000	0.000	2.293	0.000	2	0	0.000	0.027	-0.004	102.06	-40.92	0.00	-6.57
2710000	0.000	11.170	0.000	2	0	0.000	0.037	-0.019	92.86	-40.93	0.00	0.00
2720000	0.000	3.937	0.000	2	0	0.000	0.021	-0.043	94.20	-40.93	-0.00	0.08
2730000	0.000	2.743	0.000	2	0	0.000	0.015	0.014	95.91	-40.92	-0.00	0.00
2740000	0.000	11.893	0.000	2	0	0.000	0.027	-0.006	93.53	-40.93	0.00	0.00
2750000	0.000	1.143	0.000	2	0	0.000	0.026	-0.036	92.68	-40.92	-0.00	0.00
2760000	0.000	0.034	0.000	2	0	0.000	0.021	0.071	96.68	-40.92	0.00	-6.18
2770000	0.000	1.674	0.000	2	0	0.000	0.037	-0.004	98.13	-40.92	0.00	-6.44
2780000	0.000	0.068	0.000	1	0	0.000	0.008	0.023	98.67	-39.86	0.00	-5.83
2790000	0.000	0.036	0.000	2	0	0.000	0.012	-0.088	101.78	-40.92	-0.00	0.00
2800000	0.000	0.003	0.000	1	0	0.000	0.022	-0.031	105.94	-39.86	-0.00	0.00
2810000	0.000	0.040	0.000	1	0	0.000	0.015	-0.019	98.08	-39.86	-0.00	0.22
2820000	0.000	0.550	0.000	1	0	0.000	0.016	-0.024	103.40	-39.86	-0.00	0.00
2830000	0.000	0.024	0.000	1	0	0.000	0.027	-0.016	104.84	-39.86	-0.00	0.00
2840000	0.000	11.162	0.000	1	0	0.000	0.027	0.038	100.85	-39.87	-0.00	0.00
2850000	0.000	0.003	0.000	1	0	0.000	0.026	-0.063	103.11	-39.86	-0.00	0.56
2860000	0.000	0.006	0.000	1	0	0.000	0.023	-0.013	100.84	-39.86	-0.00	0.00
2870000	0.000	0.003	0.000	1	0	0.000	0.034	-0.018	104.60	-39.86	-0.00	0.59
2880000	0.000	0.039	0.000	1	0	0.000	0.033	-0.036	103.69	-39.86	-0.00	0.00
2890000	0.000	1.865	0.000	1	0	0.000	0.019	0.027	102.57	-39.86	-0.00	0.00
2900000	0.000	1.394	0.000	1	0	0.000	0.010	0.004	101.26	-39.86	0.00	-6.37
2910000	0.000	0.001	0.000	1	0	0.000	0.026	-0.003	106.37	-39.86	-0.00	0.00
2920000	0.000	0.000	0.000	0	0	0.000	0.027	-0.031	100.12	-39.50	-0.00	0.00
2930000	0.000	0.000	0.000	0	0	0.000	0.026	-0.021	102.31	-39.50	0.00	-6.21
2940000	0.000	0.331	0.000	1	0	0.000	0.023	-0.011	104.10	-39.86	-0.00	0.00
2950000	0.000	0.000	0.000	0	0	0.000	0.036	-0.024	100.68	-39.50	0.00	0.00
2960000	0.000	3.352	0.000	1	0	0.000	0.016	0.038	101.28	-39.86	-0.00	0.16
2970000	0.000	0.846	0.000	1	0	0.000	0.015	0.004	102.05	-39.86	-0.00	0.00
2980000	0.000	5.842	0.000	1	0	0.000	0.016	-0.021	102.34	-39.87	-0.00	0.00
2990000	0.000	0.558	0.000	2	0	0.000	0.008	-0.078	100.09	-40.92	0.00	0.00
3000000	0.000	16.607	0.000	1	0	0.000	0.015	0.024	101.32	-39.88	-0.03	-0.69
3010000	0.000	0.000	0.000	0	0	0.000	0.037	-0.051	99.92	-39.50	0.00	0.00
3020000	0.000	16.475	0.000	1	0	0.000	0.021	0.053	95.13	-39.88	0.00	0.00
3030000	0.000	60.961	0.000	3	0	0.000	0.026	-0.063	95.39	-42.47	0.00	-0.45
3040000	0.000	168.398	0.000	1	0	0.000	0.011	-0.045	91.97	-40.02	-0.00	0.53
3050000	0.000	2.643	0.000	3	0	0.000	0.025	0.029	94.41	-42.39	0.00	-6.43
3060000	0.000	17.578	0.000	2	0	0.000	0.014	0.011	91.44	-40.94	-0.00	0.42
3070000	0.000	0.000	0.000	0	0	0.000	0.030	0.014	101.61	-39.50	0.00	-6.14
3080000	0.000	0.112	0.000	1	0	0.000	0.022	0.002	100.51	-39.86	0.00	-6.40
3090000	0.000	0.286	0.000	2	0	0.000	0.020	0.007	102.39	-40.92	-0.00	-0.69
3100000	0.000	0.007	0.000	1	0	0.000	0.029	0.013	98.55	-39.86	-0.00	0.00
3110000	0.000	1.250	0.000	1	0	0.000	0.018	0.004	103.30	-39.86	-0.00	0.00
3120000	0.000	0.005	0.000	2	0	0.000	0.027	-0.025	103.87	-40.92	-0.00	-0.69
3130000	0.000	0.007	0.000	2	0	0.000	0.017	0.023	100.44	-40.92	-0.00	0.00
3140000	0.000	0.000	0.000	0	0	0.000	0.014	0.053	101.09	-39.50	0.00	0.00
3150000	0.000	23.486	0.000	1	0	0.000	0.012	-0.015	99.64	-39.89	-0.00	0.00
3160000	0.000	6.222	0.000	1	0	0.000	0.017	-0.058	101.35	-39.87	0.00	-6.30
3170000	0.000	41.193	0.000	1	0	0.000	0.013	-0.007	100.01	-39.92	-0.10	-0.69
3180000	0.000	469.268	0.000	1	0	0.000	0.026	-0.000	99.86	-40.10	0.00	-6.67
3190000	0.000	115.724	0.000	1	0	0.000	0.028	-0.000	100.69	-39.99	0.00	-6.61
3200000	0.000	6.568	0.000	2	0	0.000	0.031	-0.001	99.02	-40.93	-0.01	-0.69
3210000	0.000	1.576	0.000	1	0	0.000	0.035	-0.021	101.40	-39.86	-0.00	0.00
3220000	0.000	931.987	0.000	2	0	0.000	0.015	-0.007	99.70	-41.21	-0.00	0.00
3230000	0.000	2593.590	0.000	1	0	0.000	0.015	-0.047	98.52	-40.24	-0.00	0.00
3240000	0.000	18.953	0.000	1	0	0.000	0.021	-0.074	99.16	-39.88	0.00	-6.08
3250000	0.000	65.901	0.000	1	0	0.000	0.016	0.018	97.16	-39.95	-0.00	0.00
3260000	0.000	0.082	0.000	2	0	0.000	0.025	-0.039	103.01	-40.92	-0.00	-0.69
3270000	0.000	2.357	0.000	3	0	0.000	0.024	0.012	98.70	-42.39	-0.00	0.00
3280000	0.000	0.085	0.000	1	0	0.000	0.027	-0.057	98.73	-39.86	0.00	-6.20
3290000	0.000	13.138	0.000	2	0	0.000	0.018	0.058	93.85	-40.93	-0.00	0.00
3300000	0.000	0.359	0.000	2	0	0.000	0.013	-0.075	99.73	-40.92	0.00	-6.08
3310000	0.000	0.017	0.000	1	0	0.000	0.015	0.010	100.38	-39.86	-0.00	-0.69
3320000	0.000	0.067	0.000	1	0	0.000	0.021	-0.011	98.14	-39.86	0.00	0.00
3330000	0.000	1.401	0.000	3	0	0.000	0.021	-0.037	95.42	-42.39	-0.00	0.00
3340000	0.000	0.058	0.000	3	0	0.000	0.031	-0.051	102.19	-42.39	0.00	-6.47
3350000	0.000	0.085	0.000	2	0	0.000	0.019	-0.026	103.96	-40.92	-0.00	-0.69
3360000	0.000	6.026	0.000	2	0	0.000	0.036	0.021	100.66	-40.93	-0.00	0.00
3370000	0.000	59.653	0.000	2	0	0.000	0.028	0.010	97.66	-41.00	0.00	-6.39
3380000	0.000	8.348	0.000	2	0	0.000	0.017	-0.020	96.88	-40.93	-0.00	0.00
3390000	0.000	10.850	0.000	2	0	0.000	0.038	-0.024	98.29	-40.93	0.00	-6.77
3400000	0.000	0.217	0.000	2	0	0.000	0.031	-0.047	101.99	-40.92	-0.00	0.57
3410000	0.000	0.000	0.000	0	0	0.000	0.030	-0.030	101.31	-39.50	-0.00	0.00
3420000	0.000	0.010	0.000	3	0	0.000	0.037	-0.002	98.50	-42.39	-0.00	0.00
3430000	0.000	0.000	0.000	1	0	0.000	0.035	-0.075	99.08	-39.86	-0.00	0.00
3440000	0.000	18.294	0.000	1	0	0.000	0.021	-0.043	95.77	-39.88	-0.01	0.00
3450000	0.000	12.460	0.000	1	0	0.000	0.033	-0.011	95.98	-39.87	-0.00	0.63
3460000	0.000	0.008	0.000	1	0	0.000	0.021	-0.015	100.11	-39.86	0.00	0.00
3470000	0.000	0.000	0.000	0	0	0.000	0.030	0.057	100.40	-39.50	0.00	-6.15
3480000	0.000	0.000	0.000	0	0	0.000	0.022	-0.009	99.54	-39.50	-0.00	0.00
3490000	0.000	0.001	0.000	1	0	0.000	0.021	0.010	106.12	-39.86	-0.00	-0.69
3500000	0.000	0.000	0.000	0	0	0.000	0.024	-0.051	100.17	-39.50	-0.00	0.62
3510000	0.000	0.000	0.000	0	0	0.000	0.017	-0.035	100.42	-39.50	0.00	0.00
3520000	0.000	0.002	0.000	1	0	0.000	0.021	-0.012	105.63	-39.86	0.00	-6.15
3530000	0.000	5.002	0.000	1	0	0.000	0.015	0.009	101.17	-39.87	-0.00	0.11
3540000	0.000	377.437	0.000	1	0	0.000	0.014	-0.031	99.34	-40.08	-0.43	-0.69
3550000	0.000	52.758	0.000	1	0	0.000	0.016	-0.019	101.30	-39.93	0.00	-6.31
3560000	0.000	0.105	0.000	2	0	0.000	0.021	-0.031	100.92	-40.92	-0.00	0.00
3570000	0.000	0.045	0.000	1	0	0.000	0.014	0.008	98.60	-39.86	0.00	0.00
3580000	0.000	0.059	0.000	2	0	0.000	0.024	0.004	102.31	-40.92	-0.00	0.00
3590000	0.000	0.000	0.000	0	0	0.000	0.019	0.008	102.54	-39.50	0.00	-6.31
3600000	0.000	0.002	0.000	1	0	0.000	0.033	0.028	104.64	-39.86	0.00	-0.32
3610000	0.000	0.122	0.000	1	0	0.000	0.015	-0.002	103.55	-39.86	0.00	-0.09
3620000	0.000	0.019	0.000	1	0	0.000	0.021	-0.016	102.20	-39.86	0.00	-6.34
3630000	0.000	0.000	0.000	1	0	0.000	0.030	0.049	100.80	-39.86	0.00	-6.65
3640000	0.000	0.000	0.000	1	0	0.000	0.021	0.035	103.56	-39.86	0.00	-6.08
3650000	0.000	0.003	0.000	1	0	0.000	0.029	-0.040	104.67	-39.86	0.00	-0.62
3660000	0.000	0.050	0.000	1	0	0.000	0.031	0.012	104.11	-39.86	-0.00	-0.69
3670000	0.000	0.224	0.000	1	0	0.000	0.025	0.021	103.78	-39.86	-0.00	0.00
3680000	0.000	0.144	0.000	1	0	0.000	0.030	0.017	102.44	-39.86	-0.01	0.00
3690000	0.000	0.011	0.000	1	0	0.000	0.027	-0.018	105.41	-39.86	0.00	-6.41
3700000	0.000	1.735	0.000	1	0	0.000	0.038	-0.055	95.60	-39.86	0.00	-6.34
3710000	0.000	0.324	0.000	2	0	0.000	0.021	0.054	97.63	-40.92	-0.00	-0.69
3720000	0.000	0.000	0.000	0	0	0.000	0.016	-0.001	99.76	-39.50	0.00	0.00
3730000	0.000	0.032	0.000	1	0	0.000	0.009	-0.042	102.21	-39.86	0.00	-0.64
3740000	0.000	0.002	0.000	1	0	0.000	0.021	-0.035	106.11	-39.86	-0.00	0.00
3750000	0.000	0.000	0.000	0	0	0.000	0.019	-0.017	101.42	-39.50	-0.00	0.00
3760000	0.000	0.018	0.000	1	0	0.000	0.024	-0.042	104.59	-39.86	0.00	-6.59
3770000	0.000	0.003	0.000	1	0	0.000	0.026	-0.016	101.82	-39.86	0.00	-6.54
3780000	0.000	0.007	0.000	1	0	0.000	0.013	0.005	103.27	-39.86	-0.00	0.09
3790000	0.000	0.064	0.000	1	0	0.000	0.030	0.023	103.91	-39.86	0.00	-6.46
3800000	0.000	4.300	0.000	1	0	0.000	0.025	-0.003	102.75	-39.87	0.00	0.00
3810000	0.000	2.976	0.000	1	0	0.000	0.014	-0.026	101.97	-39.86	0.00	0.00
3820000	0.000	0.442	0.000	2	0	0.000	0.019	0.005	100.99	-40.92	0.00	0.00
3830000	0.000	0.352	0.000	2	0	0.000	0.032	-0.005	100.37	-40.92	-0.00	-0.69
3840000	0.000	0.000	0.000	1	0	0.000	0.015	0.029	104.78	-39.86	-0.00	-0.69
3850000	0.000	1.907	0.000	1	0	0.000	0.032	0.054	100.21	-39.86	0.00	-6.32
3860000	0.000	0.653	0.000	1	0	0.000	0.019	0.012	103.56	-39.86	-0.00	-0.69
3870000	0.000	32.423	0.000	1	0	0.000	0.022	0.013	100.62	-39.90	0.00	-6.14
3880000	0.000	0.197	0.000	1	0	0.000	0.016	0.004	103.98	-39.86	-0.00	0.00
3890000	0.000	0.001	0.000	1	0	0.000	0.023	-0.045	105.18	-39.86	-0.00	0.56
3900000	0.000	0.003	0.000	1	0	0.000	0.025	0.002	101.97	-39.86	0.00	0.00
3910000	0.000	0.000	0.000	0	0	0.000	0.014	-0.000	101.74	-39.50	-0.00	0.00
3920000	0.000	0.004	0.000	1	0	0.000	0.022	-0.016	105.75	-39.86	0.00	-6.23
3930000	0.000	0.165	0.000	1	0	0.000	0.019	-0.053	102.35	-39.86	0.00	-6.61
3940000	0.000	1.976	0.000	1	0	0.000	0.017	-0.061	101.81	-39.86	-0.00	-0.69
3950000	0.000	0.006	0.000	1	0	0.000	0.031	-0.029	102.55	-39.86	0.00	-6.99
3960000	0.000	0.000	0.000	0	0	0.000	0.019	-0.000	102.67	-39.50	-0.00	0.00
3970000	0.000	0.000	0.000	0	0	0.000	0.019	0.037	101.25	-39.50	-0.00	0.00
3980000	0.000	2.859	0.000	1	0	0.000	0.010	-0.051	100.41	-39.86	0.00	0.00
3990000	0.000	25.625	0.000	2	0	0.000	0.020	-0.005	101.87	-40.95	-0.06	-0.69
4000000	0.000	0.000	0.000	0	0	0.000	0.023	-0.036	102.27	-39.50	-0.00	0.00
4010000	0.000	0.385	0.000	1	0	0.000	0.013	-0.015	98.32	-39.86	-0.00	0.00
4020000	0.000	0.216	0.000	1	0	0.000	0.018	0.012	99.29	-39.86	-0.00	0.00
4030000	0.000	5.091	0.000	1	0	0.000	0.014	0.036	96.26	-39.87	0.00	-5.90
4040000	0.000	0.437	0.000	2	0	0.000	0.025	0.004	101.92	-40.92	-0.00	0.01
4050000	0.000	0.120	0.000	1	0	0.000	0.009	-0.002	102.33	-39.86	-0.00	0.00
4060000	0.000	1.654	0.000	2	0	0.000	0.029	0.001	98.11	-40.92	0.00	0.00
4070000	0.000	4.272	0.000	2	0	0.000	0.040	-0.009	98.03	-40.93	0.00	0.00
4080000	0.000	2.484	0.000	1	0	0.000	0.015	0.033	101.14	-39.86	-0.00	0.00
4090000	0.000	0.449	0.000	1	0	0.000	0.019	-0.026	103.32	-39.86	-0.00	-0.69
4100000	0.000	0.001	0.000	1	0	0.000	0.027	-0.011	105.20	-39.86	-0.00	-0.69
4110000	0.000	0.000	0.000	0	0	0.000	0.023	0.026	101.31	-39.50	0.00	-5.98
4120000	0.000	1.109	0.000	1	0	0.000	0.022	-0.100	99.66	-39.86	-0.00	-0.69
4130000	0.000	2.523	0.000	1	0	0.000	0.026	-0.028	102.41	-39.86	0.00	-6.31
4140000	0.000	539.891	0.000	1	0	0.000	0.020	0.030	99.39	-40.11	-0.00	0.00
4150000	0.000	0.758	0.000	1	0	0.000	0.027	-0.011	102.18	-39.86	0.00	-0.72
4160000	0.000	0.421	0.000	1	0	0.000	0.019	0.020	103.37	-39.86	0.00	0.00
4170000	0.000	3.473	0.000	1	0	0.000	0.026	0.045	101.50	-39.86	0.00	-6.44
4180000	0.000	0.441	0.000	1	0	0.000	0.014	0.002	102.94	-39.86	-0.00	0.00
4190000	0.000	15.660	0.000	1	0	0.000	0.017	-0.019	100.98	-39.88	-0.00	0.00
4200000	0.000	0.067	0.000	1	0	0.000	0.026	0.094	100.07	-39.86	0.00	0.00
4210000	0.000	3.055	0.000	1	0	0.000	0.016	0.007	102.52	-39.86	0.00	0.00
4220000	0.000	1.656	0.000	2	0	0.000	0.014	-0.083	98.49	-40.92	-0.00	0.00
4230000	0.000	0.585	0.000	1	0	0.000	0.032	-0.029	102.08	-39.86	-0.00	-0.69
4240000	0.000	92.510	0.000	1	0	0.000	0.019	0.042	100.13	-39.97	-0.21	-0.69
4250000	0.000	21.908	0.000	1	0	0.000	0.034	-0.045	98.93	-39.89	-0.05	-0.69
4260000	0.000	0.157	0.000	1	0	0.000	0.026	-0.007	103.98	-39.86	-0.01	0.00
4270000	0.000	0.001	0.000	1	0	0.000	0.027	-0.052	104.43	-39.86	-0.00	0.00
4280000	0.000	2.920	0.000	1	0	0.000	0.033	0.074	94.52	-39.86	-0.00	0.00
4290000	0.000	0.804	0.000	2	0	0.000	0.026	0.016	101.52	-40.92	-0.00	0.00
4300000	0.000	0.258	0.000	1	0	0.000	0.031	-0.037	97.20	-39.86	-0.00	-0.69
4310000	0.000	0.750	0.000	2	0	0.000	0.016	0.049	100.84	-40.92	0.00	0.53
4320000	0.000	0.226	0.000	1	0	0.000	0.009	0.014	101.33	-39.86	-0.00	0.66
4330000	0.000	4.291	0.000	1	0	0.000	0.012	0.026	101.38	-39.87	0.00	0.00
4340000	0.000	0.008	0.000	1	0	0.000	0.020	0.014	105.72	-39.86	-0.00	-0.69
4350000	0.000	0.000	0.000	0	0	0.000	0.018	0.034	101.62	-39.50	0.00	0.00
4360000	0.000	0.014	0.000	1	0	0.000	0.017	0.015	103.17	-39.86	-0.00	-0.69
4370000	0.000	0.189	0.000	2	0	0.000	0.024	0.010	103.96	-40.92	0.00	0.00
4380000	0.000	0.002	0.000	1	0	0.000	0.022	-0.021	105.86	-39.86	-0.00	-0.69
4390000	0.000	1.027	0.000	1	0	0.000	0.016	-0.011	103.28	-39.86	-0.00	-0.69
4400000	0.000	1.112	0.000	1	0	0.000	0.026	0.027	102.77	-39.86	0.00	-6.51
4410000	0.000	18.322	0.000	1	0	0.000	0.031	-0.052	100.23	-39.88	-0.01	0.00
4420000	0.000	1.205	0.000	2	0	0.000	0.019	-0.005	103.91	-40.92	-0.00	0.00
4430000	0.000	0.874	0.000	1	0	0.000	0.015	-0.031	102.98	-39.86	0.00	-6.36
4440000	0.000	0.033	0.000	3	0	0.000	0.026	0.013	104.90	-42.39	-0.00	-0.69
4450000	0.000	0.017	0.000	1	0	0.000	0.031	-0.031	104.19	-39.86	-0.00	-0.69
4460000	0.000	0.199	0.000	2	0	0.000	0.019	-0.036	103.65	-40.92	0.00	-6.49
4470000	0.000	0.009	0.000	1	0	0.000	0.053	0.054	97.02	-39.86	0.00	-6.73
4480000	0.000	0.000	0.000	0	0	0.000	0.031	-0.032	101.75	-39.50	0.00	0.00
4490000	0.000	0.000	0.000	0	0	0.000	0.023	-0.014	102.69	-39.50	-0.00	0.00
4500000	0.000	0.000	0.000	1	0	0.000	0.031	0.024	104.20	-39.86	0.00	0.69
4510000	0.000	2.840	0.000	2	0	0.000	0.015	0.055	100.65	-40.92	0.00	-6.21
4520000	0.000	0.085	0.000	1	0	0.000	0.036	-0.013	102.44	-39.86	0.00	-6.85
4530000	0.000	0.011	0.000	1	0	0.000	0.022	0.028	101.72	-39.86	0.00	-0.67
4540000	0.000	0.002	0.000	1	0	0.000	0.018	0.054	104.59	-39.86	-0.00	-0.69
4550000	0.000	0.000	0.000	0	0	0.000	0.036	-0.021	101.36	-39.50	0.00	-6.34
4560000	0.000	0.878	0.000	1	0	0.000	0.031	-0.008	98.94	-39.86	-0.00	-0.69
4570000	0.000	0.286	0.000	1	0	0.000	0.016	0.011	97.60	-39.86	-0.00	0.00
4580000	0.000	0.375	0.000	1	0	0.000	0.017	0.074	97.95	-39.86	0.00	-6.14
4590000	0.000	0.363	0.000	2	0	0.000	0.016	-0.075	99.53	-40.92	-0.00	0.00
4600000	0.000	0.479	0.000	2	0	0.000	0.016	-0.010	102.27	-40.92	-0.00	0.00
4610000	0.000	0.000	0.000	0	0	0.000	0.029	0.007	102.40	-39.50	0.00	0.00
4620000	0.000	0.513	0.000	1	0	0.000	0.031	0.009	97.29	-39.86	-0.00	0.00
4630000	0.000	0.051	0.000	1	0	0.000	0.013	-0.006	99.41	-39.86	-0.00	0.00
4640000	0.000	0.001	0.000	1	0	0.000	0.018	-0.025	106.35	-39.86	0.00	-6.39
4650000	0.000	0.000	0.000	0	0	0.000	0.027	0.008	102.41	-39.50	0.00	-6.43
4660000	0.000	0.000	0.000	0	0	0.000	0.024	0.026	98.13	-39.50	0.00	-6.81
4670000	0.000	3.172	0.000	1	0	0.000	0.024	-0.075	100.30	-39.86	0.00	-6.18
4680000	0.000	0.090	0.000	1	0	0.000	0.010	-0.017	103.16	-39.86	-0.00	0.48
4690000	0.000	3.995	0.000	2	0	0.000	0.028	0.019	102.27	-40.92	-0.00	0.00
4700000	0.000	0.002	0.000	1	0	0.000	0.041	0.011	103.34	-39.86	-0.00	0.00
4710000	0.000	0.001	0.000	1	0	0.000	0.024	0.003	105.05	-39.86	0.00	-6.59
4720000	0.000	0.000	0.000	0	0	0.000	0.032	0.031	101.62	-39.50	0.00	-6.41
4730000	0.000	0.002	0.000	3	0	0.000	0.023	-0.015	106.90	-42.39	-0.00	0.00
4740000	0.000	0.009	0.000	1	0	0.000	0.014	-0.010	105.20	-39.86	0.00	-0.21
4750000	0.000	0.168	0.000	1	0	0.000	0.029	-0.030	103.74	-39.86	-0.00	-0.69
4760000	0.000	2.761	0.000	2	0	0.000	0.026	-0.036	100.38	-40.92	0.00	-6.61
4770000	0.000	3.939	0.000	1	0	0.000	0.035	0.008	101.24	-39.87	-0.00	0.00
4780000	0.000	13.756	0.000	1	0	0.000	0.029	0.014	101.08	-39.87	-0.00	0.00
4790000	0.000	0.001	0.000	1	0	0.000	0.022	0.006	106.53	-39.86	0.00	0.00
4800000	0.000	0.000	0.000	0	0	0.000	0.019	-0.081	100.34	-39.50	-0.00	0.72
4810000	0.000	0.004	0.000	2	0	0.000	0.029	-0.018	104.89	-40.92	0.00	-6.34
4820000	0.000	0.007	0.000	1	0	0.000	0.029	-0.023	100.69	-39.86	-0.00	-0.69
4830000	0.000	0.222	0.000	3	0	0.000	0.013	-0.033	102.47	-42.39	0.00	-6.23
4840000	0.000	0.969	0.000	2	0	0.000	0.023	0.018	100.76	-40.92	-0.00	-0.69
4850000	0.000	0.000	0.000	0	0	0.000	0.035	0.043	100.25	-39.50	0.00	0.00
4860000	0.000	0.005	0.000	1	0	0.000	0.028	-0.000	102.28	-39.86	0.00	-6.47
4870000	0.000	0.064	0.000	1	0	0.000	0.018	0.018	100.19	-39.86	-0.00	-0.69
4880000	0.000	3.327	0.000	1	0	0.000	0.027	0.009	98.53	-39.86	-0.00	0.00
4890000	0.000	0.015	0.000	2	0	0.000	0.034	-0.005	103.09	-40.92	-0.00	0.00
4900000	0.000	0.001	0.000	1	0	0.000	0.023	-0.019	106.49	-39.86	0.00	-6.37
4910000	0.000	0.008	0.000	1	0	0.000	0.027	0.008	98.64	-39.86	-0.01	0.00
4920000	0.000	0.602	0.000	1	0	0.000	0.019	-0.035	99.31	-39.86	-0.00	0.00
4930000	0.000	0.393	0.000	1	0	0.000	0.022	-0.019	99.84	-39.86	0.00	-6.26
4940000	0.000	0.055	0.000	1	0	0.000	0.016	-0.062	99.42	-39.86	-0.00	-0.69
4950000	0.000	0.195	0.000	2	0	0.000	0.011	0.043	96.78	-40.92	-0.00	-0.69
4960000	0.000	0.000	0.000	0	0	0.000	0.026	-0.027	102.35	-39.50	0.00	-6.25
4970000	0.000	3.515	0.000	1	0	0.000	0.020	0.005	102.77	-39.87	-0.00	-0.69
4980000	0.000	0.112	0.000	1	0	0.000	0.020	-0.002	104.61	-39.86	-0.00	0.72
4990000	0.000	0.030	0.000	1	0	0.000	0.018	-0.011	102.68	-39.86	-0.00	0.00
5000000	0.000	0.004	0.000	2	0	0.000	0.026	-0.002	105.74	-40.92	0.00	-6.79
5010000	0.000	5.243	0.000	2	0	0.000	0.027	-0.075	98.50	-40.93	0.00	-6.42
5020000	0.000	0.253	0.000	2	0	0.000	0.031	-0.009	102.11	-40.92	-0.00	0.00
5030000	0.000	2.243	0.000	2	0	0.000	0.023	0.008	99.56	-40.92	-0.00	0.00
5040000	0.000	0.124	0.000	1	0	0.000	0.030	0.023	103.49	-39.86	0.00	-6.43
5050000	0.000	738.202	0.000	1	0	0.000	0.019	0.071	97.53	-40.14	0.02	0.00
5060000	0.000	0.249	0.000	1	0	0.000	0.015	-0.046	102.42	-39.86	-0.00	0.00
5070000	0.000	10.259	0.000	1	0	0.000	0.026	-0.043	99.17	-39.87	0.00	0.00
5080000	0.000	1717.312	0.000	1	0	0.000	0.019	-0.018	99.76	-40.20	-0.00	0.00
5090000	0.000	7021.973	0.000	1	0	0.000	0.015	-0.043	98.24	-40.32	0.00	-6.36
5100000	0.000	6.469	0.000	1	0	0.000	0.021	0.031	101.11	-39.87	0.00	0.00
5110000	0.000	758.886	0.000	2	0	0.000	0.025	-0.005	94.41	-41.20	0.00	-6.30
5120000	0.000	10.239	0.000	2	0	0.000	0.036	-0.079	94.17	-40.93	0.00	-6.67
5130000	0.000	0.093	0.000	3	0	0.000	0.014	0.021	101.19	-42.39	-0.00	0.70
5140000	0.000	0.120	0.000	2	0	0.000	0.014	0.068	99.83	-40.92	-0.00	0.00
5150000	0.000	0.157	0.000	1	0	0.000	0.013	-0.039	102.87	-39.86	-0.00	0.00
5160000	0.000	0.023	0.000	1	0	0.000	0.028	-0.027	103.63	-39.86	0.00	-6.81
5170000	0.000	0.000	0.000	0	0	0.000	0.021	-0.020	101.15	-39.50	0.00	-6.55
5180000	0.000	0.007	0.000	1	0	0.000	0.020	0.040	104.80	-39.86	-0.00	0.00
5190000	0.000	0.000	0.000	0	0	0.000	0.022	0.048	101.63	-39.50	0.00	-6.29
5200000	0.000	0.003	0.000	1	0	0.000	0.025	-0.044	103.96	-39.86	-0.00	0.00
5210000	0.000	0.000	0.000	0	0	0.000	0.021	0.041	101.65	-39.50	-0.00	0.00
5220000	0.000	0.000	0.000	0	0	0.000	0.011	-0.027	101.08	-39.50	0.00	-5.99
5230000	0.000	84.077	0.000	1	0	0.000	0.023	0.026	99.83	-39.96	0.00	-0.62
5240000	0.000	10392.212	0.000	1	0	0.000	0.028	0.021	97.59	-40.35	0.00	-6.71
5250000	0.000	2665.693	0.000	1	0	0.000	0.015	0.046	98.05	-40.24	0.00	-6.27
5260000	0.000	779843.401	0.000	2	0	0.000	0.030	0.003	94.90	-41.75	0.00	0.00
5270000	0.000	310977249.151	0.000	1	0	0.000	0.019	0.103	88.24	-41.17	0.07	0.00
5280000	0.000	19498.320	0.000	2	0	0.000	0.025	-0.003	98.09	-41.46	0.00	-0.33
5290000	0.000	15030.798	0.000	1	0	0.000	0.030	0.043	96.48	-40.38	0.00	-6.68
5300000	0.000	1162.021	0.000	1	0	0.000	0.024	0.012	99.81	-40.17	-0.00	0.00
5310000	0.000	1.490	0.000	1	0	0.000	0.030	-0.060	101.31	-39.86	0.00	-6.49
5320000	0.000	0.400	0.000	1	0	0.000	0.024	0.002	103.20	-39.86	-0.00	0.00
5330000	0.000	7.363	0.000	3	0	0.000	0.027	-0.040	93.64	-42.39	0.00	-6.64
5340000	0.000	0.004	0.000	1	0	0.000	0.019	-0.057	99.71	-39.86	0.00	-0.39
5350000	0.000	0.261	0.000	1	0	0.000	0.021	-0.030	98.46	-39.86	-0.00	-0.69
5360000	0.000	32.996	0.000	1	0	0.000	0.041	-0.005	92.69	-39.90	0.00	0.00
5370000	0.000	1.333	0.000	2	0	0.000	0.017	0.020	97.65	-40.92	-0.00	0.00
5380000	0.000	0.013	0.000	2	0	0.000	0.021	-0.036	105.30	-40.92	-0.00	0.00
5390000	0.000	0.125	0.000	1	0	0.000	0.016	0.001	104.20	-39.86	-0.01	0.00
5400000	0.000	0.189	0.000	1	0	0.000	0.021	-0.016	103.93	-39.86	0.00	-6.23
5410000	0.000	0.853	0.000	2	0	0.000	0.026	0.015	103.51	-40.92	-0.00	0.00
5420000	0.000	0.196	0.000	1	0	0.000	0.017	0.028	103.49	-39.86	-0.00	0.35
5430000	0.000	0.084	0.000	2	0	0.000	0.012	0.002	102.01	-40.92	-0.00	-0.69
5440000	0.000	5.709	0.000	2	0	0.000	0.013	-0.001	100.00	-40.93	-0.00	0.00
5450000	0.000	0.891	0.000	2	0	0.000	0.015	-0.043	101.72	-40.92	0.00	-6.49
5460000	0.000	20.134	0.000	1	0	0.000	0.011	0.022	100.25	-39.88	-0.00	0.00
5470000	0.000	0.000	0.000	1	0	0.000	0.021	0.008	102.16	-39.86	0.00	-6.12
5480000	0.000	0.000	0.000	0	0	0.000	0.022	-0.013	102.48	-39.50	0.00	0.00
5490000	0.000	0.373	0.000	2	0	0.000	0.026	-0.083	95.50	-40.92	-0.00	0.04
5500000	0.000	0.033	0.000	2	0	0.000	0.025	-0.004	102.92	-40.92	0.00	-0.16
5510000	0.000	0.845	0.000	1	0	0.000	0.040	-0.005	101.03	-39.86	-0.00	-0.69
5520000	0.000	0.024	0.000	1	0	0.000	0.020	0.033	104.71	-39.86	-0.00	0.00
5530000	0.000	6585.639	0.000	1	0	0.000	0.013	0.023	98.10	-40.31	-0.00	0.00
5540000	0.000	26.024	0.000	1	0	0.000	0.020	-0.019	101.90	-39.89	0.00	0.00
5550000	0.000	73.479	0.000	1	0	0.000	0.034	0.000	100.16	-39.95	0.00	-6.49
5560000	0.000	29.538	0.000	1	0	0.000	0.027	0.019	100.62	-39.90	0.00	0.00
5570000	0.000	20.969	0.000	2	0	0.000	0.020	0.039	101.62	-40.95	-0.01	0.00
5580000	0.000	3.268	0.000	1	0	0.000	0.018	-0.024	102.32	-39.86	-0.00	0.26
5590000	0.000	0.290	0.000	1	0	0.000	0.026	0.029	102.77	-39.86	-0.00	-0.69
5600000	0.000	0.000	0.000	0	0	0.000	0.013	-0.030	101.51	-39.50	-0.00	0.00
5610000	0.000	1.699	0.000	1	0	0.000	0.043	0.042	95.40	-39.86	0.00	-6.46
5620000	0.000	0.236	0.000	1	0	0.000	0.014	-0.014	103.67	-39.86	-0.00	0.25
5630000	0.000	4.755	0.000	2	0	0.000	0.023	-0.025	101.83	-40.93	0.00	0.00
5640000	0.000	0.375	0.000	2	0	0.000	0.025	0.015	100.18	-40.92	-0.00	0.00
5650000	0.000	2.050	0.000	1	0	0.000	0.041	-0.043	99.50	-39.86	-0.00	0.00
5660000	0.000	0.295	0.000	1	0	0.000	0.015	-0.008	102.34	-39.86	-0.01	0.00
5670000	0.000	1.343	0.000	1	0	0.000	0.022	0.033	102.39	-39.86	-0.00	0.00
5680000	0.000	1.921	0.000	1	0	0.000	0.023	-0.045	102.50	-39.86	0.00	-6.37
5690000	0.000	0.468	0.000	2	0	0.000	0.020	0.036	101.11	-40.92	0.00	-6.28
5700000	0.000	0.000	0.000	0	0	0.000	0.030	0.013	101.68	-39.50	0.00	-6.59
5710000	0.000	0.005	0.000	1	0	0.000	0.023	0.018	105.77	-39.86	-0.00	-0.69
5720000	0.000	0.002	0.000	2	0	0.000	0.018	-0.053	107.23	-40.92	-0.00	-0.69
5730000	0.000	0.002	0.000	1	0	0.000	0.024	0.035	104.58	-39.86	-0.00	-0.69
5740000	0.000	0.039	0.000	2	0	0.000	0.008	-0.018	100.95	-40.92	0.00	-6.46
5750000	0.000	6.905	0.000	3	0	0.000	0.010	-0.052	98.69	-42.39	0.00	-0.54
5760000	0.000	39.566	0.000	1	0	0.000	0.020	0.021	96.35	-39.91	-0.03	0.00
5770000	0.000	2.527	0.000	3	0	0.000	0.032	0.008	95.11	-42.39	-0.00	-0.69
5780000	0.000	1.331	0.000	1	0	0.000	0.018	-0.008	103.11	-39.86	0.00	-6.24
5790000	0.000	0.007	0.000	1	0	0.000	0.024	0.011	102.89	-39.86	0.00	-6.35
5800000	0.000	1.133	0.000	1	0	0.000	0.020	0.006	103.35	-39.86	-0.00	0.00
5810000	0.000	0.000	0.000	0	0	0.000	0.021	0.033	101.85	-39.50	-0.00	0.00
5820000	0.000	0.000	0.000	1	0	0.000	0.013	-0.004	101.05	-39.86	0.00	-5.97
5830000	0.000	3.381	0.000	1	0	0.000	0.022	0.019	102.21	-39.86	0.00	-0.08
5840000	0.000	66.994	0.000	1	0	0.000	0.023	-0.018	101.39	-39.95	-0.17	-0.69
5850000	0.000	0.009	0.000	1	0	0.000	0.024	0.048	103.38	-39.86	0.00	0.69
5860000	0.000	0.925	0.000	1	0	0.000	0.029	-0.051	102.12	-39.86	-0.00	-0.69
5870000	0.000	0.117	0.000	2	0	0.000	0.013	-0.061	102.39	-40.92	-0.00	-0.69
5880000	0.000	22.175	0.000	1	0	0.000	0.017	0.062	99.78	-39.89	-0.00	0.00
5890000	0.000	5.332	0.000	2	0	0.000	0.015	0.046	100.52	-40.93	-0.00	-0.69
5900000	0.000	0.947	0.000	1	0	0.000	0.025	-0.035	102.75	-39.86	0.00	-6.61
5910000	0.000	41.495	0.000	1	0	0.000	0.027	0.012	101.25	-39.92	-0.00	0.00
5920000	0.000	1.438	0.000	1	0	0.000	0.021	0.003	101.48	-39.86	-0.00	0.00
5930000	0.000	146.551	0.000	1	0	0.000	0.036	-0.095	94.34	-40.01	-0.01	0.00
5940000	0.000	0.005	0.000	1	0	0.000	0.023	0.014	105.92	-39.86	0.00	-6.46
5950000	0.000	1.555	0.000	1	0	0.000	0.029	-0.038	101.69	-39.86	-0.00	0.00
5960000	0.000	0.344	0.000	1	0	0.000	0.029	-0.011	103.54	-39.86	-0.00	0.00
5970000	0.000	2.482	0.000	2	0	0.000	0.020	-0.016	102.78	-40.92	0.00	-0.69
5980000	0.000	17.728	0.000	2	0	0.000	0.035	-0.020	97.90	-40.94	0.01	0.00
5990000	0.000	0.004	0.000	1	0	0.000	0.022	0.002	106.14	-39.86	-0.00	-0.69
6000000	0.000	35.403	0.000	1	0	0.000	0.018	0.030	97.43	-39.91	0.00	-5.83
6010000	0.000	26.096	0.000	1	0	0.000	0.010	-0.005	100.28	-39.89	0.00	-6.28
6020000	0.000	25.050	0.000	1	0	0.000	0.016	0.067	99.30	-39.89	0.00	-6.28
6030000	0.000	120.326	0.000	1	0	0.000	0.024	0.000	100.98	-39.99	-0.02	0.00
6040000	0.000	21.103	0.000	1	0	0.000	0.019	-0.005	101.75	-39.89	-0.04	-0.69
6050000	0.000	0.151	0.000	1	0	0.000	0.027	-0.021	103.87	-39.86	-0.00	0.43
6060000	0.000	11.291	0.000	2	0	0.000	0.024	0.033	98.63	-40.93	-0.00	0.00
6070000	0.000	1.647	0.000	1	0	0.000	0.023	-0.030	97.68	-39.86	0.00	-6.42
6080000	0.000	2.031	0.000	2	0	0.000	0.014	0.002	96.60	-40.92	-0.00	0.00
6090000	0.000	0.771	0.000	1	0	0.000	0.022	0.080	98.85	-39.86	0.00	-5.99
6100000	0.000	0.161	0.000	1	0	0.000	0.024	0.010	102.55	-39.86	0.00	-6.80
6110000	0.000	0.682	0.000	1	0	0.000	0.038	0.005	100.42	-39.86	0.00	-6.95
6120000	0.000	0.118	0.000	1	0	0.000	0.013	-0.042	102.96	-39.86	-0.00	-0.69
6130000	0.000	8.674	0.000	2	0	0.000	0.029	0.014	99.63	-40.93	-0.01	-0.69
6140000	0.000	0.003	0.000	1	0	0.000	0.011	-0.029	102.50	-39.86	-0.00	-0.69
6150000	0.000	0.062	0.000	1	0	0.000	0.029	0.006	102.03	-39.86	-0.00	0.47
6160000	0.000	0.055	0.000	1	0	0.000	0.029	-0.067	102.64	-39.86	0.00	-6.43
6170000	0.000	0.033	0.000	1	0	0.000	0.016	-0.028	103.63	-39.86	-0.00	0.00
6180000	0.000	2.681	0.000	1	0	0.000	0.018	0.030	102.38	-39.86	-0.00	0.00
6190000	0.000	643.739	0.000	2	0	0.000	0.038	-0.053	93.82	-41.18	-0.00	-0.69
6200000	0.000	0.858	0.000	1	0	0.000	0.009	-0.035	101.17	-39.86	0.00	0.00
6210000	0.000	0.014	0.000	3	0	0.000	0.020	-0.031	102.57	-42.39	-0.00	0.00
6220000	0.000	0.007	0.000	2	0	0.000	0.029	-0.044	104.74	-40.92	-0.00	0.00
6230000	0.000	0.000	0.000	0	0	0.000	0.025	-0.028	101.72	-39.50	0.00	-6.07
6240000	0.000	0.570	0.000	1	0	0.000	0.019	0.036	102.70	-39.86	-0.00	0.00
6250000	0.000	0.010	0.000	2	0	0.000	0.023	-0.017	103.91	-40.92	0.00	-6.59
6260000	0.000	0.000	0.000	0	0	0.000	0.019	0.042	101.87	-39.50	-0.00	0.00
6270000	0.000	0.000	0.000	0	0	0.000	0.040	0.060	99.08	-39.50	-0.00	0.00
6280000	0.000	0.027	0.000	1	0	0.000	0.012	0.044	99.86	-39.86	0.00	-5.76
6290000	0.000	0.049	0.000	1	0	0.000	0.017	0.033	103.34	-39.86	-0.00	0.00
6300000	0.000	0.484	0.000	2	0	0.000	0.018	-0.007	102.93	-40.92	-0.00	0.00
6310000	0.000	1440.756	0.000	1	0	0.000	0.013	0.009	98.60	-40.19	0.00	-6.12
6320000	0.000	9.081	0.000	1	0	0.000	0.017	-0.008	102.18	-39.87	-0.01	-0.69
6330000	0.000	0.142	0.000	1	0	0.000	0.031	-0.011	103.82	-39.86	-0.00	-0.69
6340000	0.000	0.003	0.000	2	0	0.000	0.028	-0.034	105.74	-40.92	-0.00	0.00
6350000	0.000	0.237	0.000	1	0	0.000	0.032	-0.085	100.23	-39.86	-0.00	0.00
6360000	0.000	0.102	0.000	1	0	0.000	0.024	0.066	102.13	-39.86	-0.00	0.00
6370000	0.000	9.791	0.000	1	0	0.000	0.039	0.012	93.62	-39.88	0.00	0.67
6380000	0.000	1.766	0.000	1	0	0.000	0.024	-0.052	101.97	-39.86	0.00	0.00
6390000	0.000	1.126	0.000	1	0	0.000	0.014	0.022	100.47	-39.86	0.00	-5.92
6400000	0.000	28.027	0.000	1	0	0.000	0.031	0.022	99.33	-39.90	-0.00	0.60
6410000	0.000	123.482	0.000	1	0	0.000	0.022	0.056	99.05	-39.99	-0.26	-0.69
6420000	0.000	0.231	0.000	2	0	0.000	0.013	-0.012	101.78	-40.92	-0.00	0.25
6430000	0.000	0.330	0.000	2	0	0.000	0.017	-0.061	102.67	-40.92	-0.00	0.00
6440000	0.000	0.054	0.000	2	0	0.000	0.016	0.046	102.49	-40.92	0.00	-6.40
6450000	0.000	0.450	0.000	2	0	0.000	0.016	-0.001	103.55	-40.92	0.00	-6.35
6460000	0.000	0.041	0.000	2	0	0.000	0.014	-0.041	102.48	-40.92	-0.00	0.00
6470000	0.000	1.241	0.000	1	0	0.000	0.027	-0.014	97.62	-39.86	-0.00	0.00
6480000	0.000	0.000	0.000	0	0	0.000	0.031	0.017	102.05	-39.50	-0.00	0.00
6490000	0.000	0.089	0.000	2	0	0.000	0.025	0.000	100.01	-40.92	-0.00	0.00
6500000	0.000	0.173	0.000	3	0	0.000	0.014	0.003	103.70	-42.39	-0.00	0.00
6510000	0.000	0.000	0.000	0	0	0.000	0.013	0.001	101.94	-39.50	0.00	-6.09
6520000	0.000	0.015	0.000	1	0	0.000	0.010	0.018	103.57	-39.86	-0.00	0.00
6530000	0.000	4.299	0.000	1	0	0.000	0.024	-0.065	101.17	-39.87	-0.00	0.23
6540000	0.000	0.222	0.000	1	0	0.000	0.013	-0.021	103.32	-39.86	-0.01	0.00
6550000	0.000	0.001	0.000	1	0	0.000	0.024	0.011	105.72	-39.86	-0.00	-0.69
6560000	0.000	0.000	0.000	0	0	0.000	0.010	-0.077	98.71	-39.50	0.00	-5.86
6570000	0.000	0.000	0.000	0	0	0.000	0.019	-0.004	101.79	-39.50	-0.00	0.00
6580000	0.000	0.000	0.000	0	0	0.000	0.024	-0.050	100.46	-39.50	0.00	-5.95
6590000	0.000	0.390	0.000	2	0	0.000	0.017	-0.035	95.85	-40.92	-0.00	0.00
6600000	0.000	1.166	0.000	1	0	0.000	0.023	0.034	98.84	-39.86	0.00	-6.16
6610000	0.000	1.946	0.000	3	0	0.000	0.009	0.046	96.98	-42.39	0.00	-5.95
6620000	0.000	0.172	0.000	3	0	0.000	0.030	0.002	99.91	-42.39	-0.00	0.00
6630000	0.000	0.011	0.000	4	0	0.000	0.001	-0.075	102.99	-44.14	0.00	-6.23
6640000	0.000	0.138	0.000	1	0	0.000	0.028	0.010	103.89	-39.86	0.00	-6.41
6650000	0.000	0.018	0.000	1	0	0.000	0.022	-0.058	100.52	-39.86	-0.00	0.00
6660000	0.000	25.442	0.000	1	0	0.000	0.029	0.004	101.39	-39.89	-0.06	-0.69
6670000	0.000	0.285	0.000	1	0	0.000	0.036	0.029	101.58	-39.86	-0.00	0.00
6680000	0.000	0.693	0.000	1	0	0.000	0.012	0.008	102.57	-39.86	-0.00	0.00
6690000	0.000	0.415	0.000	2	0	0.000	0.028	0.019	102.81	-40.92	-0.00	-0.69
6700000	0.000	113.409	0.000	1	0	0.000	0.038	-0.046	98.14	-39.99	-0.00	0.00
6710000	0.000	72.221	0.000	1	0	0.000	0.024	0.025	99.69	-39.95	0.00	-6.73
6720000	0.000	0.015	0.000	1	0	0.000	0.021	0.007	105.40	-39.86	0.00	-6.30
6730000	0.000	0.027	0.000	1	0	0.000	0.026	0.030	104.22	-39.86	0.00	0.00
6740000	0.000	0.058	0.000	2	0	0.000	0.032	-0.032	102.06	-40.92	-0.00	0.00
6750000	0.000	0.012	0.000	1	0	0.000	0.022	-0.002	105.53	-39.86	-0.01	0.00
6760000	0.000	0.000	0.000	0	0	0.000	0.018	-0.026	100.79	-39.50	0.00	-6.52
6770000	0.000	0.009	0.000	1	0	0.000	0.026	0.005	105.46	-39.86	0.00	-6.60
6780000	0.000	132.804	0.000	2	0	0.000	0.020	0.065	96.73	-41.06	0.00	-6.44
6790000	0.000	5.281	0.000	1	0	0.000	0.025	0.040	101.61	-39.87	0.00	0.00
6800000	0.000	1.699	0.000	3	0	0.000	0.016	-0.011	101.06	-42.39	0.00	-6.21
6810000	0.000	0.007	0.000	1	0	0.000	0.037	-0.032	103.48	-39.86	0.00	-6.47
6820000	0.000	0.142	0.000	1	0	0.000	0.035	-0.043	102.31	-39.86	-0.00	0.00
6830000	0.000	0.184	0.000	1	0	0.000	0.025	-0.024	101.53	-39.86	-0.00	-0.69
6840000	0.000	0.025	0.000	1	0	0.000	0.030	-0.005	101.30	-39.86	-0.00	0.00
6850000	0.000	0.000	0.000	0	0	0.000	0.008	0.057	99.20	-39.50	-0.00	0.00
6860000	0.000	0.025	0.000	1	0	0.000	0.016	-0.056	103.63	-39.86	0.00	-6.12
6870000	0.000	0.114	0.000	1	0	0.000	0.037	-0.023	102.28	-39.86	0.00	-6.44
6880000	0.000	0.425	0.000	1	0	0.000	0.035	-0.030	101.93	-39.86	0.00	-6.38
6890000	0.000	1.728	0.000	1	0	0.000	0.031	0.075	98.30	-39.86	-0.00	-0.69
6900000	0.000	0.009	0.000	2	0	0.000	0.023	0.016	104.48	-40.92	0.00	0.00
6910000	0.000	0.198	0.000	1	0	0.000	0.032	-0.045	102.06	-39.86	-0.00	0.39
6920000	0.000	2.381	0.000	1	0	0.000	0.033	0.015	101.74	-39.86	-0.00	-0.69
6930000	0.000	0.050	0.000	1	0	0.000	0.025	-0.025	104.74	-39.86	0.00	0.00
6940000	0.000	4.795	0.000	1	0	0.000	0.029	-0.057	100.96	-39.87	-0.00	0.00
6950000	0.000	30.239	0.000	1	0	0.000	0.026	-0.022	101.56	-39.90	0.00	-0.52
6960000	0.000	0.281	0.000	1	0	0.000	0.015	-0.031	103.14	-39.86	-0.00	-0.69
6970000	0.000	2.478	0.000	2	0	0.000	0.036	-0.065	95.24	-40.92	-0.00	-0.69
6980000	0.000	16.199	0.000	1	0	0.000	0.020	-0.017	102.08	-39.88	-0.03	-0.69
6990000	0.000	1.173	0.000	1	0	0.000	0.020	-0.037	102.36	-39.86	-0.00	0.00
7000000	0.000	0.077	0.000	1	0	0.000	0.027	0.024	103.81	-39.86	-0.00	0.50
7010000	0.000	0.000	0.000	0	0	0.000	0.019	0.031	102.20	-39.50	0.00	-6.17
7020000	0.000	0.601	0.000	3	0	0.000	0.035	-0.051	98.98	-42.39	0.00	-6.32
7030000	0.000	0.292	0.000	1	0	0.000	0.022	0.040	97.46	-39.86	-0.00	-0.69
7040000	0.000	0.726	0.000	1	0	0.000	0.032	-0.068	100.90	-39.86	-0.00	-0.69
7050000	0.000	1.003	0.000	1	0	0.000	0.030	-0.020	102.77	-39.86	0.00	-6.45
7060000	0.000	43.735	0.000	1	0	0.000	0.010	-0.049	98.74	-39.92	0.00	-6.41
7070000	0.000	56.017	0.000	1	0	0.000	0.036	0.023	99.02	-39.94	-0.00	0.56
7080000	0.000	2.635	0.000	1	0	0.000	0.010	0.004	96.44	-39.86	0.00	-6.47
7090000	0.000	0.595	0.000	1	0	0.000	0.018	0.021	103.30	-39.86	0.00	0.00
7100000	0.000	1.617	0.000	1	0	0.000	0.022	0.087	99.08	-39.86	-0.00	0.00
7110000	0.000	1.857	0.000	1	0	0.000	0.022	0.005	103.15	-39.86	0.00	-6.49
7120000	0.000	0.039	0.000	1	0	0.000	0.024	0.008	104.06	-39.86	0.00	-0.15
7130000	0.000	7.384	0.000	1	0	0.000	0.042	0.023	98.62	-39.87	0.00	0.00
7140000	0.000	11829.625	0.000	1	0	0.000	0.021	0.023	98.21	-40.36	-0.03	0.00
7150000	0.000	20.635	0.000	2	0	0.000	0.025	-0.048	97.69	-40.94	0.00	-6.32
7160000	0.000	2.453	0.000	2	0	0.000	0.031	-0.084	94.50	-40.92	-0.00	0.00
7170000	0.000	0.031	0.000	2	0	0.000	0.017	-0.054	101.96	-40.92	-0.00	0.00
7180000	0.000	0.045	0.000	2	0	0.000	0.027	0.022	103.07	-40.92	0.00	0.00
7190000	0.000	4.983	0.000	1	0	0.000	0.019	0.038	97.51	-39.87	0.00	0.00
7200000	0.000	13.818	0.000	1	0	0.000	0.018	-0.008	100.36	-39.87	-0.00	0.64
7210000	0.000	0.003	0.000	1	0	0.000	0.050	-0.026	97.08	-39.86	-0.00	-0.69
7220000	0.000	30.097	0.000	1	0	0.000	0.028	-0.022	101.07	-39.90	0.00	-0.56
7230000	0.000	5.778	0.000	1	0	0.000	0.028	0.024	101.75	-39.87	0.00	-6.38
7240000	0.000	1.497	0.000	1	0	0.000	0.018	0.030	102.68	-39.86	-0.00	-0.69
7250000	0.000	0.329	0.000	2	0	0.000	0.009	-0.066	101.27	-40.92	0.00	0.01
7260000	0.000	5.025	0.000	1	0	0.000	0.025	-0.079	99.93	-39.87	0.00	-0.55
7270000	0.000	22.795	0.000	1	0	0.000	0.028	0.023	99.42	-39.89	-0.01	0.00
7280000	0.000	1.842	0.000	1	0	0.000	0.027	-0.004	102.92	-39.86	0.00	-0.28
7290000	0.000	0.001	0.000	1	0	0.000	0.010	-0.052	102.37	-39.86	-0.00	-0.69
7300000	0.000	1051.788	0.000	1	0	0.000	0.032	0.031	96.94	-40.16	0.00	-6.16
7310000	0.000	544.628	0.000	1	0	0.000	0.017	-0.026	100.14	-40.11	0.00	0.00
7320000	0.000	0.636	0.000	2	0	0.000	0.038	0.028	97.08	-40.92	0.00	0.00
7330000	0.000	0.035	0.000	1	0	0.000	0.012	-0.035	103.81	-39.86	0.00	-6.31
7340000	0.000	0.001	0.000	1	0	0.000	0.026	-0.015	106.28	-39.86	0.00	-6.57
7350000	0.000	1.222	0.000	1	0	0.000	0.022	-0.022	102.62	-39.86	-0.00	0.00
7360000	0.000	0.374	0.000	1	0	0.000	0.016	-0.018	103.62	-39.86	-0.00	0.00
7370000	0.000	0.268	0.000	1	0	0.000	0.029	0.007	99.93	-39.86	-0.00	0.00
7380000	0.000	0.004	0.000	1	0	0.000	0.025	0.001	104.21	-39.86	-0.00	0.00
7390000	0.000	0.006	0.000	1	0	0.000	0.022	-0.016	105.93	-39.86	-0.00	-0.69
7400000	0.000	0.012	0.000	1	0	0.000	0.021	0.004	100.80	-39.86	-0.00	0.44
7410000	0.000	0.353	0.000	2	0	0.000	0.021	-0.018	102.30	-40.92	0.00	0.00
7420000	0.000	0.031	0.000	1	0	0.000	0.015	-0.045	104.10	-39.86	-0.00	-0.69
7430000	0.000	0.000	0.000	0	0	0.000	0.033	0.034	99.57	-39.50	-0.00	0.00
7440000	0.000	0.000	0.000	0	0	0.000	0.021	-0.011	102.62	-39.50	0.00	0.00
7450000	0.000	0.000	0.000	0	0	0.000	0.025	-0.078	99.66	-39.50	0.00	-6.00
7460000	0.000	0.007	0.000	1	0	0.000	0.008	-0.025	100.30	-39.86	-0.00	-0.69
7470000	0.000	0.011	0.000	2	0	0.000	0.025	0.008	102.72	-40.92	-0.00	-0.69
7480000	0.000	0.849	0.000	1	0	0.000	0.021	-0.027	103.21	-39.86	0.00	-6.55
7490000	0.000	0.212	0.000	1	0	0.000	0.016	0.047	102.38	-39.86	-0.00	-0.69
7500000	0.000	0.005	0.000	1	0	0.000	0.018	-0.011	103.14	-39.86	0.00	-0.35
7510000	0.000	0.002	0.000	1	0	0.000	0.008	-0.070	99.92	-39.86	-0.00	0.00
7520000	0.000	0.012	0.000	2	0	0.000	0.017	0.104	99.21	-40.92	0.00	0.00
7530000	0.000	0.005	0.000	1	0	0.000	0.021	-0.017	102.27	-39.86	0.00	-6.71
7540000	0.000	0.007	0.000	1	0	0.000	0.016	0.032	103.38	-39.86	-0.00	-0.69
7550000	0.000	0.004	0.000	1	0	0.000	0.010	-0.094	99.38	-39.86	-0.00	-0.69
7560000	0.000	0.020	0.000	1	0	0.000	0.024	-0.003	105.41	-39.86	-0.00	-0.69
7570000	0.000	101.594	0.000	1	0	0.000	0.012	0.002	99.57	-39.98	0.00	-6.06
7580000	0.000	10.631	0.000	1	0	0.000	0.020	-0.041	101.21	-39.87	-0.00	0.00
7590000	0.000	10.215	0.000	1	0	0.000	0.024	-0.022	102.10	-39.87	0.00	-0.45
7600000	0.000	58.014	0.000	1	0	0.000	0.017	-0.009	101.26	-39.94	-0.00	0.04
7610000	0.000	9.792	0.000	1	0	0.000	0.017	0.035	101.37	-39.87	-0.00	0.00
7620000	0.000	48.176	0.000	1	0	0.000	0.015	-0.050	100.13	-39.93	-0.12	-0.69
7630000	0.000	3.214	0.000	1	0	0.000	0.010	0.028	100.94	-39.86	-0.00	0.00
7640000	0.000	0.309	0.000	2	0	0.000	0.025	0.009	101.55	-40.92	0.00	-6.03
7650000	0.000	16.359	0.000	1	0	0.000	0.027	-0.033	101.57	-39.88	-0.01	0.00
7660000	0.000	27864.996	0.000	1	0	0.000	0.029	-0.035	97.22	-40.43	-0.00	0.00
7670000	0.000	1139.085	0.000	1	0	0.000	0.020	-0.024	99.58	-40.17	0.00	-6.55
7680000	0.000	1.300	0.000	2	0	0.000	0.032	-0.054	97.37	-40.92	-0.00	0.00
7690000	0.000	0.001	0.000	1	0	0.000	0.030	0.007	102.59	-39.86	0.00	-0.16
7700000	0.000	0.000	0.000	0	0	0.000	0.030	-0.011	101.99	-39.50	-0.00	0.48
7710000	0.000	0.254	0.000	2	0	0.000	0.024	-0.069	98.58	-40.92	-0.00	-0.69
7720000	0.000	0.205	0.000	2	0	0.000	0.018	0.060	99.40	-40.92	-0.00	0.00
7730000	0.000	0.436	0.000	1	0	0.000	0.011	-0.094	94.52	-39.86	0.00	-0.04
7740000	0.000	1.295	0.000	4	0	0.000	0.026	-0.003	89.73	-44.14	-0.00	0.26
7750000	0.000	0.004	0.000	1	0	0.000	0.019	-0.007	106.18	-39.86	-0.00	0.00
7760000	0.000	0.095	0.000	1	0	0.000	0.029	-0.026	104.06	-39.86	-0.00	0.00
7770000	0.000	0.786	0.000	1	0	0.000	0.014	-0.011	103.07	-39.86	0.00	0.00
7780000	0.000	0.000	0.000	0	0	0.000	0.026	-0.060	101.02	-39.50	-0.00	0.00
7790000	0.000	0.024	0.000	2	0	0.000	0.031	-0.057	98.26	-40.92	0.00	-0.55
7800000	0.000	0.368	0.000	1	0	0.000	0.023	0.011	103.86	-39.86	-0.00	-0.69
7810000	0.000	1.441	0.000	1	0	0.000	0.015	-0.011	102.98	-39.86	-0.00	-0.69
7820000	0.000	1.639	0.000	1	0	0.000	0.026	0.056	101.27	-39.86	-0.00	0.00
7830000	0.000	0.247	0.000	1	0	0.000	0.022	0.031	103.55	-39.86	0.00	0.00
7840000	0.000	0.258	0.000	1	0	0.000	0.029	-0.017	103.70	-39.86	0.00	-0.46
7850000	0.000	0.009	0.000	2	0	0.000	0.023	-0.020	105.03	-40.92	-0.00	0.20
7860000	0.000	1.162	0.000	1	0	0.000	0.018	0.031	102.73	-39.86	-0.00	0.00
7870000	0.000	0.328	0.000	1	0	0.000	0.015	-0.001	101.33	-39.86	0.00	-6.68
7880000	0.000	0.162	0.000	1	0	0.000	0.019	-0.042	103.52	-39.86	0.00	-6.20
7890000	0.000	0.001	0.000	2	0	0.000	0.033	-0.028	106.13	-40.92	0.00	-6.51
7900000	0.000	0.009	0.000	2	0	0.000	0.023	0.036	102.82	-40.92	-0.00	0.00
7910000	0.000	0.031	0.000	1	0	0.000	0.027	-0.018	103.88	-39.86	0.00	-6.20
7920000	0.000	0.391	0.000	1	0	0.000	0.018	0.023	98.29	-39.86	0.00	-6.20
7930000	0.000	0.078	0.000	1	0	0.000	0.022	0.016	99.39	-39.86	-0.00	0.00
7940000	0.000	0.000	0.000	0	0	0.000	0.030	-0.010	102.27	-39.50	0.00	-6.45
7950000	0.000	0.749	0.000	1	0	0.000	0.028	0.040	102.08	-39.86	0.00	-0.48
7960000	0.000	0.001	0.000	1	0	0.000	0.015	0.010	104.04	-39.86	-0.00	-0.69
7970000	0.000	0.252	0.000	1	0	0.000	0.031	0.023	103.09	-39.86	-0.00	0.00
7980000	0.000	6.122	0.000	1	0	0.000	0.023	0.008	101.39	-39.87	0.00	0.00
7990000	0.000	423.533	0.000	1	0	0.000	0.023	-0.035	96.25	-40.09	0.00	-0.17
8000000	0.000	5.440	0.000	1	0	0.000	0.034	0.001	101.46	-39.87	-0.00	0.63
8010000	0.000	0.039	0.000	1	0	0.000	0.021	0.011	101.22	-39.86	0.00	0.00
8020000	0.000	4.294	0.000	1	0	0.000	0.026	-0.040	102.14	-39.87	-0.00	-0.69
8030000	0.000	81.987	0.000	1	0	0.000	0.020	0.022	100.92	-39.96	0.00	-0.50
8040000	0.000	45.847	0.000	2	0	0.000	0.025	0.011	101.52	-40.98	0.00	0.00
8050000	0.000	24.354	0.000	1	0	0.000	0.021	-0.029	101.08	-39.89	0.00	-6.17
8060000	0.000	0.723	0.000	2	0	0.000	0.022	-0.007	100.10	-40.92	-0.00	0.55
8070000	0.000	1.080	0.000	2	0	0.000	0.032	-0.051	100.29	-40.92	-0.00	-0.69
8080000	0.000	0.748	0.000	2	0	0.000	0.025	0.017	99.68	-40.92	0.00	-6.39
8090000	0.000	2.661	0.000	1	0	0.000	0.024	-0.045	101.75	-39.86	-0.00	0.00
8100000	0.000	0.079	0.000	2	0	0.000	0.013	-0.057	103.63	-40.92	0.00	-0.08
8110000	0.000	0.248	0.000	2	0	0.000	0.033	0.025	101.65	-40.92	-0.00	0.00
8120000	0.000	0.000	0.000	0	0	0.000	0.035	0.006	101.40	-39.50	0.00	-6.25
8130000	0.000	0.000	0.000	0	0	0.000	0.022	0.018	102.22	-39.50	0.00	0.00
8140000	0.000	0.002	0.000	1	0	0.000	0.022	0.035	102.66	-39.86	0.00	0.69
8150000	0.000	0.438	0.000	2	0	0.000	0.025	0.050	101.04	-40.92	-0.00	-0.69
8160000	0.000	0.004	0.000	2	0	0.000	0.014	0.003	104.16	-40.92	-0.00	-0.69
8170000	0.000	1.243	0.000	2	0	0.000	0.012	0.017	99.92	-40.92	0.00	-6.08
8180000	0.000	0.783	0.000	2	0	0.000	0.025	-0.106	94.52	-40.92	-0.00	0.00
8190000	0.000	8.263	0.000	1	0	0.000	0.015	0.011	95.99	-39.87	0.00	0.00
8200000	0.000	7.712	0.000	1	0	0.000	0.018	-0.012	96.88	-39.87	0.00	-6.24
8210000	0.000	1.584	0.000	1	0	0.000	0.019	-0.007	97.41	-39.86	0.00	-0.15
8220000	0.000	0.336	0.000	2	0	0.000	0.015	0.010	99.90	-40.92	0.00	-6.12
8230000	0.000	2.110	0.000	1	0	0.000	0.014	-0.003	97.14	-39.86	0.00	-0.29
8240000	0.000	2.779	0.000	3	0	0.000	0.020	0.015	97.28	-42.39	-0.00	-0.69
8250000	0.000	0.669	0.000	1	0	0.000	0.017	-0.023	97.54	-39.86	0.00	-6.29
8260000	0.000	0.211	0.000	1	0	0.000	0.020	0.008	98.48	-39.86	-0.00	-0.69
8270000	0.000	0.110	0.000	2	0	0.000	0.015	-0.060	100.50	-40.92	-0.00	0.64
8280000	0.000	0.999	0.000	2	0	0.000	0.023	0.049	98.43	-40.92	0.00	-6.33
8290000	0.000	0.008	0.000	1	0	0.000	0.027	0.007	105.55	-39.86	-0.00	0.00
8300000	0.000	0.125	0.000	1	0	0.000	0.018	-0.022	103.36	-39.86	0.00	0.00
8310000	0.000	0.008	0.000	1	0	0.000	0.031	0.014	100.77	-39.86	-0.00	0.00
8320000	0.000	1.198	0.000	3	0	0.000	0.019	0.061	93.91	-42.39	-0.00	0.00
8330000	0.000	0.072	0.000	2	0	0.000	0.020	-0.075	101.32	-40.92	-0.00	0.00
8340000	0.000	6.585	0.000	2	0	0.000	0.014	-0.026	102.14	-40.93	0.00	-6.08
8350000	0.000	0.679	0.000	2	0	0.000	0.021	-0.018	103.52	-40.92	0.00	-6.43
8360000	0.000	0.002	0.000	1	0	0.000	0.017	-0.020	103.67	-39.86	0.00	0.00
8370000	0.000	0.000	0.000	0	0	0.000	0.013	0.009	101.90	-39.50	0.00	-6.09
8380000	0.000	0.001	0.000	1	0	0.000	0.024	0.011	100.17	-39.86	-0.00	0.00
8390000	0.000	0.000	0.000	1	0	0.000	0.031	-0.036	101.50	-39.86	0.00	-6.17
8400000	0.000	0.000	0.000	0	0	0.000	0.014	-0.031	100.31	-39.50	0.00	-5.82
8410000	0.000	2.012	0.000	1	0	0.000	0.012	-0.022	99.53	-39.86	0.00	-5.86
8420000	0.000	0.068	0.000	2	0	0.000	0.027	-0.016	104.63	-40.92	-0.00	-0.69
8430000	0.000	0.330	0.000	2	0	0.000	0.034	0.001	102.09	-40.92	-0.00	-0.69
8440000	0.000	5.460	0.000	1	0	0.000	0.049	-0.013	97.31	-39.87	-0.00	0.00
8450000	0.000	1394.835	0.000	1	0	0.000	0.030	-0.013	99.14	-40.19	0.00	-6.42
8460000	0.000	0.331	0.000	1	0	0.000	0.010	0.016	101.14	-39.86	-0.00	0.00
8470000	0.000	13.610	0.000	1	0	0.000	0.019	0.001	101.67	-39.87	-0.00	0.05
8480000	0.000	0.000	0.000	1	0	0.000	0.013	0.004	105.19	-39.86	0.00	0.69
8490000	0.000	0.155	0.000	1	0	0.000	0.031	-0.000	103.57	-39.86	-0.00	-0.69
8500000	0.000	0.000	0.000	0	0	0.000	0.032	0.049	100.55	-39.50	-0.00	0.00
8510000	0.000	0.391	0.000	1	0	0.000	0.012	0.040	99.03	-39.86	0.00	0.00
8520000	0.000	0.221	0.000	2	0	0.000	0.023	-0.014	97.27	-40.92	-0.00	0.00
8530000	0.000	0.012	0.000	1	0	0.000	0.038	0.035	99.77	-39.86	-0.00	0.00
8540000	0.000	0.000	0.000	1	0	0.000	0.024	-0.016	102.76	-39.86	0.00	-0.69
8550000	0.000	0.103	0.000	1	0	0.000	0.028	0.032	100.27	-39.86	-0.00	0.00
8560000	0.000	73.565	0.000	1	0	0.000	0.025	-0.027	101.00	-39.95	-0.18	-0.69
8570000	0.000	2.095	0.000	1	0	0.000	0.020	0.039	102.15	-39.86	-0.00	0.00
8580000	0.000	0.000	0.000	1	0	0.000	0.016	-0.012	105.32	-39.86	0.00	-6.19
8590000	0.000	0.006	0.000	2	0	0.000	0.041	-0.005	102.70	-40.92	0.00	-6.74
8600000	0.000	0.899	0.000	1	0	0.000	0.017	-0.094	94.39	-39.86	-0.00	-0.69
8610000	0.000	2.732	0.000	1	0	0.000	0.012	-0.025	101.64	-39.86	-0.00	-0.69
8620000	0.000	0.055	0.000	1	0	0.000	0.039	-0.000	101.67	-39.86	-0.00	0.00
8630000	0.000	0.265	0.000	2	0	0.000	0.015	0.001	99.48	-40.92	-0.00	0.00
8640000	0.000	0.000	0.000	0	0	0.000	0.015	0.010	100.65	-39.50	0.00	0.00
8650000	0.000	0.000	0.000	0	0	0.000	0.010	0.025	100.85	-39.50	0.00	-6.03
8660000	0.000	0.481	0.000	1	0	0.000	0.024	-0.021	103.25	-39.86	-0.00	-0.69
8670000	0.000	0.010	0.000	1	0	0.000	0.019	-0.017	104.65	-39.86	-0.00	0.00
8680000	0.000	0.498	0.000	3	0	0.000	0.017	0.031	104.89	-42.39	0.00	0.00
8690000	0.000	0.003	0.000	1	0	0.000	0.019	-0.009	103.92	-39.86	0.00	-6.36
8700000	0.000	0.012	0.000	1	0	0.000	0.021	-0.041	105.24	-39.86	0.00	0.00
8710000	0.000	0.003	0.000	1	0	0.000	0.015	-0.065	103.69	-39.86	-0.00	0.00
8720000	0.000	1.491	0.000	1	0	0.000	0.020	-0.015	103.30	-39.86	0.00	0.00
8730000	0.000	174.945	0.000	1	0	0.000	0.028	0.018	100.06	-40.02	0.00	-6.34
8740000	0.000	1.333	0.000	1	0	0.000	0.022	0.038	102.48	-39.86	-0.00	-0.69
8750000	0.000	0.002	0.000	2	0	0.000	0.024	0.048	104.69	-40.92	0.00	-6.27
8760000	0.000	0.005	0.000	1	0	0.000	0.037	0.002	104.04	-39.86	0.00	0.00
8770000	0.000	2.640	0.000	1	0	0.000	0.022	-0.010	98.71	-39.86	-0.00	-0.69
8780000	0.000	0.533	0.000	1	0	0.000	0.011	-0.023	102.49	-39.86	0.00	-6.22
8790000	0.000	0.059	0.000	1	0	0.000	0.032	0.011	103.84	-39.86	-0.00	0.14
8800000	0.000	0.384	0.000	4	0	0.000	0.016	0.047	99.52	-44.14	-0.01	0.00
8810000	0.000	1.355	0.000	2	0	0.000	0.022	0.019	101.53	-40.92	-0.00	-0.69
8820000	0.000	0.144	0.000	2	0	0.000	0.033	0.088	97.15	-40.92	0.00	-6.56
8830000	0.000	0.000	0.000	0	0	0.000	0.014	-0.037	101.70	-39.50	0.00	-6.07
8840000	0.000	0.004	0.000	1	0	0.000	0.013	-0.057	101.90	-39.86	-0.00	0.00
8850000	0.000	0.145	0.000	1	0	0.000	0.020	-0.046	103.85	-39.86	-0.00	0.00
8860000	0.000	0.865	0.000	1	0	0.000	0.018	0.049	102.18	-39.86	-0.00	-0.69
8870000	0.000	384.376	0.000	2	0	0.000	0.023	-0.012	99.23	-41.14	-0.03	0.00
8880000	0.000	4.404	0.000	2	0	0.000	0.016	0.038	101.54	-40.93	-0.00	0.00
8890000	0.000	0.198	0.000	1	0	0.000	0.026	-0.018	102.48	-39.86	0.00	-6.84
8900000	0.000	0.000	0.000	0	0	0.000	0.022	-0.035	102.32	-39.50	-0.00	0.00
8910000	0.000	0.004	0.000	1	0	0.000	0.016	-0.019	102.40	-39.86	-0.00	0.00
8920000	0.000	0.009	0.000	1	0	0.000	0.018	0.011	105.65	-39.86	0.00	-6.32
8930000	0.000	2.287	0.000	1	0	0.000	0.034	-0.052	100.03	-39.86	0.00	0.00
8940000	0.000	5.409	0.000	1	0	0.000	0.018	0.039	101.35	-39.87	-0.00	0.19
8950000	0.000	44.224	0.000	1	0	0.000	0.033	0.020	99.47	-39.92	-0.00	0.01
8960000	0.000	0.122	0.000	1	0	0.000	0.012	0.041	102.53	-39.86	-0.00	0.00
8970000	0.000	0.001	0.000	1	0	0.000	0.019	0.072	103.63	-39.86	-0.00	0.00
8980000	0.000	0.585	0.000	1	0	0.000	0.017	-0.046	102.99	-39.86	-0.00	-0.69
8990000	0.000	0.634	0.000	1	0	0.000	0.018	0.057	101.12	-39.86	-0.00	-0.69
9000000	0.000	0.697	0.000	1	0	0.000	0.025	-0.021	102.12	-39.86	-0.00	0.00
9010000	0.000	0.008	0.000	1	0	0.000	0.032	-0.027	104.78	-39.86	-0.00	0.00
9020000	0.000	5.055	0.000	1	0	0.000	0.014	-0.003	101.10	-39.87	-0.00	-0.69
9030000	0.000	0.011	0.000	1	0	0.000	0.019	-0.032	104.82	-39.86	0.00	-6.15
9040000	0.000	0.000	0.000	0	0	0.000	0.034	-0.075	99.46	-39.50	-0.00	0.00
9050000	0.000	0.004	0.000	1	0	0.000	0.026	0.026	105.25	-39.86	0.00	-6.31
9060000	0.000	0.000	0.000	1	0	0.000	0.033	-0.016	104.12	-39.86	0.00	-6.73
9070000	0.000	0.341	0.000	2	0	0.000	0.022	-0.043	102.71	-40.92	0.00	0.00
9080000	0.000	0.021	0.000	1	0	0.000	0.034	-0.095	100.15	-39.86	-0.00	0.00
9090000	0.000	2.370	0.000	2	0	0.000	0.019	-0.040	99.99	-40.92	0.00	-6.34
9100000	0.000	92.765	0.000	1	0	0.000	0.042	-0.037	97.12	-39.97	0.00	-6.39
9110000	0.000	27.033	0.000	1	0	0.000	0.017	0.075	98.40	-39.90	0.02	0.00
9120000	0.000	15.938	0.000	1	0	0.000	0.013	0.002	101.30	-39.88	-0.00	0.00
9130000	0.000	2.636	0.000	1	0	0.000	0.022	-0.020	102.93	-39.86	0.00	0.00
9140000	0.000	2.745	0.000	1	0	0.000	0.030	0.001	101.86	-39.86	-0.00	0.00
9150000	0.000	1.385	0.000	1	0	0.000	0.016	-0.030	102.97	-39.86	0.00	0.00
9160000	0.000	0.065	0.000	2	0	0.000	0.030	-0.003	102.73	-40.92	0.00	0.00
9170000	0.000	1.659	0.000	1	0	0.000	0.024	0.013	102.88	-39.86	-0.00	0.00
9180000	0.000	0.017	0.000	2	0	0.000	0.016	-0.053	99.92	-40.92	0.00	0.69
9190000	0.000	0.131	0.000	2	0	0.000	0.017	0.003	100.68	-40.92	-0.00	-0.69
9200000	0.000	0.002	0.000	1	0	0.000	0.016	-0.017	102.54	-39.86	-0.00	0.00
9210000	0.000	0.000	0.000	0	0	0.000	0.032	-0.046	101.25	-39.50	0.00	-6.32
9220000	0.000	0.020	0.000	1	0	0.000	0.017	0.028	103.72	-39.86	-0.00	-0.69
9230000	0.000	8.017	0.000	1	0	0.000	0.039	0.011	99.43	-39.87	-0.00	0.00
9240000	0.000	51.069	0.000	1	0	0.000	0.018	0.004	101.47	-39.93	-0.00	0.00
9250000	0.000	1.708	0.000	1	0	0.000	0.023	0.020	102.91	-39.86	-0.00	-0.69
9260000	0.000	12.825	0.000	1	0	0.000	0.027	0.032	101.02	-39.87	-0.02	-0.69
9270000	0.000	1.000	0.000	2	0	0.000	0.028	-0.057	98.44	-40.92	-0.00	-0.69
9280000	0.000	74.166	0.000	2	0	0.000	0.012	-0.019	95.02	-41.02	-0.00	0.00
9290000	0.000	12.619	0.000	2	0	0.000	0.025	-0.039	96.87	-40.93	-0.00	0.00
9300000	0.000	0.187	0.000	2	0	0.000	0.016	-0.013	98.75	-40.92	-0.00	0.70
9310000	0.000	9.708	0.000	2	0	0.000	0.032	0.015	99.72	-40.93	0.00	0.00
9320000	0.000	4.693	0.000	1	0	0.000	0.020	-0.045	102.12	-39.87	0.00	-6.41
9330000	0.000	0.021	0.000	1	0	0.000	0.019	-0.000	104.47	-39.86	0.00	0.00
9340000	0.000	4.855	0.000	2	0	0.000	0.026	0.032	100.26	-40.93	-0.00	0.00
9350000	0.000	0.002	0.000	1	0	0.000	0.011	0.004	105.09	-39.86	-0.00	0.00
9360000	0.000	71.957	0.000	1	0	0.000	0.029	-0.050	99.88	-39.95	-0.00	0.00
9370000	0.000	0.463	0.000	1	0	0.000	0.023	0.010	103.28	-39.86	-0.00	0.00
9380000	0.000	0.194	0.000	1	0	0.000	0.016	-0.024	103.91	-39.86	-0.00	-0.69
9390000	0.000	0.504	0.000	1	0	0.000	0.029	-0.086	100.24	-39.86	0.00	0.69
9400000	0.000	0.030	0.000	1	0	0.000	0.028	0.033	103.74	-39.86	-0.00	-0.69
9410000	0.000	1.380	0.000	1	0	0.000	0.017	0.026	102.74	-39.86	0.00	-6.35
9420000	0.000	1.171	0.000	1	0	0.000	0.016	0.007	96.54	-39.86	-0.00	0.00
9430000	0.000	0.000	0.000	0	0	0.000	0.029	-0.075	100.01	-39.50	0.00	0.00
9440000	0.000	0.183	0.000	1	0	0.000	0.023	0.009	98.66	-39.86	0.00	0.00
9450000	0.000	0.000	0.000	1	0	0.000	0.016	-0.014	104.69	-39.86	-0.00	-0.69
9460000	0.000	0.071	0.000	2	0	0.000	0.028	-0.023	105.44	-40.92	-0.00	-0.69
9470000	0.000	0.056	0.000	2	0	0.000	0.021	-0.091	98.66	-40.92	0.00	-6.61
9480000	0.000	0.267	0.000	2	0	0.000	0.039	-0.004	97.28	-40.92	-0.00	-0.69
9490000	0.000	0.051	0.000	1	0	0.000	0.027	-0.023	104.60	-39.86	0.00	-6.57
9500000	0.000	0.000	0.000	0	0	0.000	0.023	-0.033	99.29	-39.50	0.00	0.00
9510000	0.000	0.000	0.000	0	0	0.000	0.023	-0.041	102.12	-39.50	0.00	-6.30
9520000	0.000	2.459	0.000	2	0	0.000	0.026	0.004	99.21	-40.92	-0.00	0.54
9530000	0.000	0.033	0.000	1	0	0.000	0.022	-0.049	100.42	-39.86	-0.00	0.00
9540000	0.000	1.187	0.000	1	0	0.000	0.026	-0.030	99.02	-39.86	0.00	-6.16
9550000	0.000	3.922	0.000	1	0	0.000	0.011	-0.008	98.76	-39.87	-0.00	-0.69
9560000	0.000	0.010	0.000	1	0	0.000	0.021	-0.047	101.12	-39.86	-0.00	0.00
9570000	0.000	0.000	0.000	0	0	0.000	0.023	-0.011	101.28	-39.50	0.00	-5.95
9580000	0.000	1.185	0.000	1	0	0.000	0.025	-0.025	102.59	-39.86	-0.00	-0.69
9590000	0.000	0.101	0.000	1	0	0.000	0.025	-0.007	99.39	-39.86	-0.00	-0.69
9600000	0.000	3.507	0.000	1	0	0.000	0.012	0.014	101.90	-39.87	0.00	-6.26
9610000	0.000	109.689	0.000	1	0	0.000	0.040	-0.031	96.69	-39.98	-0.01	0.00
9620000	0.000	312.287	0.000	1	0	0.000	0.033	0.019	98.81	-40.07	-0.03	0.00
9630000	0.000	29.167	0.000	1	0	0.000	0.029	-0.028	100.62	-39.90	0.00	-6.28
9640000	0.000	5721.563	0.000	2	0	0.000	0.024	-0.035	98.12	-41.36	-0.00	0.26
9650000	0.000	40.139	0.000	1	0	0.000	0.020	0.029	101.14	-39.92	0.00	-6.41
9660000	0.000	1.781	0.000	1	0	0.000	0.031	0.018	101.68	-39.86	-0.00	0.00
9670000	0.000	0.003	0.000	2	0	0.000	0.031	-0.023	105.14	-40.92	-0.00	-0.69
9680000	0.000	0.732	0.000	1	0	0.000	0.015	-0.013	103.37	-39.86	-0.00	0.64
9690000	0.000	17.487	0.000	1	0	0.000	0.030	-0.064	99.91	-39.88	-0.03	-0.69
9700000	0.000	12.611	0.000	1	0	0.000	0.007	0.034	96.57	-39.87	-0.02	-0.69
9710000	0.000	0.000	0.000	0	0	0.000	0.018	0.054	101.18	-39.50	0.00	0.00
9720000	0.000	2.029	0.000	1	0	0.000	0.028	-0.028	102.49	-39.86	-0.00	0.00
9730000	0.000	19.193	0.000	1	0	0.000	0.029	-0.037	100.32	-39.88	-0.00	0.00
9740000	0.000	0.814	0.000	1	0	0.000	0.022	-0.045	102.30	-39.86	0.00	-6.16
9750000	0.000	0.010	0.000	2	0	0.000	0.028	0.015	103.53	-40.92	0.00	-6.38
9760000	0.000	0.076	0.000	1	0	0.000	0.033	-0.109	98.46	-39.86	0.00	0.00
9770000	0.000	8.777	0.000	1	0	0.000	0.009	0.038	99.45	-39.87	-0.00	0.00
9780000	0.000	0.933	0.000	1	0	0.000	0.031	-0.024	101.83	-39.86	0.00	-6.27
9790000	0.000	0.003	0.000	1	0	0.000	0.029	0.026	104.50	-39.86	-0.00	0.09
9800000	0.000	0.002	0.000	1	0	0.000	0.025	-0.072	102.09	-39.86	-0.00	-0.69
9810000	0.000	0.000	0.000	0	0	0.000	0.018	-0.014	102.41	-39.50	-0.00	0.00
9820000	0.000	0.272	0.000	2	0	0.000	0.028	-0.014	102.30	-40.92	0.00	-6.52
9830000	0.000	8.482	0.000	1	0	0.000	0.017	0.012	96.24	-39.87	-0.01	-0.69
9840000	0.000	0.013	0.000	1	0	0.000	0.016	0.026	98.77	-39.86	0.00	-5.92
9850000	0.000	0.062	0.000	2	0	0.000	0.010	-0.035	98.90	-40.92	0.00	0.00
9860000	0.000	0.961	0.000	2	0	0.000	0.026	0.025	98.05	-40.92	-0.00	0.00
9870000	0.000	0.003	0.000	1	0	0.000	0.020	-0.054	105.26	-39.86	-0.00	0.00
9880000	0.000	0.014	0.000	1	0	0.000	0.026	0.005	105.06	-39.86	-0.00	0.00
9890000	0.000	1.877	0.000	2	0	0.000	0.029	-0.029	102.32	-40.92	-0.00	-0.69
9900000	0.000	6.939	0.000	2	0	0.000	0.012	-0.070	95.52	-40.93	0.00	-6.21
9910000	0.000	42.839	0.000	2	0	0.000	0.027	0.000	96.87	-40.98	0.00	-6.34
9920000	0.000	1.651	0.000	2	0	0.000	0.029	-0.009	97.95	-40.92	0.00	0.00
9930000	0.000	4.795	0.000	2	0	0.000	0.015	-0.040	102.45	-40.93	0.00	0.00
9940000	0.000	0.046	0.000	2	0	0.000	0.013	-0.015	102.30	-40.92	0.00	0.00
9950000	0.000	0.313	0.000	3	0	0.000	0.016	-0.003	102.20	-42.39	0.00	-6.33
9960000	0.000	9.802	0.000	2	0	0.000	0.028	-0.032	96.56	-40.93	-0.00	0.00
9970000	0.000	1.089	0.000	1	0	0.000	0.012	0.036	101.61	-39.86	0.00	-6.35
9980000	0.000	0.009	0.000	1	0	0.000	0.024	-0.002	105.75	-39.86	0.00	-6.53
9990000	0.000	0.000	0.000	0	0	0.000	0.022	0.009	102.29	-39.50	0.00	-6.10
10000000	0.000	0.353	0.000	1	0	0.000	0.017	-0.029	103.25	-39.86	0.00	0.00
