state	min	max	median	shifts	jumps	jumpvar	SE	root	lnL	lnLp	qlnL.p	qlnL.h
10	0.000	0.000	0.000	0	0	0.000	0.854	0.320	-66.40	-1107.73	-0.00	0.00
20	0.000	0.000	0.000	0	0	0.000	0.854	0.320	-66.29	-1107.73	0.00	-12.63
30	0.000	0.000	0.000	0	0	0.000	0.559	0.320	-36.28	-1107.73	-0.00	0.00
40	0.000	0.000	0.000	0	0	0.000	0.559	0.320	-36.39	-1107.73	0.00	0.00
50	0.000	0.000	0.000	0	0	0.000	0.330	0.320	-2.45	-1107.73	0.00	0.00
60	0.000	0.000	0.000	0	0	0.000	0.330	0.320	-3.58	-1107.73	0.00	-12.59
70	0.000	0.000	0.000	0	0	0.000	0.270	0.226	15.03	-1107.73	0.00	-12.18
80	0.000	0.000	0.000	0	0	0.000	0.270	0.226	14.08	-1107.73	0.00	0.00
90	0.000	0.000	0.000	0	0	0.000	0.270	0.226	15.05	-1107.73	0.00	-12.31
100	0.000	0.000	0.000	0	0	0.000	0.165	0.226	42.22	-1107.73	0.00	-12.86
110	0.000	0.000	0.000	0	0	0.000	0.120	0.226	57.80	-1107.73	0.00	0.10
120	0.000	0.000	0.000	0	0	0.000	0.120	0.226	57.54	-1107.73	0.00	-12.07
130	0.000	0.000	0.000	0	0	0.000	0.120	-0.249	57.22	-1107.73	0.00	-12.07
140	0.000	0.000	0.000	0	0	0.000	0.120	0.026	71.50	-1107.73	0.00	-13.76
150	0.000	0.000	0.000	0	0	0.000	0.120	0.020	71.04	-1107.73	0.00	-0.25
160	0.000	0.000	0.000	0	0	0.000	0.120	0.020	71.73	-1107.73	0.00	-13.55
170	0.000	0.000	0.000	0	0	0.000	0.083	0.020	87.30	-1107.73	0.00	-13.49
180	0.000	0.000	0.000	0	0	0.000	0.083	0.020	86.11	-1107.73	-0.00	0.00
190	0.000	0.000	0.000	0	0	0.000	0.049	-0.086	98.39	-1107.73	0.00	-13.33
200	0.000	0.000	0.000	0	0	0.000	0.049	-0.086	96.35	-1107.73	0.00	0.00
210	0.000	0.000	0.000	0	0	0.000	0.049	-0.086	98.42	-1107.73	-0.00	0.00
220	0.000	0.000	0.000	0	0	0.000	0.036	0.043	102.89	-1107.73	0.00	-13.40
230	0.000	0.000	0.000	0	0	0.000	0.036	0.043	103.32	-1107.73	0.00	-13.31
240	0.000	0.000	0.000	0	0	0.000	0.036	0.043	101.43	-1107.73	0.00	0.00
250	0.000	0.000	0.000	0	0	0.000	0.036	0.043	103.39	-1107.73	0.00	-13.29
260	0.000	0.000	0.000	0	0	0.000	0.036	0.043	103.61	-1107.73	0.00	0.00
270	0.000	0.000	0.000	0	0	0.000	0.036	0.043	103.40	-1107.73	0.00	-12.99
280	0.000	0.000	0.000	0	0	0.000	0.036	0.043	103.28	-1107.73	-0.00	0.00
290	0.000	0.000	0.000	0	0	0.000	0.024	0.043	103.50	-1107.73	0.00	0.00
300	0.000	0.000	0.000	0	0	0.000	0.024	0.043	105.96	-1107.73	-0.00	0.00
310	0.000	0.000	0.000	0	0	0.000	0.024	0.047	105.81	-1107.73	0.00	-13.12
320	0.000	0.000	0.000	0	0	0.000	0.024	0.047	105.81	-1107.73	0.00	-13.12
330	0.000	0.000	0.000	0	0	0.000	0.024	0.054	105.78	-1107.73	-0.00	0.00
340	0.000	0.000	0.000	0	0	0.000	0.024	0.054	103.69	-1107.73	0.00	0.00
350	0.000	0.000	0.000	0	0	0.000	0.024	0.054	105.79	-1107.73	0.00	0.00
360	0.000	0.000	0.000	0	0	0.000	0.011	0.054	107.81	-1107.73	0.00	0.00
370	0.000	0.000	0.000	0	0	0.000	0.011	0.054	106.76	-1107.73	0.00	-12.62
380	0.000	0.000	0.000	0	0	0.000	0.011	0.054	107.51	-1107.73	0.00	-13.02
390	0.000	0.000	0.000	0	0	0.000	0.011	0.054	107.88	-1107.73	-0.00	0.00
400	0.000	0.000	0.000	0	0	0.000	0.011	0.054	107.80	-1107.73	0.00	-12.95
410	0.000	0.000	0.000	0	0	0.000	0.008	0.054	107.60	-1107.73	0.00	-12.66
420	0.000	0.000	0.000	0	0	0.000	0.008	0.059	107.63	-1107.73	0.00	-12.69
430	0.000	0.000	0.000	0	0	0.000	0.008	0.059	107.63	-1107.73	0.00	-12.69
440	0.000	0.000	0.000	0	0	0.000	0.008	0.059	108.17	-1107.73	0.00	-12.89
450	0.000	0.000	0.000	0	0	0.000	0.008	0.059	107.38	-1107.73	0.00	0.00
460	0.000	0.000	0.000	0	0	0.000	0.005	0.059	108.42	-1107.73	-0.00	0.00
470	0.000	0.000	0.000	0	0	0.000	0.005	0.059	108.34	-1107.73	0.00	0.00
480	0.000	0.000	0.000	0	0	0.000	0.005	0.059	108.34	-1107.73	-0.00	0.00
490	0.000	0.000	0.000	0	0	0.000	0.008	0.054	108.33	-1107.73	-0.00	0.00
500	0.000	0.000	0.000	0	0	0.000	0.008	-0.059	108.26	-1107.73	0.00	-12.72
510	0.000	0.000	0.000	0	0	0.000	0.006	-0.044	108.52	-1107.73	0.00	-0.29
520	0.000	0.000	0.000	0	0	0.000	0.006	-0.044	109.23	-1107.73	-0.00	0.00
530	0.000	0.000	0.000	0	0	0.000	0.006	-0.039	109.37	-1107.73	0.00	-12.80
540	0.000	0.000	0.000	0	0	0.000	0.003	0.014	109.89	-1107.73	0.00	0.00
550	0.000	0.000	0.000	0	0	0.000	0.003	0.014	109.83	-1107.73	0.00	-12.98
560	0.000	0.000	0.000	0	0	0.000	0.002	0.014	109.05	-1107.73	0.00	-12.63
570	0.000	0.000	0.000	0	0	0.000	0.002	0.014	109.73	-1107.73	0.00	-13.03
580	0.000	0.000	0.000	0	0	0.000	0.002	0.014	110.10	-1107.73	-0.00	0.00
590	0.000	0.000	0.000	0	0	0.000	0.002	0.014	110.10	-1107.73	0.00	0.00
600	0.000	0.000	0.000	0	0	0.000	0.002	0.014	110.15	-1107.73	0.00	-12.95
610	0.000	0.000	0.000	0	0	0.000	0.002	0.014	110.07	-1107.73	0.00	-12.79
620	0.000	0.000	0.000	0	0	0.000	0.002	0.014	109.94	-1107.73	0.00	0.00
630	0.000	0.000	0.000	0	0	0.000	0.002	0.014	110.04	-1107.73	0.00	-12.99
640	0.000	0.000	0.000	0	0	0.000	0.002	0.014	110.15	-1107.73	-0.00	0.00
650	0.000	0.000	0.000	0	0	0.000	0.002	0.014	107.49	-1107.73	0.00	-12.49
660	0.000	0.000	0.000	0	0	0.000	0.002	0.017	110.01	-1107.73	-0.00	0.00
670	0.000	0.000	0.000	0	0	0.000	0.002	0.060	109.12	-1107.73	0.00	0.00
680	0.000	0.000	0.000	0	0	0.000	0.002	0.066	108.78	-1107.73	0.00	-12.91
690	0.000	0.000	0.000	0	0	0.000	0.002	0.066	106.87	-1107.73	0.00	-13.15
700	0.000	0.000	0.000	0	0	0.000	0.002	0.066	108.73	-1107.73	-0.00	0.00
710	0.000	0.000	0.000	0	0	0.000	0.002	0.066	108.86	-1107.73	0.00	-12.82
720	0.000	0.000	0.000	0	0	0.000	0.002	0.066	108.35	-1107.73	0.00	-13.01
730	0.000	0.000	0.000	0	0	0.000	0.002	0.066	108.35	-1107.73	-0.00	0.00
740	0.000	0.000	0.000	0	0	0.000	0.003	0.066	108.61	-1107.73	0.00	-12.94
750	0.000	0.000	0.000	0	0	0.000	0.003	0.066	108.63	-1107.73	0.00	-12.93
760	0.000	0.000	0.000	0	0	0.000	0.003	0.066	108.63	-1107.73	0.00	-12.93
770	0.000	0.000	0.000	0	0	0.000	0.003	0.066	106.82	-1107.73	-0.00	0.00
780	0.000	0.000	0.000	0	0	0.000	0.003	0.066	106.82	-1107.73	0.00	-12.52
790	0.000	0.000	0.000	0	0	0.000	0.004	0.066	108.21	-1107.73	0.00	0.00
800	0.000	0.000	0.000	0	0	0.000	0.004	0.066	108.21	-1107.73	-0.00	0.00
810	0.000	0.000	0.000	0	0	0.000	0.004	0.066	108.57	-1107.73	0.00	-12.85
820	0.000	0.000	0.000	0	0	0.000	0.004	0.066	107.92	-1107.73	0.00	0.00
830	0.000	0.000	0.000	0	0	0.000	0.004	0.066	105.56	-1107.73	-0.00	0.00
840	0.000	0.000	0.000	0	0	0.000	0.004	0.066	107.81	-1107.73	0.00	0.00
850	0.000	0.000	0.000	0	0	0.000	0.004	0.066	108.12	-1107.73	-0.00	0.00
860	0.000	0.000	0.000	0	0	0.000	0.004	0.066	108.20	-1107.73	-0.00	0.00
870	0.000	0.000	0.000	0	0	0.000	0.004	0.106	106.59	-1107.73	0.00	-12.78
880	0.000	0.000	0.000	0	0	0.000	0.004	0.106	106.59	-1107.73	0.00	0.00
890	0.000	0.000	0.000	0	0	0.000	0.004	0.106	106.59	-1107.73	0.00	-12.78
900	0.000	0.000	0.000	0	0	0.000	0.004	0.106	106.53	-1107.73	0.00	-12.86
910	0.000	0.000	0.000	0	0	0.000	0.003	0.106	106.11	-1107.73	-0.00	0.00
920	0.000	0.000	0.000	0	0	0.000	0.003	0.106	106.11	-1107.73	0.00	0.00
930	0.000	0.000	0.000	0	0	0.000	0.002	0.106	106.87	-1107.73	0.00	-0.26
940	0.000	0.000	0.000	0	0	0.000	0.002	0.106	106.11	-1107.73	0.00	-12.59
950	0.000	0.000	0.000	0	0	0.000	0.002	0.106	106.30	-1107.73	0.00	-12.62
960	0.000	0.000	0.000	0	0	0.000	0.002	0.106	106.07	-1107.73	0.00	0.00
970	0.000	0.000	0.000	0	0	0.000	0.002	0.106	106.00	-1107.73	0.00	0.00
980	0.000	0.000	0.000	0	0	0.000	0.002	0.106	100.28	-1107.73	-0.00	0.00
990	0.000	0.000	0.000	0	0	0.000	0.002	0.106	106.78	-1107.73	0.00	-12.72
1000	0.000	0.000	0.000	0	0	0.000	0.003	0.106	106.40	-1107.73	0.00	0.00
1010	0.000	0.000	0.000	0	0	0.000	0.003	0.106	105.15	-1107.73	-0.00	0.00
1020	0.000	0.000	0.000	0	0	0.000	0.003	0.105	105.85	-1107.73	0.00	-13.01
1030	0.000	0.000	0.000	0	0	0.000	0.002	0.105	105.64	-1107.73	0.00	0.00
1040	0.000	0.000	0.000	0	0	0.000	0.001	0.105	104.95	-1107.73	0.00	-13.11
1050	0.000	0.000	0.000	0	0	0.000	0.001	0.105	104.95	-1107.73	0.00	0.00
1060	0.000	0.000	0.000	0	0	0.000	0.001	0.105	105.95	-1107.73	0.00	-13.02
1070	0.000	0.000	0.000	0	0	0.000	0.002	0.105	106.83	-1107.73	0.00	-12.89
1080	0.000	0.000	0.000	0	0	0.000	0.001	0.105	106.98	-1107.73	0.00	-12.86
1090	0.000	0.000	0.000	0	0	0.000	0.001	0.105	105.74	-1107.73	0.00	-13.05
1100	0.000	0.000	0.000	0	0	0.000	0.001	0.105	107.02	-1107.73	0.00	0.00
1110	0.000	0.000	0.000	0	0	0.000	0.001	0.105	107.02	-1107.73	0.00	0.00
1120	0.000	0.000	0.000	0	0	0.000	0.001	0.105	106.36	-1107.73	0.00	0.00
1130	0.000	0.000	0.000	0	0	0.000	0.001	0.105	106.99	-1107.73	0.00	-12.86
1140	0.000	0.000	0.000	0	0	0.000	0.001	0.105	106.42	-1107.73	0.00	0.00
1150	0.000	0.000	0.000	0	0	0.000	0.001	0.105	106.73	-1107.73	-0.00	0.00
1160	0.000	0.000	0.000	0	0	0.000	0.001	0.105	106.86	-1107.73	-0.00	0.00
1170	0.000	0.000	0.000	0	0	0.000	0.001	0.105	106.94	-1107.73	-0.00	0.00
1180	0.000	0.000	0.000	0	0	0.000	0.001	0.105	106.99	-1107.73	-0.00	0.00
1190	0.000	0.000	0.000	0	0	0.000	0.001	0.105	107.06	-1107.73	0.00	-12.77
1200	0.000	0.000	0.000	0	0	0.000	0.001	0.105	107.05	-1107.73	-0.00	0.00
1210	0.000	0.000	0.000	0	0	0.000	0.001	0.105	107.05	-1107.73	-0.00	0.00
1220	0.000	0.000	0.000	0	0	0.000	0.002	0.105	105.71	-1107.73	0.00	-13.05
1230	0.000	0.000	0.000	0	0	0.000	0.002	0.105	107.01	-1107.73	0.00	-12.80
1240	0.000	0.000	0.000	0	0	0.000	0.002	0.105	105.98	-1107.73	0.00	-13.02
1250	0.000	0.000	0.000	0	0	0.000	0.002	0.105	105.98	-1107.73	0.00	-13.02
1260	0.000	0.000	0.000	0	0	0.000	0.002	0.105	106.80	-1107.73	0.00	-12.70
1270	0.000	0.000	0.000	0	0	0.000	0.001	0.105	107.04	-1107.73	-0.00	0.00
1280	0.000	0.000	0.000	0	0	0.000	0.001	0.105	106.72	-1107.73	-0.00	0.00
1290	0.000	0.000	0.000	0	0	0.000	0.001	0.105	106.72	-1107.73	-0.00	0.00
1300	0.000	0.000	0.000	0	0	0.000	0.001	0.105	106.65	-1107.73	0.00	-12.66
1310	0.000	0.000	0.000	0	0	0.000	0.002	0.105	106.65	-1107.73	0.00	-12.67
1320	0.000	0.000	0.000	0	0	0.000	0.002	0.105	106.94	-1107.73	0.00	0.00
1330	0.000	0.000	0.000	0	0	0.000	0.002	0.105	105.88	-1107.73	0.00	-12.56
1340	0.000	0.000	0.000	0	0	0.000	0.002	-0.111	106.70	-1107.73	-0.00	0.00
1350	0.000	0.000	0.000	0	0	0.000	0.002	-0.111	107.12	-1107.73	-0.00	0.00
1360	0.000	0.000	0.000	0	0	0.000	0.002	-0.111	107.12	-1107.73	0.00	-12.68
1370	0.000	0.000	0.000	0	0	0.000	0.002	-0.111	106.78	-1107.73	0.00	-12.62
1380	0.000	0.000	0.000	0	0	0.000	0.002	-0.111	107.40	-1107.73	0.00	-12.75
1390	0.000	0.000	0.000	0	0	0.000	0.002	-0.111	106.38	-1107.73	0.00	0.00
1400	0.000	0.000	0.000	0	0	0.000	0.002	-0.111	107.05	-1107.73	-0.00	0.00
1410	0.000	0.000	0.000	0	0	0.000	0.002	-0.111	106.41	-1107.73	0.00	0.00
1420	0.000	0.000	0.000	0	0	0.000	0.003	-0.111	106.51	-1107.73	0.00	0.00
1430	0.000	0.000	0.000	0	0	0.000	0.003	-0.111	106.80	-1107.73	-0.00	0.00
1440	0.000	0.000	0.000	0	0	0.000	0.003	-0.115	106.90	-1107.73	0.00	-12.71
1450	0.000	0.000	0.000	0	0	0.000	0.003	-0.115	107.08	-1107.73	-0.00	0.00
1460	0.000	0.000	0.000	0	0	0.000	0.003	-0.115	106.49	-1107.73	-0.00	0.00
1470	0.000	0.000	0.000	0	0	0.000	0.003	-0.115	106.94	-1107.73	0.00	0.00
1480	0.000	0.000	0.000	0	0	0.000	0.003	-0.115	106.94	-1107.73	0.00	-12.72
1490	0.000	0.000	0.000	0	0	0.000	0.003	-0.115	105.17	-1107.73	0.00	0.00
1500	0.000	0.000	0.000	0	0	0.000	0.002	-0.115	106.97	-1107.73	0.00	-12.91
1510	0.000	0.000	0.000	0	0	0.000	0.002	-0.115	106.37	-1107.73	0.00	-12.60
1520	0.000	0.000	0.000	0	0	0.000	0.002	-0.115	107.12	-1107.73	0.00	-12.74
1530	0.000	0.000	0.000	0	0	0.000	0.002	-0.115	107.16	-1107.73	0.00	-12.86
1540	0.000	0.000	0.000	0	0	0.000	0.003	-0.115	106.97	-1107.73	0.00	0.00
1550	0.000	0.000	0.000	0	0	0.000	0.003	-0.115	106.35	-1107.73	-0.00	0.00
1560	0.000	0.000	0.000	0	0	0.000	0.003	-0.083	107.53	-1107.73	0.00	0.00
1570	0.000	0.000	0.000	0	0	0.000	0.003	-0.083	108.37	-1107.73	0.00	0.00
1580	0.000	0.000	0.000	0	0	0.000	0.003	-0.083	107.69	-1107.73	0.00	-12.63
1590	0.000	0.000	0.000	0	0	0.000	0.003	-0.083	106.89	-1107.73	0.00	0.00
1600	0.000	0.000	0.000	0	0	0.000	0.003	-0.083	108.38	-1107.73	0.00	-12.95
1610	0.000	0.000	0.000	0	0	0.000	0.003	-0.083	108.56	-1107.73	0.00	-12.88
1620	0.000	0.000	0.000	0	0	0.000	0.003	-0.083	106.30	-1107.73	0.00	-12.49
1630	0.000	0.000	0.000	0	0	0.000	0.003	-0.083	106.39	-1107.73	0.00	-12.49
1640	0.000	0.000	0.000	0	0	0.000	0.003	-0.083	108.59	-1107.73	0.00	-12.78
1650	0.000	0.000	0.000	0	0	0.000	0.003	-0.083	108.60	-1107.73	-0.00	0.00
1660	0.000	0.000	0.000	0	0	0.000	0.003	-0.083	108.47	-1107.73	-0.00	0.00
1670	0.000	0.000	0.000	0	0	0.000	0.003	-0.022	108.85	-1107.73	0.00	0.00
1680	0.000	0.000	0.000	0	0	0.000	0.003	-0.005	110.21	-1107.73	-0.00	0.00
1690	0.000	0.000	0.000	0	0	0.000	0.003	-0.003	110.03	-1107.73	0.00	0.00
1700	0.000	0.000	0.000	0	0	0.000	0.003	-0.003	110.13	-1107.73	0.00	0.00
1710	0.000	0.000	0.000	0	0	0.000	0.002	-0.003	110.09	-1107.73	0.00	-0.33
1720	0.000	0.000	0.000	0	0	0.000	0.002	-0.003	109.38	-1107.73	0.00	0.00
1730	0.000	0.000	0.000	0	0	0.000	0.002	-0.003	109.55	-1107.73	0.00	-12.68
1740	0.000	0.000	0.000	0	0	0.000	0.002	-0.003	109.77	-1107.73	0.00	0.00
1750	0.000	0.000	0.000	0	0	0.000	0.002	-0.003	107.93	-1107.73	-0.00	0.00
1760	0.000	0.000	0.000	0	0	0.000	0.002	-0.003	110.21	-1107.73	0.00	0.00
1770	0.000	0.000	0.000	0	0	0.000	0.002	-0.003	110.38	-1107.73	0.00	-12.94
1780	0.000	0.000	0.000	0	0	0.000	0.001	-0.004	110.43	-1107.73	-0.00	0.00
1790	0.000	0.000	0.000	0	0	0.000	0.001	-0.004	110.48	-1107.73	0.00	-12.93
1800	0.000	0.000	0.000	0	0	0.000	0.001	-0.004	109.75	-1107.73	-0.00	0.00
1810	0.000	0.000	0.000	0	0	0.000	0.001	-0.053	109.92	-1107.73	0.00	0.00
1820	0.000	0.000	0.000	0	0	0.000	0.001	-0.053	109.87	-1107.73	0.00	0.00
1830	0.000	0.000	0.000	0	0	0.000	0.001	-0.053	109.23	-1107.73	0.00	-12.69
1840	0.000	0.000	0.000	0	0	0.000	0.001	-0.053	108.41	-1107.73	0.00	-12.59
1850	0.000	0.000	0.000	0	0	0.000	0.001	-0.053	109.73	-1107.73	0.00	-12.97
1860	0.000	0.000	0.000	0	0	0.000	0.001	-0.053	109.27	-1107.73	0.00	0.00
1870	0.000	0.000	0.000	0	0	0.000	0.001	-0.053	109.88	-1107.73	-0.00	0.00
1880	0.000	0.000	0.000	0	0	0.000	0.001	-0.053	109.88	-1107.73	0.00	-12.85
1890	0.000	0.000	0.000	0	0	0.000	0.002	-0.053	109.71	-1107.73	0.00	-12.94
1900	0.000	0.000	0.000	0	0	0.000	0.002	-0.053	109.13	-1107.73	-0.00	0.00
1910	0.000	0.000	0.000	0	0	0.000	0.003	-0.053	108.98	-1107.73	0.00	-12.68
1920	0.000	0.000	0.000	0	0	0.000	0.003	-0.070	108.69	-1107.73	0.00	-13.01
1930	0.000	0.000	0.000	0	0	0.000	0.003	-0.070	107.39	-1107.73	0.00	-13.14
1940	0.000	0.000	0.000	0	0	0.000	0.003	-0.053	109.26	-1107.73	0.00	-12.73
1950	0.000	0.000	0.000	0	0	0.000	0.003	-0.053	108.60	-1107.73	0.00	0.00
1960	0.000	0.000	0.000	0	0	0.000	0.003	-0.053	109.04	-1107.73	-0.00	0.00
1970	0.000	0.000	0.000	0	0	0.000	0.003	-0.053	109.53	-1107.73	0.00	-12.79
1980	0.000	0.000	0.000	0	0	0.000	0.003	-0.053	108.86	-1107.73	0.00	-12.66
1990	0.000	0.000	0.000	0	0	0.000	0.003	-0.053	108.86	-1107.73	-0.00	0.00
2000	0.000	0.000	0.000	0	0	0.000	0.003	-0.050	109.72	-1107.73	0.00	-12.86
2010	0.000	0.000	0.000	0	0	0.000	0.003	-0.050	109.72	-1107.73	0.00	-12.86
2020	0.000	0.000	0.000	0	0	0.000	0.003	-0.050	109.59	-1107.73	-0.00	0.00
2030	0.000	0.000	0.000	0	0	0.000	0.003	-0.050	109.60	-1107.73	0.00	-12.95
2040	0.000	0.000	0.000	0	0	0.000	0.003	-0.050	109.60	-1107.73	0.00	0.00
2050	0.000	0.000	0.000	0	0	0.000	0.003	-0.050	109.67	-1107.73	0.00	-12.92
2060	0.000	0.000	0.000	0	0	0.000	0.003	-0.050	107.14	-1107.73	-0.00	0.00
2070	0.000	0.000	0.000	0	0	0.000	0.004	-0.050	109.03	-1107.73	-0.00	0.00
2080	0.000	0.000	0.000	0	0	0.000	0.004	-0.060	108.91	-1107.73	-0.00	0.00
2090	0.000	0.000	0.000	0	0	0.000	0.005	-0.065	108.90	-1107.73	0.00	0.07
2100	0.000	0.000	0.000	0	0	0.000	0.005	-0.065	105.95	-1107.73	0.00	-13.23
2110	0.000	0.000	0.000	0	0	0.000	0.006	-0.065	108.80	-1107.73	0.00	0.00
2120	0.000	0.000	0.000	0	0	0.000	0.006	-0.065	108.82	-1107.73	0.00	-12.84
2130	0.000	0.000	0.000	0	0	0.000	0.006	-0.065	108.83	-1107.73	-0.00	0.00
2140	0.000	0.000	0.000	0	0	0.000	0.006	-0.050	109.23	-1107.73	0.00	-12.92
2150	0.000	0.000	0.000	0	0	0.000	0.006	-0.050	108.99	-1107.73	-0.00	0.00
2160	0.000	0.000	0.000	0	0	0.000	0.006	-0.050	108.97	-1107.73	0.00	-12.76
2170	0.000	0.000	0.000	0	0	0.000	0.006	-0.050	109.18	-1107.73	-0.00	0.00
2180	0.000	0.000	0.000	0	0	0.000	0.006	-0.050	108.65	-1107.73	0.00	0.00
2190	0.000	0.000	0.000	0	0	0.000	0.006	-0.057	108.72	-1107.73	0.00	-13.00
2200	0.000	0.000	0.000	0	0	0.000	0.009	-0.057	108.58	-1107.73	0.00	-12.85
2210	0.000	0.000	0.000	0	0	0.000	0.009	-0.069	106.60	-1107.73	0.00	0.28
2220	0.000	0.000	0.000	0	0	0.000	0.001	-0.069	106.30	-1107.73	0.00	-12.44
2230	0.000	0.000	0.000	0	0	0.000	0.001	-0.069	108.71	-1107.73	0.00	0.00
2240	0.000	0.000	0.000	0	0	0.000	0.001	-0.069	108.94	-1107.73	0.00	-12.70
2250	0.000	0.000	0.000	0	0	0.000	0.002	-0.069	108.91	-1107.73	-0.00	0.00
2260	0.000	0.000	0.000	0	0	0.000	0.002	-0.069	109.37	-1107.73	0.00	0.00
2270	0.000	0.000	0.000	0	0	0.000	0.002	-0.069	109.14	-1107.73	-0.00	0.00
2280	0.000	0.000	0.000	0	0	0.000	0.002	-0.069	109.34	-1107.73	0.00	0.00
2290	0.000	0.000	0.000	0	0	0.000	0.002	-0.069	107.36	-1107.73	0.00	-12.53
2300	0.000	0.000	0.000	0	0	0.000	0.002	-0.078	108.96	-1107.73	0.00	0.00
2310	0.000	0.000	0.000	0	0	0.000	0.002	-0.051	109.45	-1107.73	0.00	0.00
2320	0.000	0.000	0.000	0	0	0.000	0.002	-0.051	109.56	-1107.73	0.00	-12.75
2330	0.000	0.000	0.000	0	0	0.000	0.002	-0.051	109.78	-1107.73	-0.00	0.00
2340	0.000	0.000	0.000	0	0	0.000	0.002	-0.051	109.25	-1107.73	0.00	0.00
2350	0.000	0.000	0.000	0	0	0.000	0.002	-0.082	108.65	-1107.73	-0.00	0.00
2360	0.000	0.000	0.000	0	0	0.000	0.002	-0.082	108.85	-1107.73	0.00	0.00
2370	0.000	0.000	0.000	0	0	0.000	0.001	-0.082	108.93	-1107.73	0.00	-12.86
2380	0.000	0.000	0.000	0	0	0.000	0.001	-0.082	108.63	-1107.73	0.00	-12.97
2390	0.000	0.000	0.000	0	0	0.000	0.001	-0.082	108.80	-1107.73	-0.00	0.00
2400	0.000	0.000	0.000	0	0	0.000	0.001	-0.082	107.79	-1107.73	0.00	-0.04
2410	0.000	0.000	0.000	0	0	0.000	0.001	-0.097	108.28	-1107.73	0.00	0.00
2420	0.000	0.000	0.000	0	0	0.000	0.001	-0.097	107.52	-1107.73	0.00	-12.63
2430	0.000	0.000	0.000	0	0	0.000	0.001	-0.097	108.27	-1107.73	-0.00	0.00
2440	0.000	0.000	0.000	0	0	0.000	0.001	-0.097	108.05	-1107.73	0.00	-12.71
2450	0.000	0.000	0.000	0	0	0.000	0.001	-0.097	108.27	-1107.73	0.00	-12.87
2460	0.000	0.000	0.000	0	0	0.000	0.001	-0.061	104.28	-1107.73	0.00	-13.35
2470	0.000	0.000	0.000	0	0	0.000	0.001	-0.061	108.58	-1107.73	0.00	-12.62
2480	0.000	0.000	0.000	0	0	0.000	0.001	-0.061	106.80	-1107.73	0.00	-12.46
2490	0.000	0.000	0.000	0	0	0.000	0.001	-0.061	107.49	-1107.73	0.00	-12.52
2500	0.000	0.000	0.000	0	0	0.000	0.001	-0.061	107.02	-1107.73	0.00	-12.48
2510	0.000	0.000	0.000	0	0	0.000	0.001	-0.061	109.55	-1107.73	-0.00	0.00
2520	0.000	0.000	0.000	0	0	0.000	0.001	-0.061	108.33	-1107.73	0.00	-12.59
2530	0.000	0.000	0.000	0	0	0.000	0.001	-0.061	109.60	-1107.73	0.00	-12.79
2540	0.000	0.000	0.000	0	0	0.000	0.001	-0.052	108.26	-1107.73	-0.00	0.00
2550	0.000	0.000	0.000	0	0	0.000	0.001	-0.052	108.65	-1107.73	0.00	-13.12
2560	0.000	0.000	0.000	0	0	0.000	0.001	-0.052	109.23	-1107.73	-0.00	0.00
2570	0.000	0.000	0.000	0	0	0.000	0.001	-0.052	109.82	-1107.73	0.00	-12.78
2580	0.000	0.000	0.000	0	0	0.000	0.001	-0.037	110.27	-1107.73	0.00	0.00
2590	0.000	0.000	0.000	0	0	0.000	0.001	-0.037	110.26	-1107.73	0.00	-0.40
2600	0.000	0.000	0.000	0	0	0.000	0.001	-0.037	109.98	-1107.73	0.00	-13.00
2610	0.000	0.000	0.000	0	0	0.000	0.001	-0.023	110.08	-1107.73	0.00	0.00
2620	0.000	0.000	0.000	0	0	0.000	0.001	-0.023	110.07	-1107.73	0.00	-12.75
2630	0.000	0.000	0.000	0	0	0.000	0.002	-0.023	110.36	-1107.73	-0.00	0.00
2640	0.000	0.000	0.000	0	0	0.000	0.002	-0.030	109.93	-1107.73	0.00	0.00
2650	0.000	0.000	0.000	0	0	0.000	0.002	-0.018	109.66	-1107.73	-0.00	0.00
2660	0.000	0.000	0.000	0	0	0.000	0.003	-0.018	110.24	-1107.73	-0.00	0.00
2670	0.000	0.000	0.000	0	0	0.000	0.003	-0.018	109.74	-1107.73	-0.00	0.00
2680	0.000	0.000	0.000	0	0	0.000	0.003	-0.018	110.19	-1107.73	-0.00	0.00
2690	0.000	0.000	0.000	0	0	0.000	0.003	-0.018	110.24	-1107.73	0.00	-12.86
2700	0.000	0.000	0.000	0	0	0.000	0.002	-0.018	109.73	-1107.73	0.00	-12.70
2710	0.000	0.000	0.000	0	0	0.000	0.002	-0.018	109.61	-1107.73	0.00	-12.68
2720	0.000	0.000	0.000	0	0	0.000	0.002	-0.018	109.29	-1107.73	-0.00	0.00
2730	0.000	0.000	0.000	0	0	0.000	0.002	-0.018	110.36	-1107.73	0.00	-12.92
2740	0.000	0.000	0.000	0	0	0.000	0.002	-0.027	109.59	-1107.73	0.00	0.41
2750	0.000	0.000	0.000	0	0	0.000	0.002	-0.027	110.30	-1107.73	-0.00	0.00
2760	0.000	0.000	0.000	0	0	0.000	0.002	-0.035	110.09	-1107.73	0.00	0.26
2770	0.000	0.000	0.000	0	0	0.000	0.002	-0.035	109.56	-1107.73	-0.00	0.00
2780	0.000	0.000	0.000	0	0	0.000	0.002	-0.035	109.56	-1107.73	-0.00	0.00
2790	0.000	0.000	0.000	0	0	0.000	0.002	-0.035	110.04	-1107.73	0.00	0.00
2800	0.000	0.000	0.000	0	0	0.000	0.002	-0.035	110.19	-1107.73	0.00	-12.90
2810	0.000	0.000	0.000	0	0	0.000	0.002	-0.035	110.17	-1107.73	0.00	0.00
2820	0.000	0.000	0.000	0	0	0.000	0.002	-0.035	110.17	-1107.73	0.00	0.00
2830	0.000	0.000	0.000	0	0	0.000	0.002	-0.035	110.00	-1107.73	-0.00	0.00
2840	0.000	0.000	0.000	0	0	0.000	0.002	-0.031	109.96	-1107.73	0.00	0.00
2850	0.000	0.000	0.000	0	0	0.000	0.002	-0.031	110.26	-1107.73	-0.00	0.00
2860	0.000	0.000	0.000	0	0	0.000	0.002	-0.027	110.23	-1107.73	0.00	0.00
2870	0.000	0.000	0.000	0	0	0.000	0.002	-0.027	109.44	-1107.73	-0.00	0.00
2880	0.000	0.000	0.000	0	0	0.000	0.002	-0.033	109.62	-1107.73	0.00	-12.71
2890	0.000	0.000	0.000	0	0	0.000	0.002	-0.033	110.02	-1107.73	0.00	-12.79
2900	0.000	0.000	0.000	0	0	0.000	0.002	-0.033	110.02	-1107.73	-0.00	0.00
2910	0.000	0.000	0.000	0	0	0.000	0.002	-0.033	110.10	-1107.73	0.00	-12.95
2920	0.000	0.000	0.000	0	0	0.000	0.002	-0.033	108.05	-1107.73	-0.00	0.00
2930	0.000	0.000	0.000	0	0	0.000	0.002	-0.042	109.67	-1107.73	0.00	-0.03
2940	0.000	0.000	0.000	0	0	0.000	0.002	-0.042	109.99	-1107.73	0.00	-12.82
2950	0.000	0.000	0.000	0	0	0.000	0.002	-0.042	109.91	-1107.73	0.00	-12.93
2960	0.000	0.000	0.000	0	0	0.000	0.002	-0.042	109.91	-1107.73	0.00	-12.93
2970	0.000	0.000	0.000	0	0	0.000	0.002	-0.042	109.92	-1107.73	0.00	0.00
2980	0.000	0.000	0.000	0	0	0.000	0.002	-0.042	109.97	-1107.73	0.00	-12.88
2990	0.000	0.000	0.000	0	0	0.000	0.002	-0.042	108.32	-1107.73	0.00	0.00
3000	0.000	0.000	0.000	0	0	0.000	0.002	-0.042	108.32	-1107.73	0.00	-13.15
3010	0.000	0.000	0.000	0	0	0.000	0.002	-0.042	109.94	-1107.73	0.00	-12.92
3020	0.000	0.000	0.000	0	0	0.000	0.002	-0.042	109.82	-1107.73	0.00	0.00
3030	0.000	0.000	0.000	0	0	0.000	0.002	-0.042	109.59	-1107.73	0.00	-12.73
3040	0.000	0.000	0.000	0	0	0.000	0.002	-0.042	108.70	-1107.73	0.00	0.00
3050	0.000	0.000	0.000	0	0	0.000	0.002	-0.042	108.70	-1107.73	0.00	-13.12
3060	0.000	0.000	0.000	0	0	0.000	0.004	-0.042	109.70	-1107.73	-0.00	0.37
3070	0.000	0.000	0.000	0	0	0.000	0.004	-0.042	107.53	-1107.73	-0.00	0.00
3080	0.000	0.000	0.000	0	0	0.000	0.004	-0.042	109.75	-1107.73	0.00	-12.86
3090	0.000	0.000	0.000	0	0	0.000	0.004	-0.042	109.75	-1107.73	0.00	-12.86
3100	0.000	0.000	0.000	0	0	0.000	0.002	-0.042	110.01	-1107.73	0.00	-12.89
3110	0.000	0.000	0.000	0	0	0.000	0.002	-0.042	108.93	-1107.73	-0.00	0.00
3120	0.000	0.000	0.000	0	0	0.000	0.002	-0.042	108.78	-1107.73	-0.00	0.00
3130	0.000	0.000	0.000	0	0	0.000	0.002	-0.028	110.20	-1107.73	0.00	-12.84
3140	0.000	0.000	0.000	0	0	0.000	0.002	-0.028	110.09	-1107.73	-0.00	0.00
3150	0.000	0.000	0.000	0	0	0.000	0.002	-0.028	110.10	-1107.73	0.00	-12.97
3160	0.000	0.000	0.000	0	0	0.000	0.002	-0.028	109.90	-1107.73	0.00	-12.75
3170	0.000	0.000	0.000	0	0	0.000	0.002	-0.028	109.78	-1107.73	0.00	-13.03
3180	0.000	0.000	0.000	0	0	0.000	0.002	-0.017	109.41	-1107.73	0.00	0.00
3190	0.000	0.000	0.000	0	0	0.000	0.002	-0.017	109.48	-1107.73	0.00	-12.67
3200	0.000	0.000	0.000	0	0	0.000	0.002	-0.017	110.10	-1107.73	0.00	-12.78
3210	0.000	0.000	0.000	0	0	0.000	0.003	-0.017	110.25	-1107.73	-0.00	0.00
3220	0.000	0.000	0.000	0	0	0.000	0.003	-0.017	110.25	-1107.73	0.00	0.00
3230	0.000	0.000	0.000	0	0	0.000	0.002	-0.017	110.26	-1107.73	-0.00	0.00
3240	0.000	0.000	0.000	0	0	0.000	0.003	-0.017	110.15	-1107.73	0.00	-12.82
3250	0.000	0.000	0.000	0	0	0.000	0.003	-0.013	109.14	-1107.73	0.00	0.00
3260	0.000	0.000	0.000	0	0	0.000	0.003	-0.013	109.01	-1107.73	-0.00	0.00
3270	0.000	0.000	0.000	0	0	0.000	0.003	-0.013	109.94	-1107.73	0.00	-12.79
3280	0.000	0.000	0.000	0	0	0.000	0.005	0.048	108.81	-1107.73	0.00	-12.78
3290	0.000	0.000	0.000	0	0	0.000	0.005	0.048	108.62	-1107.73	-0.00	0.00
3300	0.000	0.000	0.000	0	0	0.000	0.005	0.031	108.95	-1107.73	0.00	-12.72
3310	0.000	0.000	0.000	0	0	0.000	0.005	0.031	109.36	-1107.73	-0.00	0.00
3320	0.000	0.000	0.000	0	0	0.000	0.005	0.031	109.28	-1107.73	0.00	0.00
3330	0.000	0.000	0.000	0	0	0.000	0.005	0.020	109.41	-1107.73	0.00	-12.98
3340	0.000	0.000	0.000	0	0	0.000	0.005	0.020	109.61	-1107.73	0.00	0.00
3350	0.000	0.000	0.000	0	0	0.000	0.005	0.020	108.78	-1107.73	-0.00	0.00
3360	0.000	0.000	0.000	0	0	0.000	0.005	0.024	109.35	-1107.73	0.00	-12.98
3370	0.000	0.000	0.000	0	0	0.000	0.005	0.024	109.35	-1107.73	0.00	-12.98
3380	0.000	0.000	0.000	0	0	0.000	0.005	0.024	108.70	-1107.73	0.00	-12.67
3390	0.000	0.000	0.000	0	0	0.000	0.005	-0.067	107.90	-1107.73	-0.00	0.00
3400	0.000	0.000	0.000	0	0	0.000	0.005	-0.067	108.24	-1107.73	0.00	0.00
3410	0.000	0.000	0.000	0	0	0.000	0.000	-0.066	109.24	-1107.73	0.00	0.00
3420	0.000	0.000	0.000	0	0	0.000	0.000	-0.066	109.58	-1107.73	-0.00	0.00
3430	0.000	0.000	0.000	0	0	0.000	0.001	-0.066	109.57	-1107.73	-0.00	0.00
3440	0.000	0.000	0.000	0	0	0.000	0.001	-0.066	109.32	-1107.73	0.00	-12.75
3450	0.000	0.000	0.000	0	0	0.000	0.001	0.022	109.95	-1107.73	-0.00	0.00
3460	0.000	0.000	0.000	0	0	0.000	0.001	0.022	109.95	-1107.73	0.00	0.00
3470	0.000	0.000	0.000	0	0	0.000	0.001	0.022	110.27	-1107.73	-0.00	0.00
3480	0.000	0.000	0.000	0	0	0.000	0.001	0.022	110.25	-1107.73	-0.00	0.00
3490	0.000	0.000	0.000	0	0	0.000	0.001	0.022	110.12	-1107.73	0.00	-12.79
3500	0.000	0.000	0.000	0	0	0.000	0.001	0.019	110.16	-1107.73	0.00	-0.12
3510	0.000	0.000	0.000	0	0	0.000	0.001	0.019	110.30	-1107.73	0.00	-12.85
3520	0.000	0.000	0.000	0	0	0.000	0.001	0.019	110.21	-1107.73	-0.00	0.00
3530	0.000	0.000	0.000	0	0	0.000	0.001	0.019	110.21	-1107.73	0.00	0.00
3540	0.000	0.000	0.000	0	0	0.000	0.001	0.019	110.31	-1107.73	0.00	0.00
3550	0.000	0.000	0.000	0	0	0.000	0.001	0.019	110.28	-1107.73	-0.00	0.00
3560	0.000	0.000	0.000	0	0	0.000	0.001	0.019	109.78	-1107.73	-0.00	0.00
3570	0.000	0.000	0.000	0	0	0.000	0.001	0.019	110.18	-1107.73	-0.00	0.00
3580	0.000	0.000	0.000	0	0	0.000	0.001	0.000	110.44	-1107.73	0.00	0.24
3590	0.000	0.000	0.000	0	0	0.000	0.001	0.000	109.14	-1107.73	0.00	0.00
3600	0.000	0.000	0.000	0	0	0.000	0.001	0.000	108.32	-1107.73	0.00	-13.20
3610	0.000	0.000	0.000	0	0	0.000	0.001	0.000	109.38	-1107.73	0.00	0.00
3620	0.000	0.000	0.000	0	0	0.000	0.001	0.000	110.33	-1107.73	-0.00	0.00
3630	0.000	0.000	0.000	0	0	0.000	0.001	0.000	109.52	-1107.73	-0.00	0.00
3640	0.000	0.000	0.000	0	0	0.000	0.001	0.000	109.64	-1107.73	-0.00	0.00
3650	0.000	0.000	0.000	0	0	0.000	0.001	-0.011	109.29	-1107.73	0.00	-13.12
3660	0.000	0.000	0.000	0	0	0.000	0.001	-0.008	110.43	-1107.73	-0.00	0.00
3670	0.000	0.000	0.000	0	0	0.000	0.001	-0.008	110.38	-1107.73	0.00	-12.83
3680	0.000	0.000	0.000	0	0	0.000	0.002	-0.008	109.53	-1107.73	0.00	0.00
3690	0.000	0.000	0.000	0	0	0.000	0.002	-0.008	110.27	-1107.73	0.00	-12.82
3700	0.000	0.000	0.000	0	0	0.000	0.002	-0.008	109.74	-1107.73	-0.00	0.00
3710	0.000	0.000	0.000	0	0	0.000	0.002	-0.008	109.74	-1107.73	0.00	-12.71
3720	0.000	0.000	0.000	0	0	0.000	0.002	-0.008	109.35	-1107.73	-0.00	0.00
3730	0.000	0.000	0.000	0	0	0.000	0.002	-0.008	109.05	-1107.73	0.00	0.00
3740	0.000	0.000	0.000	0	0	0.000	0.002	-0.044	109.87	-1107.73	-0.00	0.00
3750	0.000	0.000	0.000	0	0	0.000	0.002	-0.044	109.67	-1107.73	-0.00	0.00
3760	0.000	0.000	0.000	0	0	0.000	0.002	-0.044	109.69	-1107.73	0.00	0.00
3770	0.000	0.000	0.000	0	0	0.000	0.002	-0.044	109.69	-1107.73	0.00	-13.01
3780	0.000	0.000	0.000	0	0	0.000	0.002	-0.067	108.77	-1107.73	0.00	0.00
3790	0.000	0.000	0.000	0	0	0.000	0.002	-0.063	109.51	-1107.73	-0.00	0.00
3800	0.000	0.000	0.000	0	0	0.000	0.002	-0.063	109.51	-1107.73	0.00	-12.89
3810	0.000	0.000	0.000	0	0	0.000	0.002	-0.063	109.51	-1107.73	-0.00	0.00
3820	0.000	0.000	0.000	0	0	0.000	0.002	-0.063	109.51	-1107.73	0.00	0.00
3830	0.000	0.000	0.000	0	0	0.000	0.002	-0.064	108.13	-1107.73	0.00	-12.59
3840	0.000	0.000	0.000	0	0	0.000	0.002	-0.064	109.43	-1107.73	0.00	0.00
3850	0.000	0.000	0.000	0	0	0.000	0.002	-0.064	109.41	-1107.73	0.00	-12.80
3860	0.000	0.000	0.000	0	0	0.000	0.002	-0.064	104.98	-1107.73	0.00	0.00
3870	0.000	0.000	0.000	0	0	0.000	0.002	-0.064	107.83	-1107.73	0.00	0.00
3880	0.000	0.000	0.000	0	0	0.000	0.002	-0.032	110.13	-1107.73	0.00	-12.95
3890	0.000	0.000	0.000	0	0	0.000	0.002	-0.032	108.46	-1107.73	0.00	-13.16
3900	0.000	0.000	0.000	0	0	0.000	0.002	-0.032	108.04	-1107.73	0.00	0.00
3910	0.000	0.000	0.000	0	0	0.000	0.002	-0.032	109.87	-1107.73	0.00	0.00
3920	0.000	0.000	0.000	0	0	0.000	0.002	-0.080	107.31	-1107.73	0.00	-12.56
3930	0.000	0.000	0.000	0	0	0.000	0.002	-0.080	108.82	-1107.73	-0.00	0.00
3940	0.000	0.000	0.000	0	0	0.000	0.005	-0.080	108.38	-1107.73	-0.00	0.49
3950	0.000	0.000	0.000	0	0	0.000	0.005	-0.080	107.65	-1107.73	0.00	0.00
3960	0.000	0.000	0.000	0	0	0.000	0.005	-0.091	107.80	-1107.73	0.00	-12.77
3970	0.000	0.000	0.000	0	0	0.000	0.005	-0.059	107.13	-1107.73	0.00	-13.17
3980	0.000	0.000	0.000	0	0	0.000	0.005	-0.059	107.50	-1107.73	0.00	0.00
3990	0.000	0.000	0.000	0	0	0.000	0.005	-0.059	107.28	-1107.73	0.00	-13.16
4000	0.000	0.000	0.000	0	0	0.000	0.007	-0.036	107.74	-1107.73	0.00	-13.16
4010	0.000	0.000	0.000	0	0	0.000	0.007	-0.036	109.01	-1107.73	0.00	-12.76
4020	0.000	0.000	0.000	0	0	0.000	0.007	-0.036	109.29	-1107.73	0.00	-12.89
4030	0.000	0.000	0.000	0	0	0.000	0.007	-0.036	109.29	-1107.73	0.00	-12.89
4040	0.000	0.000	0.000	0	0	0.000	0.007	-0.036	108.76	-1107.73	0.00	-13.05
4050	0.000	0.000	0.000	0	0	0.000	0.007	-0.036	107.24	-1107.73	0.00	-12.54
4060	0.000	0.000	0.000	0	0	0.000	0.007	0.002	109.47	-1107.73	0.00	0.00
4070	0.000	0.000	0.000	0	0	0.000	0.005	0.002	109.83	-1107.73	-0.00	0.00
4080	0.000	0.000	0.000	0	0	0.000	0.005	0.002	109.72	-1107.73	0.00	-12.79
4090	0.000	0.000	0.000	0	0	0.000	0.005	0.002	109.75	-1107.73	0.00	0.00
4100	0.000	0.000	0.000	0	0	0.000	0.005	0.002	109.78	-1107.73	0.00	-12.96
4110	0.000	0.000	0.000	0	0	0.000	0.005	0.002	109.66	-1107.73	0.00	-12.78
4120	0.000	0.000	0.000	0	0	0.000	0.005	0.001	109.11	-1107.73	0.00	0.05
4130	0.000	0.000	0.000	0	0	0.000	0.005	0.001	109.13	-1107.73	0.00	0.00
4140	0.000	0.000	0.000	0	0	0.000	0.007	0.001	106.94	-1107.73	0.00	-12.50
4150	0.000	0.000	0.000	0	0	0.000	0.007	0.001	109.53	-1107.73	0.00	-12.85
4160	0.000	0.000	0.000	0	0	0.000	0.007	0.001	109.56	-1107.73	0.00	-12.88
4170	0.000	0.000	0.000	0	0	0.000	0.007	0.001	109.45	-1107.73	0.00	0.00
4180	0.000	0.000	0.000	0	0	0.000	0.007	0.001	109.14	-1107.73	0.00	0.00
4190	0.000	0.000	0.000	0	0	0.000	0.007	0.001	109.55	-1107.73	0.00	0.00
4200	0.000	0.000	0.000	0	0	0.000	0.007	0.001	109.55	-1107.73	-0.00	0.00
4210	0.000	0.000	0.000	0	0	0.000	0.007	0.001	109.40	-1107.73	0.00	-12.98
4220	0.000	0.000	0.000	0	0	0.000	0.007	0.001	108.74	-1107.73	-0.00	0.00
4230	0.000	0.000	0.000	0	0	0.000	0.006	0.001	107.74	-1107.73	0.00	-13.19
4240	0.000	0.000	0.000	0	0	0.000	0.006	0.001	106.89	-1107.73	0.00	0.00
4250	0.000	0.000	0.000	0	0	0.000	0.006	0.001	109.25	-1107.73	-0.00	0.00
4260	0.000	0.000	0.000	0	0	0.000	0.006	0.001	109.67	-1107.73	0.00	0.00
4270	0.000	0.000	0.000	0	0	0.000	0.006	0.001	109.38	-1107.73	0.00	-12.75
4280	0.000	0.000	0.000	0	0	0.000	0.006	-0.052	107.66	-1107.73	-0.00	0.00
4290	0.000	0.000	0.000	0	0	0.000	0.005	-0.052	109.11	-1107.73	0.00	0.00
4300	0.000	0.000	0.000	0	0	0.000	0.005	-0.052	109.14	-1107.73	0.00	-12.78
4310	0.000	0.000	0.000	0	0	0.000	0.005	-0.052	109.30	-1107.73	0.00	0.00
4320	0.000	0.000	0.000	0	0	0.000	0.005	0.012	109.60	-1107.73	0.00	-12.79
4330	0.000	0.000	0.000	0	0	0.000	0.005	0.012	108.38	-1107.73	-0.00	0.00
4340	0.000	0.000	0.000	0	0	0.000	0.005	0.012	108.97	-1107.73	0.00	-12.68
4350	0.000	0.000	0.000	0	0	0.000	0.005	0.012	107.51	-1107.73	0.00	-12.53
4360	0.000	0.000	0.000	0	0	0.000	0.005	0.012	108.95	-1107.73	0.00	-13.08
4370	0.000	0.000	0.000	0	0	0.000	0.006	0.012	109.09	-1107.73	0.00	-13.05
4380	0.000	0.000	0.000	0	0	0.000	0.009	0.012	109.03	-1107.73	0.00	-12.98
4390	0.000	0.000	0.000	0	0	0.000	0.009	0.012	109.16	-1107.73	0.00	-12.93
4400	0.000	0.000	0.000	0	0	0.000	0.009	0.013	108.68	-1107.73	0.00	-13.05
4410	0.000	0.000	0.000	0	0	0.000	0.009	0.008	108.08	-1107.73	0.00	-12.64
4420	0.000	0.000	0.000	0	0	0.000	0.009	0.008	108.08	-1107.73	0.00	-12.64
4430	0.000	0.000	0.000	0	0	0.000	0.009	0.008	109.00	-1107.73	0.00	-12.79
4440	0.000	0.000	0.000	0	0	0.000	0.009	0.008	108.57	-1107.73	-0.00	0.32
4450	0.000	0.000	0.000	0	0	0.000	0.009	0.011	109.17	-1107.73	-0.00	0.00
4460	0.000	0.000	0.000	0	0	0.000	0.008	0.011	108.46	-1107.73	-0.00	0.00
4470	0.000	0.000	0.000	0	0	0.000	0.007	0.011	109.49	-1107.73	0.00	0.00
4480	0.000	0.000	0.000	0	0	0.000	0.007	0.011	109.14	-1107.73	0.00	-13.02
4490	0.000	0.000	0.000	0	0	0.000	0.007	0.012	108.62	-1107.73	0.00	-12.67
4500	0.000	0.000	0.000	0	0	0.000	0.007	0.009	108.52	-1107.73	0.00	0.00
4510	0.000	0.000	0.000	0	0	0.000	0.006	0.009	109.59	-1107.73	0.00	-12.88
4520	0.000	0.000	0.000	0	0	0.000	0.006	0.009	109.53	-1107.73	0.00	-12.83
4530	0.000	0.000	0.000	0	0	0.000	0.004	0.009	109.51	-1107.73	0.00	-12.72
4540	0.000	0.000	0.000	0	0	0.000	0.004	0.009	110.03	-1107.73	0.00	0.00
4550	0.000	0.000	0.000	0	0	0.000	0.004	0.009	110.00	-1107.73	-0.00	0.00
4560	0.000	0.000	0.000	0	0	0.000	0.004	0.009	110.02	-1107.73	0.00	0.00
4570	0.000	0.000	0.000	0	0	0.000	0.004	0.009	109.79	-1107.73	-0.00	0.00
4580	0.000	0.000	0.000	0	0	0.000	0.004	0.009	109.64	-1107.73	0.00	0.00
4590	0.000	0.000	0.000	0	0	0.000	0.005	0.009	109.47	-1107.73	0.00	-13.02
4600	0.000	0.000	0.000	0	0	0.000	0.005	0.009	109.59	-1107.73	-0.00	0.00
4610	0.000	0.000	0.000	0	0	0.000	0.019	0.009	107.75	-1107.73	0.00	0.00
4620	0.000	0.000	0.000	0	0	0.000	0.030	0.008	105.65	-1107.73	-0.00	0.49
4630	0.000	0.000	0.000	0	0	0.000	0.030	0.008	103.77	-1107.73	0.00	0.00
4640	0.000	0.000	0.000	0	0	0.000	0.030	0.008	105.76	-1107.73	0.00	-13.09
4650	0.000	0.000	0.000	0	0	0.000	0.030	0.008	104.98	-1107.73	0.00	-13.35
4660	0.000	0.000	0.000	0	0	0.000	0.030	0.008	104.41	-1107.73	0.00	-13.43
4670	0.000	0.000	0.000	0	0	0.000	0.030	0.008	105.12	-1107.73	0.00	-13.33
4680	0.000	0.000	0.000	0	0	0.000	0.030	0.008	105.32	-1107.73	-0.00	0.00
4690	0.000	0.000	0.000	0	0	0.000	0.030	0.008	104.44	-1107.73	0.00	-12.77
4700	0.000	0.000	0.000	0	0	0.000	0.030	0.008	105.28	-1107.73	-0.00	0.00
4710	0.000	0.000	0.000	0	0	0.000	0.030	0.009	103.71	-1107.73	-0.00	0.00
4720	0.000	0.000	0.000	0	0	0.000	0.030	0.009	105.58	-1107.73	-0.00	0.00
4730	0.000	0.000	0.000	0	0	0.000	0.030	0.009	104.25	-1107.73	0.00	0.00
4740	0.000	0.000	0.000	0	0	0.000	0.024	0.009	106.86	-1107.73	0.00	0.00
4750	0.000	0.000	0.000	0	0	0.000	0.015	0.013	108.22	-1107.73	0.00	0.34
4760	0.000	0.000	0.000	0	0	0.000	0.015	0.013	108.22	-1107.73	0.00	-12.92
4770	0.000	0.000	0.000	0	0	0.000	0.015	0.013	107.96	-1107.73	0.00	-13.06
4780	0.000	0.000	0.000	0	0	0.000	0.015	0.013	108.06	-1107.73	-0.00	0.00
4790	0.000	0.000	0.000	0	0	0.000	0.015	0.013	108.06	-1107.73	0.00	-13.03
4800	0.000	0.000	0.000	0	0	0.000	0.009	0.013	107.88	-1107.73	0.00	-0.49
4810	0.000	0.000	0.000	0	0	0.000	0.009	0.010	109.10	-1107.73	-0.00	0.00
4820	0.000	0.000	0.000	0	0	0.000	0.009	0.010	108.63	-1107.73	-0.00	0.00
4830	0.000	0.000	0.000	0	0	0.000	0.015	0.027	107.96	-1107.73	-0.00	0.32
4840	0.000	0.000	0.000	0	0	0.000	0.015	0.027	107.96	-1107.73	0.00	-12.93
4850	0.000	0.000	0.000	0	0	0.000	0.015	0.027	107.96	-1107.73	-0.00	0.00
4860	0.000	0.000	0.000	0	0	0.000	0.015	0.027	105.73	-1107.73	0.00	-12.55
4870	0.000	0.000	0.000	0	0	0.000	0.003	0.027	108.55	-1107.73	0.00	0.00
4880	0.000	0.000	0.000	0	0	0.000	0.003	0.031	109.51	-1107.73	0.00	-12.74
4890	0.000	0.000	0.000	0	0	0.000	0.003	0.031	108.79	-1107.73	-0.00	0.00
4900	0.000	0.000	0.000	0	0	0.000	0.003	0.031	109.22	-1107.73	0.00	-13.05
4910	0.000	0.000	0.000	0	0	0.000	0.003	0.038	109.70	-1107.73	0.00	0.00
4920	0.000	0.000	0.000	0	0	0.000	0.002	0.038	109.84	-1107.73	0.00	-12.86
4930	0.000	0.000	0.000	0	0	0.000	0.001	0.038	109.80	-1107.73	0.00	-0.37
4940	0.000	0.000	0.000	0	0	0.000	0.001	0.038	109.80	-1107.73	-0.00	0.00
4950	0.000	0.000	0.000	0	0	0.000	0.001	0.038	109.93	-1107.73	-0.00	0.00
4960	0.000	0.000	0.000	0	0	0.000	0.001	0.038	109.19	-1107.73	0.00	-13.06
4970	0.000	0.000	0.000	0	0	0.000	0.001	0.038	109.61	-1107.73	0.00	-12.74
4980	0.000	0.000	0.000	0	0	0.000	0.001	0.038	109.68	-1107.73	0.00	-12.99
4990	0.000	0.000	0.000	0	0	0.000	0.001	-0.076	109.19	-1107.73	-0.00	0.00
5000	0.000	0.000	0.000	0	0	0.000	0.001	-0.014	110.38	-1107.73	0.00	0.00
5010	0.000	0.000	0.000	0	0	0.000	0.001	-0.014	110.41	-1107.73	-0.00	0.00
5020	0.000	0.000	0.000	0	0	0.000	0.002	-0.014	110.36	-1107.73	-0.00	0.25
5030	0.000	0.000	0.000	0	0	0.000	0.002	-0.011	110.33	-1107.73	0.00	-12.95
5040	0.000	0.000	0.000	0	0	0.000	0.002	-0.011	110.41	-1107.73	0.00	0.00
5050	0.000	0.000	0.000	0	0	0.000	0.002	-0.011	110.41	-1107.73	0.00	-12.89
5060	0.000	0.000	0.000	0	0	0.000	0.002	-0.011	110.40	-1107.73	0.00	-12.91
5070	0.000	0.000	0.000	0	0	0.000	0.002	-0.011	110.33	-1107.73	0.00	0.00
5080	0.000	0.000	0.000	0	0	0.000	0.002	-0.011	109.31	-1107.73	-0.00	0.00
5090	0.000	0.000	0.000	0	0	0.000	0.002	-0.011	110.32	-1107.73	0.00	-12.95
5100	0.000	0.000	0.000	0	0	0.000	0.002	-0.011	110.35	-1107.73	0.00	-12.89
5110	0.000	0.000	0.000	0	0	0.000	0.002	-0.011	110.15	-1107.73	0.00	-12.99
5120	0.000	0.000	0.000	0	0	0.000	0.002	-0.011	109.71	-1107.73	-0.00	0.00
5130	0.000	0.000	0.000	0	0	0.000	0.002	-0.011	109.69	-1107.73	0.00	-13.06
5140	0.000	0.000	0.000	0	0	0.000	0.002	-0.011	110.23	-1107.73	-0.00	0.00
5150	0.000	0.000	0.000	0	0	0.000	0.003	0.032	109.69	-1107.73	-0.00	0.00
5160	0.000	0.000	0.000	0	0	0.000	0.003	0.021	109.82	-1107.73	0.00	-12.80
5170	0.000	0.000	0.000	0	0	0.000	0.003	0.021	109.86	-1107.73	0.00	-12.95
5180	0.000	0.000	0.000	0	0	0.000	0.003	0.021	109.95	-1107.73	0.00	0.00
5190	0.000	0.000	0.000	0	0	0.000	0.003	0.021	109.64	-1107.73	0.00	-13.00
5200	0.000	0.000	0.000	0	0	0.000	0.003	0.021	109.87	-1107.73	0.00	-12.82
5210	0.000	0.000	0.000	0	0	0.000	0.003	0.021	109.11	-1107.73	0.00	0.00
5220	0.000	0.000	0.000	0	0	0.000	0.003	0.021	109.94	-1107.73	0.00	-12.90
5230	0.000	0.000	0.000	0	0	0.000	0.003	0.021	109.74	-1107.73	0.00	0.00
5240	0.000	0.000	0.000	0	0	0.000	0.003	0.021	109.44	-1107.73	0.00	-12.72
5250	0.000	0.000	0.000	0	0	0.000	0.003	0.021	109.83	-1107.73	-0.00	0.00
5260	0.000	0.000	0.000	0	0	0.000	0.017	0.021	106.78	-1107.73	0.00	0.00
5270	0.000	0.000	0.000	0	0	0.000	0.012	0.021	108.27	-1107.73	-0.00	0.00
5280	0.000	0.000	0.000	0	0	0.000	0.012	0.101	104.76	-1107.73	0.00	-13.03
5290	0.000	0.000	0.000	0	0	0.000	0.012	0.105	105.00	-1107.73	0.00	-12.70
5300	0.000	0.000	0.000	0	0	0.000	0.012	0.105	104.40	-1107.73	0.00	0.00
5310	0.000	0.000	0.000	0	0	0.000	0.012	0.105	105.11	-1107.73	0.00	-12.72
5320	0.000	0.000	0.000	0	0	0.000	0.013	0.105	104.50	-1107.73	0.00	-12.63
5330	0.000	0.000	0.000	0	0	0.000	0.013	0.105	103.21	-1107.73	0.00	0.00
5340	0.000	0.000	0.000	0	0	0.000	0.013	0.105	104.88	-1107.73	0.00	-12.94
5350	0.000	0.000	0.000	0	0	0.000	0.013	0.105	104.70	-1107.73	-0.00	0.00
5360	0.000	0.000	0.000	0	0	0.000	0.013	0.105	104.89	-1107.73	0.00	-12.94
5370	0.000	0.000	0.000	0	0	0.000	0.013	0.105	105.05	-1107.73	-0.00	0.00
5380	0.000	0.000	0.000	0	0	0.000	0.013	0.105	105.05	-1107.73	0.00	-12.89
5390	0.000	0.000	0.000	0	0	0.000	0.013	0.105	104.38	-1107.73	-0.00	0.00
5400	0.000	0.000	0.000	0	0	0.000	0.013	0.059	106.81	-1107.73	0.00	0.00
5410	0.000	0.000	0.000	0	0	0.000	0.013	0.059	107.35	-1107.73	0.00	0.00
5420	0.000	0.000	0.000	0	0	0.000	0.013	0.059	107.18	-1107.73	0.00	-12.99
5430	0.000	0.000	0.000	0	0	0.000	0.013	0.059	106.64	-1107.73	0.00	-13.08
5440	0.000	0.000	0.000	0	0	0.000	0.013	0.059	107.36	-1107.73	0.00	-12.89
5450	0.000	0.000	0.000	0	0	0.000	0.013	0.059	107.31	-1107.73	0.00	0.00
5460	0.000	0.000	0.000	0	0	0.000	0.013	0.059	107.32	-1107.73	0.00	-12.93
5470	0.000	0.000	0.000	0	0	0.000	0.013	0.059	107.01	-1107.73	0.00	0.00
5480	0.000	0.000	0.000	0	0	0.000	0.013	0.059	107.16	-1107.73	0.00	0.00
5490	0.000	0.000	0.000	0	0	0.000	0.013	0.059	106.90	-1107.73	0.00	-12.72
5500	0.000	0.000	0.000	0	0	0.000	0.013	0.059	106.86	-1107.73	0.00	-12.72
5510	0.000	0.000	0.000	0	0	0.000	0.013	0.059	106.38	-1107.73	0.00	0.00
5520	0.000	0.000	0.000	0	0	0.000	0.020	0.059	105.91	-1107.73	0.00	-12.79
5530	0.000	0.000	0.000	0	0	0.000	0.020	0.059	105.13	-1107.73	0.00	-12.67
5540	0.000	0.000	0.000	0	0	0.000	0.020	0.059	106.04	-1107.73	-0.00	0.00
5550	0.000	0.000	0.000	0	0	0.000	0.020	0.059	106.23	-1107.73	0.00	-12.91
5560	0.000	0.000	0.000	0	0	0.000	0.020	0.066	105.62	-1107.73	0.00	0.00
5570	0.000	0.000	0.000	0	0	0.000	0.020	0.066	105.40	-1107.73	-0.00	0.44
5580	0.000	0.000	0.000	0	0	0.000	0.020	0.066	105.99	-1107.73	0.00	0.00
5590	0.000	0.000	0.000	0	0	0.000	0.020	0.066	105.69	-1107.73	0.00	-12.80
5600	0.000	0.000	0.000	0	0	0.000	0.020	0.066	105.69	-1107.73	0.00	-12.80
5610	0.000	0.000	0.000	0	0	0.000	0.019	0.066	106.03	-1107.73	0.00	-12.84
5620	0.000	0.000	0.000	0	0	0.000	0.019	0.066	106.10	-1107.73	-0.00	0.00
5630	0.000	0.000	0.000	0	0	0.000	0.016	0.066	106.54	-1107.73	0.00	-12.81
5640	0.000	0.000	0.000	0	0	0.000	0.016	0.066	105.83	-1107.73	-0.00	0.00
5650	0.000	0.000	0.000	0	0	0.000	0.016	0.066	105.83	-1107.73	-0.00	0.00
5660	0.000	0.000	0.000	0	0	0.000	0.017	0.066	105.64	-1107.73	0.00	-12.67
5670	0.000	0.000	0.000	0	0	0.000	0.017	0.066	105.34	-1107.73	0.00	-13.17
5680	0.000	0.000	0.000	0	0	0.000	0.017	0.066	105.89	-1107.73	0.00	-13.10
5690	0.000	0.000	0.000	0	0	0.000	0.017	0.066	106.49	-1107.73	0.00	-12.86
5700	0.000	0.000	0.000	0	0	0.000	0.015	0.056	106.27	-1107.73	0.00	-0.15
5710	0.000	0.000	0.000	0	0	0.000	0.024	0.056	105.30	-1107.73	0.00	-13.16
5720	0.000	0.000	0.000	0	0	0.000	0.024	0.056	105.25	-1107.73	-0.00	0.00
5730	0.000	0.000	0.000	0	0	0.000	0.017	-0.029	107.89	-1107.73	0.00	0.00
5740	0.000	0.000	0.000	0	0	0.000	0.017	-0.029	107.76	-1107.73	-0.00	0.00
5750	0.000	0.000	0.000	0	0	0.000	0.028	-0.029	106.23	-1107.73	0.00	0.00
5760	0.000	0.000	0.000	0	0	0.000	0.028	-0.029	105.85	-1107.73	0.00	0.00
5770	0.000	0.000	0.000	0	0	0.000	0.028	-0.029	106.21	-1107.73	0.00	-13.01
5780	0.000	0.000	0.000	0	0	0.000	0.028	-0.029	105.17	-1107.73	0.00	-12.77
5790	0.000	0.000	0.000	0	0	0.000	0.028	-0.029	105.73	-1107.73	0.00	0.00
5800	0.000	0.000	0.000	0	0	0.000	0.028	-0.029	105.86	-1107.73	0.00	-12.89
5810	0.000	0.000	0.000	0	0	0.000	0.026	-0.029	106.28	-1107.73	-0.00	0.00
5820	0.000	0.000	0.000	0	0	0.000	0.026	-0.029	106.47	-1107.73	0.00	0.00
5830	0.000	0.000	0.000	0	0	0.000	0.026	-0.029	106.44	-1107.73	0.00	-13.10
5840	0.000	0.000	0.000	0	0	0.000	0.004	-0.029	109.95	-1107.73	0.00	0.00
5850	0.000	0.000	0.000	0	0	0.000	0.003	-0.029	109.85	-1107.73	0.00	-0.11
5860	0.000	0.000	0.000	0	0	0.000	0.003	-0.020	110.04	-1107.73	0.00	-12.83
5870	0.000	0.000	0.000	0	0	0.000	0.003	-0.020	110.04	-1107.73	0.00	0.00
5880	0.000	0.000	0.000	0	0	0.000	0.003	-0.020	110.06	-1107.73	0.00	-12.83
5890	0.000	0.000	0.000	0	0	0.000	0.003	-0.020	110.11	-1107.73	0.00	0.00
5900	0.000	0.000	0.000	0	0	0.000	0.003	-0.020	109.37	-1107.73	0.00	-13.07
5910	0.000	0.000	0.000	0	0	0.000	0.003	-0.020	109.37	-1107.73	0.00	-13.07
5920	0.000	0.000	0.000	0	0	0.000	0.003	-0.019	109.92	-1107.73	0.00	0.00
5930	0.000	0.000	0.000	0	0	0.000	0.003	-0.019	109.92	-1107.73	0.00	-12.98
5940	0.000	0.000	0.000	0	0	0.000	0.003	-0.014	110.04	-1107.73	0.00	0.00
5950	0.000	0.000	0.000	0	0	0.000	0.003	-0.014	110.04	-1107.73	0.00	-12.96
5960	0.000	0.000	0.000	0	0	0.000	0.003	-0.014	109.92	-1107.73	0.00	-12.99
5970	0.000	0.000	0.000	0	0	0.000	0.003	-0.014	109.70	-1107.73	0.00	-13.03
5980	0.000	0.000	0.000	0	0	0.000	0.003	-0.014	110.14	-1107.73	0.00	-12.88
5990	0.000	0.000	0.000	0	0	0.000	0.003	-0.014	109.85	-1107.73	0.00	-13.00
6000	0.000	0.000	0.000	0	0	0.000	0.003	-0.014	109.85	-1107.73	-0.00	0.00
6010	0.000	0.000	0.000	0	0	0.000	0.003	-0.014	108.53	-1107.73	0.00	-12.59
6020	0.000	0.000	0.000	0	0	0.000	0.003	-0.019	110.00	-1107.73	-0.00	0.00
6030	0.000	0.000	0.000	0	0	0.000	0.004	-0.019	109.87	-1107.73	-0.00	0.00
6040	0.000	0.000	0.000	0	0	0.000	0.004	-0.019	109.74	-1107.73	0.00	-12.79
6050	0.000	0.000	0.000	0	0	0.000	0.004	-0.019	108.38	-1107.73	-0.00	0.00
6060	0.000	0.000	0.000	0	0	0.000	0.004	-0.024	109.45	-1107.73	0.00	0.20
6070	0.000	0.000	0.000	0	0	0.000	0.004	-0.024	109.84	-1107.73	0.00	0.00
6080	0.000	0.000	0.000	0	0	0.000	0.004	-0.088	108.14	-1107.73	-0.00	0.00
6090	0.000	0.000	0.000	0	0	0.000	0.004	-0.088	106.62	-1107.73	-0.00	0.00
6100	0.000	0.000	0.000	0	0	0.000	0.004	-0.099	106.26	-1107.73	0.00	0.00
6110	0.000	0.000	0.000	0	0	0.000	0.004	-0.088	106.36	-1107.73	0.00	-13.13
6120	0.000	0.000	0.000	0	0	0.000	0.004	-0.088	107.99	-1107.73	0.00	0.00
6130	0.000	0.000	0.000	0	0	0.000	0.004	-0.088	107.87	-1107.73	-0.00	0.00
6140	0.000	0.000	0.000	0	0	0.000	0.004	-0.088	107.96	-1107.73	0.00	-12.73
6150	0.000	0.000	0.000	0	0	0.000	0.004	-0.088	108.14	-1107.73	0.00	-12.80
6160	0.000	0.000	0.000	0	0	0.000	0.005	-0.088	105.45	-1107.73	-0.00	0.00
6170	0.000	0.000	0.000	0	0	0.000	0.005	-0.088	105.65	-1107.73	0.00	-13.18
6180	0.000	0.000	0.000	0	0	0.000	0.004	-0.088	105.77	-1107.73	0.00	-13.18
6190	0.000	0.000	0.000	0	0	0.000	0.004	-0.088	106.19	-1107.73	0.00	-13.15
6200	0.000	0.000	0.000	0	0	0.000	0.004	0.020	109.84	-1107.73	0.00	0.00
6210	0.000	0.000	0.000	0	0	0.000	0.004	0.020	109.84	-1107.73	-0.00	0.00
6220	0.000	0.000	0.000	0	0	0.000	0.004	0.020	109.20	-1107.73	-0.00	0.00
6230	0.000	0.000	0.000	0	0	0.000	0.004	0.020	109.72	-1107.73	0.00	0.00
6240	0.000	0.000	0.000	0	0	0.000	0.004	0.020	109.38	-1107.73	0.00	-13.04
6250	0.000	0.000	0.000	0	0	0.000	0.004	0.020	109.51	-1107.73	0.00	-13.02
6260	0.000	0.000	0.000	0	0	0.000	0.004	0.020	109.82	-1107.73	-0.00	0.00
6270	0.000	0.000	0.000	0	0	0.000	0.004	0.019	109.67	-1107.73	0.00	-12.77
6280	0.000	0.000	0.000	0	0	0.000	0.004	0.057	108.89	-1107.73	0.00	-12.90
6290	0.000	0.000	0.000	0	0	0.000	0.004	0.057	108.22	-1107.73	0.00	-13.04
6300	0.000	0.000	0.000	0	0	0.000	0.004	0.051	108.91	-1107.73	0.00	-12.95
6310	0.000	0.000	0.000	0	0	0.000	0.003	-0.016	110.13	-1107.73	0.00	-12.93
6320	0.000	0.000	0.000	0	0	0.000	0.003	-0.012	110.04	-1107.73	0.00	0.00
6330	0.000	0.000	0.000	0	0	0.000	0.003	-0.009	110.04	-1107.73	0.00	0.00
6340	0.000	0.000	0.000	0	0	0.000	0.003	-0.009	108.82	-1107.73	-0.00	0.00
6350	0.000	0.000	0.000	0	0	0.000	0.003	-0.009	109.50	-1107.73	0.00	0.00
6360	0.000	0.000	0.000	0	0	0.000	0.004	-0.009	106.65	-1107.73	-0.00	0.00
6370	0.000	0.000	0.000	0	0	0.000	0.004	-0.009	109.08	-1107.73	0.00	-12.65
6380	0.000	0.000	0.000	0	0	0.000	0.002	-0.008	109.78	-1107.73	0.00	-12.72
6390	0.000	0.000	0.000	0	0	0.000	0.002	-0.008	110.08	-1107.73	0.00	-12.99
6400	0.000	0.000	0.000	0	0	0.000	0.002	-0.008	110.18	-1107.73	0.00	-12.97
6410	0.000	0.000	0.000	0	0	0.000	0.002	-0.008	110.19	-1107.73	0.00	-12.81
6420	0.000	0.000	0.000	0	0	0.000	0.002	-0.008	110.23	-1107.73	0.00	-0.39
6430	0.000	0.000	0.000	0	0	0.000	0.002	-0.008	110.29	-1107.73	0.00	0.00
6440	0.000	0.000	0.000	0	0	0.000	0.002	-0.008	110.34	-1107.73	0.00	-12.88
6450	0.000	0.000	0.000	0	0	0.000	0.003	-0.008	110.21	-1107.73	0.00	0.00
6460	0.000	0.000	0.000	0	0	0.000	0.003	-0.008	110.24	-1107.73	-0.00	0.00
6470	0.000	0.000	0.000	0	0	0.000	0.003	-0.005	109.81	-1107.73	0.00	-12.73
6480	0.000	0.000	0.000	0	0	0.000	0.003	-0.003	109.81	-1107.73	0.00	-12.73
6490	0.000	0.000	0.000	0	0	0.000	0.003	-0.003	109.37	-1107.73	0.00	0.00
6500	0.000	0.000	0.000	0	0	0.000	0.003	0.001	109.53	-1107.73	0.00	-12.69
6510	0.000	0.000	0.000	0	0	0.000	0.003	0.001	110.23	-1107.73	0.00	-12.89
6520	0.000	0.000	0.000	0	0	0.000	0.002	0.001	110.03	-1107.73	-0.00	0.00
6530	0.000	0.000	0.000	0	0	0.000	0.002	0.001	110.12	-1107.73	0.00	-12.79
6540	0.000	0.000	0.000	0	0	0.000	0.002	0.001	108.46	-1107.73	-0.00	0.00
6550	0.000	0.000	0.000	0	0	0.000	0.002	0.001	108.63	-1107.73	0.00	-12.58
6560	0.000	0.000	0.000	0	0	0.000	0.002	0.002	110.28	-1107.73	0.00	-12.90
6570	0.000	0.000	0.000	0	0	0.000	0.002	0.002	109.72	-1107.73	-0.00	0.00
6580	0.000	0.000	0.000	0	0	0.000	0.002	0.002	109.76	-1107.73	0.00	-12.71
6590	0.000	0.000	0.000	0	0	0.000	0.002	0.002	109.18	-1107.73	0.00	-13.12
6600	0.000	0.000	0.000	0	0	0.000	0.002	0.002	110.36	-1107.73	0.00	-12.90
6610	0.000	0.000	0.000	0	0	0.000	0.002	0.001	110.18	-1107.73	0.00	-12.98
6620	0.000	0.000	0.000	0	0	0.000	0.002	0.001	110.03	-1107.73	-0.00	0.00
6630	0.000	0.000	0.000	0	0	0.000	0.001	0.001	109.96	-1107.73	0.00	-13.04
6640	0.000	0.000	0.000	0	0	0.000	0.001	0.001	109.96	-1107.73	0.00	-13.04
6650	0.000	0.000	0.000	0	0	0.000	0.001	0.001	110.48	-1107.73	0.00	-12.85
6660	0.000	0.000	0.000	0	0	0.000	0.001	0.001	110.41	-1107.73	0.00	-12.95
6670	0.000	0.000	0.000	0	0	0.000	0.001	0.001	110.07	-1107.73	0.00	0.00
6680	0.000	0.000	0.000	0	0	0.000	0.001	0.001	110.39	-1107.73	0.00	-0.17
6690	0.000	0.000	0.000	0	0	0.000	0.001	0.001	110.39	-1107.73	-0.00	0.04
6700	0.000	0.000	0.000	0	0	0.000	0.001	0.001	110.44	-1107.73	0.00	0.00
6710	0.000	0.000	0.000	0	0	0.000	0.001	0.001	109.91	-1107.73	0.00	-13.05
6720	0.000	0.000	0.000	0	0	0.000	0.001	0.001	110.32	-1107.73	0.00	-12.98
6730	0.000	0.000	0.000	0	0	0.000	0.001	0.001	110.39	-1107.73	0.00	-12.96
6740	0.000	0.000	0.000	0	0	0.000	0.001	0.001	110.09	-1107.73	0.00	0.00
6750	0.000	0.000	0.000	0	0	0.000	0.001	0.001	110.32	-1107.73	0.00	-12.81
6760	0.000	0.000	0.000	0	0	0.000	0.001	0.001	110.28	-1107.73	0.00	-12.79
6770	0.000	0.000	0.000	0	0	0.000	0.001	0.001	109.13	-1107.73	0.00	0.00
6780	0.000	0.000	0.000	0	0	0.000	0.001	0.001	110.45	-1107.73	0.00	-0.47
6790	0.000	0.000	0.000	0	0	0.000	0.001	0.001	110.49	-1107.73	-0.00	0.00
6800	0.000	0.000	0.000	0	0	0.000	0.001	0.001	110.46	-1107.73	0.00	-12.93
6810	0.000	0.000	0.000	0	0	0.000	0.001	0.001	110.20	-1107.73	0.00	-12.76
6820	0.000	0.000	0.000	0	0	0.000	0.002	0.001	110.40	-1107.73	0.00	0.00
6830	0.000	0.000	0.000	0	0	0.000	0.002	0.001	109.60	-1107.73	0.00	-12.68
6840	0.000	0.000	0.000	0	0	0.000	0.002	0.001	110.22	-1107.73	0.00	-12.94
6850	0.000	0.000	0.000	0	0	0.000	0.002	0.001	110.26	-1107.73	0.00	-12.92
6860	0.000	0.000	0.000	0	0	0.000	0.002	0.001	107.21	-1107.73	0.00	-13.26
6870	0.000	0.000	0.000	0	0	0.000	0.002	0.001	109.87	-1107.73	-0.00	0.00
6880	0.000	0.000	0.000	0	0	0.000	0.002	0.001	109.82	-1107.73	-0.00	0.00
6890	0.000	0.000	0.000	0	0	0.000	0.002	0.001	110.28	-1107.73	-0.00	0.00
6900	0.000	0.000	0.000	0	0	0.000	0.002	0.001	109.55	-1107.73	-0.00	0.00
6910	0.000	0.000	0.000	0	0	0.000	0.002	0.001	109.94	-1107.73	0.00	0.00
6920	0.000	0.000	0.000	0	0	0.000	0.002	0.001	110.02	-1107.73	-0.00	0.00
6930	0.000	0.000	0.000	0	0	0.000	0.002	0.001	110.22	-1107.73	0.00	-12.83
6940	0.000	0.000	0.000	0	0	0.000	0.002	0.001	108.53	-1107.73	0.00	-0.26
6950	0.000	0.000	0.000	0	0	0.000	0.002	0.001	110.19	-1107.73	-0.00	0.00
6960	0.000	0.000	0.000	0	0	0.000	0.002	0.001	110.25	-1107.73	-0.00	0.00
6970	0.000	0.000	0.000	0	0	0.000	0.002	-0.002	110.24	-1107.73	0.00	-12.83
6980	0.000	0.000	0.000	0	0	0.000	0.002	-0.002	109.53	-1107.73	0.00	0.00
6990	0.000	0.000	0.000	0	0	0.000	0.002	-0.002	110.22	-1107.73	0.00	-12.82
7000	0.000	0.000	0.000	0	0	0.000	0.002	-0.002	110.29	-1107.73	0.00	0.00
7010	0.000	0.000	0.000	0	0	0.000	0.002	-0.002	109.98	-1107.73	0.00	-0.39
7020	0.000	0.000	0.000	0	0	0.000	0.001	-0.001	109.44	-1107.73	0.00	0.00
7030	0.000	0.000	0.000	0	0	0.000	0.001	-0.001	110.44	-1107.73	-0.00	0.00
7040	0.000	0.000	0.000	0	0	0.000	0.001	-0.001	110.45	-1107.73	0.00	-12.88
7050	0.000	0.000	0.000	0	0	0.000	0.001	-0.001	110.44	-1107.73	0.00	-12.93
7060	0.000	0.000	0.000	0	0	0.000	0.001	-0.001	110.45	-1107.73	0.00	-12.93
7070	0.000	0.000	0.000	0	0	0.000	0.001	-0.001	109.76	-1107.73	-0.00	0.00
7080	0.000	0.000	0.000	0	0	0.000	0.001	-0.001	108.72	-1107.73	0.00	-13.17
7090	0.000	0.000	0.000	0	0	0.000	0.001	-0.001	110.46	-1107.73	0.00	-12.84
7100	0.000	0.000	0.000	0	0	0.000	0.001	-0.001	110.21	-1107.73	-0.00	0.00
7110	0.000	0.000	0.000	0	0	0.000	0.001	-0.001	110.21	-1107.73	0.00	-12.77
7120	0.000	0.000	0.000	0	0	0.000	0.001	-0.001	109.51	-1107.73	-0.00	0.00
7130	0.000	0.000	0.000	0	0	0.000	0.001	-0.001	109.44	-1107.73	0.00	-13.11
7140	0.000	0.000	0.000	0	0	0.000	0.001	-0.001	110.42	-1107.73	0.00	-12.84
7150	0.000	0.000	0.000	0	0	0.000	0.001	-0.001	110.36	-1107.73	0.00	0.00
7160	0.000	0.000	0.000	0	0	0.000	0.001	-0.001	110.40	-1107.73	0.00	-12.94
7170	0.000	0.000	0.000	0	0	0.000	0.001	-0.001	109.63	-1107.73	0.00	-13.08
7180	0.000	0.000	0.000	0	0	0.000	0.001	-0.001	107.50	-1107.73	-0.00	0.00
7190	0.000	0.000	0.000	0	0	0.000	0.001	-0.001	110.16	-1107.73	-0.00	0.00
7200	0.000	0.000	0.000	0	0	0.000	0.001	-0.001	110.08	-1107.73	0.00	0.00
7210	0.000	0.000	0.000	0	0	0.000	0.001	-0.000	110.46	-1107.73	0.00	-12.93
7220	0.000	0.000	0.000	0	0	0.000	0.001	-0.000	108.97	-1107.73	-0.00	0.00
7230	0.000	0.000	0.000	0	0	0.000	0.001	-0.000	109.49	-1107.73	0.00	-12.65
7240	0.000	0.000	0.000	0	0	0.000	0.001	-0.000	109.49	-1107.73	0.00	0.00
7250	0.000	0.000	0.000	0	0	0.000	0.001	-0.000	109.23	-1107.73	-0.00	0.00
7260	0.000	0.000	0.000	0	0	0.000	0.002	-0.000	109.23	-1107.73	0.00	0.00
7270	0.000	0.000	0.000	0	0	0.000	0.002	-0.000	110.08	-1107.73	0.00	-12.75
7280	0.000	0.000	0.000	0	0	0.000	0.002	-0.000	110.42	-1107.73	0.00	-12.91
7290	0.000	0.000	0.000	0	0	0.000	0.002	-0.000	110.41	-1107.73	0.00	-12.92
7300	0.000	0.000	0.000	0	0	0.000	0.002	-0.000	110.41	-1107.73	0.00	-12.92
7310	0.000	0.000	0.000	0	0	0.000	0.002	-0.000	109.75	-1107.73	0.00	-13.07
7320	0.000	0.000	0.000	0	0	0.000	0.002	-0.000	109.75	-1107.73	0.00	-13.07
7330	0.000	0.000	0.000	0	0	0.000	0.002	-0.000	110.40	-1107.73	0.00	-12.93
7340	0.000	0.000	0.000	0	0	0.000	0.002	-0.000	110.40	-1107.73	0.00	-12.93
7350	0.000	0.000	0.000	0	0	0.000	0.002	-0.000	109.97	-1107.73	0.00	-0.40
7360	0.000	0.000	0.000	0	0	0.000	0.002	-0.000	110.37	-1107.73	0.00	-12.94
7370	0.000	0.000	0.000	0	0	0.000	0.002	-0.000	108.71	-1107.73	-0.00	0.00
7380	0.000	0.000	0.000	0	0	0.000	0.002	-0.000	110.17	-1107.73	0.00	0.00
7390	0.000	0.000	0.000	0	0	0.000	0.002	-0.000	110.04	-1107.73	-0.00	0.00
7400	0.000	0.000	0.000	0	0	0.000	0.002	-0.000	110.31	-1107.73	0.00	-12.81
7410	0.000	0.000	0.000	0	0	0.000	0.002	-0.000	110.34	-1107.73	0.00	-12.82
7420	0.000	0.000	0.000	0	0	0.000	0.001	-0.000	109.32	-1107.73	0.00	0.00
7430	0.000	0.000	0.000	0	0	0.000	0.001	-0.000	110.27	-1107.73	0.00	0.00
7440	0.000	0.000	0.000	0	0	0.000	0.001	-0.000	109.94	-1107.73	-0.00	0.00
7450	0.000	0.000	0.000	0	0	0.000	0.001	-0.000	110.26	-1107.73	-0.00	0.00
7460	0.000	0.000	0.000	0	0	0.000	0.001	-0.000	110.28	-1107.73	0.00	-12.79
7470	0.000	0.000	0.000	0	0	0.000	0.001	-0.000	110.47	-1107.73	0.00	-12.88
7480	0.000	0.000	0.000	0	0	0.000	0.001	-0.000	110.12	-1107.73	0.00	0.00
7490	0.000	0.000	0.000	0	0	0.000	0.001	-0.000	110.20	-1107.73	0.00	0.00
7500	0.000	0.000	0.000	0	0	0.000	0.001	0.076	108.22	-1107.73	0.00	0.00
7510	0.000	0.000	0.000	0	0	0.000	0.001	0.076	107.71	-1107.73	0.00	0.00
7520	0.000	0.000	0.000	0	0	0.000	0.002	0.062	107.84	-1107.73	0.00	-12.59
7530	0.000	0.000	0.000	0	0	0.000	0.002	0.062	109.06	-1107.73	0.00	-12.82
7540	0.000	0.000	0.000	0	0	0.000	0.002	0.062	108.43	-1107.73	-0.00	0.00
7550	0.000	0.000	0.000	0	0	0.000	0.002	0.058	109.23	-1107.73	0.00	-12.85
7560	0.000	0.000	0.000	0	0	0.000	0.002	0.058	108.35	-1107.73	0.00	-13.06
7570	0.000	0.000	0.000	0	0	0.000	0.002	0.072	108.68	-1107.73	0.00	0.00
7580	0.000	0.000	0.000	0	0	0.000	0.002	0.072	108.68	-1107.73	0.00	-12.84
7590	0.000	0.000	0.000	0	0	0.000	0.002	0.084	107.87	-1107.73	0.00	-12.72
7600	0.000	0.000	0.000	0	0	0.000	0.002	0.084	104.41	-1107.73	0.00	-12.36
7610	0.000	0.000	0.000	0	0	0.000	0.002	0.084	107.80	-1107.73	0.00	0.00
7620	0.000	0.000	0.000	0	0	0.000	0.002	0.084	108.11	-1107.73	0.00	-12.83
7630	0.000	0.000	0.000	0	0	0.000	0.002	0.022	110.06	-1107.73	0.00	-12.80
7640	0.000	0.000	0.000	0	0	0.000	0.002	0.022	109.82	-1107.73	-0.00	0.00
7650	0.000	0.000	0.000	0	0	0.000	0.001	0.022	109.05	-1107.73	0.00	-12.62
7660	0.000	0.000	0.000	0	0	0.000	0.001	0.022	110.02	-1107.73	-0.00	0.00
7670	0.000	0.000	0.000	0	0	0.000	0.001	0.022	110.26	-1107.73	0.00	0.00
7680	0.000	0.000	0.000	0	0	0.000	0.001	0.022	110.25	-1107.73	-0.00	0.00
7690	0.000	0.000	0.000	0	0	0.000	0.001	0.025	109.68	-1107.73	0.00	-13.04
7700	0.000	0.000	0.000	0	0	0.000	0.001	0.025	109.56	-1107.73	0.00	0.00
7710	0.000	0.000	0.000	0	0	0.000	0.001	0.025	108.93	-1107.73	0.00	-12.62
7720	0.000	0.000	0.000	0	0	0.000	0.001	0.025	109.71	-1107.73	0.00	-12.72
7730	0.000	0.000	0.000	0	0	0.000	0.001	0.020	110.27	-1107.73	0.00	-0.21
7740	0.000	0.000	0.000	0	0	0.000	0.001	0.024	109.35	-1107.73	0.00	-12.67
7750	0.000	0.000	0.000	0	0	0.000	0.001	0.024	107.49	-1107.73	-0.00	0.00
7760	0.000	0.000	0.000	0	0	0.000	0.001	0.024	107.65	-1107.73	0.00	-12.50
7770	0.000	0.000	0.000	0	0	0.000	0.001	0.024	110.06	-1107.73	-0.00	0.00
7780	0.000	0.000	0.000	0	0	0.000	0.001	0.024	107.94	-1107.73	0.00	-13.20
7790	0.000	0.000	0.000	0	0	0.000	0.001	0.024	110.01	-1107.73	0.00	-12.98
7800	0.000	0.000	0.000	0	0	0.000	0.001	0.024	110.20	-1107.73	0.00	-12.92
7810	0.000	0.000	0.000	0	0	0.000	0.001	0.024	109.31	-1107.73	0.00	-12.66
7820	0.000	0.000	0.000	0	0	0.000	0.001	0.024	109.31	-1107.73	0.00	-12.66
7830	0.000	0.000	0.000	0	0	0.000	0.001	-0.066	109.55	-1107.73	-0.00	0.00
7840	0.000	0.000	0.000	0	0	0.000	0.001	-0.066	107.75	-1107.73	0.00	-13.15
7850	0.000	0.000	0.000	0	0	0.000	0.001	-0.066	109.49	-1107.73	0.00	0.00
7860	0.000	0.000	0.000	0	0	0.000	0.001	-0.066	109.43	-1107.73	-0.00	0.00
7870	0.000	0.000	0.000	0	0	0.000	0.001	-0.066	109.43	-1107.73	0.00	0.00
7880	0.000	0.000	0.000	0	0	0.000	0.001	-0.066	109.55	-1107.73	0.00	-0.14
7890	0.000	0.000	0.000	0	0	0.000	0.001	-0.066	109.55	-1107.73	-0.00	0.00
7900	0.000	0.000	0.000	0	0	0.000	0.001	-0.039	107.47	-1107.73	0.00	0.00
7910	0.000	0.000	0.000	0	0	0.000	0.001	-0.039	109.00	-1107.73	-0.00	0.00
7920	0.000	0.000	0.000	0	0	0.000	0.001	-0.039	109.12	-1107.73	0.00	0.00
7930	0.000	0.000	0.000	0	0	0.000	0.001	-0.039	107.56	-1107.73	0.00	-13.22
7940	0.000	0.000	0.000	0	0	0.000	0.001	-0.039	110.21	-1107.73	-0.00	0.00
7950	0.000	0.000	0.000	0	0	0.000	0.001	-0.039	104.45	-1107.73	0.00	-12.29
7960	0.000	0.000	0.000	0	0	0.000	0.001	-0.039	107.96	-1107.73	0.00	-12.52
7970	0.000	0.000	0.000	0	0	0.000	0.001	-0.039	109.75	-1107.73	0.00	-12.72
7980	0.000	0.000	0.000	0	0	0.000	0.001	-0.039	110.06	-1107.73	-0.00	0.00
7990	0.000	0.000	0.000	0	0	0.000	0.001	-0.039	110.08	-1107.73	-0.00	0.12
8000	0.000	0.000	0.000	0	0	0.000	0.001	-0.039	110.06	-1107.73	0.00	-12.96
8010	0.000	0.000	0.000	0	0	0.000	0.001	-0.039	110.04	-1107.73	0.00	-12.98
8020	0.000	0.000	0.000	0	0	0.000	0.001	-0.039	110.12	-1107.73	0.00	-12.83
8030	0.000	0.000	0.000	0	0	0.000	0.001	0.037	109.88	-1107.73	0.00	0.00
8040	0.000	0.000	0.000	0	0	0.000	0.001	0.037	109.88	-1107.73	0.00	-0.32
8050	0.000	0.000	0.000	0	0	0.000	0.001	0.037	108.53	-1107.73	0.00	-12.60
8060	0.000	0.000	0.000	0	0	0.000	0.001	0.037	109.63	-1107.73	0.00	-12.75
8070	0.000	0.000	0.000	0	0	0.000	0.001	0.037	109.64	-1107.73	-0.00	0.00
8080	0.000	0.000	0.000	0	0	0.000	0.001	0.035	108.91	-1107.73	0.00	-0.05
8090	0.000	0.000	0.000	0	0	0.000	0.001	0.035	109.86	-1107.73	-0.00	0.00
8100	0.000	0.000	0.000	0	0	0.000	0.001	0.032	110.04	-1107.73	0.00	0.00
8110	0.000	0.000	0.000	0	0	0.000	0.001	0.047	109.36	-1107.73	0.00	-0.05
8120	0.000	0.000	0.000	0	0	0.000	0.001	0.047	109.65	-1107.73	0.00	-12.86
8130	0.000	0.000	0.000	0	0	0.000	0.001	0.047	109.16	-1107.73	-0.00	0.00
8140	0.000	0.000	0.000	0	0	0.000	0.001	0.047	109.16	-1107.73	0.00	-12.71
8150	0.000	0.000	0.000	0	0	0.000	0.001	0.047	109.65	-1107.73	0.00	0.00
8160	0.000	0.000	0.000	0	0	0.000	0.001	0.047	109.25	-1107.73	-0.00	0.00
8170	0.000	0.000	0.000	0	0	0.000	0.001	0.047	109.43	-1107.73	-0.00	0.00
8180	0.000	0.000	0.000	0	0	0.000	0.001	0.047	109.59	-1107.73	0.00	-12.81
8190	0.000	0.000	0.000	0	0	0.000	0.002	0.047	109.52	-1107.73	0.00	-12.81
8200	0.000	0.000	0.000	0	0	0.000	0.002	0.043	109.61	-1107.73	-0.00	0.12
8210	0.000	0.000	0.000	0	0	0.000	0.002	0.043	108.71	-1107.73	0.00	0.00
8220	0.000	0.000	0.000	0	0	0.000	0.002	0.043	109.46	-1107.73	-0.00	0.00
8230	0.000	0.000	0.000	0	0	0.000	0.002	0.043	109.67	-1107.73	0.00	-12.86
8240	0.000	0.000	0.000	0	0	0.000	0.002	0.061	109.06	-1107.73	0.00	0.00
8250	0.000	0.000	0.000	0	0	0.000	0.002	0.039	109.78	-1107.73	0.00	-12.88
8260	0.000	0.000	0.000	0	0	0.000	0.002	0.039	109.00	-1107.73	-0.00	0.00
8270	0.000	0.000	0.000	0	0	0.000	0.001	0.039	109.85	-1107.73	0.00	-12.87
8280	0.000	0.000	0.000	0	0	0.000	0.001	0.039	109.34	-1107.73	0.00	-13.03
8290	0.000	0.000	0.000	0	0	0.000	0.001	0.039	109.85	-1107.73	-0.00	0.00
8300	0.000	0.000	0.000	0	0	0.000	0.001	0.039	109.85	-1107.73	0.00	-12.87
8310	0.000	0.000	0.000	0	0	0.000	0.001	0.039	109.51	-1107.73	0.00	0.00
8320	0.000	0.000	0.000	0	0	0.000	0.001	0.039	109.78	-1107.73	0.00	-12.81
8330	0.000	0.000	0.000	0	0	0.000	0.001	0.039	109.68	-1107.73	0.00	0.00
8340	0.000	0.000	0.000	0	0	0.000	0.001	0.039	109.73	-1107.73	0.00	0.00
8350	0.000	0.000	0.000	0	0	0.000	0.001	0.039	109.87	-1107.73	0.00	-12.83
8360	0.000	0.000	0.000	0	0	0.000	0.001	0.039	109.87	-1107.73	-0.00	0.00
8370	0.000	0.000	0.000	0	0	0.000	0.001	0.039	109.87	-1107.73	0.00	0.00
8380	0.000	0.000	0.000	0	0	0.000	0.001	0.039	108.02	-1107.73	-0.00	0.00
8390	0.000	0.000	0.000	0	0	0.000	0.001	0.039	109.55	-1107.73	0.00	0.00
8400	0.000	0.000	0.000	0	0	0.000	0.001	0.039	109.84	-1107.73	0.00	-12.82
8410	0.000	0.000	0.000	0	0	0.000	0.001	0.026	110.15	-1107.73	-0.00	0.00
8420	0.000	0.000	0.000	0	0	0.000	0.001	0.026	110.15	-1107.73	0.00	-12.84
8430	0.000	0.000	0.000	0	0	0.000	0.001	0.026	108.68	-1107.73	-0.00	0.00
8440	0.000	0.000	0.000	0	0	0.000	0.001	0.026	109.70	-1107.73	0.00	-13.03
8450	0.000	0.000	0.000	0	0	0.000	0.001	0.043	109.79	-1107.73	0.00	0.00
8460	0.000	0.000	0.000	0	0	0.000	0.001	0.043	109.75	-1107.73	0.00	-12.91
8470	0.000	0.000	0.000	0	0	0.000	0.001	0.043	109.75	-1107.73	0.00	-12.91
8480	0.000	0.000	0.000	0	0	0.000	0.001	0.043	109.75	-1107.73	0.00	-12.91
8490	0.000	0.000	0.000	0	0	0.000	0.001	0.051	109.47	-1107.73	0.00	-12.92
8500	0.000	0.000	0.000	0	0	0.000	0.001	-0.049	110.01	-1107.73	-0.00	0.00
8510	0.000	0.000	0.000	0	0	0.000	0.001	-0.049	108.84	-1107.73	0.00	0.00
8520	0.000	0.000	0.000	0	0	0.000	0.001	-0.049	109.92	-1107.73	0.00	-12.95
8530	0.000	0.000	0.000	0	0	0.000	0.001	-0.049	109.96	-1107.73	-0.00	0.00
8540	0.000	0.000	0.000	0	0	0.000	0.001	-0.052	106.12	-1107.73	-0.00	0.00
8550	0.000	0.000	0.000	0	0	0.000	0.001	-0.057	108.45	-1107.73	-0.00	0.00
8560	0.000	0.000	0.000	0	0	0.000	0.001	-0.057	108.96	-1107.73	0.00	0.00
8570	0.000	0.000	0.000	0	0	0.000	0.001	-0.057	109.72	-1107.73	-0.00	0.00
8580	0.000	0.000	0.000	0	0	0.000	0.001	-0.057	108.82	-1107.73	-0.00	0.00
8590	0.000	0.000	0.000	0	0	0.000	0.002	-0.057	108.69	-1107.73	0.00	-12.64
8600	0.000	0.000	0.000	0	0	0.000	0.003	-0.057	108.35	-1107.73	0.00	0.00
8610	0.000	0.000	0.000	0	0	0.000	0.003	-0.057	109.17	-1107.73	0.00	0.31
8620	0.000	0.000	0.000	0	0	0.000	0.003	-0.057	109.17	-1107.73	0.00	-12.74
8630	0.000	0.000	0.000	0	0	0.000	0.003	-0.057	109.46	-1107.73	-0.00	0.00
8640	0.000	0.000	0.000	0	0	0.000	0.003	-0.057	109.09	-1107.73	0.00	-0.16
8650	0.000	0.000	0.000	0	0	0.000	0.003	-0.057	109.03	-1107.73	0.00	-13.03
8660	0.000	0.000	0.000	0	0	0.000	0.003	-0.057	109.37	-1107.73	0.00	-12.97
8670	0.000	0.000	0.000	0	0	0.000	0.003	0.002	109.88	-1107.73	0.00	0.00
8680	0.000	0.000	0.000	0	0	0.000	0.003	0.002	110.04	-1107.73	0.00	0.00
8690	0.000	0.000	0.000	0	0	0.000	0.003	0.002	108.50	-1107.73	0.00	-13.16
8700	0.000	0.000	0.000	0	0	0.000	0.003	0.002	107.69	-1107.73	-0.00	0.00
8710	0.000	0.000	0.000	0	0	0.000	0.003	-0.004	110.12	-1107.73	0.00	-12.82
8720	0.000	0.000	0.000	0	0	0.000	0.004	-0.004	107.90	-1107.73	0.00	-13.20
8730	0.000	0.000	0.000	0	0	0.000	0.004	-0.004	109.99	-1107.73	0.00	-12.96
8740	0.000	0.000	0.000	0	0	0.000	0.003	-0.004	108.59	-1107.73	-0.00	0.00
8750	0.000	0.000	0.000	0	0	0.000	0.003	-0.004	109.21	-1107.73	0.00	0.00
8760	0.000	0.000	0.000	0	0	0.000	0.003	-0.004	109.21	-1107.73	-0.00	0.00
8770	0.000	0.000	0.000	0	0	0.000	0.003	-0.004	108.85	-1107.73	0.00	-13.14
8780	0.000	0.000	0.000	0	0	0.000	0.003	-0.004	109.82	-1107.73	-0.00	0.00
8790	0.000	0.000	0.000	0	0	0.000	0.003	-0.004	110.24	-1107.73	0.00	-12.94
8800	0.000	0.000	0.000	0	0	0.000	0.003	-0.004	110.29	-1107.73	0.00	0.00
8810	0.000	0.000	0.000	0	0	0.000	0.002	-0.004	110.18	-1107.73	-0.00	0.00
8820	0.000	0.000	0.000	0	0	0.000	0.003	-0.004	110.13	-1107.73	0.00	-12.86
8830	0.000	0.000	0.000	0	0	0.000	0.003	-0.004	108.42	-1107.73	0.00	0.00
8840	0.000	0.000	0.000	0	0	0.000	0.003	-0.004	109.52	-1107.73	0.00	-0.04
8850	0.000	0.000	0.000	0	0	0.000	0.003	-0.005	109.81	-1107.73	0.00	-12.75
8860	0.000	0.000	0.000	0	0	0.000	0.005	-0.005	109.11	-1107.73	-0.00	0.12
8870	0.000	0.000	0.000	0	0	0.000	0.005	-0.005	109.24	-1107.73	0.00	-12.69
8880	0.000	0.000	0.000	0	0	0.000	0.005	-0.005	109.74	-1107.73	-0.00	0.00
8890	0.000	0.000	0.000	0	0	0.000	0.005	-0.005	109.93	-1107.73	0.00	0.00
8900	0.000	0.000	0.000	0	0	0.000	0.006	-0.005	109.76	-1107.73	-0.00	0.35
8910	0.000	0.000	0.000	0	0	0.000	0.009	-0.004	109.21	-1107.73	0.00	-12.90
8920	0.000	0.000	0.000	0	0	0.000	0.007	-0.003	109.39	-1107.73	0.00	-13.00
8930	0.000	0.000	0.000	0	0	0.000	0.005	-0.003	109.80	-1107.73	0.00	-12.80
8940	0.000	0.000	0.000	0	0	0.000	0.005	-0.003	109.80	-1107.73	-0.00	0.00
8950	0.000	0.000	0.000	0	0	0.000	0.005	-0.003	109.94	-1107.73	0.00	0.00
8960	0.000	0.000	0.000	0	0	0.000	0.005	-0.003	109.94	-1107.73	0.00	-12.90
8970	0.000	0.000	0.000	0	0	0.000	0.005	-0.003	109.94	-1107.73	-0.00	0.00
8980	0.000	0.000	0.000	0	0	0.000	0.005	-0.003	109.69	-1107.73	0.00	-12.77
8990	0.000	0.000	0.000	0	0	0.000	0.005	-0.003	109.83	-1107.73	0.00	-12.81
9000	0.000	0.000	0.000	0	0	0.000	0.005	-0.003	107.62	-1107.73	0.00	0.00
9010	0.000	0.000	0.000	0	0	0.000	0.005	-0.039	109.26	-1107.73	0.00	0.00
9020	0.000	0.000	0.000	0	0	0.000	0.005	-0.039	109.58	-1107.73	0.00	-12.81
9030	0.000	0.000	0.000	0	0	0.000	0.005	-0.039	109.03	-1107.73	-0.00	0.00
9040	0.000	0.000	0.000	0	0	0.000	0.005	-0.039	109.03	-1107.73	0.00	-12.69
9050	0.000	0.000	0.000	0	0	0.000	0.006	-0.039	109.46	-1107.73	-0.00	0.23
9060	0.000	0.000	0.000	0	0	0.000	0.006	-0.039	109.29	-1107.73	0.00	-12.97
9070	0.000	0.000	0.000	0	0	0.000	0.005	-0.039	109.21	-1107.73	0.00	-12.73
9080	0.000	0.000	0.000	0	0	0.000	0.005	-0.068	108.22	-1107.73	0.00	-12.67
9090	0.000	0.000	0.000	0	0	0.000	0.005	-0.068	107.69	-1107.73	0.00	-12.60
9100	0.000	0.000	0.000	0	0	0.000	0.005	-0.068	108.87	-1107.73	0.00	0.00
9110	0.000	0.000	0.000	0	0	0.000	0.005	-0.068	108.87	-1107.73	0.00	-12.82
9120	0.000	0.000	0.000	0	0	0.000	0.005	-0.052	109.36	-1107.73	0.00	-0.26
9130	0.000	0.000	0.000	0	0	0.000	0.005	-0.052	109.11	-1107.73	0.00	-12.98
9140	0.000	0.000	0.000	0	0	0.000	0.008	-0.052	108.86	-1107.73	-0.00	0.00
9150	0.000	0.000	0.000	0	0	0.000	0.008	-0.052	108.89	-1107.73	0.00	0.00
9160	0.000	0.000	0.000	0	0	0.000	0.008	-0.048	108.68	-1107.73	-0.00	0.00
9170	0.000	0.000	0.000	0	0	0.000	0.008	-0.048	108.28	-1107.73	0.00	0.00
9180	0.000	0.000	0.000	0	0	0.000	0.004	-0.048	109.40	-1107.73	0.00	-0.43
9190	0.000	0.000	0.000	0	0	0.000	0.004	-0.048	109.60	-1107.73	0.00	-12.87
9200	0.000	0.000	0.000	0	0	0.000	0.004	-0.048	108.53	-1107.73	-0.00	0.00
9210	0.000	0.000	0.000	0	0	0.000	0.004	-0.048	109.26	-1107.73	-0.00	0.00
9220	0.000	0.000	0.000	0	0	0.000	0.004	-0.048	109.23	-1107.73	0.00	-12.73
9230	0.000	0.000	0.000	0	0	0.000	0.004	-0.048	108.77	-1107.73	0.00	0.00
9240	0.000	0.000	0.000	0	0	0.000	0.004	-0.054	109.13	-1107.73	0.00	-12.74
9250	0.000	0.000	0.000	0	0	0.000	0.004	-0.054	109.13	-1107.73	-0.00	0.00
9260	0.000	0.000	0.000	0	0	0.000	0.005	-0.054	108.35	-1107.73	0.00	-12.64
9270	0.000	0.000	0.000	0	0	0.000	0.005	-0.054	104.85	-1107.73	0.00	-12.35
9280	0.000	0.000	0.000	0	0	0.000	0.005	-0.054	109.19	-1107.73	0.00	-12.95
9290	0.000	0.000	0.000	0	0	0.000	0.005	-0.054	109.26	-1107.73	0.00	-12.93
9300	0.000	0.000	0.000	0	0	0.000	0.005	-0.054	108.96	-1107.73	0.00	-13.01
9310	0.000	0.000	0.000	0	0	0.000	0.005	-0.054	109.29	-1107.73	0.00	0.00
9320	0.000	0.000	0.000	0	0	0.000	0.005	-0.054	109.32	-1107.73	0.00	0.00
9330	0.000	0.000	0.000	0	0	0.000	0.004	-0.054	108.73	-1107.73	0.00	-13.06
9340	0.000	0.000	0.000	0	0	0.000	0.004	-0.054	108.92	-1107.73	-0.00	0.00
9350	0.000	0.000	0.000	0	0	0.000	0.004	-0.054	109.05	-1107.73	0.00	0.00
9360	0.000	0.000	0.000	0	0	0.000	0.004	-0.054	109.05	-1107.73	0.00	0.00
9370	0.000	0.000	0.000	0	0	0.000	0.004	-0.035	109.85	-1107.73	0.00	-12.87
9380	0.000	0.000	0.000	0	0	0.000	0.003	-0.052	109.61	-1107.73	0.00	-0.18
9390	0.000	0.000	0.000	0	0	0.000	0.002	-0.052	109.75	-1107.73	0.00	-0.13
9400	0.000	0.000	0.000	0	0	0.000	0.002	-0.052	109.35	-1107.73	0.00	0.00
9410	0.000	0.000	0.000	0	0	0.000	0.002	-0.052	109.04	-1107.73	0.00	-12.68
9420	0.000	0.000	0.000	0	0	0.000	0.002	-0.052	109.72	-1107.73	0.00	-12.83
9430	0.000	0.000	0.000	0	0	0.000	0.002	-0.036	109.27	-1107.73	0.00	-12.67
9440	0.000	0.000	0.000	0	0	0.000	0.002	-0.036	109.73	-1107.73	0.00	0.00
9450	0.000	0.000	0.000	0	0	0.000	0.002	-0.036	107.08	-1107.73	0.00	0.00
9460	0.000	0.000	0.000	0	0	0.000	0.001	-0.036	109.78	-1107.73	-0.00	0.00
9470	0.000	0.000	0.000	0	0	0.000	0.001	-0.036	109.71	-1107.73	0.00	0.00
9480	0.000	0.000	0.000	0	0	0.000	0.001	-0.043	109.20	-1107.73	0.00	-13.09
9490	0.000	0.000	0.000	0	0	0.000	0.001	-0.043	109.76	-1107.73	-0.00	0.00
9500	0.000	0.000	0.000	0	0	0.000	0.001	-0.031	109.91	-1107.73	-0.00	0.00
9510	0.000	0.000	0.000	0	0	0.000	0.001	-0.031	110.27	-1107.73	0.00	-12.82
9520	0.000	0.000	0.000	0	0	0.000	0.001	-0.031	110.34	-1107.73	0.00	-12.86
9530	0.000	0.000	0.000	0	0	0.000	0.001	-0.031	108.96	-1107.73	0.00	-12.61
9540	0.000	0.000	0.000	0	0	0.000	0.001	-0.031	109.68	-1107.73	0.00	-12.70
9550	0.000	0.000	0.000	0	0	0.000	0.001	-0.031	110.15	-1107.73	-0.00	0.00
9560	0.000	0.000	0.000	0	0	0.000	0.001	-0.022	110.43	-1107.73	0.00	-12.88
9570	0.000	0.000	0.000	0	0	0.000	0.001	-0.028	110.34	-1107.73	0.00	-12.93
9580	0.000	0.000	0.000	0	0	0.000	0.001	-0.028	109.96	-1107.73	-0.00	0.00
9590	0.000	0.000	0.000	0	0	0.000	0.001	-0.028	110.37	-1107.73	0.00	-12.91
9600	0.000	0.000	0.000	0	0	0.000	0.001	-0.028	106.67	-1107.73	-0.00	0.00
9610	0.000	0.000	0.000	0	0	0.000	0.001	-0.028	108.17	-1107.73	0.00	0.00
9620	0.000	0.000	0.000	0	0	0.000	0.001	-0.028	109.74	-1107.73	0.00	0.00
9630	0.000	0.000	0.000	0	0	0.000	0.001	-0.028	108.71	-1107.73	0.00	-13.16
9640	0.000	0.000	0.000	0	0	0.000	0.001	-0.028	109.14	-1107.73	0.00	-12.62
9650	0.000	0.000	0.000	0	0	0.000	0.001	-0.028	107.99	-1107.73	0.00	-12.52
9660	0.000	0.000	0.000	0	0	0.000	0.001	-0.028	110.24	-1107.73	0.00	-12.97
9670	0.000	0.000	0.000	0	0	0.000	0.001	-0.028	109.69	-1107.73	0.00	-13.07
9680	0.000	0.000	0.000	0	0	0.000	0.001	-0.028	110.34	-1107.73	0.00	-12.93
9690	0.000	0.000	0.000	0	0	0.000	0.001	-0.028	110.35	-1107.73	-0.00	0.00
9700	0.000	0.000	0.000	0	0	0.000	0.001	-0.028	109.59	-1107.73	0.00	0.00
9710	0.000	0.000	0.000	0	0	0.000	0.001	-0.028	109.95	-1107.73	-0.00	0.00
9720	0.000	0.000	0.000	0	0	0.000	0.001	-0.028	110.36	-1107.73	0.00	0.00
9730	0.000	0.000	0.000	0	0	0.000	0.001	-0.028	110.36	-1107.73	-0.00	0.00
9740	0.000	0.000	0.000	0	0	0.000	0.001	-0.028	110.28	-1107.73	0.00	0.00
9750	0.000	0.000	0.000	0	0	0.000	0.001	-0.028	110.23	-1107.73	0.00	-12.79
9760	0.000	0.000	0.000	0	0	0.000	0.001	-0.028	110.23	-1107.73	-0.00	0.00
9770	0.000	0.000	0.000	0	0	0.000	0.001	-0.028	110.23	-1107.73	0.00	-12.79
9780	0.000	0.000	0.000	0	0	0.000	0.001	-0.002	108.34	-1107.73	0.00	-12.54
9790	0.000	0.000	0.000	0	0	0.000	0.001	-0.002	109.52	-1107.73	0.00	-12.66
9800	0.000	0.000	0.000	0	0	0.000	0.001	-0.003	110.21	-1107.73	0.00	-13.00
9810	0.000	0.000	0.000	0	0	0.000	0.001	-0.003	110.21	-1107.73	0.00	0.00
9820	0.000	0.000	0.000	0	0	0.000	0.001	-0.003	110.48	-1107.73	0.00	-12.85
9830	0.000	0.000	0.000	0	0	0.000	0.001	-0.003	110.41	-1107.73	0.00	-12.94
9840	0.000	0.000	0.000	0	0	0.000	0.001	-0.003	110.29	-1107.73	0.00	-12.98
9850	0.000	0.000	0.000	0	0	0.000	0.001	-0.003	109.96	-1107.73	0.00	-12.73
9860	0.000	0.000	0.000	0	0	0.000	0.001	-0.003	109.27	-1107.73	-0.00	0.00
9870	0.000	0.000	0.000	0	0	0.000	0.001	-0.005	110.42	-1107.73	0.00	0.00
9880	0.000	0.000	0.000	0	0	0.000	0.001	0.010	109.42	-1107.73	-0.00	0.00
9890	0.000	0.000	0.000	0	0	0.000	0.002	0.010	109.27	-1107.73	0.00	-13.09
9900	0.000	0.000	0.000	0	0	0.000	0.002	0.010	110.13	-1107.73	0.00	-12.82
9910	0.000	0.000	0.000	0	0	0.000	0.002	0.010	110.10	-1107.73	0.00	-12.80
9920	0.000	0.000	0.000	0	0	0.000	0.002	0.010	107.64	-1107.73	-0.00	0.00
9930	0.000	0.000	0.000	0	0	0.000	0.002	0.007	110.22	-1107.73	0.00	-0.37
9940	0.000	0.000	0.000	0	0	0.000	0.002	0.007	108.64	-1107.73	0.00	-13.16
9950	0.000	0.000	0.000	0	0	0.000	0.002	0.007	110.24	-1107.73	0.00	0.00
9960	0.000	0.000	0.000	0	0	0.000	0.002	0.005	109.80	-1107.73	0.00	-13.06
9970	0.000	0.000	0.000	0	0	0.000	0.002	0.005	110.36	-1107.73	0.00	0.00
9980	0.000	0.000	0.000	0	0	0.000	0.002	0.005	110.36	-1107.73	0.00	-12.84
9990	0.000	0.000	0.000	0	0	0.000	0.002	0.005	110.33	-1107.73	0.00	-12.82
10000	0.000	0.000	0.000	0	0	0.000	0.002	0.005	110.31	-1107.73	0.00	-12.82
